<?xml version="1.0" encoding="utf-8"?>
<TestRun id="e269da20-67ab-4310-9e4c-e62bfc699054" name="@e5ca29178b67 2019-06-07 20:50:56" xmlns="http://microsoft.com/schemas/VisualStudio/TeamTest/2010">
  <Times creation="2019-06-07T20:50:56.1305877+00:00" queuing="2019-06-07T20:50:56.1305894+00:00" start="2019-06-07T20:50:47.7965518+00:00" finish="2019-06-07T20:50:56.8259204+00:00" />
  <TestSettings name="default" id="6fed81a3-e515-4b5f-ad77-1636c9371a56">
    <Deployment runDeploymentRoot="_e5ca29178b67_2019-06-07_20_50_56" />
  </TestSettings>
  <Results>
    <UnitTestResult executionId="60b5399f-d0eb-4523-84bc-e289a4a9d7c7" testId="709d4ba1-f062-5a65-ecce-efdf71487197" testName="CreateAccountAsync" computerName="e5ca29178b67" duration="00:00:02.3457136" startTime="2019-06-07T20:50:52.8969957+00:00" endTime="2019-06-07T20:50:55.3798578+00:00" testType="13cdc9d9-ddb5-4fa4-a97d-d965ccfc6d4b" outcome="Passed" testListId="8c84fa94-04c1-424b-9868-57a2d4851a1d" relativeResultsDirectory="60b5399f-d0eb-4523-84bc-e289a4a9d7c7" />
    <UnitTestResult executionId="6efcb437-3802-4e0a-b9e4-dde1b6d37370" testId="fc6f85c7-ce08-7eb1-e107-e2266fb52b50" testName="CreateInvoiceAsync" computerName="e5ca29178b67" duration="00:00:00.2920347" startTime="2019-06-07T20:50:55.8979119+00:00" endTime="2019-06-07T20:50:56.1903144+00:00" testType="13cdc9d9-ddb5-4fa4-a97d-d965ccfc6d4b" outcome="Passed" testListId="8c84fa94-04c1-424b-9868-57a2d4851a1d" relativeResultsDirectory="6efcb437-3802-4e0a-b9e4-dde1b6d37370" />
    <UnitTestResult executionId="cde0a522-2170-427d-9ebf-1e07a975b5a4" testId="31da8206-9896-9519-00d6-dea575832cae" testName="ConvertFrom_ShouldBeOfType" computerName="e5ca29178b67" duration="00:00:00.0371134" startTime="2019-06-07T20:50:56.3401356+00:00" endTime="2019-06-07T20:50:56.3795373+00:00" testType="13cdc9d9-ddb5-4fa4-a97d-d965ccfc6d4b" outcome="Passed" testListId="8c84fa94-04c1-424b-9868-57a2d4851a1d" relativeResultsDirectory="cde0a522-2170-427d-9ebf-1e07a975b5a4" resultType="DataDrivenTest">
      <InnerResults>
        <UnitTestResult executionId="ad3a9ac3-d0f1-4df4-8638-4f0f49e93cc2" parentExecutionId="cde0a522-2170-427d-9ebf-1e07a975b5a4" testId="31da8206-9896-9519-00d6-dea575832cae" testName="ConvertFrom_ShouldBeOfType (eDoxa.Stripe.Models.StripeConnectAccountId,acct_qwe23okqwe123)" computerName="e5ca29178b67" duration="00:00:00.0331991" startTime="2019-06-07T20:50:56.3401356+00:00" endTime="2019-06-07T20:50:56.3795373+00:00" testType="13cdc9d9-ddb5-4fa4-a97d-d965ccfc6d4b" outcome="Passed" testListId="8c84fa94-04c1-424b-9868-57a2d4851a1d" relativeResultsDirectory="ad3a9ac3-d0f1-4df4-8638-4f0f49e93cc2" dataRowInfo="1" resultType="DataDrivenDataRow" />
        <UnitTestResult executionId="b6281d23-1aae-430a-ad17-06052d5ebe64" parentExecutionId="cde0a522-2170-427d-9ebf-1e07a975b5a4" testId="31da8206-9896-9519-00d6-dea575832cae" testName="ConvertFrom_ShouldBeOfType (eDoxa.Stripe.Models.StripeBankAccountId,ba_qwe23okqwe123)" computerName="e5ca29178b67" duration="00:00:00.0003413" startTime="2019-06-07T20:50:56.3401356+00:00" endTime="2019-06-07T20:50:56.3795373+00:00" testType="13cdc9d9-ddb5-4fa4-a97d-d965ccfc6d4b" outcome="Passed" testListId="8c84fa94-04c1-424b-9868-57a2d4851a1d" relativeResultsDirectory="b6281d23-1aae-430a-ad17-06052d5ebe64" dataRowInfo="2" resultType="DataDrivenDataRow" />
        <UnitTestResult executionId="d47dc197-d0ff-4207-a741-763fc7fa005c" parentExecutionId="cde0a522-2170-427d-9ebf-1e07a975b5a4" testId="31da8206-9896-9519-00d6-dea575832cae" testName="ConvertFrom_ShouldBeOfType (eDoxa.Stripe.Models.StripeCardId,card_qwe23okqwe123)" computerName="e5ca29178b67" duration="00:00:00.0003053" startTime="2019-06-07T20:50:56.3401356+00:00" endTime="2019-06-07T20:50:56.3795373+00:00" testType="13cdc9d9-ddb5-4fa4-a97d-d965ccfc6d4b" outcome="Passed" testListId="8c84fa94-04c1-424b-9868-57a2d4851a1d" relativeResultsDirectory="d47dc197-d0ff-4207-a741-763fc7fa005c" dataRowInfo="3" resultType="DataDrivenDataRow" />
        <UnitTestResult executionId="862da877-ec84-4cec-9a8f-bc40ad9f95ea" parentExecutionId="cde0a522-2170-427d-9ebf-1e07a975b5a4" testId="31da8206-9896-9519-00d6-dea575832cae" testName="ConvertFrom_ShouldBeOfType (eDoxa.Stripe.Models.StripeCustomerId,cus_qwe23okqwe123)" computerName="e5ca29178b67" duration="00:00:00.0002204" startTime="2019-06-07T20:50:56.3401356+00:00" endTime="2019-06-07T20:50:56.3795373+00:00" testType="13cdc9d9-ddb5-4fa4-a97d-d965ccfc6d4b" outcome="Passed" testListId="8c84fa94-04c1-424b-9868-57a2d4851a1d" relativeResultsDirectory="862da877-ec84-4cec-9a8f-bc40ad9f95ea" dataRowInfo="4" resultType="DataDrivenDataRow" />
      </InnerResults>
    </UnitTestResult>
    <UnitTestResult executionId="239850b2-4a0f-4a57-a72e-d7367f3731b2" testId="63049b61-f429-5056-821c-0bc2b6567fbd" testName="Constructor_Tests" computerName="e5ca29178b67" duration="00:00:00.0159402" startTime="2019-06-07T20:50:56.3111129+00:00" endTime="2019-06-07T20:50:56.3275356+00:00" testType="13cdc9d9-ddb5-4fa4-a97d-d965ccfc6d4b" outcome="Passed" testListId="8c84fa94-04c1-424b-9868-57a2d4851a1d" relativeResultsDirectory="239850b2-4a0f-4a57-a72e-d7367f3731b2" />
    <UnitTestResult executionId="619e8e3c-9666-4ded-8b12-2bd7f686c722" testId="caded88b-f755-e0e0-b4e7-69b04125d44e" testName="Constructor_Tests" computerName="e5ca29178b67" duration="00:00:00.0685838" startTime="2019-06-07T20:50:56.2419236+00:00" endTime="2019-06-07T20:50:56.3110624+00:00" testType="13cdc9d9-ddb5-4fa4-a97d-d965ccfc6d4b" outcome="Passed" testListId="8c84fa94-04c1-424b-9868-57a2d4851a1d" relativeResultsDirectory="619e8e3c-9666-4ded-8b12-2bd7f686c722" />
    <UnitTestResult executionId="3c7bf20c-9531-4156-850e-bda8b7dedf97" testId="7ee84041-ae4f-7acb-b33c-2a697d2b907f" testName="ConvertTo_ShouldBeOfType" computerName="e5ca29178b67" duration="00:00:00.0014352" startTime="2019-06-07T20:50:56.5441946+00:00" endTime="2019-06-07T20:50:56.5458104+00:00" testType="13cdc9d9-ddb5-4fa4-a97d-d965ccfc6d4b" outcome="Passed" testListId="8c84fa94-04c1-424b-9868-57a2d4851a1d" relativeResultsDirectory="3c7bf20c-9531-4156-850e-bda8b7dedf97" resultType="DataDrivenTest">
      <InnerResults>
        <UnitTestResult executionId="b590f483-6940-4e48-adf5-64393e66c58c" parentExecutionId="3c7bf20c-9531-4156-850e-bda8b7dedf97" testId="7ee84041-ae4f-7acb-b33c-2a697d2b907f" testName="ConvertTo_ShouldBeOfType (System.String)" computerName="e5ca29178b67" duration="00:00:00.0013101" startTime="2019-06-07T20:50:56.5441946+00:00" endTime="2019-06-07T20:50:56.5458104+00:00" testType="13cdc9d9-ddb5-4fa4-a97d-d965ccfc6d4b" outcome="Passed" testListId="8c84fa94-04c1-424b-9868-57a2d4851a1d" relativeResultsDirectory="b590f483-6940-4e48-adf5-64393e66c58c" dataRowInfo="1" resultType="DataDrivenDataRow" />
      </InnerResults>
    </UnitTestResult>
    <UnitTestResult executionId="9285a32f-539c-414e-8bc1-93d9c73519f4" testId="e168dc5d-6cd4-d908-f637-2833f3a2d0ad" testName="Constructor_Tests" computerName="e5ca29178b67" duration="00:00:00.0040753" startTime="2019-06-07T20:50:56.3317073+00:00" endTime="2019-06-07T20:50:56.3361104+00:00" testType="13cdc9d9-ddb5-4fa4-a97d-d965ccfc6d4b" outcome="Passed" testListId="8c84fa94-04c1-424b-9868-57a2d4851a1d" relativeResultsDirectory="9285a32f-539c-414e-8bc1-93d9c73519f4" />
    <UnitTestResult executionId="29195e62-9c61-4c8a-a07b-d85357743256" testId="0c518780-cb2c-42f0-5623-0c4d64800b4f" testName="CreateBankAccountAsync" computerName="e5ca29178b67" duration="00:00:00.0486276" startTime="2019-06-07T20:50:55.4599692+00:00" endTime="2019-06-07T20:50:55.5089276+00:00" testType="13cdc9d9-ddb5-4fa4-a97d-d965ccfc6d4b" outcome="Passed" testListId="8c84fa94-04c1-424b-9868-57a2d4851a1d" relativeResultsDirectory="29195e62-9c61-4c8a-a07b-d85357743256" />
    <UnitTestResult executionId="0f019cde-ae2e-4ce8-bf87-9022fb9ce71c" testId="47ade826-f428-fe25-2d1a-798479b54a48" testName="Constructor_Tests" computerName="e5ca29178b67" duration="00:00:00.0034540" startTime="2019-06-07T20:50:56.3361585+00:00" endTime="2019-06-07T20:50:56.3400915+00:00" testType="13cdc9d9-ddb5-4fa4-a97d-d965ccfc6d4b" outcome="Passed" testListId="8c84fa94-04c1-424b-9868-57a2d4851a1d" relativeResultsDirectory="0f019cde-ae2e-4ce8-bf87-9022fb9ce71c" />
    <UnitTestResult executionId="510f4bad-c6d8-4472-b4f6-b72deed699e4" testId="0ca62b8e-9695-5202-a45e-ca06881ab9de" testName="CanConvertFrom_ShouldBeTrue" computerName="e5ca29178b67" duration="00:00:00.0028159" startTime="2019-06-07T20:50:56.4987885+00:00" endTime="2019-06-07T20:50:56.5019361+00:00" testType="13cdc9d9-ddb5-4fa4-a97d-d965ccfc6d4b" outcome="Passed" testListId="8c84fa94-04c1-424b-9868-57a2d4851a1d" relativeResultsDirectory="510f4bad-c6d8-4472-b4f6-b72deed699e4" resultType="DataDrivenTest">
      <InnerResults>
        <UnitTestResult executionId="0837ee78-3f54-40bf-9ee9-b3c6a00f5c39" parentExecutionId="510f4bad-c6d8-4472-b4f6-b72deed699e4" testId="0ca62b8e-9695-5202-a45e-ca06881ab9de" testName="CanConvertFrom_ShouldBeTrue (System.String)" computerName="e5ca29178b67" duration="00:00:00.0026542" startTime="2019-06-07T20:50:56.4987885+00:00" endTime="2019-06-07T20:50:56.5019361+00:00" testType="13cdc9d9-ddb5-4fa4-a97d-d965ccfc6d4b" outcome="Passed" testListId="8c84fa94-04c1-424b-9868-57a2d4851a1d" relativeResultsDirectory="0837ee78-3f54-40bf-9ee9-b3c6a00f5c39" dataRowInfo="1" resultType="DataDrivenDataRow" />
      </InnerResults>
    </UnitTestResult>
    <UnitTestResult executionId="f3560bae-2988-4657-b9a5-014d55f1ed64" testId="bd5b1ff2-3942-4dc4-7740-d10a62d7fa8a" testName="VerifyAccountAsync" computerName="e5ca29178b67" duration="00:00:00.0486159" startTime="2019-06-07T20:50:55.4106014+00:00" endTime="2019-06-07T20:50:55.4596749+00:00" testType="13cdc9d9-ddb5-4fa4-a97d-d965ccfc6d4b" outcome="Passed" testListId="8c84fa94-04c1-424b-9868-57a2d4851a1d" relativeResultsDirectory="f3560bae-2988-4657-b9a5-014d55f1ed64" />
    <UnitTestResult executionId="d97dc375-0a30-4a1e-a084-57b0904b5058" testId="c3d53cad-8c7e-307f-0d2f-3b7f2f8a69da" testName="CanConvertTo_ShouldBeTrue" computerName="e5ca29178b67" duration="00:00:00.0366331" startTime="2019-06-07T20:50:56.5040323+00:00" endTime="2019-06-07T20:50:56.5408433+00:00" testType="13cdc9d9-ddb5-4fa4-a97d-d965ccfc6d4b" outcome="Passed" testListId="8c84fa94-04c1-424b-9868-57a2d4851a1d" relativeResultsDirectory="d97dc375-0a30-4a1e-a084-57b0904b5058" resultType="DataDrivenTest">
      <InnerResults>
        <UnitTestResult executionId="cbefaafb-174f-4b09-b607-85e5b7b790ee" parentExecutionId="d97dc375-0a30-4a1e-a084-57b0904b5058" testId="c3d53cad-8c7e-307f-0d2f-3b7f2f8a69da" testName="CanConvertTo_ShouldBeTrue (System.String)" computerName="e5ca29178b67" duration="00:00:00.0365384" startTime="2019-06-07T20:50:56.5040323+00:00" endTime="2019-06-07T20:50:56.5408433+00:00" testType="13cdc9d9-ddb5-4fa4-a97d-d965ccfc6d4b" outcome="Passed" testListId="8c84fa94-04c1-424b-9868-57a2d4851a1d" relativeResultsDirectory="cbefaafb-174f-4b09-b607-85e5b7b790ee" dataRowInfo="1" resultType="DataDrivenDataRow" />
      </InnerResults>
    </UnitTestResult>
    <UnitTestResult executionId="f44630d8-93d2-49de-9003-8b0f4ed58a80" testId="c7334fa3-aad8-6f73-955e-0be9bc06e819" testName="CreatePayoutAsync" computerName="e5ca29178b67" duration="00:00:00.0511295" startTime="2019-06-07T20:50:56.1903552+00:00" endTime="2019-06-07T20:50:56.2418817+00:00" testType="13cdc9d9-ddb5-4fa4-a97d-d965ccfc6d4b" outcome="Passed" testListId="8c84fa94-04c1-424b-9868-57a2d4851a1d" relativeResultsDirectory="f44630d8-93d2-49de-9003-8b0f4ed58a80" />
    <UnitTestResult executionId="42cada88-ee9c-4b4e-afe3-e8918a769781" testId="846c0325-fd87-2535-7086-fdb2d04b0f17" testName="ConvertFrom_ShouldThrowNotSupportedException" computerName="e5ca29178b67" duration="00:00:00.0028070" startTime="2019-06-07T20:50:56.4333778+00:00" endTime="2019-06-07T20:50:56.4364291+00:00" testType="13cdc9d9-ddb5-4fa4-a97d-d965ccfc6d4b" outcome="Passed" testListId="8c84fa94-04c1-424b-9868-57a2d4851a1d" relativeResultsDirectory="42cada88-ee9c-4b4e-afe3-e8918a769781" resultType="DataDrivenTest">
      <InnerResults>
        <UnitTestResult executionId="82697037-a732-47dc-b13b-5f9646f5513e" parentExecutionId="42cada88-ee9c-4b4e-afe3-e8918a769781" testId="846c0325-fd87-2535-7086-fdb2d04b0f17" testName="ConvertFrom_ShouldThrowNotSupportedException (eDoxa.Stripe.Models.StripeConnectAccountId,1000)" computerName="e5ca29178b67" duration="00:00:00.0019025" startTime="2019-06-07T20:50:56.4333778+00:00" endTime="2019-06-07T20:50:56.4364291+00:00" testType="13cdc9d9-ddb5-4fa4-a97d-d965ccfc6d4b" outcome="Passed" testListId="8c84fa94-04c1-424b-9868-57a2d4851a1d" relativeResultsDirectory="82697037-a732-47dc-b13b-5f9646f5513e" dataRowInfo="1" resultType="DataDrivenDataRow" />
        <UnitTestResult executionId="1c89ae0d-3e70-49d3-b49a-d63816f4732c" parentExecutionId="42cada88-ee9c-4b4e-afe3-e8918a769781" testId="846c0325-fd87-2535-7086-fdb2d04b0f17" testName="ConvertFrom_ShouldThrowNotSupportedException (eDoxa.Stripe.Models.StripeBankAccountId,112323)" computerName="e5ca29178b67" duration="00:00:00.0002810" startTime="2019-06-07T20:50:56.4333778+00:00" endTime="2019-06-07T20:50:56.4364291+00:00" testType="13cdc9d9-ddb5-4fa4-a97d-d965ccfc6d4b" outcome="Passed" testListId="8c84fa94-04c1-424b-9868-57a2d4851a1d" relativeResultsDirectory="1c89ae0d-3e70-49d3-b49a-d63816f4732c" dataRowInfo="2" resultType="DataDrivenDataRow" />
        <UnitTestResult executionId="48152412-fad6-4437-94bd-968cb24a9687" parentExecutionId="42cada88-ee9c-4b4e-afe3-e8918a769781" testId="846c0325-fd87-2535-7086-fdb2d04b0f17" testName="ConvertFrom_ShouldThrowNotSupportedException (eDoxa.Stripe.Models.StripeCardId,12312312.123)" computerName="e5ca29178b67" duration="00:00:00.0001646" startTime="2019-06-07T20:50:56.4333778+00:00" endTime="2019-06-07T20:50:56.4364291+00:00" testType="13cdc9d9-ddb5-4fa4-a97d-d965ccfc6d4b" outcome="Passed" testListId="8c84fa94-04c1-424b-9868-57a2d4851a1d" relativeResultsDirectory="48152412-fad6-4437-94bd-968cb24a9687" dataRowInfo="3" resultType="DataDrivenDataRow" />
        <UnitTestResult executionId="3b00b6ad-4034-4426-bda9-0366170b4fb4" parentExecutionId="42cada88-ee9c-4b4e-afe3-e8918a769781" testId="846c0325-fd87-2535-7086-fdb2d04b0f17" testName="ConvertFrom_ShouldThrowNotSupportedException (eDoxa.Stripe.Models.StripeCustomerId,1.242141E+07)" computerName="e5ca29178b67" duration="00:00:00.0001611" startTime="2019-06-07T20:50:56.4333778+00:00" endTime="2019-06-07T20:50:56.4364291+00:00" testType="13cdc9d9-ddb5-4fa4-a97d-d965ccfc6d4b" outcome="Passed" testListId="8c84fa94-04c1-424b-9868-57a2d4851a1d" relativeResultsDirectory="3b00b6ad-4034-4426-bda9-0366170b4fb4" dataRowInfo="4" resultType="DataDrivenDataRow" />
      </InnerResults>
    </UnitTestResult>
    <UnitTestResult executionId="615ea877-b825-4386-a9a8-6e7901822cc1" testId="cd181a54-c610-00cf-c0f2-dd48a1949a6a" testName="DeleteCardAsync" computerName="e5ca29178b67" duration="00:00:00.0406513" startTime="2019-06-07T20:50:55.6299665+00:00" endTime="2019-06-07T20:50:55.6708737+00:00" testType="13cdc9d9-ddb5-4fa4-a97d-d965ccfc6d4b" outcome="Passed" testListId="8c84fa94-04c1-424b-9868-57a2d4851a1d" relativeResultsDirectory="615ea877-b825-4386-a9a8-6e7901822cc1" />
    <UnitTestResult executionId="6ebf3a66-d42d-4675-9eec-3958ad88ab18" testId="7ba32de1-212f-b968-373e-eefd2202f63c" testName="CreateCustomerAsync" computerName="e5ca29178b67" duration="00:00:00.0522299" startTime="2019-06-07T20:50:55.6709155+00:00" endTime="2019-06-07T20:50:55.7234618+00:00" testType="13cdc9d9-ddb5-4fa4-a97d-d965ccfc6d4b" outcome="Passed" testListId="8c84fa94-04c1-424b-9868-57a2d4851a1d" relativeResultsDirectory="6ebf3a66-d42d-4675-9eec-3958ad88ab18" />
    <UnitTestResult executionId="73a6c782-31e6-4d42-a6be-1e4ac23be35d" testId="2aa169e8-ac37-a6e1-4b65-6ba6e523193d" testName="CanConvertFrom_ShouldBeFalse" computerName="e5ca29178b67" duration="00:00:00.0015407" startTime="2019-06-07T20:50:56.5019912+00:00" endTime="2019-06-07T20:50:56.5039898+00:00" testType="13cdc9d9-ddb5-4fa4-a97d-d965ccfc6d4b" outcome="Passed" testListId="8c84fa94-04c1-424b-9868-57a2d4851a1d" relativeResultsDirectory="73a6c782-31e6-4d42-a6be-1e4ac23be35d" resultType="DataDrivenTest">
      <InnerResults>
        <UnitTestResult executionId="4db2ac39-d596-40aa-bc80-c7a00183ade0" parentExecutionId="73a6c782-31e6-4d42-a6be-1e4ac23be35d" testId="2aa169e8-ac37-a6e1-4b65-6ba6e523193d" testName="CanConvertFrom_ShouldBeFalse (System.Int32)" computerName="e5ca29178b67" duration="00:00:00.0012601" startTime="2019-06-07T20:50:56.5019912+00:00" endTime="2019-06-07T20:50:56.5039898+00:00" testType="13cdc9d9-ddb5-4fa4-a97d-d965ccfc6d4b" outcome="Passed" testListId="8c84fa94-04c1-424b-9868-57a2d4851a1d" relativeResultsDirectory="4db2ac39-d596-40aa-bc80-c7a00183ade0" dataRowInfo="1" resultType="DataDrivenDataRow" />
        <UnitTestResult executionId="415ec9eb-d855-4b90-8ce8-bb6a3ca6acb1" parentExecutionId="73a6c782-31e6-4d42-a6be-1e4ac23be35d" testId="2aa169e8-ac37-a6e1-4b65-6ba6e523193d" testName="CanConvertFrom_ShouldBeFalse (System.Int64)" computerName="e5ca29178b67" duration="00:00:00.0000286" startTime="2019-06-07T20:50:56.5019912+00:00" endTime="2019-06-07T20:50:56.5039898+00:00" testType="13cdc9d9-ddb5-4fa4-a97d-d965ccfc6d4b" outcome="Passed" testListId="8c84fa94-04c1-424b-9868-57a2d4851a1d" relativeResultsDirectory="415ec9eb-d855-4b90-8ce8-bb6a3ca6acb1" dataRowInfo="2" resultType="DataDrivenDataRow" />
        <UnitTestResult executionId="786d588d-64bb-4cd2-a0f5-59bbb55e0858" parentExecutionId="73a6c782-31e6-4d42-a6be-1e4ac23be35d" testId="2aa169e8-ac37-a6e1-4b65-6ba6e523193d" testName="CanConvertFrom_ShouldBeFalse (System.Guid)" computerName="e5ca29178b67" duration="00:00:00.0000104" startTime="2019-06-07T20:50:56.5019912+00:00" endTime="2019-06-07T20:50:56.5039898+00:00" testType="13cdc9d9-ddb5-4fa4-a97d-d965ccfc6d4b" outcome="Passed" testListId="8c84fa94-04c1-424b-9868-57a2d4851a1d" relativeResultsDirectory="786d588d-64bb-4cd2-a0f5-59bbb55e0858" dataRowInfo="3" resultType="DataDrivenDataRow" />
      </InnerResults>
    </UnitTestResult>
    <UnitTestResult executionId="8b97ad60-dfe3-426b-abe9-800364af9f07" testId="dfad70e9-7609-5e93-f49e-04a18e5dbb04" testName="CreateCardAsync" computerName="e5ca29178b67" duration="00:00:00.0271104" startTime="2019-06-07T20:50:55.6024858+00:00" endTime="2019-06-07T20:50:55.6299371+00:00" testType="13cdc9d9-ddb5-4fa4-a97d-d965ccfc6d4b" outcome="Passed" testListId="8c84fa94-04c1-424b-9868-57a2d4851a1d" relativeResultsDirectory="8b97ad60-dfe3-426b-abe9-800364af9f07" />
    <UnitTestResult executionId="6e2efca5-063e-409b-8100-4c171be7b805" testId="10886dcc-7b0b-53ad-81f6-d56b8d08c601" testName="DeleteBankAccountAsync" computerName="e5ca29178b67" duration="00:00:00.0223966" startTime="2019-06-07T20:50:55.5089571+00:00" endTime="2019-06-07T20:50:55.5315746+00:00" testType="13cdc9d9-ddb5-4fa4-a97d-d965ccfc6d4b" outcome="Passed" testListId="8c84fa94-04c1-424b-9868-57a2d4851a1d" relativeResultsDirectory="6e2efca5-063e-409b-8100-4c171be7b805" />
    <UnitTestResult executionId="fc8d55d0-ff40-4c3b-884d-11bbd5ccbbd8" testId="db0bd742-1b93-9719-7236-313842e1aca0" testName="CanConvertTo_ShouldBeFalse" computerName="e5ca29178b67" duration="00:00:00.0006311" startTime="2019-06-07T20:50:56.5432098+00:00" endTime="2019-06-07T20:50:56.5441435+00:00" testType="13cdc9d9-ddb5-4fa4-a97d-d965ccfc6d4b" outcome="Passed" testListId="8c84fa94-04c1-424b-9868-57a2d4851a1d" relativeResultsDirectory="fc8d55d0-ff40-4c3b-884d-11bbd5ccbbd8" resultType="DataDrivenTest">
      <InnerResults>
        <UnitTestResult executionId="a2a14807-1d7b-4a0e-9c4e-73d6dabb38b0" parentExecutionId="fc8d55d0-ff40-4c3b-884d-11bbd5ccbbd8" testId="db0bd742-1b93-9719-7236-313842e1aca0" testName="CanConvertTo_ShouldBeFalse (System.Int32)" computerName="e5ca29178b67" duration="00:00:00.0004113" startTime="2019-06-07T20:50:56.5432098+00:00" endTime="2019-06-07T20:50:56.5441435+00:00" testType="13cdc9d9-ddb5-4fa4-a97d-d965ccfc6d4b" outcome="Passed" testListId="8c84fa94-04c1-424b-9868-57a2d4851a1d" relativeResultsDirectory="a2a14807-1d7b-4a0e-9c4e-73d6dabb38b0" dataRowInfo="1" resultType="DataDrivenDataRow" />
        <UnitTestResult executionId="f17f9a2a-3bcb-42b7-9cb3-054169282cc5" parentExecutionId="fc8d55d0-ff40-4c3b-884d-11bbd5ccbbd8" testId="db0bd742-1b93-9719-7236-313842e1aca0" testName="CanConvertTo_ShouldBeFalse (System.Int64)" computerName="e5ca29178b67" duration="00:00:00.0000177" startTime="2019-06-07T20:50:56.5432098+00:00" endTime="2019-06-07T20:50:56.5441435+00:00" testType="13cdc9d9-ddb5-4fa4-a97d-d965ccfc6d4b" outcome="Passed" testListId="8c84fa94-04c1-424b-9868-57a2d4851a1d" relativeResultsDirectory="f17f9a2a-3bcb-42b7-9cb3-054169282cc5" dataRowInfo="2" resultType="DataDrivenDataRow" />
        <UnitTestResult executionId="3a26ca5a-aa50-4486-9aa6-f03dbca38c98" parentExecutionId="fc8d55d0-ff40-4c3b-884d-11bbd5ccbbd8" testId="db0bd742-1b93-9719-7236-313842e1aca0" testName="CanConvertTo_ShouldBeFalse (System.Guid)" computerName="e5ca29178b67" duration="00:00:00.0000078" startTime="2019-06-07T20:50:56.5432098+00:00" endTime="2019-06-07T20:50:56.5441435+00:00" testType="13cdc9d9-ddb5-4fa4-a97d-d965ccfc6d4b" outcome="Passed" testListId="8c84fa94-04c1-424b-9868-57a2d4851a1d" relativeResultsDirectory="3a26ca5a-aa50-4486-9aa6-f03dbca38c98" dataRowInfo="3" resultType="DataDrivenDataRow" />
      </InnerResults>
    </UnitTestResult>
    <UnitTestResult executionId="613885c2-9404-42c1-ad15-71ccfb3f65e1" testId="d10ff11e-7670-206a-c13f-24094e9f68b8" testName="ConvertTo_ShouldThrowNotSupportedException" computerName="e5ca29178b67" duration="00:00:00.0018355" startTime="2019-06-07T20:50:56.5458598+00:00" endTime="2019-06-07T20:50:56.5479269+00:00" testType="13cdc9d9-ddb5-4fa4-a97d-d965ccfc6d4b" outcome="Passed" testListId="8c84fa94-04c1-424b-9868-57a2d4851a1d" relativeResultsDirectory="613885c2-9404-42c1-ad15-71ccfb3f65e1" resultType="DataDrivenTest">
      <InnerResults>
        <UnitTestResult executionId="f715f4fe-458d-4f14-85fd-60c7a646bbc6" parentExecutionId="613885c2-9404-42c1-ad15-71ccfb3f65e1" testId="d10ff11e-7670-206a-c13f-24094e9f68b8" testName="ConvertTo_ShouldThrowNotSupportedException (System.Int32)" computerName="e5ca29178b67" duration="00:00:00.0011400" startTime="2019-06-07T20:50:56.5458598+00:00" endTime="2019-06-07T20:50:56.5479269+00:00" testType="13cdc9d9-ddb5-4fa4-a97d-d965ccfc6d4b" outcome="Passed" testListId="8c84fa94-04c1-424b-9868-57a2d4851a1d" relativeResultsDirectory="f715f4fe-458d-4f14-85fd-60c7a646bbc6" dataRowInfo="1" resultType="DataDrivenDataRow" />
        <UnitTestResult executionId="2159831e-cb30-487f-8358-4e234fe79792" parentExecutionId="613885c2-9404-42c1-ad15-71ccfb3f65e1" testId="d10ff11e-7670-206a-c13f-24094e9f68b8" testName="ConvertTo_ShouldThrowNotSupportedException (System.Int64)" computerName="e5ca29178b67" duration="00:00:00.0002107" startTime="2019-06-07T20:50:56.5458598+00:00" endTime="2019-06-07T20:50:56.5479269+00:00" testType="13cdc9d9-ddb5-4fa4-a97d-d965ccfc6d4b" outcome="Passed" testListId="8c84fa94-04c1-424b-9868-57a2d4851a1d" relativeResultsDirectory="2159831e-cb30-487f-8358-4e234fe79792" dataRowInfo="2" resultType="DataDrivenDataRow" />
        <UnitTestResult executionId="ec5fb42b-4451-464d-b715-d441eead0833" parentExecutionId="613885c2-9404-42c1-ad15-71ccfb3f65e1" testId="d10ff11e-7670-206a-c13f-24094e9f68b8" testName="ConvertTo_ShouldThrowNotSupportedException (System.Guid)" computerName="e5ca29178b67" duration="00:00:00.0001960" startTime="2019-06-07T20:50:56.5458598+00:00" endTime="2019-06-07T20:50:56.5479269+00:00" testType="13cdc9d9-ddb5-4fa4-a97d-d965ccfc6d4b" outcome="Passed" testListId="8c84fa94-04c1-424b-9868-57a2d4851a1d" relativeResultsDirectory="ec5fb42b-4451-464d-b715-d441eead0833" dataRowInfo="3" resultType="DataDrivenDataRow" />
      </InnerResults>
    </UnitTestResult>
    <UnitTestResult executionId="2cf13e57-f29d-40c9-9ba8-c5d27f1fb667" testId="33aab8fb-e107-33f7-60b1-5d9c09bbfa6b" testName="ListCardsAsync" computerName="e5ca29178b67" duration="00:00:00.0704789" startTime="2019-06-07T20:50:55.5316140+00:00" endTime="2019-06-07T20:50:55.6024445+00:00" testType="13cdc9d9-ddb5-4fa4-a97d-d965ccfc6d4b" outcome="Passed" testListId="8c84fa94-04c1-424b-9868-57a2d4851a1d" relativeResultsDirectory="2cf13e57-f29d-40c9-9ba8-c5d27f1fb667" />
    <UnitTestResult executionId="74444a41-c96e-43a8-96df-db05c2edaf92" testId="b52f4547-1051-0bb7-e315-f63fba16ed2d" testName="Constructor_Tests" computerName="e5ca29178b67" duration="00:00:00.0037785" startTime="2019-06-07T20:50:56.3275820+00:00" endTime="2019-06-07T20:50:56.3316726+00:00" testType="13cdc9d9-ddb5-4fa4-a97d-d965ccfc6d4b" outcome="Passed" testListId="8c84fa94-04c1-424b-9868-57a2d4851a1d" relativeResultsDirectory="74444a41-c96e-43a8-96df-db05c2edaf92" />
    <UnitTestResult executionId="39dd83ec-746e-4867-981f-c8949acd167d" testId="1527e40c-81b7-80d9-6d4b-7339718ab1a5" testName="ConvertFrom_ShouldThrowStripeIdException" computerName="e5ca29178b67" duration="00:00:00.0279963" startTime="2019-06-07T20:50:56.4049886+00:00" endTime="2019-06-07T20:50:56.4333281+00:00" testType="13cdc9d9-ddb5-4fa4-a97d-d965ccfc6d4b" outcome="Passed" testListId="8c84fa94-04c1-424b-9868-57a2d4851a1d" relativeResultsDirectory="39dd83ec-746e-4867-981f-c8949acd167d" resultType="DataDrivenTest">
      <InnerResults>
        <UnitTestResult executionId="57bdbb69-65a6-48b8-a9ca-4bc0b19d538e" parentExecutionId="39dd83ec-746e-4867-981f-c8949acd167d" testId="1527e40c-81b7-80d9-6d4b-7339718ab1a5" testName="ConvertFrom_ShouldThrowStripeIdException (eDoxa.Stripe.Models.StripeConnectAccountId,ba_qwe23okqwe123)" computerName="e5ca29178b67" duration="00:00:00.0266648" startTime="2019-06-07T20:50:56.4049886+00:00" endTime="2019-06-07T20:50:56.4333281+00:00" testType="13cdc9d9-ddb5-4fa4-a97d-d965ccfc6d4b" outcome="Passed" testListId="8c84fa94-04c1-424b-9868-57a2d4851a1d" relativeResultsDirectory="57bdbb69-65a6-48b8-a9ca-4bc0b19d538e" dataRowInfo="1" resultType="DataDrivenDataRow" />
        <UnitTestResult executionId="b67a959a-580a-4a67-8e77-11e7daab4b16" parentExecutionId="39dd83ec-746e-4867-981f-c8949acd167d" testId="1527e40c-81b7-80d9-6d4b-7339718ab1a5" testName="ConvertFrom_ShouldThrowStripeIdException (eDoxa.Stripe.Models.StripeBankAccountId,acct_qwe23okqwe123)" computerName="e5ca29178b67" duration="00:00:00.0004594" startTime="2019-06-07T20:50:56.4049886+00:00" endTime="2019-06-07T20:50:56.4333281+00:00" testType="13cdc9d9-ddb5-4fa4-a97d-d965ccfc6d4b" outcome="Passed" testListId="8c84fa94-04c1-424b-9868-57a2d4851a1d" relativeResultsDirectory="b67a959a-580a-4a67-8e77-11e7daab4b16" dataRowInfo="2" resultType="DataDrivenDataRow" />
        <UnitTestResult executionId="b3e03f26-ef2b-483c-9d4b-4f5d44c06cb4" parentExecutionId="39dd83ec-746e-4867-981f-c8949acd167d" testId="1527e40c-81b7-80d9-6d4b-7339718ab1a5" testName="ConvertFrom_ShouldThrowStripeIdException (eDoxa.Stripe.Models.StripeCardId,cardqwe23okqwe123)" computerName="e5ca29178b67" duration="00:00:00.0003463" startTime="2019-06-07T20:50:56.4049886+00:00" endTime="2019-06-07T20:50:56.4333281+00:00" testType="13cdc9d9-ddb5-4fa4-a97d-d965ccfc6d4b" outcome="Passed" testListId="8c84fa94-04c1-424b-9868-57a2d4851a1d" relativeResultsDirectory="b3e03f26-ef2b-483c-9d4b-4f5d44c06cb4" dataRowInfo="3" resultType="DataDrivenDataRow" />
        <UnitTestResult executionId="9060f5b9-ed31-414e-9f3b-49e7bb5db682" parentExecutionId="39dd83ec-746e-4867-981f-c8949acd167d" testId="1527e40c-81b7-80d9-6d4b-7339718ab1a5" testName="ConvertFrom_ShouldThrowStripeIdException (eDoxa.Stripe.Models.StripeCustomerId,cus_qwe23okq_we123)" computerName="e5ca29178b67" duration="00:00:00.0002366" startTime="2019-06-07T20:50:56.4049886+00:00" endTime="2019-06-07T20:50:56.4333281+00:00" testType="13cdc9d9-ddb5-4fa4-a97d-d965ccfc6d4b" outcome="Passed" testListId="8c84fa94-04c1-424b-9868-57a2d4851a1d" relativeResultsDirectory="9060f5b9-ed31-414e-9f3b-49e7bb5db682" dataRowInfo="4" resultType="DataDrivenDataRow" />
      </InnerResults>
    </UnitTestResult>
    <UnitTestResult executionId="fa3fb070-06be-4caa-86df-871618e761bc" testId="07b7ba6d-3c7e-7a5d-59ec-6e3560e627bc" testName="UpdateCardDefaultAsync" computerName="e5ca29178b67" duration="00:00:00.0499567" startTime="2019-06-07T20:50:55.7234933+00:00" endTime="2019-06-07T20:50:55.7736858+00:00" testType="13cdc9d9-ddb5-4fa4-a97d-d965ccfc6d4b" outcome="Passed" testListId="8c84fa94-04c1-424b-9868-57a2d4851a1d" relativeResultsDirectory="fa3fb070-06be-4caa-86df-871618e761bc" />
  </Results>
  <TestDefinitions>
    <UnitTest name="VerifyAccountAsync" storage="/tmp/test/edoxa.stripe.tests/bin/debug/netcoreapp2.2/edoxa.stripe.tests.dll" id="bd5b1ff2-3942-4dc4-7740-d10a62d7fa8a">
      <Execution id="f3560bae-2988-4657-b9a5-014d55f1ed64" />
      <TestMethod codeBase="/tmp/test/eDoxa.Stripe.Tests/bin/Debug/netcoreapp2.2/eDoxa.Stripe.Tests.dll" adapterTypeName="executor://mstestadapter/v2" className="eDoxa.Stripe.Tests.Services.StripeServiceTest" name="VerifyAccountAsync" />
    </UnitTest>
    <UnitTest name="CreateInvoiceAsync" storage="/tmp/test/edoxa.stripe.tests/bin/debug/netcoreapp2.2/edoxa.stripe.tests.dll" id="fc6f85c7-ce08-7eb1-e107-e2266fb52b50">
      <Execution id="6efcb437-3802-4e0a-b9e4-dde1b6d37370" />
      <TestMethod codeBase="/tmp/test/eDoxa.Stripe.Tests/bin/Debug/netcoreapp2.2/eDoxa.Stripe.Tests.dll" adapterTypeName="executor://mstestadapter/v2" className="eDoxa.Stripe.Tests.Services.StripeServiceTest" name="CreateInvoiceAsync" />
    </UnitTest>
    <UnitTest name="Constructor_Tests" storage="/tmp/test/edoxa.stripe.tests/bin/debug/netcoreapp2.2/edoxa.stripe.tests.dll" id="e168dc5d-6cd4-d908-f637-2833f3a2d0ad">
      <Execution id="9285a32f-539c-414e-8bc1-93d9c73519f4" />
      <TestMethod codeBase="/tmp/test/eDoxa.Stripe.Tests/bin/Debug/netcoreapp2.2/eDoxa.Stripe.Tests.dll" adapterTypeName="executor://mstestadapter/v2" className="eDoxa.Stripe.Tests.Models.StripeCustomerIdTest" name="Constructor_Tests" />
    </UnitTest>
    <UnitTest name="CreatePayoutAsync" storage="/tmp/test/edoxa.stripe.tests/bin/debug/netcoreapp2.2/edoxa.stripe.tests.dll" id="c7334fa3-aad8-6f73-955e-0be9bc06e819">
      <Execution id="f44630d8-93d2-49de-9003-8b0f4ed58a80" />
      <TestMethod codeBase="/tmp/test/eDoxa.Stripe.Tests/bin/Debug/netcoreapp2.2/eDoxa.Stripe.Tests.dll" adapterTypeName="executor://mstestadapter/v2" className="eDoxa.Stripe.Tests.Services.StripeServiceTest" name="CreatePayoutAsync" />
    </UnitTest>
    <UnitTest name="DeleteBankAccountAsync" storage="/tmp/test/edoxa.stripe.tests/bin/debug/netcoreapp2.2/edoxa.stripe.tests.dll" id="10886dcc-7b0b-53ad-81f6-d56b8d08c601">
      <Execution id="6e2efca5-063e-409b-8100-4c171be7b805" />
      <TestMethod codeBase="/tmp/test/eDoxa.Stripe.Tests/bin/Debug/netcoreapp2.2/eDoxa.Stripe.Tests.dll" adapterTypeName="executor://mstestadapter/v2" className="eDoxa.Stripe.Tests.Services.StripeServiceTest" name="DeleteBankAccountAsync" />
    </UnitTest>
    <UnitTest name="UpdateCardDefaultAsync" storage="/tmp/test/edoxa.stripe.tests/bin/debug/netcoreapp2.2/edoxa.stripe.tests.dll" id="07b7ba6d-3c7e-7a5d-59ec-6e3560e627bc">
      <Execution id="fa3fb070-06be-4caa-86df-871618e761bc" />
      <TestMethod codeBase="/tmp/test/eDoxa.Stripe.Tests/bin/Debug/netcoreapp2.2/eDoxa.Stripe.Tests.dll" adapterTypeName="executor://mstestadapter/v2" className="eDoxa.Stripe.Tests.Services.StripeServiceTest" name="UpdateCardDefaultAsync" />
    </UnitTest>
    <UnitTest name="CreateAccountAsync" storage="/tmp/test/edoxa.stripe.tests/bin/debug/netcoreapp2.2/edoxa.stripe.tests.dll" id="709d4ba1-f062-5a65-ecce-efdf71487197">
      <Execution id="60b5399f-d0eb-4523-84bc-e289a4a9d7c7" />
      <TestMethod codeBase="/tmp/test/eDoxa.Stripe.Tests/bin/Debug/netcoreapp2.2/eDoxa.Stripe.Tests.dll" adapterTypeName="executor://mstestadapter/v2" className="eDoxa.Stripe.Tests.Services.StripeServiceTest" name="CreateAccountAsync" />
    </UnitTest>
    <UnitTest name="CreateBankAccountAsync" storage="/tmp/test/edoxa.stripe.tests/bin/debug/netcoreapp2.2/edoxa.stripe.tests.dll" id="0c518780-cb2c-42f0-5623-0c4d64800b4f">
      <Execution id="29195e62-9c61-4c8a-a07b-d85357743256" />
      <TestMethod codeBase="/tmp/test/eDoxa.Stripe.Tests/bin/Debug/netcoreapp2.2/eDoxa.Stripe.Tests.dll" adapterTypeName="executor://mstestadapter/v2" className="eDoxa.Stripe.Tests.Services.StripeServiceTest" name="CreateBankAccountAsync" />
    </UnitTest>
    <UnitTest name="ConvertFrom_ShouldThrowNotSupportedException" storage="/tmp/test/edoxa.stripe.tests/bin/debug/netcoreapp2.2/edoxa.stripe.tests.dll" id="846c0325-fd87-2535-7086-fdb2d04b0f17">
      <Execution id="42cada88-ee9c-4b4e-afe3-e8918a769781" />
      <TestMethod codeBase="/tmp/test/eDoxa.Stripe.Tests/bin/Debug/netcoreapp2.2/eDoxa.Stripe.Tests.dll" adapterTypeName="executor://mstestadapter/v2" className="eDoxa.Stripe.Tests.Abstractions.StripeIdTest" name="ConvertFrom_ShouldThrowNotSupportedException" />
    </UnitTest>
    <UnitTest name="Constructor_Tests" storage="/tmp/test/edoxa.stripe.tests/bin/debug/netcoreapp2.2/edoxa.stripe.tests.dll" id="caded88b-f755-e0e0-b4e7-69b04125d44e">
      <Execution id="619e8e3c-9666-4ded-8b12-2bd7f686c722" />
      <TestMethod codeBase="/tmp/test/eDoxa.Stripe.Tests/bin/Debug/netcoreapp2.2/eDoxa.Stripe.Tests.dll" adapterTypeName="executor://mstestadapter/v2" className="eDoxa.Stripe.Tests.Models.StripeBankAccountIdTest" name="Constructor_Tests" />
    </UnitTest>
    <UnitTest name="ConvertFrom_ShouldBeOfType" storage="/tmp/test/edoxa.stripe.tests/bin/debug/netcoreapp2.2/edoxa.stripe.tests.dll" id="31da8206-9896-9519-00d6-dea575832cae">
      <Execution id="cde0a522-2170-427d-9ebf-1e07a975b5a4" />
      <TestMethod codeBase="/tmp/test/eDoxa.Stripe.Tests/bin/Debug/netcoreapp2.2/eDoxa.Stripe.Tests.dll" adapterTypeName="executor://mstestadapter/v2" className="eDoxa.Stripe.Tests.Abstractions.StripeIdTest" name="ConvertFrom_ShouldBeOfType" />
    </UnitTest>
    <UnitTest name="CanConvertTo_ShouldBeFalse" storage="/tmp/test/edoxa.stripe.tests/bin/debug/netcoreapp2.2/edoxa.stripe.tests.dll" id="db0bd742-1b93-9719-7236-313842e1aca0">
      <Execution id="fc8d55d0-ff40-4c3b-884d-11bbd5ccbbd8" />
      <TestMethod codeBase="/tmp/test/eDoxa.Stripe.Tests/bin/Debug/netcoreapp2.2/eDoxa.Stripe.Tests.dll" adapterTypeName="executor://mstestadapter/v2" className="eDoxa.Stripe.Tests.Abstractions.StripeIdTest" name="CanConvertTo_ShouldBeFalse" />
    </UnitTest>
    <UnitTest name="CanConvertFrom_ShouldBeFalse" storage="/tmp/test/edoxa.stripe.tests/bin/debug/netcoreapp2.2/edoxa.stripe.tests.dll" id="2aa169e8-ac37-a6e1-4b65-6ba6e523193d">
      <Execution id="73a6c782-31e6-4d42-a6be-1e4ac23be35d" />
      <TestMethod codeBase="/tmp/test/eDoxa.Stripe.Tests/bin/Debug/netcoreapp2.2/eDoxa.Stripe.Tests.dll" adapterTypeName="executor://mstestadapter/v2" className="eDoxa.Stripe.Tests.Abstractions.StripeIdTest" name="CanConvertFrom_ShouldBeFalse" />
    </UnitTest>
    <UnitTest name="Constructor_Tests" storage="/tmp/test/edoxa.stripe.tests/bin/debug/netcoreapp2.2/edoxa.stripe.tests.dll" id="b52f4547-1051-0bb7-e315-f63fba16ed2d">
      <Execution id="74444a41-c96e-43a8-96df-db05c2edaf92" />
      <TestMethod codeBase="/tmp/test/eDoxa.Stripe.Tests/bin/Debug/netcoreapp2.2/eDoxa.Stripe.Tests.dll" adapterTypeName="executor://mstestadapter/v2" className="eDoxa.Stripe.Tests.Models.StripeConnectAccountIdTest" name="Constructor_Tests" />
    </UnitTest>
    <UnitTest name="ListCardsAsync" storage="/tmp/test/edoxa.stripe.tests/bin/debug/netcoreapp2.2/edoxa.stripe.tests.dll" id="33aab8fb-e107-33f7-60b1-5d9c09bbfa6b">
      <Execution id="2cf13e57-f29d-40c9-9ba8-c5d27f1fb667" />
      <TestMethod codeBase="/tmp/test/eDoxa.Stripe.Tests/bin/Debug/netcoreapp2.2/eDoxa.Stripe.Tests.dll" adapterTypeName="executor://mstestadapter/v2" className="eDoxa.Stripe.Tests.Services.StripeServiceTest" name="ListCardsAsync" />
    </UnitTest>
    <UnitTest name="CanConvertFrom_ShouldBeTrue" storage="/tmp/test/edoxa.stripe.tests/bin/debug/netcoreapp2.2/edoxa.stripe.tests.dll" id="0ca62b8e-9695-5202-a45e-ca06881ab9de">
      <Execution id="510f4bad-c6d8-4472-b4f6-b72deed699e4" />
      <TestMethod codeBase="/tmp/test/eDoxa.Stripe.Tests/bin/Debug/netcoreapp2.2/eDoxa.Stripe.Tests.dll" adapterTypeName="executor://mstestadapter/v2" className="eDoxa.Stripe.Tests.Abstractions.StripeIdTest" name="CanConvertFrom_ShouldBeTrue" />
    </UnitTest>
    <UnitTest name="Constructor_Tests" storage="/tmp/test/edoxa.stripe.tests/bin/debug/netcoreapp2.2/edoxa.stripe.tests.dll" id="47ade826-f428-fe25-2d1a-798479b54a48">
      <Execution id="0f019cde-ae2e-4ce8-bf87-9022fb9ce71c" />
      <TestMethod codeBase="/tmp/test/eDoxa.Stripe.Tests/bin/Debug/netcoreapp2.2/eDoxa.Stripe.Tests.dll" adapterTypeName="executor://mstestadapter/v2" className="eDoxa.Stripe.Tests.Exceptions.StripeIdExceptionTest" name="Constructor_Tests" />
    </UnitTest>
    <UnitTest name="Constructor_Tests" storage="/tmp/test/edoxa.stripe.tests/bin/debug/netcoreapp2.2/edoxa.stripe.tests.dll" id="63049b61-f429-5056-821c-0bc2b6567fbd">
      <Execution id="239850b2-4a0f-4a57-a72e-d7367f3731b2" />
      <TestMethod codeBase="/tmp/test/eDoxa.Stripe.Tests/bin/Debug/netcoreapp2.2/eDoxa.Stripe.Tests.dll" adapterTypeName="executor://mstestadapter/v2" className="eDoxa.Stripe.Tests.Models.StripeCardIdTest" name="Constructor_Tests" />
    </UnitTest>
    <UnitTest name="CreateCardAsync" storage="/tmp/test/edoxa.stripe.tests/bin/debug/netcoreapp2.2/edoxa.stripe.tests.dll" id="dfad70e9-7609-5e93-f49e-04a18e5dbb04">
      <Execution id="8b97ad60-dfe3-426b-abe9-800364af9f07" />
      <TestMethod codeBase="/tmp/test/eDoxa.Stripe.Tests/bin/Debug/netcoreapp2.2/eDoxa.Stripe.Tests.dll" adapterTypeName="executor://mstestadapter/v2" className="eDoxa.Stripe.Tests.Services.StripeServiceTest" name="CreateCardAsync" />
    </UnitTest>
    <UnitTest name="CreateCustomerAsync" storage="/tmp/test/edoxa.stripe.tests/bin/debug/netcoreapp2.2/edoxa.stripe.tests.dll" id="7ba32de1-212f-b968-373e-eefd2202f63c">
      <Execution id="6ebf3a66-d42d-4675-9eec-3958ad88ab18" />
      <TestMethod codeBase="/tmp/test/eDoxa.Stripe.Tests/bin/Debug/netcoreapp2.2/eDoxa.Stripe.Tests.dll" adapterTypeName="executor://mstestadapter/v2" className="eDoxa.Stripe.Tests.Services.StripeServiceTest" name="CreateCustomerAsync" />
    </UnitTest>
    <UnitTest name="CanConvertTo_ShouldBeTrue" storage="/tmp/test/edoxa.stripe.tests/bin/debug/netcoreapp2.2/edoxa.stripe.tests.dll" id="c3d53cad-8c7e-307f-0d2f-3b7f2f8a69da">
      <Execution id="d97dc375-0a30-4a1e-a084-57b0904b5058" />
      <TestMethod codeBase="/tmp/test/eDoxa.Stripe.Tests/bin/Debug/netcoreapp2.2/eDoxa.Stripe.Tests.dll" adapterTypeName="executor://mstestadapter/v2" className="eDoxa.Stripe.Tests.Abstractions.StripeIdTest" name="CanConvertTo_ShouldBeTrue" />
    </UnitTest>
    <UnitTest name="ConvertTo_ShouldThrowNotSupportedException" storage="/tmp/test/edoxa.stripe.tests/bin/debug/netcoreapp2.2/edoxa.stripe.tests.dll" id="d10ff11e-7670-206a-c13f-24094e9f68b8">
      <Execution id="613885c2-9404-42c1-ad15-71ccfb3f65e1" />
      <TestMethod codeBase="/tmp/test/eDoxa.Stripe.Tests/bin/Debug/netcoreapp2.2/eDoxa.Stripe.Tests.dll" adapterTypeName="executor://mstestadapter/v2" className="eDoxa.Stripe.Tests.Abstractions.StripeIdTest" name="ConvertTo_ShouldThrowNotSupportedException" />
    </UnitTest>
    <UnitTest name="ConvertTo_ShouldBeOfType" storage="/tmp/test/edoxa.stripe.tests/bin/debug/netcoreapp2.2/edoxa.stripe.tests.dll" id="7ee84041-ae4f-7acb-b33c-2a697d2b907f">
      <Execution id="3c7bf20c-9531-4156-850e-bda8b7dedf97" />
      <TestMethod codeBase="/tmp/test/eDoxa.Stripe.Tests/bin/Debug/netcoreapp2.2/eDoxa.Stripe.Tests.dll" adapterTypeName="executor://mstestadapter/v2" className="eDoxa.Stripe.Tests.Abstractions.StripeIdTest" name="ConvertTo_ShouldBeOfType" />
    </UnitTest>
    <UnitTest name="DeleteCardAsync" storage="/tmp/test/edoxa.stripe.tests/bin/debug/netcoreapp2.2/edoxa.stripe.tests.dll" id="cd181a54-c610-00cf-c0f2-dd48a1949a6a">
      <Execution id="615ea877-b825-4386-a9a8-6e7901822cc1" />
      <TestMethod codeBase="/tmp/test/eDoxa.Stripe.Tests/bin/Debug/netcoreapp2.2/eDoxa.Stripe.Tests.dll" adapterTypeName="executor://mstestadapter/v2" className="eDoxa.Stripe.Tests.Services.StripeServiceTest" name="DeleteCardAsync" />
    </UnitTest>
    <UnitTest name="ConvertFrom_ShouldThrowStripeIdException" storage="/tmp/test/edoxa.stripe.tests/bin/debug/netcoreapp2.2/edoxa.stripe.tests.dll" id="1527e40c-81b7-80d9-6d4b-7339718ab1a5">
      <Execution id="39dd83ec-746e-4867-981f-c8949acd167d" />
      <TestMethod codeBase="/tmp/test/eDoxa.Stripe.Tests/bin/Debug/netcoreapp2.2/eDoxa.Stripe.Tests.dll" adapterTypeName="executor://mstestadapter/v2" className="eDoxa.Stripe.Tests.Abstractions.StripeIdTest" name="ConvertFrom_ShouldThrowStripeIdException" />
    </UnitTest>
  </TestDefinitions>
  <TestEntries>
    <TestEntry testId="709d4ba1-f062-5a65-ecce-efdf71487197" executionId="60b5399f-d0eb-4523-84bc-e289a4a9d7c7" testListId="8c84fa94-04c1-424b-9868-57a2d4851a1d" />
    <TestEntry testId="fc6f85c7-ce08-7eb1-e107-e2266fb52b50" executionId="6efcb437-3802-4e0a-b9e4-dde1b6d37370" testListId="8c84fa94-04c1-424b-9868-57a2d4851a1d" />
    <TestEntry testId="31da8206-9896-9519-00d6-dea575832cae" executionId="cde0a522-2170-427d-9ebf-1e07a975b5a4" testListId="8c84fa94-04c1-424b-9868-57a2d4851a1d" />
    <TestEntry testId="63049b61-f429-5056-821c-0bc2b6567fbd" executionId="239850b2-4a0f-4a57-a72e-d7367f3731b2" testListId="8c84fa94-04c1-424b-9868-57a2d4851a1d" />
    <TestEntry testId="caded88b-f755-e0e0-b4e7-69b04125d44e" executionId="619e8e3c-9666-4ded-8b12-2bd7f686c722" testListId="8c84fa94-04c1-424b-9868-57a2d4851a1d" />
    <TestEntry testId="7ee84041-ae4f-7acb-b33c-2a697d2b907f" executionId="3c7bf20c-9531-4156-850e-bda8b7dedf97" testListId="8c84fa94-04c1-424b-9868-57a2d4851a1d" />
    <TestEntry testId="e168dc5d-6cd4-d908-f637-2833f3a2d0ad" executionId="9285a32f-539c-414e-8bc1-93d9c73519f4" testListId="8c84fa94-04c1-424b-9868-57a2d4851a1d" />
    <TestEntry testId="0c518780-cb2c-42f0-5623-0c4d64800b4f" executionId="29195e62-9c61-4c8a-a07b-d85357743256" testListId="8c84fa94-04c1-424b-9868-57a2d4851a1d" />
    <TestEntry testId="47ade826-f428-fe25-2d1a-798479b54a48" executionId="0f019cde-ae2e-4ce8-bf87-9022fb9ce71c" testListId="8c84fa94-04c1-424b-9868-57a2d4851a1d" />
    <TestEntry testId="0ca62b8e-9695-5202-a45e-ca06881ab9de" executionId="510f4bad-c6d8-4472-b4f6-b72deed699e4" testListId="8c84fa94-04c1-424b-9868-57a2d4851a1d" />
    <TestEntry testId="bd5b1ff2-3942-4dc4-7740-d10a62d7fa8a" executionId="f3560bae-2988-4657-b9a5-014d55f1ed64" testListId="8c84fa94-04c1-424b-9868-57a2d4851a1d" />
    <TestEntry testId="c3d53cad-8c7e-307f-0d2f-3b7f2f8a69da" executionId="d97dc375-0a30-4a1e-a084-57b0904b5058" testListId="8c84fa94-04c1-424b-9868-57a2d4851a1d" />
    <TestEntry testId="c7334fa3-aad8-6f73-955e-0be9bc06e819" executionId="f44630d8-93d2-49de-9003-8b0f4ed58a80" testListId="8c84fa94-04c1-424b-9868-57a2d4851a1d" />
    <TestEntry testId="846c0325-fd87-2535-7086-fdb2d04b0f17" executionId="42cada88-ee9c-4b4e-afe3-e8918a769781" testListId="8c84fa94-04c1-424b-9868-57a2d4851a1d" />
    <TestEntry testId="cd181a54-c610-00cf-c0f2-dd48a1949a6a" executionId="615ea877-b825-4386-a9a8-6e7901822cc1" testListId="8c84fa94-04c1-424b-9868-57a2d4851a1d" />
    <TestEntry testId="7ba32de1-212f-b968-373e-eefd2202f63c" executionId="6ebf3a66-d42d-4675-9eec-3958ad88ab18" testListId="8c84fa94-04c1-424b-9868-57a2d4851a1d" />
    <TestEntry testId="2aa169e8-ac37-a6e1-4b65-6ba6e523193d" executionId="73a6c782-31e6-4d42-a6be-1e4ac23be35d" testListId="8c84fa94-04c1-424b-9868-57a2d4851a1d" />
    <TestEntry testId="dfad70e9-7609-5e93-f49e-04a18e5dbb04" executionId="8b97ad60-dfe3-426b-abe9-800364af9f07" testListId="8c84fa94-04c1-424b-9868-57a2d4851a1d" />
    <TestEntry testId="10886dcc-7b0b-53ad-81f6-d56b8d08c601" executionId="6e2efca5-063e-409b-8100-4c171be7b805" testListId="8c84fa94-04c1-424b-9868-57a2d4851a1d" />
    <TestEntry testId="db0bd742-1b93-9719-7236-313842e1aca0" executionId="fc8d55d0-ff40-4c3b-884d-11bbd5ccbbd8" testListId="8c84fa94-04c1-424b-9868-57a2d4851a1d" />
    <TestEntry testId="d10ff11e-7670-206a-c13f-24094e9f68b8" executionId="613885c2-9404-42c1-ad15-71ccfb3f65e1" testListId="8c84fa94-04c1-424b-9868-57a2d4851a1d" />
    <TestEntry testId="33aab8fb-e107-33f7-60b1-5d9c09bbfa6b" executionId="2cf13e57-f29d-40c9-9ba8-c5d27f1fb667" testListId="8c84fa94-04c1-424b-9868-57a2d4851a1d" />
    <TestEntry testId="b52f4547-1051-0bb7-e315-f63fba16ed2d" executionId="74444a41-c96e-43a8-96df-db05c2edaf92" testListId="8c84fa94-04c1-424b-9868-57a2d4851a1d" />
    <TestEntry testId="1527e40c-81b7-80d9-6d4b-7339718ab1a5" executionId="39dd83ec-746e-4867-981f-c8949acd167d" testListId="8c84fa94-04c1-424b-9868-57a2d4851a1d" />
    <TestEntry testId="07b7ba6d-3c7e-7a5d-59ec-6e3560e627bc" executionId="fa3fb070-06be-4caa-86df-871618e761bc" testListId="8c84fa94-04c1-424b-9868-57a2d4851a1d" />
  </TestEntries>
  <TestLists>
    <TestList name="Results Not in a List" id="8c84fa94-04c1-424b-9868-57a2d4851a1d" />
    <TestList name="All Loaded Results" id="19431567-8539-422a-85d7-44ee4e166bda" />
  </TestLists>
  <ResultSummary outcome="Completed">
    <Counters total="49" executed="49" passed="49" failed="0" error="0" timeout="0" aborted="0" inconclusive="0" passedButRunAborted="0" notRunnable="0" notExecuted="0" disconnected="0" warning="0" completed="0" inProgress="0" pending="0" />
  </ResultSummary>
</TestRun>