<?xml version="1.0" encoding="utf-8"?>
<TestRun id="d3cb5880-cd5b-4feb-8904-56864974de32" name="@9fcac87c26c6 2019-06-07 20:50:39" xmlns="http://microsoft.com/schemas/VisualStudio/TeamTest/2010">
  <Times creation="2019-06-07T20:50:39.2818933+00:00" queuing="2019-06-07T20:50:39.2818952+00:00" start="2019-06-07T20:50:32.1916700+00:00" finish="2019-06-07T20:50:45.1543475+00:00" />
  <TestSettings name="default" id="8b31914a-8c88-4122-9863-7077a742353d">
    <Deployment runDeploymentRoot="_9fcac87c26c6_2019-06-07_20_50_39" />
  </TestSettings>
  <Results>
    <UnitTestResult executionId="8302a0ec-a3aa-4205-a7a2-31e3deb2c023" testId="67c296c3-4bef-b835-3622-3b6c9d63af9c" testName="Validate_NullEntityId_ShouldBeFalse" computerName="9fcac87c26c6" duration="00:00:00.0856137" startTime="2019-06-07T20:50:38.1531738+00:00" endTime="2019-06-07T20:50:38.2392017+00:00" testType="13cdc9d9-ddb5-4fa4-a97d-d965ccfc6d4b" outcome="Passed" testListId="8c84fa94-04c1-424b-9868-57a2d4851a1d" relativeResultsDirectory="8302a0ec-a3aa-4205-a7a2-31e3deb2c023" />
    <UnitTestResult executionId="828ec3e1-5ab9-4b41-bcb4-ce7013dbc356" testId="a9e2e408-bae2-618b-124f-b26aa545d8dd" testName="GetHashCode_SameEntityId_ShouldBeEquals" computerName="9fcac87c26c6" duration="00:00:00.0068996" startTime="2019-06-07T20:50:43.0810153+00:00" endTime="2019-06-07T20:50:43.0881007+00:00" testType="13cdc9d9-ddb5-4fa4-a97d-d965ccfc6d4b" outcome="Passed" testListId="8c84fa94-04c1-424b-9868-57a2d4851a1d" relativeResultsDirectory="828ec3e1-5ab9-4b41-bcb4-ce7013dbc356" />
    <UnitTestResult executionId="8540b3dd-84ea-4578-99e6-4712a9ebe53e" testId="3ad6f886-28fe-bf3a-1848-a4136233c467" testName="Equals_NullReference_ShouldBeFalse" computerName="9fcac87c26c6" duration="00:00:00.0004008" startTime="2019-06-07T20:50:44.4013029+00:00" endTime="2019-06-07T20:50:44.4019317+00:00" testType="13cdc9d9-ddb5-4fa4-a97d-d965ccfc6d4b" outcome="Passed" testListId="8c84fa94-04c1-424b-9868-57a2d4851a1d" relativeResultsDirectory="8540b3dd-84ea-4578-99e6-4712a9ebe53e" />
    <UnitTestResult executionId="229b935e-b4c2-41c8-a41c-41c9555a93b2" testId="73117c6e-8b2c-c832-c734-304fc8a89221" testName="Validate_Enumeration_ShouldBeTrue" computerName="9fcac87c26c6" duration="00:00:00.0512619" startTime="2019-06-07T20:50:38.2424008+00:00" endTime="2019-06-07T20:50:38.2942150+00:00" testType="13cdc9d9-ddb5-4fa4-a97d-d965ccfc6d4b" outcome="Passed" testListId="8c84fa94-04c1-424b-9868-57a2d4851a1d" relativeResultsDirectory="229b935e-b4c2-41c8-a41c-41c9555a93b2" />
    <UnitTestResult executionId="7b9573ff-9a1a-44fe-a76c-977ed4ffe5cf" testId="b980b9e6-6ce9-5a30-81d5-b47a8990e59e" testName="IsSatisfiedBy_Entity_ShouldBeTrue" computerName="9fcac87c26c6" duration="00:00:00.0078616" startTime="2019-06-07T20:50:38.2999330+00:00" endTime="2019-06-07T20:50:38.3083015+00:00" testType="13cdc9d9-ddb5-4fa4-a97d-d965ccfc6d4b" outcome="Passed" testListId="8c84fa94-04c1-424b-9868-57a2d4851a1d" relativeResultsDirectory="7b9573ff-9a1a-44fe-a76c-977ed4ffe5cf" />
    <UnitTestResult executionId="af3f9363-08d4-47a2-9ffd-a34bf384693f" testId="760d16f0-3712-6af0-b503-1f744726d1ad" testName="Equals_SameType_ShouldBeFalse" computerName="9fcac87c26c6" duration="00:00:00.0003568" startTime="2019-06-07T20:50:42.4524711+00:00" endTime="2019-06-07T20:50:42.4531194+00:00" testType="13cdc9d9-ddb5-4fa4-a97d-d965ccfc6d4b" outcome="Passed" testListId="8c84fa94-04c1-424b-9868-57a2d4851a1d" relativeResultsDirectory="af3f9363-08d4-47a2-9ffd-a34bf384693f" />
    <UnitTestResult executionId="965edb86-3b32-48e2-9557-f18020d1a5be" testId="9967a171-7562-b510-c31e-d5bd97193bb0" testName="GetOrAdd_KeyExist_ShouldBeConcurrentSignature" computerName="9fcac87c26c6" duration="00:00:00.0027760" startTime="2019-06-07T20:50:38.6699563+00:00" endTime="2019-06-07T20:50:38.6730010+00:00" testType="13cdc9d9-ddb5-4fa4-a97d-d965ccfc6d4b" outcome="Passed" testListId="8c84fa94-04c1-424b-9868-57a2d4851a1d" relativeResultsDirectory="965edb86-3b32-48e2-9557-f18020d1a5be" />
    <UnitTestResult executionId="b53cadb3-0188-40fa-a8cd-2d1098c79054" testId="2b3e9b57-0276-d64a-418a-ae95199c7696" testName="Equals_DifferentType_ShouldBeFalse" computerName="9fcac87c26c6" duration="00:00:00.0003089" startTime="2019-06-07T20:50:44.4987518+00:00" endTime="2019-06-07T20:50:44.4991815+00:00" testType="13cdc9d9-ddb5-4fa4-a97d-d965ccfc6d4b" outcome="Passed" testListId="8c84fa94-04c1-424b-9868-57a2d4851a1d" relativeResultsDirectory="b53cadb3-0188-40fa-a8cd-2d1098c79054" />
    <UnitTestResult executionId="2ed275c3-ac18-4a80-bc31-da3a7ac0b8e3" testId="ffd2a497-78ee-962b-d394-d8f4b96daa01" testName="GetOrAdd_KeyNotExist_ShouldBeSameSignature" computerName="9fcac87c26c6" duration="00:00:00.0027455" startTime="2019-06-07T20:50:38.6601250+00:00" endTime="2019-06-07T20:50:38.6630426+00:00" testType="13cdc9d9-ddb5-4fa4-a97d-d965ccfc6d4b" outcome="Passed" testListId="8c84fa94-04c1-424b-9868-57a2d4851a1d" relativeResultsDirectory="2ed275c3-ac18-4a80-bc31-da3a7ac0b8e3" />
    <UnitTestResult executionId="79acc94e-20f0-400e-ba75-da809edf636d" testId="2a116965-d3fb-0ec1-4bf9-614a28e3acc7" testName="HasEnumeration_ValidEnumeration_ShouldBeTrue" computerName="9fcac87c26c6" duration="00:00:00.0006713" startTime="2019-06-07T20:50:44.4290440+00:00" endTime="2019-06-07T20:50:44.4299652+00:00" testType="13cdc9d9-ddb5-4fa4-a97d-d965ccfc6d4b" outcome="Passed" testListId="8c84fa94-04c1-424b-9868-57a2d4851a1d" relativeResultsDirectory="79acc94e-20f0-400e-ba75-da809edf636d" />
    <UnitTestResult executionId="5a5edc6a-fc01-4064-aa77-c66f5640bfc3" testId="ff000618-59c7-b4ca-fe2b-cfbf6968ec6f" testName="Id_NullReference_ShouldThrowArgumentNullException" computerName="9fcac87c26c6" duration="00:00:00.0624445" startTime="2019-06-07T20:50:42.9833094+00:00" endTime="2019-06-07T20:50:43.0462271+00:00" testType="13cdc9d9-ddb5-4fa4-a97d-d965ccfc6d4b" outcome="Passed" testListId="8c84fa94-04c1-424b-9868-57a2d4851a1d" relativeResultsDirectory="5a5edc6a-fc01-4064-aa77-c66f5640bfc3" />
    <UnitTestResult executionId="a9b383cf-5a6d-4081-9d8a-4038e0945e24" testId="a6c2a200-b8b5-8fd3-d1c3-26fb00143e27" testName="ConvertFrom_NullReference_ShouldBeValue" computerName="9fcac87c26c6" duration="00:00:00.0002904" startTime="2019-06-07T20:50:42.5507129+00:00" endTime="2019-06-07T20:50:42.5511804+00:00" testType="13cdc9d9-ddb5-4fa4-a97d-d965ccfc6d4b" outcome="Passed" testListId="8c84fa94-04c1-424b-9868-57a2d4851a1d" relativeResultsDirectory="a9b383cf-5a6d-4081-9d8a-4038e0945e24" />
    <UnitTestResult executionId="3377906a-d424-4797-85ab-5a0c5972feb6" testId="1f6a0183-9891-83af-d420-6c5d5fd0accf" testName="Or_IsSatisfiedByEntity_ShouldBeTrue" computerName="9fcac87c26c6" duration="00:00:00.0028652" startTime="2019-06-07T20:50:38.6296601+00:00" endTime="2019-06-07T20:50:38.6328334+00:00" testType="13cdc9d9-ddb5-4fa4-a97d-d965ccfc6d4b" outcome="Passed" testListId="8c84fa94-04c1-424b-9868-57a2d4851a1d" relativeResultsDirectory="3377906a-d424-4797-85ab-5a0c5972feb6" />
    <UnitTestResult executionId="4ffdae53-b12a-4c88-81a5-feb67ab0e451" testId="68f17b2a-6d61-ccba-602d-5621d790ee99" testName="HasFilter_ValidEnumeration_ShouldBeTrue" computerName="9fcac87c26c6" duration="00:00:00.0008097" startTime="2019-06-07T20:50:44.4333839+00:00" endTime="2019-06-07T20:50:44.4343901+00:00" testType="13cdc9d9-ddb5-4fa4-a97d-d965ccfc6d4b" outcome="Passed" testListId="8c84fa94-04c1-424b-9868-57a2d4851a1d" relativeResultsDirectory="4ffdae53-b12a-4c88-81a5-feb67ab0e451" />
    <UnitTestResult executionId="1d1fdf39-989e-4a5a-a976-e8aa58ab239d" testId="0764c15b-f234-aed4-c1cf-1d57f9944eef" testName="Equals_SameEntityId_ShouldBeTrue" computerName="9fcac87c26c6" duration="00:00:00.0004218" startTime="2019-06-07T20:50:43.0512472+00:00" endTime="2019-06-07T20:50:43.0518588+00:00" testType="13cdc9d9-ddb5-4fa4-a97d-d965ccfc6d4b" outcome="Passed" testListId="8c84fa94-04c1-424b-9868-57a2d4851a1d" relativeResultsDirectory="1d1fdf39-989e-4a5a-a976-e8aa58ab239d" />
    <UnitTestResult executionId="cd6ca98c-f6bc-4435-b346-b6437511d970" testId="7f7117ba-97f8-b7d0-615a-61d323404eb4" testName="ConvertTo_String_ShouldBeValue" computerName="9fcac87c26c6" duration="00:00:00.0385594" startTime="2019-06-07T20:50:42.9409174+00:00" endTime="2019-06-07T20:50:42.9797154+00:00" testType="13cdc9d9-ddb5-4fa4-a97d-d965ccfc6d4b" outcome="Passed" testListId="8c84fa94-04c1-424b-9868-57a2d4851a1d" relativeResultsDirectory="cd6ca98c-f6bc-4435-b346-b6437511d970" />
    <UnitTestResult executionId="b865cf70-1212-4677-82ae-57e690021fc2" testId="f38074b8-e629-600b-d13e-7003f5880ec9" testName="ConvertFrom_InvalidType_ShouldThrowNotSupportedException" computerName="9fcac87c26c6" duration="00:00:00.0018533" startTime="2019-06-07T20:50:44.4501315+00:00" endTime="2019-06-07T20:50:44.4522858+00:00" testType="13cdc9d9-ddb5-4fa4-a97d-d965ccfc6d4b" outcome="Passed" testListId="8c84fa94-04c1-424b-9868-57a2d4851a1d" relativeResultsDirectory="b865cf70-1212-4677-82ae-57e690021fc2" resultType="DataDrivenTest">
      <InnerResults>
        <UnitTestResult executionId="9c5ec0a9-fbd3-419f-b9da-ac3b254fdbd5" parentExecutionId="b865cf70-1212-4677-82ae-57e690021fc2" testId="f38074b8-e629-600b-d13e-7003f5880ec9" testName="ConvertFrom_InvalidType_ShouldThrowNotSupportedException (System.Double)" computerName="9fcac87c26c6" duration="00:00:00.0010789" startTime="2019-06-07T20:50:44.4501315+00:00" endTime="2019-06-07T20:50:44.4522858+00:00" testType="13cdc9d9-ddb5-4fa4-a97d-d965ccfc6d4b" outcome="Passed" testListId="8c84fa94-04c1-424b-9868-57a2d4851a1d" relativeResultsDirectory="9c5ec0a9-fbd3-419f-b9da-ac3b254fdbd5" dataRowInfo="1" resultType="DataDrivenDataRow" />
        <UnitTestResult executionId="749e5d4a-d019-47c8-8f04-ff28e1069b1c" parentExecutionId="b865cf70-1212-4677-82ae-57e690021fc2" testId="f38074b8-e629-600b-d13e-7003f5880ec9" testName="ConvertFrom_InvalidType_ShouldThrowNotSupportedException (System.Decimal)" computerName="9fcac87c26c6" duration="00:00:00.0002182" startTime="2019-06-07T20:50:44.4501315+00:00" endTime="2019-06-07T20:50:44.4522858+00:00" testType="13cdc9d9-ddb5-4fa4-a97d-d965ccfc6d4b" outcome="Passed" testListId="8c84fa94-04c1-424b-9868-57a2d4851a1d" relativeResultsDirectory="749e5d4a-d019-47c8-8f04-ff28e1069b1c" dataRowInfo="2" resultType="DataDrivenDataRow" />
        <UnitTestResult executionId="ec1d0e91-4040-4d59-afab-734d29b4e372" parentExecutionId="b865cf70-1212-4677-82ae-57e690021fc2" testId="f38074b8-e629-600b-d13e-7003f5880ec9" testName="ConvertFrom_InvalidType_ShouldThrowNotSupportedException (System.Int64)" computerName="9fcac87c26c6" duration="00:00:00.0003349" startTime="2019-06-07T20:50:44.4501315+00:00" endTime="2019-06-07T20:50:44.4522858+00:00" testType="13cdc9d9-ddb5-4fa4-a97d-d965ccfc6d4b" outcome="Passed" testListId="8c84fa94-04c1-424b-9868-57a2d4851a1d" relativeResultsDirectory="ec1d0e91-4040-4d59-afab-734d29b4e372" dataRowInfo="3" resultType="DataDrivenDataRow" />
      </InnerResults>
    </UnitTestResult>
    <UnitTestResult executionId="02c0d905-1cf3-4351-a4b4-3ce26dfd9588" testId="96c5b1e1-d1d8-ab20-0bb4-08711a7fd9ee" testName="HasFilter_NoneEnumeration_ShouldBeFalse" computerName="9fcac87c26c6" duration="00:00:00.0003108" startTime="2019-06-07T20:50:44.4355092+00:00" endTime="2019-06-07T20:50:44.4360111+00:00" testType="13cdc9d9-ddb5-4fa4-a97d-d965ccfc6d4b" outcome="Passed" testListId="8c84fa94-04c1-424b-9868-57a2d4851a1d" relativeResultsDirectory="02c0d905-1cf3-4351-a4b4-3ce26dfd9588" />
    <UnitTestResult executionId="2e1082b6-1c00-46c4-8f9f-1794d5b3349e" testId="2e128c55-01da-7f2e-879c-191037f0f55c" testName="Count_NotEmptyCache_ShouldNotBeZero" computerName="9fcac87c26c6" duration="00:00:00.0136212" startTime="2019-06-07T20:50:38.6355044+00:00" endTime="2019-06-07T20:50:38.6513623+00:00" testType="13cdc9d9-ddb5-4fa4-a97d-d965ccfc6d4b" outcome="Passed" testListId="8c84fa94-04c1-424b-9868-57a2d4851a1d" relativeResultsDirectory="2e1082b6-1c00-46c4-8f9f-1794d5b3349e" />
    <UnitTestResult executionId="a8904009-b0aa-4b5c-bb1d-6ed6aa412972" testId="53aa9f3a-49f4-c05b-a2dd-e7814778641f" testName="IsTransient_NotEmptyGuid_ShouldBeFalse" computerName="9fcac87c26c6" duration="00:00:00.0003470" startTime="2019-06-07T20:50:42.4531516+00:00" endTime="2019-06-07T20:50:42.4536974+00:00" testType="13cdc9d9-ddb5-4fa4-a97d-d965ccfc6d4b" outcome="Passed" testListId="8c84fa94-04c1-424b-9868-57a2d4851a1d" relativeResultsDirectory="a8904009-b0aa-4b5c-bb1d-6ed6aa412972" />
    <UnitTestResult executionId="f2785ff0-4b0f-476a-88fb-c2d5ba088a2d" testId="b3b6b3ac-ee15-8bc3-6bb4-026991dd3bcc" testName="OperatorNotEquals_SameEntityId_ShouldBeFalse" computerName="9fcac87c26c6" duration="00:00:00.0004864" startTime="2019-06-07T20:50:43.0505567+00:00" endTime="2019-06-07T20:50:43.0512183+00:00" testType="13cdc9d9-ddb5-4fa4-a97d-d965ccfc6d4b" outcome="Passed" testListId="8c84fa94-04c1-424b-9868-57a2d4851a1d" relativeResultsDirectory="f2785ff0-4b0f-476a-88fb-c2d5ba088a2d" />
    <UnitTestResult executionId="7d6deae8-90d1-4e3c-8753-44d5c7406024" testId="790cbff9-8baf-3873-f4a6-2a0013b3ede2" testName="OperatorEquals_DifferentEntityId_ShouldBeFalse" computerName="9fcac87c26c6" duration="00:00:00.0005194" startTime="2019-06-07T20:50:43.0489072+00:00" endTime="2019-06-07T20:50:43.0496252+00:00" testType="13cdc9d9-ddb5-4fa4-a97d-d965ccfc6d4b" outcome="Passed" testListId="8c84fa94-04c1-424b-9868-57a2d4851a1d" relativeResultsDirectory="7d6deae8-90d1-4e3c-8753-44d5c7406024" />
    <UnitTestResult executionId="c16aad2f-2a7e-40bd-a129-de52b3547c4b" testId="de75014c-170e-930f-bf36-fde3da0904ae" testName="ClearDomainEvents_EmptyList_ShouldBeEmpty" computerName="9fcac87c26c6" duration="00:00:00.0004878" startTime="2019-06-07T20:50:43.1203550+00:00" endTime="2019-06-07T20:50:43.1209602+00:00" testType="13cdc9d9-ddb5-4fa4-a97d-d965ccfc6d4b" outcome="Passed" testListId="8c84fa94-04c1-424b-9868-57a2d4851a1d" relativeResultsDirectory="c16aad2f-2a7e-40bd-a129-de52b3547c4b" />
    <UnitTestResult executionId="498a15c5-8aba-416f-8e36-8425c3227fe2" testId="d1a276e6-a20b-709b-2305-359fca2b6080" testName="Not_IsNotSatisfiedByEntity_ShouldBeFalse" computerName="9fcac87c26c6" duration="00:00:00.0140907" startTime="2019-06-07T20:50:38.3083415+00:00" endTime="2019-06-07T20:50:38.3227377+00:00" testType="13cdc9d9-ddb5-4fa4-a97d-d965ccfc6d4b" outcome="Passed" testListId="8c84fa94-04c1-424b-9868-57a2d4851a1d" relativeResultsDirectory="498a15c5-8aba-416f-8e36-8425c3227fe2" />
    <UnitTestResult executionId="f9d74743-4443-41be-ae1f-f8dbf8d911d6" testId="e11a7247-7259-4ad0-0278-79844c8a4ed9" testName="Public_Constructor_ShouldBeNone" computerName="9fcac87c26c6" duration="00:00:00.0006728" startTime="2019-06-07T20:50:44.3984687+00:00" endTime="2019-06-07T20:50:44.3994782+00:00" testType="13cdc9d9-ddb5-4fa4-a97d-d965ccfc6d4b" outcome="Passed" testListId="8c84fa94-04c1-424b-9868-57a2d4851a1d" relativeResultsDirectory="f9d74743-4443-41be-ae1f-f8dbf8d911d6" />
    <UnitTestResult executionId="3af65f20-5ca0-4875-84bd-034e7a395aed" testId="a1775083-27d7-98b2-cfa7-d1a24f4e12e8" testName="Equals_DifferentEntityId_ShouldBeFalse" computerName="9fcac87c26c6" duration="00:00:00.0004881" startTime="2019-06-07T20:50:43.0519237+00:00" endTime="2019-06-07T20:50:43.0526070+00:00" testType="13cdc9d9-ddb5-4fa4-a97d-d965ccfc6d4b" outcome="Passed" testListId="8c84fa94-04c1-424b-9868-57a2d4851a1d" relativeResultsDirectory="3af65f20-5ca0-4875-84bd-034e7a395aed" />
    <UnitTestResult executionId="b0065c12-871c-47ba-9687-c8a5e9424680" testId="1b5b436a-d37f-bc8a-f1bc-1dae6e928ea4" testName="CanConvertFrom_ValidType_ShouldBeFalse" computerName="9fcac87c26c6" duration="00:00:00.0017045" startTime="2019-06-07T20:50:44.4523416+00:00" endTime="2019-06-07T20:50:44.4543145+00:00" testType="13cdc9d9-ddb5-4fa4-a97d-d965ccfc6d4b" outcome="Passed" testListId="8c84fa94-04c1-424b-9868-57a2d4851a1d" relativeResultsDirectory="b0065c12-871c-47ba-9687-c8a5e9424680" resultType="DataDrivenTest">
      <InnerResults>
        <UnitTestResult executionId="a21bb3c8-4e96-43e6-a0fa-5ea921d9727e" parentExecutionId="b0065c12-871c-47ba-9687-c8a5e9424680" testId="1b5b436a-d37f-bc8a-f1bc-1dae6e928ea4" testName="CanConvertFrom_ValidType_ShouldBeFalse (System.Double)" computerName="9fcac87c26c6" duration="00:00:00.0008181" startTime="2019-06-07T20:50:44.4523416+00:00" endTime="2019-06-07T20:50:44.4543145+00:00" testType="13cdc9d9-ddb5-4fa4-a97d-d965ccfc6d4b" outcome="Passed" testListId="8c84fa94-04c1-424b-9868-57a2d4851a1d" relativeResultsDirectory="a21bb3c8-4e96-43e6-a0fa-5ea921d9727e" dataRowInfo="1" resultType="DataDrivenDataRow" />
        <UnitTestResult executionId="555fa22a-11a5-4d9c-ad12-705b9166edf1" parentExecutionId="b0065c12-871c-47ba-9687-c8a5e9424680" testId="1b5b436a-d37f-bc8a-f1bc-1dae6e928ea4" testName="CanConvertFrom_ValidType_ShouldBeFalse (System.Decimal)" computerName="9fcac87c26c6" duration="00:00:00.0000270" startTime="2019-06-07T20:50:44.4523416+00:00" endTime="2019-06-07T20:50:44.4543145+00:00" testType="13cdc9d9-ddb5-4fa4-a97d-d965ccfc6d4b" outcome="Passed" testListId="8c84fa94-04c1-424b-9868-57a2d4851a1d" relativeResultsDirectory="555fa22a-11a5-4d9c-ad12-705b9166edf1" dataRowInfo="2" resultType="DataDrivenDataRow" />
        <UnitTestResult executionId="812030c8-331e-49e9-9b06-f2cfc34ab2df" parentExecutionId="b0065c12-871c-47ba-9687-c8a5e9424680" testId="1b5b436a-d37f-bc8a-f1bc-1dae6e928ea4" testName="CanConvertFrom_ValidType_ShouldBeFalse (System.Int64)" computerName="9fcac87c26c6" duration="00:00:00.0000230" startTime="2019-06-07T20:50:44.4523416+00:00" endTime="2019-06-07T20:50:44.4543145+00:00" testType="13cdc9d9-ddb5-4fa4-a97d-d965ccfc6d4b" outcome="Passed" testListId="8c84fa94-04c1-424b-9868-57a2d4851a1d" relativeResultsDirectory="812030c8-331e-49e9-9b06-f2cfc34ab2df" dataRowInfo="3" resultType="DataDrivenDataRow" />
      </InnerResults>
    </UnitTestResult>
    <UnitTestResult executionId="83d8643b-039d-4f60-9f49-66c3a4c84bb5" testId="535d6e02-85ba-5b56-475a-6da5ce5bf687" testName="Equals_DifferentType_ShouldBeFalse" computerName="9fcac87c26c6" duration="00:00:00.0004781" startTime="2019-06-07T20:50:38.6984048+00:00" endTime="2019-06-07T20:50:38.6991053+00:00" testType="13cdc9d9-ddb5-4fa4-a97d-d965ccfc6d4b" outcome="Passed" testListId="8c84fa94-04c1-424b-9868-57a2d4851a1d" relativeResultsDirectory="83d8643b-039d-4f60-9f49-66c3a4c84bb5" />
    <UnitTestResult executionId="c7426123-08ec-41f5-bbe9-5ca19056464b" testId="652d6d21-7802-20ba-542f-669cd49884cb" testName="FromValue_ValidValue_ShouldBeNone" computerName="9fcac87c26c6" duration="00:00:00.0226847" startTime="2019-06-07T20:50:44.4019710+00:00" endTime="2019-06-07T20:50:44.4249210+00:00" testType="13cdc9d9-ddb5-4fa4-a97d-d965ccfc6d4b" outcome="Passed" testListId="8c84fa94-04c1-424b-9868-57a2d4851a1d" relativeResultsDirectory="c7426123-08ec-41f5-bbe9-5ca19056464b" />
    <UnitTestResult executionId="4861304b-5637-4075-953a-f00963c7dc33" testId="ec555f25-aafc-f6dc-c2b8-0ca578b2e3ef" testName="HasEnumeration_AllEnumeration_ShouldBeFalse" computerName="9fcac87c26c6" duration="00:00:00.0003608" startTime="2019-06-07T20:50:44.4327494+00:00" endTime="2019-06-07T20:50:44.4333466+00:00" testType="13cdc9d9-ddb5-4fa4-a97d-d965ccfc6d4b" outcome="Passed" testListId="8c84fa94-04c1-424b-9868-57a2d4851a1d" relativeResultsDirectory="4861304b-5637-4075-953a-f00963c7dc33" />
    <UnitTestResult executionId="1b44d4b4-4a2c-47eb-828c-aafac4d3976b" testId="9387f930-e629-a68e-11a1-e782dacafba2" testName="Type_NotNullType_ShouldBeType" computerName="9fcac87c26c6" duration="00:00:00.0032538" startTime="2019-06-07T20:50:38.6730344+00:00" endTime="2019-06-07T20:50:38.6767982+00:00" testType="13cdc9d9-ddb5-4fa4-a97d-d965ccfc6d4b" outcome="Passed" testListId="8c84fa94-04c1-424b-9868-57a2d4851a1d" relativeResultsDirectory="1b44d4b4-4a2c-47eb-828c-aafac4d3976b" />
    <UnitTestResult executionId="bd217b6d-af65-41a0-9b57-929b3f0b3b27" testId="9aece308-56d1-4b70-d9f5-5992cc5431c6" testName="ConvertFrom_InvalidType_ShouldThrowNotSupportedException" computerName="9fcac87c26c6" duration="00:00:00.2055775" startTime="2019-06-07T20:50:42.5512026+00:00" endTime="2019-06-07T20:50:42.7597803+00:00" testType="13cdc9d9-ddb5-4fa4-a97d-d965ccfc6d4b" outcome="Passed" testListId="8c84fa94-04c1-424b-9868-57a2d4851a1d" relativeResultsDirectory="bd217b6d-af65-41a0-9b57-929b3f0b3b27" resultType="DataDrivenTest">
      <InnerResults>
        <UnitTestResult executionId="433c1bf3-51d6-45a5-912f-0eab42640024" parentExecutionId="bd217b6d-af65-41a0-9b57-929b3f0b3b27" testId="9aece308-56d1-4b70-d9f5-5992cc5431c6" testName="ConvertFrom_InvalidType_ShouldThrowNotSupportedException (System.Int32)" computerName="9fcac87c26c6" duration="00:00:00.1180222" startTime="2019-06-07T20:50:42.5512026+00:00" endTime="2019-06-07T20:50:42.7597803+00:00" testType="13cdc9d9-ddb5-4fa4-a97d-d965ccfc6d4b" outcome="Passed" testListId="8c84fa94-04c1-424b-9868-57a2d4851a1d" relativeResultsDirectory="433c1bf3-51d6-45a5-912f-0eab42640024" dataRowInfo="1" resultType="DataDrivenDataRow" />
        <UnitTestResult executionId="934c0d4d-c345-45fb-a52d-3b8410df866b" parentExecutionId="bd217b6d-af65-41a0-9b57-929b3f0b3b27" testId="9aece308-56d1-4b70-d9f5-5992cc5431c6" testName="ConvertFrom_InvalidType_ShouldThrowNotSupportedException (System.Int64)" computerName="9fcac87c26c6" duration="00:00:00.0003741" startTime="2019-06-07T20:50:42.5512026+00:00" endTime="2019-06-07T20:50:42.7597803+00:00" testType="13cdc9d9-ddb5-4fa4-a97d-d965ccfc6d4b" outcome="Passed" testListId="8c84fa94-04c1-424b-9868-57a2d4851a1d" relativeResultsDirectory="934c0d4d-c345-45fb-a52d-3b8410df866b" dataRowInfo="2" resultType="DataDrivenDataRow" />
      </InnerResults>
    </UnitTestResult>
    <UnitTestResult executionId="93363533-fe72-4b08-9546-a2c479ffda61" testId="581386fc-68f1-b68b-a71c-45627500c1b2" testName="GetHashCode_DifferentProperty_ShouldNotBeEquals" computerName="9fcac87c26c6" duration="00:00:00.0005073" startTime="2019-06-07T20:50:44.4996562+00:00" endTime="2019-06-07T20:50:44.5003087+00:00" testType="13cdc9d9-ddb5-4fa4-a97d-d965ccfc6d4b" outcome="Passed" testListId="8c84fa94-04c1-424b-9868-57a2d4851a1d" relativeResultsDirectory="93363533-fe72-4b08-9546-a2c479ffda61" />
    <UnitTestResult executionId="a3f6ed0d-9477-4d50-9926-3ece6c30a84d" testId="240b2808-ff4e-1810-73a7-ff2d533e3994" testName="Value_InvalidGuid_ShouldBeValue" computerName="9fcac87c26c6" duration="00:00:00.0441267" startTime="2019-06-07T20:50:42.4080128+00:00" endTime="2019-06-07T20:50:42.4524100+00:00" testType="13cdc9d9-ddb5-4fa4-a97d-d965ccfc6d4b" outcome="Passed" testListId="8c84fa94-04c1-424b-9868-57a2d4851a1d" relativeResultsDirectory="a3f6ed0d-9477-4d50-9926-3ece6c30a84d" />
    <UnitTestResult executionId="f15a17d2-cdcc-4fba-a191-eebe7b9fe544" testId="61796012-7705-d595-c3b0-35622fb74c2b" testName="CompareTo_Enumeration2WithEnumeration1_ShouldBeOne" computerName="9fcac87c26c6" duration="00:00:00.0014966" startTime="2019-06-07T20:50:44.3995243+00:00" endTime="2019-06-07T20:50:44.4012603+00:00" testType="13cdc9d9-ddb5-4fa4-a97d-d965ccfc6d4b" outcome="Passed" testListId="8c84fa94-04c1-424b-9868-57a2d4851a1d" relativeResultsDirectory="f15a17d2-cdcc-4fba-a191-eebe7b9fe544" />
    <UnitTestResult executionId="4fbf05d4-fd9e-4d43-b7f7-544e01fa6071" testId="98b722c5-bad3-f8a0-271d-ec839c435522" testName="Equals_SameProperty_ShouldBeTrue" computerName="9fcac87c26c6" duration="00:00:00.0003407" startTime="2019-06-07T20:50:44.4977837+00:00" endTime="2019-06-07T20:50:44.4983378+00:00" testType="13cdc9d9-ddb5-4fa4-a97d-d965ccfc6d4b" outcome="Passed" testListId="8c84fa94-04c1-424b-9868-57a2d4851a1d" relativeResultsDirectory="4fbf05d4-fd9e-4d43-b7f7-544e01fa6071" />
    <UnitTestResult executionId="2a892745-f8a2-43ac-9aba-78a9f42cf8a4" testId="b813f473-e1e4-416a-ea39-f5ce9658f149" testName="Enumeration_GetAll_ShouldHaveCountOfFive" computerName="9fcac87c26c6" duration="00:00:00.0130541" startTime="2019-06-07T20:50:44.3832543+00:00" endTime="2019-06-07T20:50:44.3965488+00:00" testType="13cdc9d9-ddb5-4fa4-a97d-d965ccfc6d4b" outcome="Passed" testListId="8c84fa94-04c1-424b-9868-57a2d4851a1d" relativeResultsDirectory="2a892745-f8a2-43ac-9aba-78a9f42cf8a4" />
    <UnitTestResult executionId="3d72262f-6c1f-416c-9f2a-81bf2201a484" testId="197dde6f-1fae-bccc-7e2c-025bd4ec9a12" testName="IsTransient_NullEntityId_ShouldBeTrue" computerName="9fcac87c26c6" duration="00:00:00.0002801" startTime="2019-06-07T20:50:43.1188385+00:00" endTime="2019-06-07T20:50:43.1192785+00:00" testType="13cdc9d9-ddb5-4fa4-a97d-d965ccfc6d4b" outcome="Passed" testListId="8c84fa94-04c1-424b-9868-57a2d4851a1d" relativeResultsDirectory="3d72262f-6c1f-416c-9f2a-81bf2201a484" />
    <UnitTestResult executionId="01bc4f4b-c28d-4a05-92e5-dd373fc73fac" testId="e9815203-e2c4-b2bd-6ee2-5d819dcc8db9" testName="FromName_InvalidName_ShouldBeNone" computerName="9fcac87c26c6" duration="00:00:00.0006094" startTime="2019-06-07T20:50:44.4280985+00:00" endTime="2019-06-07T20:50:44.4290072+00:00" testType="13cdc9d9-ddb5-4fa4-a97d-d965ccfc6d4b" outcome="Passed" testListId="8c84fa94-04c1-424b-9868-57a2d4851a1d" relativeResultsDirectory="01bc4f4b-c28d-4a05-92e5-dd373fc73fac" />
    <UnitTestResult executionId="3bcb0b3f-6363-4611-ae07-ec32ca401c32" testId="a6c0ea45-c4dd-f6a9-5f83-080a8cda2c5e" testName="Or_IsNotSatisfiedByEntity_ShouldBeFalse" computerName="9fcac87c26c6" duration="00:00:00.0023760" startTime="2019-06-07T20:50:38.6328721+00:00" endTime="2019-06-07T20:50:38.6354641+00:00" testType="13cdc9d9-ddb5-4fa4-a97d-d965ccfc6d4b" outcome="Passed" testListId="8c84fa94-04c1-424b-9868-57a2d4851a1d" relativeResultsDirectory="3bcb0b3f-6363-4611-ae07-ec32ca401c32" />
    <UnitTestResult executionId="1206e406-00e7-4b81-9ecd-f5277250d957" testId="a5bb4619-53ae-1f2f-5337-f897e9d55a2c" testName="Find_MatchingType_ShouldNotBeNull" computerName="9fcac87c26c6" duration="00:00:00.0039969" startTime="2019-06-07T20:50:38.6532485+00:00" endTime="2019-06-07T20:50:38.6575784+00:00" testType="13cdc9d9-ddb5-4fa4-a97d-d965ccfc6d4b" outcome="Passed" testListId="8c84fa94-04c1-424b-9868-57a2d4851a1d" relativeResultsDirectory="1206e406-00e7-4b81-9ecd-f5277250d957" />
    <UnitTestResult executionId="566c9f80-8bdb-4a48-90e9-cdddc832dd45" testId="8947d4a9-da6b-c23b-ab74-42d8830da815" testName="Equals_DifferentProperty_ShouldBeFalse" computerName="9fcac87c26c6" duration="00:00:00.0002380" startTime="2019-06-07T20:50:44.4983613+00:00" endTime="2019-06-07T20:50:44.4987298+00:00" testType="13cdc9d9-ddb5-4fa4-a97d-d965ccfc6d4b" outcome="Passed" testListId="8c84fa94-04c1-424b-9868-57a2d4851a1d" relativeResultsDirectory="566c9f80-8bdb-4a48-90e9-cdddc832dd45" />
    <UnitTestResult executionId="9770d856-9e11-4ffe-9f45-1917cfd20c42" testId="39f7a4f1-b259-998b-c688-c04f543ba4e3" testName="GetHashCode_SameProperty_ShouldBeEquals" computerName="9fcac87c26c6" duration="00:00:00.0003123" startTime="2019-06-07T20:50:44.4992023+00:00" endTime="2019-06-07T20:50:44.4996347+00:00" testType="13cdc9d9-ddb5-4fa4-a97d-d965ccfc6d4b" outcome="Passed" testListId="8c84fa94-04c1-424b-9868-57a2d4851a1d" relativeResultsDirectory="9770d856-9e11-4ffe-9f45-1917cfd20c42" />
    <UnitTestResult executionId="eb69db5b-b75f-4da0-8ca1-4775b683b4c9" testId="e7fe6751-93bd-bf9f-eea8-627362d931f8" testName="GetHashCode_NotNullType_ShouldBeTypeHashCode" computerName="9fcac87c26c6" duration="00:00:00.0091760" startTime="2019-06-07T20:50:38.6991459+00:00" endTime="2019-06-07T20:50:38.7085242+00:00" testType="13cdc9d9-ddb5-4fa4-a97d-d965ccfc6d4b" outcome="Passed" testListId="8c84fa94-04c1-424b-9868-57a2d4851a1d" relativeResultsDirectory="eb69db5b-b75f-4da0-8ca1-4775b683b4c9" />
    <UnitTestResult executionId="b461ef81-9fde-4049-ac11-cd1f5f34aadf" testId="938f5f32-ff58-7d0b-325b-0ceb3824c847" testName="OperatorNotEquals_DifferentProperty_ShouldBeTrue" computerName="9fcac87c26c6" duration="00:00:00.0003508" startTime="2019-06-07T20:50:44.4972444+00:00" endTime="2019-06-07T20:50:44.4977594+00:00" testType="13cdc9d9-ddb5-4fa4-a97d-d965ccfc6d4b" outcome="Passed" testListId="8c84fa94-04c1-424b-9868-57a2d4851a1d" relativeResultsDirectory="b461ef81-9fde-4049-ac11-cd1f5f34aadf" />
    <UnitTestResult executionId="e088f3f6-fd42-431f-bbf7-ef4fbed111aa" testId="a5205e03-12ee-5687-fdfb-580df0712fd5" testName="Validate_EntityId_ShouldBeTrue" computerName="9fcac87c26c6" duration="00:00:00.2987151" startTime="2019-06-07T20:50:37.6442140+00:00" endTime="2019-06-07T20:50:38.0876170+00:00" testType="13cdc9d9-ddb5-4fa4-a97d-d965ccfc6d4b" outcome="Passed" testListId="8c84fa94-04c1-424b-9868-57a2d4851a1d" relativeResultsDirectory="e088f3f6-fd42-431f-bbf7-ef4fbed111aa" />
    <UnitTestResult executionId="3abd22b1-de22-41eb-8ae9-e44e1856aa40" testId="56c1dbbf-bc09-a573-3461-3aca290834b3" testName="Validate_NullEnumeration_ShouldBeFalse" computerName="9fcac87c26c6" duration="00:00:00.0031476" startTime="2019-06-07T20:50:38.2965218+00:00" endTime="2019-06-07T20:50:38.2998570+00:00" testType="13cdc9d9-ddb5-4fa4-a97d-d965ccfc6d4b" outcome="Passed" testListId="8c84fa94-04c1-424b-9868-57a2d4851a1d" relativeResultsDirectory="3abd22b1-de22-41eb-8ae9-e44e1856aa40" />
    <UnitTestResult executionId="7f711b9d-8105-49a1-a383-21abcbe59a4d" testId="02435ed3-0a00-15b9-772a-ae17008a6651" testName="ConvertFrom_NullReference_ShouldBeAll" computerName="9fcac87c26c6" duration="00:00:00.0004106" startTime="2019-06-07T20:50:44.4494764+00:00" endTime="2019-06-07T20:50:44.4500937+00:00" testType="13cdc9d9-ddb5-4fa4-a97d-d965ccfc6d4b" outcome="Passed" testListId="8c84fa94-04c1-424b-9868-57a2d4851a1d" relativeResultsDirectory="7f711b9d-8105-49a1-a383-21abcbe59a4d" />
    <UnitTestResult executionId="f7698d01-ad84-42e9-8343-2a2e2408748c" testId="735ba8fb-2f1a-2997-cb45-754dae5ae075" testName="HasFilter_AllEnumeration_ShouldBeTrue" computerName="9fcac87c26c6" duration="00:00:00.0003118" startTime="2019-06-07T20:50:44.4350001+00:00" endTime="2019-06-07T20:50:44.4354805+00:00" testType="13cdc9d9-ddb5-4fa4-a97d-d965ccfc6d4b" outcome="Passed" testListId="8c84fa94-04c1-424b-9868-57a2d4851a1d" relativeResultsDirectory="f7698d01-ad84-42e9-8343-2a2e2408748c" />
    <UnitTestResult executionId="ae97a029-4016-4361-b2dc-0c810629727c" testId="ea9a4344-2681-f6ae-abea-b3e1f4864937" testName="ConvertTo_EnumerationValue_ShouldBeEnumeration" computerName="9fcac87c26c6" duration="00:00:00.0015806" startTime="2019-06-07T20:50:44.4777541+00:00" endTime="2019-06-07T20:50:44.4799897+00:00" testType="13cdc9d9-ddb5-4fa4-a97d-d965ccfc6d4b" outcome="Passed" testListId="8c84fa94-04c1-424b-9868-57a2d4851a1d" relativeResultsDirectory="ae97a029-4016-4361-b2dc-0c810629727c" />
    <UnitTestResult executionId="d842e432-0157-4f93-8e76-a9d5311d9fb9" testId="b1bbf5e5-42fa-8ee1-4de1-7944f5ffb054" testName="Properties_EmptyArray_ShouldBeEmpty" computerName="9fcac87c26c6" duration="00:00:00.0176900" startTime="2019-06-07T20:50:38.6768427+00:00" endTime="2019-06-07T20:50:38.6947631+00:00" testType="13cdc9d9-ddb5-4fa4-a97d-d965ccfc6d4b" outcome="Passed" testListId="8c84fa94-04c1-424b-9868-57a2d4851a1d" relativeResultsDirectory="d842e432-0157-4f93-8e76-a9d5311d9fb9" />
    <UnitTestResult executionId="26ad9c2d-d143-4c1e-bf06-94b13ffd2800" testId="c2cab329-d4d1-6d8f-c466-dee18084e73c" testName="And_IsSatisfiedByEntity_ShouldBeTrue" computerName="9fcac87c26c6" duration="00:00:00.0044280" startTime="2019-06-07T20:50:38.6209964+00:00" endTime="2019-06-07T20:50:38.6258906+00:00" testType="13cdc9d9-ddb5-4fa4-a97d-d965ccfc6d4b" outcome="Passed" testListId="8c84fa94-04c1-424b-9868-57a2d4851a1d" relativeResultsDirectory="26ad9c2d-d143-4c1e-bf06-94b13ffd2800" />
    <UnitTestResult executionId="798b6e05-0ce9-4e76-9e9c-d751b18faad0" testId="c0154066-9433-179b-5f00-4da88094b8a4" testName="CanConvertFrom_ValidType_ShouldBeFalse" computerName="9fcac87c26c6" duration="00:00:00.0009631" startTime="2019-06-07T20:50:42.9383568+00:00" endTime="2019-06-07T20:50:42.9396279+00:00" testType="13cdc9d9-ddb5-4fa4-a97d-d965ccfc6d4b" outcome="Passed" testListId="8c84fa94-04c1-424b-9868-57a2d4851a1d" relativeResultsDirectory="798b6e05-0ce9-4e76-9e9c-d751b18faad0" resultType="DataDrivenTest">
      <InnerResults>
        <UnitTestResult executionId="a82cb864-223f-4179-b119-77e9035b7429" parentExecutionId="798b6e05-0ce9-4e76-9e9c-d751b18faad0" testId="c0154066-9433-179b-5f00-4da88094b8a4" testName="CanConvertFrom_ValidType_ShouldBeFalse (System.Int32)" computerName="9fcac87c26c6" duration="00:00:00.0007573" startTime="2019-06-07T20:50:42.9383568+00:00" endTime="2019-06-07T20:50:42.9396279+00:00" testType="13cdc9d9-ddb5-4fa4-a97d-d965ccfc6d4b" outcome="Passed" testListId="8c84fa94-04c1-424b-9868-57a2d4851a1d" relativeResultsDirectory="a82cb864-223f-4179-b119-77e9035b7429" dataRowInfo="1" resultType="DataDrivenDataRow" />
        <UnitTestResult executionId="92d45395-88b4-4a53-96d8-7bdbba02dc1a" parentExecutionId="798b6e05-0ce9-4e76-9e9c-d751b18faad0" testId="c0154066-9433-179b-5f00-4da88094b8a4" testName="CanConvertFrom_ValidType_ShouldBeFalse (System.Int64)" computerName="9fcac87c26c6" duration="00:00:00.0000360" startTime="2019-06-07T20:50:42.9383568+00:00" endTime="2019-06-07T20:50:42.9396279+00:00" testType="13cdc9d9-ddb5-4fa4-a97d-d965ccfc6d4b" outcome="Passed" testListId="8c84fa94-04c1-424b-9868-57a2d4851a1d" relativeResultsDirectory="92d45395-88b4-4a53-96d8-7bdbba02dc1a" dataRowInfo="2" resultType="DataDrivenDataRow" />
      </InnerResults>
    </UnitTestResult>
    <UnitTestResult executionId="3c344534-f77f-4d04-909e-e69ae1707dfb" testId="22138558-a1bf-59db-b634-31189b37de62" testName="Equals_DifferentTypes_ShouldBeFalse" computerName="9fcac87c26c6" duration="00:00:00.0010499" startTime="2019-06-07T20:50:43.0526381+00:00" endTime="2019-06-07T20:50:43.0539221+00:00" testType="13cdc9d9-ddb5-4fa4-a97d-d965ccfc6d4b" outcome="Passed" testListId="8c84fa94-04c1-424b-9868-57a2d4851a1d" relativeResultsDirectory="3c344534-f77f-4d04-909e-e69ae1707dfb" />
    <UnitTestResult executionId="711aef66-5861-4ad8-8198-8ba2f8ca6da7" testId="c3af98d0-ae64-3cdc-68c2-c8a55843471d" testName="Enumeration_GetTypes_ShouldContainAssembliesEnumerationTypes" computerName="9fcac87c26c6" duration="00:00:01.2618129" startTime="2019-06-07T20:50:43.1209851+00:00" endTime="2019-06-07T20:50:44.3832103+00:00" testType="13cdc9d9-ddb5-4fa4-a97d-d965ccfc6d4b" outcome="Passed" testListId="8c84fa94-04c1-424b-9868-57a2d4851a1d" relativeResultsDirectory="711aef66-5861-4ad8-8198-8ba2f8ca6da7" />
    <UnitTestResult executionId="cf296da5-be48-4d71-abe9-7e222ef73e0d" testId="c21169fa-9e85-17bd-1cc5-e5596a60303c" testName="Clear_NotEmptyCache_ShouldBeZero" computerName="9fcac87c26c6" duration="00:00:00.0016257" startTime="2019-06-07T20:50:38.6514001+00:00" endTime="2019-06-07T20:50:38.6532018+00:00" testType="13cdc9d9-ddb5-4fa4-a97d-d965ccfc6d4b" outcome="Passed" testListId="8c84fa94-04c1-424b-9868-57a2d4851a1d" relativeResultsDirectory="cf296da5-be48-4d71-abe9-7e222ef73e0d" />
    <UnitTestResult executionId="d5f97bb1-ea16-46d0-af44-370efc683b7e" testId="41967625-97a2-0ac2-49ab-9d090883cf47" testName="CanConvertTo_ValidType_ShouldBeFalse" computerName="9fcac87c26c6" duration="00:00:00.0009802" startTime="2019-06-07T20:50:42.9396740+00:00" endTime="2019-06-07T20:50:42.9408641+00:00" testType="13cdc9d9-ddb5-4fa4-a97d-d965ccfc6d4b" outcome="Passed" testListId="8c84fa94-04c1-424b-9868-57a2d4851a1d" relativeResultsDirectory="d5f97bb1-ea16-46d0-af44-370efc683b7e" resultType="DataDrivenTest">
      <InnerResults>
        <UnitTestResult executionId="feb60ecb-44a1-4d0f-bb69-172d3fedb1b2" parentExecutionId="d5f97bb1-ea16-46d0-af44-370efc683b7e" testId="41967625-97a2-0ac2-49ab-9d090883cf47" testName="CanConvertTo_ValidType_ShouldBeFalse (System.Int32)" computerName="9fcac87c26c6" duration="00:00:00.0007883" startTime="2019-06-07T20:50:42.9396740+00:00" endTime="2019-06-07T20:50:42.9408641+00:00" testType="13cdc9d9-ddb5-4fa4-a97d-d965ccfc6d4b" outcome="Passed" testListId="8c84fa94-04c1-424b-9868-57a2d4851a1d" relativeResultsDirectory="feb60ecb-44a1-4d0f-bb69-172d3fedb1b2" dataRowInfo="1" resultType="DataDrivenDataRow" />
        <UnitTestResult executionId="a1e734de-d5e5-47a4-8bfd-5a0ee1a8cde9" parentExecutionId="d5f97bb1-ea16-46d0-af44-370efc683b7e" testId="41967625-97a2-0ac2-49ab-9d090883cf47" testName="CanConvertTo_ValidType_ShouldBeFalse (System.Int64)" computerName="9fcac87c26c6" duration="00:00:00.0000417" startTime="2019-06-07T20:50:42.9396740+00:00" endTime="2019-06-07T20:50:42.9408641+00:00" testType="13cdc9d9-ddb5-4fa4-a97d-d965ccfc6d4b" outcome="Passed" testListId="8c84fa94-04c1-424b-9868-57a2d4851a1d" relativeResultsDirectory="a1e734de-d5e5-47a4-8bfd-5a0ee1a8cde9" dataRowInfo="2" resultType="DataDrivenDataRow" />
      </InnerResults>
    </UnitTestResult>
    <UnitTestResult executionId="bce5b0dc-6599-4e7a-80bd-7fa78d41c785" testId="b131614f-5063-f447-d607-1a52f0b81c97" testName="ConvertFrom_ValidEnumeration_ShouldBeEnumeration" computerName="9fcac87c26c6" duration="00:00:00.0034587" startTime="2019-06-07T20:50:44.4360462+00:00" endTime="2019-06-07T20:50:44.4397863+00:00" testType="13cdc9d9-ddb5-4fa4-a97d-d965ccfc6d4b" outcome="Passed" testListId="8c84fa94-04c1-424b-9868-57a2d4851a1d" relativeResultsDirectory="bce5b0dc-6599-4e7a-80bd-7fa78d41c785" resultType="DataDrivenTest">
      <InnerResults>
        <UnitTestResult executionId="27069ad1-6e9f-4db9-8675-ff4e5a7c5911" parentExecutionId="bce5b0dc-6599-4e7a-80bd-7fa78d41c785" testId="b131614f-5063-f447-d607-1a52f0b81c97" testName="ConvertFrom_ValidEnumeration_ShouldBeEnumeration (1)" computerName="9fcac87c26c6" duration="00:00:00.0028221" startTime="2019-06-07T20:50:44.4360462+00:00" endTime="2019-06-07T20:50:44.4397863+00:00" testType="13cdc9d9-ddb5-4fa4-a97d-d965ccfc6d4b" outcome="Passed" testListId="8c84fa94-04c1-424b-9868-57a2d4851a1d" relativeResultsDirectory="27069ad1-6e9f-4db9-8675-ff4e5a7c5911" dataRowInfo="1" resultType="DataDrivenDataRow" />
        <UnitTestResult executionId="0903c2a6-b468-4c12-891b-253df7c9f76a" parentExecutionId="bce5b0dc-6599-4e7a-80bd-7fa78d41c785" testId="b131614f-5063-f447-d607-1a52f0b81c97" testName="ConvertFrom_ValidEnumeration_ShouldBeEnumeration (2)" computerName="9fcac87c26c6" duration="00:00:00.0000759" startTime="2019-06-07T20:50:44.4360462+00:00" endTime="2019-06-07T20:50:44.4397863+00:00" testType="13cdc9d9-ddb5-4fa4-a97d-d965ccfc6d4b" outcome="Passed" testListId="8c84fa94-04c1-424b-9868-57a2d4851a1d" relativeResultsDirectory="0903c2a6-b468-4c12-891b-253df7c9f76a" dataRowInfo="2" resultType="DataDrivenDataRow" />
        <UnitTestResult executionId="88ae1e3a-3616-4470-9dff-2a091756d03b" parentExecutionId="bce5b0dc-6599-4e7a-80bd-7fa78d41c785" testId="b131614f-5063-f447-d607-1a52f0b81c97" testName="ConvertFrom_ValidEnumeration_ShouldBeEnumeration (4)" computerName="9fcac87c26c6" duration="00:00:00.0000320" startTime="2019-06-07T20:50:44.4360462+00:00" endTime="2019-06-07T20:50:44.4397863+00:00" testType="13cdc9d9-ddb5-4fa4-a97d-d965ccfc6d4b" outcome="Passed" testListId="8c84fa94-04c1-424b-9868-57a2d4851a1d" relativeResultsDirectory="88ae1e3a-3616-4470-9dff-2a091756d03b" dataRowInfo="3" resultType="DataDrivenDataRow" />
        <UnitTestResult executionId="c969b59b-6e85-4939-9442-8ccec20d6ae8" parentExecutionId="bce5b0dc-6599-4e7a-80bd-7fa78d41c785" testId="b131614f-5063-f447-d607-1a52f0b81c97" testName="ConvertFrom_ValidEnumeration_ShouldBeEnumeration (8)" computerName="9fcac87c26c6" duration="00:00:00.0000294" startTime="2019-06-07T20:50:44.4360462+00:00" endTime="2019-06-07T20:50:44.4397863+00:00" testType="13cdc9d9-ddb5-4fa4-a97d-d965ccfc6d4b" outcome="Passed" testListId="8c84fa94-04c1-424b-9868-57a2d4851a1d" relativeResultsDirectory="c969b59b-6e85-4939-9442-8ccec20d6ae8" dataRowInfo="4" resultType="DataDrivenDataRow" />
        <UnitTestResult executionId="688200e9-fcee-470d-b593-0697e781c283" parentExecutionId="bce5b0dc-6599-4e7a-80bd-7fa78d41c785" testId="b131614f-5063-f447-d607-1a52f0b81c97" testName="ConvertFrom_ValidEnumeration_ShouldBeEnumeration (16)" computerName="9fcac87c26c6" duration="00:00:00.0000255" startTime="2019-06-07T20:50:44.4360462+00:00" endTime="2019-06-07T20:50:44.4397863+00:00" testType="13cdc9d9-ddb5-4fa4-a97d-d965ccfc6d4b" outcome="Passed" testListId="8c84fa94-04c1-424b-9868-57a2d4851a1d" relativeResultsDirectory="688200e9-fcee-470d-b593-0697e781c283" dataRowInfo="5" resultType="DataDrivenDataRow" />
        <UnitTestResult executionId="ef411a1b-ddab-4ff4-96cc-d14774e159c9" parentExecutionId="bce5b0dc-6599-4e7a-80bd-7fa78d41c785" testId="b131614f-5063-f447-d607-1a52f0b81c97" testName="ConvertFrom_ValidEnumeration_ShouldBeEnumeration (Enumeration1)" computerName="9fcac87c26c6" duration="00:00:00.0000394" startTime="2019-06-07T20:50:44.4360462+00:00" endTime="2019-06-07T20:50:44.4397863+00:00" testType="13cdc9d9-ddb5-4fa4-a97d-d965ccfc6d4b" outcome="Passed" testListId="8c84fa94-04c1-424b-9868-57a2d4851a1d" relativeResultsDirectory="ef411a1b-ddab-4ff4-96cc-d14774e159c9" dataRowInfo="6" resultType="DataDrivenDataRow" />
        <UnitTestResult executionId="fe7c0a27-c49f-47c4-9ce2-c1dde5ff831a" parentExecutionId="bce5b0dc-6599-4e7a-80bd-7fa78d41c785" testId="b131614f-5063-f447-d607-1a52f0b81c97" testName="ConvertFrom_ValidEnumeration_ShouldBeEnumeration (Enumeration2)" computerName="9fcac87c26c6" duration="00:00:00.0000334" startTime="2019-06-07T20:50:44.4360462+00:00" endTime="2019-06-07T20:50:44.4397863+00:00" testType="13cdc9d9-ddb5-4fa4-a97d-d965ccfc6d4b" outcome="Passed" testListId="8c84fa94-04c1-424b-9868-57a2d4851a1d" relativeResultsDirectory="fe7c0a27-c49f-47c4-9ce2-c1dde5ff831a" dataRowInfo="7" resultType="DataDrivenDataRow" />
        <UnitTestResult executionId="dd056412-d625-4804-a0cc-b04d5928885b" parentExecutionId="bce5b0dc-6599-4e7a-80bd-7fa78d41c785" testId="b131614f-5063-f447-d607-1a52f0b81c97" testName="ConvertFrom_ValidEnumeration_ShouldBeEnumeration (Enumeration4)" computerName="9fcac87c26c6" duration="00:00:00.0000335" startTime="2019-06-07T20:50:44.4360462+00:00" endTime="2019-06-07T20:50:44.4397863+00:00" testType="13cdc9d9-ddb5-4fa4-a97d-d965ccfc6d4b" outcome="Passed" testListId="8c84fa94-04c1-424b-9868-57a2d4851a1d" relativeResultsDirectory="dd056412-d625-4804-a0cc-b04d5928885b" dataRowInfo="8" resultType="DataDrivenDataRow" />
        <UnitTestResult executionId="1a4cd3d8-7662-40da-84fa-e9cea5659b7f" parentExecutionId="bce5b0dc-6599-4e7a-80bd-7fa78d41c785" testId="b131614f-5063-f447-d607-1a52f0b81c97" testName="ConvertFrom_ValidEnumeration_ShouldBeEnumeration (Enumeration8)" computerName="9fcac87c26c6" duration="00:00:00.0000289" startTime="2019-06-07T20:50:44.4360462+00:00" endTime="2019-06-07T20:50:44.4397863+00:00" testType="13cdc9d9-ddb5-4fa4-a97d-d965ccfc6d4b" outcome="Passed" testListId="8c84fa94-04c1-424b-9868-57a2d4851a1d" relativeResultsDirectory="1a4cd3d8-7662-40da-84fa-e9cea5659b7f" dataRowInfo="9" resultType="DataDrivenDataRow" />
        <UnitTestResult executionId="17f1fc91-2552-470b-8a4b-34dacb8980e7" parentExecutionId="bce5b0dc-6599-4e7a-80bd-7fa78d41c785" testId="b131614f-5063-f447-d607-1a52f0b81c97" testName="ConvertFrom_ValidEnumeration_ShouldBeEnumeration (Enumeration16)" computerName="9fcac87c26c6" duration="00:00:00.0000294" startTime="2019-06-07T20:50:44.4360462+00:00" endTime="2019-06-07T20:50:44.4397863+00:00" testType="13cdc9d9-ddb5-4fa4-a97d-d965ccfc6d4b" outcome="Passed" testListId="8c84fa94-04c1-424b-9868-57a2d4851a1d" relativeResultsDirectory="17f1fc91-2552-470b-8a4b-34dacb8980e7" dataRowInfo="10" resultType="DataDrivenDataRow" />
      </InnerResults>
    </UnitTestResult>
    <UnitTestResult executionId="8a724ead-445a-40fa-8c37-9e0b37031dec" testId="9870862f-93a1-7b81-fedd-fcf030cc311a" testName="ConvertTo_InvalidType_ShouldThrowNotSupportedException" computerName="9fcac87c26c6" duration="00:00:00.0018197" startTime="2019-06-07T20:50:42.9797543+00:00" endTime="2019-06-07T20:50:42.9817925+00:00" testType="13cdc9d9-ddb5-4fa4-a97d-d965ccfc6d4b" outcome="Passed" testListId="8c84fa94-04c1-424b-9868-57a2d4851a1d" relativeResultsDirectory="8a724ead-445a-40fa-8c37-9e0b37031dec" resultType="DataDrivenTest">
      <InnerResults>
        <UnitTestResult executionId="6f755ad3-9624-4bbf-b1a4-d1651f371996" parentExecutionId="8a724ead-445a-40fa-8c37-9e0b37031dec" testId="9870862f-93a1-7b81-fedd-fcf030cc311a" testName="ConvertTo_InvalidType_ShouldThrowNotSupportedException (System.Int32)" computerName="9fcac87c26c6" duration="00:00:00.0014473" startTime="2019-06-07T20:50:42.9797543+00:00" endTime="2019-06-07T20:50:42.9817925+00:00" testType="13cdc9d9-ddb5-4fa4-a97d-d965ccfc6d4b" outcome="Passed" testListId="8c84fa94-04c1-424b-9868-57a2d4851a1d" relativeResultsDirectory="6f755ad3-9624-4bbf-b1a4-d1651f371996" dataRowInfo="1" resultType="DataDrivenDataRow" />
        <UnitTestResult executionId="137e5fae-aeb4-4968-b875-bc76c7a4e81a" parentExecutionId="8a724ead-445a-40fa-8c37-9e0b37031dec" testId="9870862f-93a1-7b81-fedd-fcf030cc311a" testName="ConvertTo_InvalidType_ShouldThrowNotSupportedException (System.Int64)" computerName="9fcac87c26c6" duration="00:00:00.0001659" startTime="2019-06-07T20:50:42.9797543+00:00" endTime="2019-06-07T20:50:42.9817925+00:00" testType="13cdc9d9-ddb5-4fa4-a97d-d965ccfc6d4b" outcome="Passed" testListId="8c84fa94-04c1-424b-9868-57a2d4851a1d" relativeResultsDirectory="137e5fae-aeb4-4968-b875-bc76c7a4e81a" dataRowInfo="2" resultType="DataDrivenDataRow" />
      </InnerResults>
    </UnitTestResult>
    <UnitTestResult executionId="032af22f-06c8-409a-a6a6-c0acc56be2d3" testId="93636677-a52a-ed9b-412b-d91a17d17f58" testName="ConvertTo_EnumerationName_ShouldBeEnumeration" computerName="9fcac87c26c6" duration="00:00:00.0006173" startTime="2019-06-07T20:50:44.4800239+00:00" endTime="2019-06-07T20:50:44.4808723+00:00" testType="13cdc9d9-ddb5-4fa4-a97d-d965ccfc6d4b" outcome="Passed" testListId="8c84fa94-04c1-424b-9868-57a2d4851a1d" relativeResultsDirectory="032af22f-06c8-409a-a6a6-c0acc56be2d3" />
    <UnitTestResult executionId="86b07353-4a8b-4e4c-995a-33de6d0a4844" testId="02b87f18-2450-2345-394d-1451f8c3c442" testName="FromValue_InvalidValue_ShouldBeNone" computerName="9fcac87c26c6" duration="00:00:00.0004429" startTime="2019-06-07T20:50:44.4249741+00:00" endTime="2019-06-07T20:50:44.4257352+00:00" testType="13cdc9d9-ddb5-4fa4-a97d-d965ccfc6d4b" outcome="Passed" testListId="8c84fa94-04c1-424b-9868-57a2d4851a1d" relativeResultsDirectory="86b07353-4a8b-4e4c-995a-33de6d0a4844" />
    <UnitTestResult executionId="fee01fa3-7629-4d29-a814-dc66c2aec518" testId="3e394cae-b047-5c9f-5f38-944c6a4badeb" testName="ConvertFrom_ValidString_ShouldBeValue" computerName="9fcac87c26c6" duration="00:00:00.0961167" startTime="2019-06-07T20:50:42.4537425+00:00" endTime="2019-06-07T20:50:42.5500740+00:00" testType="13cdc9d9-ddb5-4fa4-a97d-d965ccfc6d4b" outcome="Passed" testListId="8c84fa94-04c1-424b-9868-57a2d4851a1d" relativeResultsDirectory="fee01fa3-7629-4d29-a814-dc66c2aec518" />
    <UnitTestResult executionId="d411c2c3-64a1-45b5-83b0-6f89661b3f55" testId="4fd9ffa5-1337-967b-4027-f2a4f7dc0bdc" testName="GetHashCode_CachedHashCodeHasValue_ShouldBeCachedHashCode" computerName="9fcac87c26c6" duration="00:00:00.0269799" startTime="2019-06-07T20:50:43.0881329+00:00" endTime="2019-06-07T20:50:43.1152855+00:00" testType="13cdc9d9-ddb5-4fa4-a97d-d965ccfc6d4b" outcome="Passed" testListId="8c84fa94-04c1-424b-9868-57a2d4851a1d" relativeResultsDirectory="d411c2c3-64a1-45b5-83b0-6f89661b3f55" />
    <UnitTestResult executionId="0260d065-b440-4f6a-9e6a-d94f0b6a3703" testId="de5ec14d-834e-7302-5358-87372b14f6a9" testName="Validate_NoneEnumeration_ShouldBeFalse" computerName="9fcac87c26c6" duration="00:00:00.0008004" startTime="2019-06-07T20:50:38.2954861+00:00" endTime="2019-06-07T20:50:38.2964918+00:00" testType="13cdc9d9-ddb5-4fa4-a97d-d965ccfc6d4b" outcome="Passed" testListId="8c84fa94-04c1-424b-9868-57a2d4851a1d" relativeResultsDirectory="0260d065-b440-4f6a-9e6a-d94f0b6a3703" />
    <UnitTestResult executionId="6ff2932c-a847-4202-b7ac-d59938965477" testId="2269c3fd-bcb3-6ad9-d99f-db0282e872e0" testName="ConvertFrom_InvalidEnumeration_ShouldBeValue" computerName="9fcac87c26c6" duration="00:00:00.0005376" startTime="2019-06-07T20:50:44.4486429+00:00" endTime="2019-06-07T20:50:44.4494405+00:00" testType="13cdc9d9-ddb5-4fa4-a97d-d965ccfc6d4b" outcome="Passed" testListId="8c84fa94-04c1-424b-9868-57a2d4851a1d" relativeResultsDirectory="6ff2932c-a847-4202-b7ac-d59938965477" />
    <UnitTestResult executionId="56152c08-1817-4de1-bfd9-e77308417c38" testId="73c19122-1128-af4f-dfb4-42a1195f86dc" testName="AddDomainEvent_SingleDomainEvent_ShouldNotBeEmpty" computerName="9fcac87c26c6" duration="00:00:00.0005465" startTime="2019-06-07T20:50:43.1196327+00:00" endTime="2019-06-07T20:50:43.1203323+00:00" testType="13cdc9d9-ddb5-4fa4-a97d-d965ccfc6d4b" outcome="Passed" testListId="8c84fa94-04c1-424b-9868-57a2d4851a1d" relativeResultsDirectory="56152c08-1817-4de1-bfd9-e77308417c38" />
    <UnitTestResult executionId="f9b9116a-9a9f-4ab2-9a43-c7d73260e2ac" testId="3943e3c9-8b27-d6b5-a5d7-50471e1f0647" testName="OperatorNotEquals_DifferentEntityId_ShouldBeTrue" computerName="9fcac87c26c6" duration="00:00:00.0007115" startTime="2019-06-07T20:50:43.0496539+00:00" endTime="2019-06-07T20:50:43.0505255+00:00" testType="13cdc9d9-ddb5-4fa4-a97d-d965ccfc6d4b" outcome="Passed" testListId="8c84fa94-04c1-424b-9868-57a2d4851a1d" relativeResultsDirectory="f9b9116a-9a9f-4ab2-9a43-c7d73260e2ac" />
    <UnitTestResult executionId="debdda42-521c-4809-b126-051fa74482c3" testId="23b07eca-7647-57fc-20f2-f8a8f8dbe6bc" testName="Validate_AllEnumeration_ShouldBeFalse" computerName="9fcac87c26c6" duration="00:00:00.0009274" startTime="2019-06-07T20:50:38.2942563+00:00" endTime="2019-06-07T20:50:38.2954539+00:00" testType="13cdc9d9-ddb5-4fa4-a97d-d965ccfc6d4b" outcome="Passed" testListId="8c84fa94-04c1-424b-9868-57a2d4851a1d" relativeResultsDirectory="debdda42-521c-4809-b126-051fa74482c3" />
    <UnitTestResult executionId="28a60add-19eb-49b2-9147-b499bfe5bed1" testId="a47f95ad-0543-f056-5f1f-d162e3f6f55e" testName="Equals_SameType_ShouldBeTrue" computerName="9fcac87c26c6" duration="00:00:00.0003931" startTime="2019-06-07T20:50:38.6978289+00:00" endTime="2019-06-07T20:50:38.6983807+00:00" testType="13cdc9d9-ddb5-4fa4-a97d-d965ccfc6d4b" outcome="Passed" testListId="8c84fa94-04c1-424b-9868-57a2d4851a1d" relativeResultsDirectory="28a60add-19eb-49b2-9147-b499bfe5bed1" />
    <UnitTestResult executionId="5658f53d-44bf-4929-8426-37d23820f76b" testId="4c9fc753-7548-0b30-fec1-0efccdcd7a2d" testName="OperatorEquals_DifferentProperty_ShouldBeFalse" computerName="9fcac87c26c6" duration="00:00:00.0015743" startTime="2019-06-07T20:50:44.4951918+00:00" endTime="2019-06-07T20:50:44.4972146+00:00" testType="13cdc9d9-ddb5-4fa4-a97d-d965ccfc6d4b" outcome="Passed" testListId="8c84fa94-04c1-424b-9868-57a2d4851a1d" relativeResultsDirectory="5658f53d-44bf-4929-8426-37d23820f76b" />
    <UnitTestResult executionId="17d4520d-7283-43ef-9cf3-87704b61373b" testId="e03e4412-0e5f-6da4-c42d-c8ed6c3f9c9b" testName="IsTransient_NotNullEntityId_ShouldBeFalse" computerName="9fcac87c26c6" duration="00:00:00.0001978" startTime="2019-06-07T20:50:43.1193009+00:00" endTime="2019-06-07T20:50:43.1196121+00:00" testType="13cdc9d9-ddb5-4fa4-a97d-d965ccfc6d4b" outcome="Passed" testListId="8c84fa94-04c1-424b-9868-57a2d4851a1d" relativeResultsDirectory="17d4520d-7283-43ef-9cf3-87704b61373b" />
    <UnitTestResult executionId="130d1e44-2abe-4cd6-9354-981fe39fe712" testId="aecb14fd-1089-6f6b-67c7-99f80f0fa71c" testName="CanConvertTo_ValidType_ShouldBeFalse" computerName="9fcac87c26c6" duration="00:00:00.0025705" startTime="2019-06-07T20:50:44.4746252+00:00" endTime="2019-06-07T20:50:44.4776070+00:00" testType="13cdc9d9-ddb5-4fa4-a97d-d965ccfc6d4b" outcome="Passed" testListId="8c84fa94-04c1-424b-9868-57a2d4851a1d" relativeResultsDirectory="130d1e44-2abe-4cd6-9354-981fe39fe712" resultType="DataDrivenTest">
      <InnerResults>
        <UnitTestResult executionId="7851341b-d906-4cc8-8e95-3517e883d87d" parentExecutionId="130d1e44-2abe-4cd6-9354-981fe39fe712" testId="aecb14fd-1089-6f6b-67c7-99f80f0fa71c" testName="CanConvertTo_ValidType_ShouldBeFalse (System.Double)" computerName="9fcac87c26c6" duration="00:00:00.0015358" startTime="2019-06-07T20:50:44.4746252+00:00" endTime="2019-06-07T20:50:44.4776070+00:00" testType="13cdc9d9-ddb5-4fa4-a97d-d965ccfc6d4b" outcome="Passed" testListId="8c84fa94-04c1-424b-9868-57a2d4851a1d" relativeResultsDirectory="7851341b-d906-4cc8-8e95-3517e883d87d" dataRowInfo="1" resultType="DataDrivenDataRow" />
        <UnitTestResult executionId="9256afff-a13c-4ede-af2d-72c541e5464a" parentExecutionId="130d1e44-2abe-4cd6-9354-981fe39fe712" testId="aecb14fd-1089-6f6b-67c7-99f80f0fa71c" testName="CanConvertTo_ValidType_ShouldBeFalse (System.Decimal)" computerName="9fcac87c26c6" duration="00:00:00.0000454" startTime="2019-06-07T20:50:44.4746252+00:00" endTime="2019-06-07T20:50:44.4776070+00:00" testType="13cdc9d9-ddb5-4fa4-a97d-d965ccfc6d4b" outcome="Passed" testListId="8c84fa94-04c1-424b-9868-57a2d4851a1d" relativeResultsDirectory="9256afff-a13c-4ede-af2d-72c541e5464a" dataRowInfo="2" resultType="DataDrivenDataRow" />
        <UnitTestResult executionId="60f95bee-fc3f-4f4b-9a26-b2a91d837242" parentExecutionId="130d1e44-2abe-4cd6-9354-981fe39fe712" testId="aecb14fd-1089-6f6b-67c7-99f80f0fa71c" testName="CanConvertTo_ValidType_ShouldBeFalse (System.Int64)" computerName="9fcac87c26c6" duration="00:00:00.0006933" startTime="2019-06-07T20:50:44.4746252+00:00" endTime="2019-06-07T20:50:44.4776070+00:00" testType="13cdc9d9-ddb5-4fa4-a97d-d965ccfc6d4b" outcome="Passed" testListId="8c84fa94-04c1-424b-9868-57a2d4851a1d" relativeResultsDirectory="60f95bee-fc3f-4f4b-9a26-b2a91d837242" dataRowInfo="3" resultType="DataDrivenDataRow" />
      </InnerResults>
    </UnitTestResult>
    <UnitTestResult executionId="fb9f3af6-1598-4071-aa23-cfa86b309bf1" testId="ec7caa96-437c-a458-973b-cf151dc67e73" testName="Database_CanConnect_ShouldBeTrue" computerName="9fcac87c26c6" duration="00:00:02.3672659" startTime="2019-06-07T20:50:38.7085771+00:00" endTime="2019-06-07T20:50:41.0764515+00:00" testType="13cdc9d9-ddb5-4fa4-a97d-d965ccfc6d4b" outcome="Passed" testListId="8c84fa94-04c1-424b-9868-57a2d4851a1d" relativeResultsDirectory="fb9f3af6-1598-4071-aa23-cfa86b309bf1" />
    <UnitTestResult executionId="f0a00dd1-4564-412b-86c3-dfe77d808d17" testId="d82394e4-cd82-dd4a-9e16-af8ba7b508f3" testName="And_IsNotSatisfiedByEntity_ShouldBeFalse" computerName="9fcac87c26c6" duration="00:00:00.0035201" startTime="2019-06-07T20:50:38.6259237+00:00" endTime="2019-06-07T20:50:38.6296138+00:00" testType="13cdc9d9-ddb5-4fa4-a97d-d965ccfc6d4b" outcome="Passed" testListId="8c84fa94-04c1-424b-9868-57a2d4851a1d" relativeResultsDirectory="f0a00dd1-4564-412b-86c3-dfe77d808d17" />
    <UnitTestResult executionId="5fb640f7-6382-4e03-8bb5-9bca2bd5ee82" testId="6cc3f0cd-c81f-a80d-98a0-6f3ff582b337" testName="GetHashCode_IsTransient_ShouldAssignBaseHashCodeToCachedHashCode" computerName="9fcac87c26c6" duration="00:00:00.0032939" startTime="2019-06-07T20:50:43.1153308+00:00" endTime="2019-06-07T20:50:43.1188026+00:00" testType="13cdc9d9-ddb5-4fa4-a97d-d965ccfc6d4b" outcome="Passed" testListId="8c84fa94-04c1-424b-9868-57a2d4851a1d" relativeResultsDirectory="5fb640f7-6382-4e03-8bb5-9bca2bd5ee82" />
    <UnitTestResult executionId="28cc893d-07e3-4e02-ada1-7e0456fbcd96" testId="4e4ac1f8-9915-0455-14e5-cb05b4287f3f" testName="HasFilter_InvalidEnumeration_ShouldBeFalse" computerName="9fcac87c26c6" duration="00:00:00.0003076" startTime="2019-06-07T20:50:44.4344229+00:00" endTime="2019-06-07T20:50:44.4349656+00:00" testType="13cdc9d9-ddb5-4fa4-a97d-d965ccfc6d4b" outcome="Passed" testListId="8c84fa94-04c1-424b-9868-57a2d4851a1d" relativeResultsDirectory="28cc893d-07e3-4e02-ada1-7e0456fbcd96" />
    <UnitTestResult executionId="906882d2-18cd-4816-8ddd-74815df32a91" testId="97910f43-ce65-0a51-aff5-dcb38821e86a" testName="Database_CanConnect_ShouldBeTrue" computerName="9fcac87c26c6" duration="00:00:01.2818177" startTime="2019-06-07T20:50:41.0764912+00:00" endTime="2019-06-07T20:50:42.3586806+00:00" testType="13cdc9d9-ddb5-4fa4-a97d-d965ccfc6d4b" outcome="Passed" testListId="8c84fa94-04c1-424b-9868-57a2d4851a1d" relativeResultsDirectory="906882d2-18cd-4816-8ddd-74815df32a91" />
    <UnitTestResult executionId="8ac043ee-aa09-45f2-8718-c70694c70216" testId="b0c456da-dcc1-6f44-d94e-55234d263c18" testName="HasEnumeration_NoneEnumeration_ShouldBeFalse" computerName="9fcac87c26c6" duration="00:00:00.0003621" startTime="2019-06-07T20:50:44.4300042+00:00" endTime="2019-06-07T20:50:44.4305971+00:00" testType="13cdc9d9-ddb5-4fa4-a97d-d965ccfc6d4b" outcome="Passed" testListId="8c84fa94-04c1-424b-9868-57a2d4851a1d" relativeResultsDirectory="8ac043ee-aa09-45f2-8718-c70694c70216" />
    <UnitTestResult executionId="c32eb272-013c-4624-b158-438eaf17ff85" testId="8dad8de6-302e-3edb-d6de-420d8d686e05" testName="ConvertFrom_InvalidString_ShouldBeValue" computerName="9fcac87c26c6" duration="00:00:00.0003691" startTime="2019-06-07T20:50:42.5501137+00:00" endTime="2019-06-07T20:50:42.5506773+00:00" testType="13cdc9d9-ddb5-4fa4-a97d-d965ccfc6d4b" outcome="Passed" testListId="8c84fa94-04c1-424b-9868-57a2d4851a1d" relativeResultsDirectory="c32eb272-013c-4624-b158-438eaf17ff85" />
    <UnitTestResult executionId="6a27686f-1006-43f6-8f3c-d153ff2c8a39" testId="de84e8b9-5d80-4956-b81f-eea50f10b15f" testName="ConvertTo_InvalidType_ShouldThrowNotSupportedException" computerName="9fcac87c26c6" duration="00:00:00.0012105" startTime="2019-06-07T20:50:44.4809014+00:00" endTime="2019-06-07T20:50:44.4823030+00:00" testType="13cdc9d9-ddb5-4fa4-a97d-d965ccfc6d4b" outcome="Passed" testListId="8c84fa94-04c1-424b-9868-57a2d4851a1d" relativeResultsDirectory="6a27686f-1006-43f6-8f3c-d153ff2c8a39" resultType="DataDrivenTest">
      <InnerResults>
        <UnitTestResult executionId="25dd06c8-bddf-4f4e-a67d-d0a1ef1d0736" parentExecutionId="6a27686f-1006-43f6-8f3c-d153ff2c8a39" testId="de84e8b9-5d80-4956-b81f-eea50f10b15f" testName="ConvertTo_InvalidType_ShouldThrowNotSupportedException (System.Double)" computerName="9fcac87c26c6" duration="00:00:00.0008383" startTime="2019-06-07T20:50:44.4809014+00:00" endTime="2019-06-07T20:50:44.4823030+00:00" testType="13cdc9d9-ddb5-4fa4-a97d-d965ccfc6d4b" outcome="Passed" testListId="8c84fa94-04c1-424b-9868-57a2d4851a1d" relativeResultsDirectory="25dd06c8-bddf-4f4e-a67d-d0a1ef1d0736" dataRowInfo="1" resultType="DataDrivenDataRow" />
        <UnitTestResult executionId="73c2948e-a02c-4f38-ac48-2b3290ae478e" parentExecutionId="6a27686f-1006-43f6-8f3c-d153ff2c8a39" testId="de84e8b9-5d80-4956-b81f-eea50f10b15f" testName="ConvertTo_InvalidType_ShouldThrowNotSupportedException (System.Decimal)" computerName="9fcac87c26c6" duration="00:00:00.0001297" startTime="2019-06-07T20:50:44.4809014+00:00" endTime="2019-06-07T20:50:44.4823030+00:00" testType="13cdc9d9-ddb5-4fa4-a97d-d965ccfc6d4b" outcome="Passed" testListId="8c84fa94-04c1-424b-9868-57a2d4851a1d" relativeResultsDirectory="73c2948e-a02c-4f38-ac48-2b3290ae478e" dataRowInfo="2" resultType="DataDrivenDataRow" />
        <UnitTestResult executionId="1e7d3fb2-0bff-4937-89a2-cc96e7c5d5c2" parentExecutionId="6a27686f-1006-43f6-8f3c-d153ff2c8a39" testId="de84e8b9-5d80-4956-b81f-eea50f10b15f" testName="ConvertTo_InvalidType_ShouldThrowNotSupportedException (System.Int64)" computerName="9fcac87c26c6" duration="00:00:00.0001096" startTime="2019-06-07T20:50:44.4809014+00:00" endTime="2019-06-07T20:50:44.4823030+00:00" testType="13cdc9d9-ddb5-4fa4-a97d-d965ccfc6d4b" outcome="Passed" testListId="8c84fa94-04c1-424b-9868-57a2d4851a1d" relativeResultsDirectory="1e7d3fb2-0bff-4937-89a2-cc96e7c5d5c2" dataRowInfo="3" resultType="DataDrivenDataRow" />
      </InnerResults>
    </UnitTestResult>
    <UnitTestResult executionId="67c65b4d-1db7-442e-af4c-effe373e4aee" testId="b18c1e04-4294-0628-a8dc-76228ab1aa17" testName="FromName_ValidName_ShouldBeNone" computerName="9fcac87c26c6" duration="00:00:00.0020336" startTime="2019-06-07T20:50:44.4257785+00:00" endTime="2019-06-07T20:50:44.4280615+00:00" testType="13cdc9d9-ddb5-4fa4-a97d-d965ccfc6d4b" outcome="Passed" testListId="8c84fa94-04c1-424b-9868-57a2d4851a1d" relativeResultsDirectory="67c65b4d-1db7-442e-af4c-effe373e4aee" />
    <UnitTestResult executionId="0ad4599f-bfa8-437b-be50-d981a218c325" testId="107d232e-d7cd-1ea1-9c57-906723e9bfde" testName="OperatorEquals_SameEntityId_ShouldBeTrue" computerName="9fcac87c26c6" duration="00:00:00.0023704" startTime="2019-06-07T20:50:43.0462674+00:00" endTime="2019-06-07T20:50:43.0488691+00:00" testType="13cdc9d9-ddb5-4fa4-a97d-d965ccfc6d4b" outcome="Passed" testListId="8c84fa94-04c1-424b-9868-57a2d4851a1d" relativeResultsDirectory="0ad4599f-bfa8-437b-be50-d981a218c325" />
    <UnitTestResult executionId="c65d4888-8c14-4bc6-a905-f53cff143a43" testId="67ec14e2-c30e-6c72-c1c3-7bbc61f8dd93" testName="ConvertFrom_AllOrNoneEnumeration_ShouldBeNone" computerName="9fcac87c26c6" duration="00:00:00.0008338" startTime="2019-06-07T20:50:44.4450947+00:00" endTime="2019-06-07T20:50:44.4462393+00:00" testType="13cdc9d9-ddb5-4fa4-a97d-d965ccfc6d4b" outcome="Passed" testListId="8c84fa94-04c1-424b-9868-57a2d4851a1d" relativeResultsDirectory="c65d4888-8c14-4bc6-a905-f53cff143a43" resultType="DataDrivenTest">
      <InnerResults>
        <UnitTestResult executionId="4f83d002-22a4-4176-8d7f-975572f9a0f7" parentExecutionId="c65d4888-8c14-4bc6-a905-f53cff143a43" testId="67ec14e2-c30e-6c72-c1c3-7bbc61f8dd93" testName="ConvertFrom_AllOrNoneEnumeration_ShouldBeNone (0)" computerName="9fcac87c26c6" duration="00:00:00.0005167" startTime="2019-06-07T20:50:44.4450947+00:00" endTime="2019-06-07T20:50:44.4462393+00:00" testType="13cdc9d9-ddb5-4fa4-a97d-d965ccfc6d4b" outcome="Passed" testListId="8c84fa94-04c1-424b-9868-57a2d4851a1d" relativeResultsDirectory="4f83d002-22a4-4176-8d7f-975572f9a0f7" dataRowInfo="1" resultType="DataDrivenDataRow" />
        <UnitTestResult executionId="8b03dec5-d658-4fc7-8f67-84d63acf1aee" parentExecutionId="c65d4888-8c14-4bc6-a905-f53cff143a43" testId="67ec14e2-c30e-6c72-c1c3-7bbc61f8dd93" testName="ConvertFrom_AllOrNoneEnumeration_ShouldBeNone (-1)" computerName="9fcac87c26c6" duration="00:00:00.0000420" startTime="2019-06-07T20:50:44.4450947+00:00" endTime="2019-06-07T20:50:44.4462393+00:00" testType="13cdc9d9-ddb5-4fa4-a97d-d965ccfc6d4b" outcome="Passed" testListId="8c84fa94-04c1-424b-9868-57a2d4851a1d" relativeResultsDirectory="8b03dec5-d658-4fc7-8f67-84d63acf1aee" dataRowInfo="2" resultType="DataDrivenDataRow" />
        <UnitTestResult executionId="9776a424-5e91-4bff-ad6d-ab49a354bd7a" parentExecutionId="c65d4888-8c14-4bc6-a905-f53cff143a43" testId="67ec14e2-c30e-6c72-c1c3-7bbc61f8dd93" testName="ConvertFrom_AllOrNoneEnumeration_ShouldBeNone (None)" computerName="9fcac87c26c6" duration="00:00:00.0000359" startTime="2019-06-07T20:50:44.4450947+00:00" endTime="2019-06-07T20:50:44.4462393+00:00" testType="13cdc9d9-ddb5-4fa4-a97d-d965ccfc6d4b" outcome="Passed" testListId="8c84fa94-04c1-424b-9868-57a2d4851a1d" relativeResultsDirectory="9776a424-5e91-4bff-ad6d-ab49a354bd7a" dataRowInfo="3" resultType="DataDrivenDataRow" />
        <UnitTestResult executionId="80adc58b-fe56-4e04-8dc3-19b8ee757679" parentExecutionId="c65d4888-8c14-4bc6-a905-f53cff143a43" testId="67ec14e2-c30e-6c72-c1c3-7bbc61f8dd93" testName="ConvertFrom_AllOrNoneEnumeration_ShouldBeNone (All)" computerName="9fcac87c26c6" duration="00:00:00.0000286" startTime="2019-06-07T20:50:44.4450947+00:00" endTime="2019-06-07T20:50:44.4462393+00:00" testType="13cdc9d9-ddb5-4fa4-a97d-d965ccfc6d4b" outcome="Passed" testListId="8c84fa94-04c1-424b-9868-57a2d4851a1d" relativeResultsDirectory="80adc58b-fe56-4e04-8dc3-19b8ee757679" dataRowInfo="4" resultType="DataDrivenDataRow" />
      </InnerResults>
    </UnitTestResult>
    <UnitTestResult executionId="f3fe295f-d023-49a7-bd26-663aa1abd8f2" testId="83ac0afc-9bcc-fae1-6d25-2dba4712d8b3" testName="Value_NotEmptyGuid_ShouldBeValue" computerName="9fcac87c26c6" duration="00:00:00.0484741" startTime="2019-06-07T20:50:42.3587333+00:00" endTime="2019-06-07T20:50:42.4079661+00:00" testType="13cdc9d9-ddb5-4fa4-a97d-d965ccfc6d4b" outcome="Passed" testListId="8c84fa94-04c1-424b-9868-57a2d4851a1d" relativeResultsDirectory="f3fe295f-d023-49a7-bd26-663aa1abd8f2" />
    <UnitTestResult executionId="666442d5-1d93-4690-96c9-3598864839f5" testId="2228c2d4-ae9b-db92-8c73-21d9645ee778" testName="Properties_NotEmptyArray_ShouldNotBeEmpty" computerName="9fcac87c26c6" duration="00:00:00.0028373" startTime="2019-06-07T20:50:38.6947957+00:00" endTime="2019-06-07T20:50:38.6977941+00:00" testType="13cdc9d9-ddb5-4fa4-a97d-d965ccfc6d4b" outcome="Passed" testListId="8c84fa94-04c1-424b-9868-57a2d4851a1d" relativeResultsDirectory="666442d5-1d93-4690-96c9-3598864839f5" />
    <UnitTestResult executionId="b48fe504-bc92-46a4-8834-a50ed93095ab" testId="c0765c57-0b68-a4d8-03c5-f70d21e79bb5" testName="Find_NotMatchingType_ShouldBeNull" computerName="9fcac87c26c6" duration="00:00:00.0022682" startTime="2019-06-07T20:50:38.6576119+00:00" endTime="2019-06-07T20:50:38.6600908+00:00" testType="13cdc9d9-ddb5-4fa4-a97d-d965ccfc6d4b" outcome="Passed" testListId="8c84fa94-04c1-424b-9868-57a2d4851a1d" relativeResultsDirectory="b48fe504-bc92-46a4-8834-a50ed93095ab" />
    <UnitTestResult executionId="929d5072-4c6f-4a9c-b8ec-d2af46038c63" testId="d46e54ab-b1d1-3ba1-7b54-9d41407d978e" testName="Validate_EmptyEntityId_ShouldBeFalse" computerName="9fcac87c26c6" duration="00:00:00.0015687" startTime="2019-06-07T20:50:38.2393046+00:00" endTime="2019-06-07T20:50:38.2423580+00:00" testType="13cdc9d9-ddb5-4fa4-a97d-d965ccfc6d4b" outcome="Passed" testListId="8c84fa94-04c1-424b-9868-57a2d4851a1d" relativeResultsDirectory="929d5072-4c6f-4a9c-b8ec-d2af46038c63" />
  </Results>
  <TestDefinitions>
    <UnitTest name="HasEnumeration_NoneEnumeration_ShouldBeFalse" storage="/tmp/test/edoxa.seedwork.tests/bin/debug/netcoreapp2.2/edoxa.seedwork.tests.dll" id="b0c456da-dcc1-6f44-d94e-55234d263c18">
      <Execution id="8ac043ee-aa09-45f2-8718-c70694c70216" />
      <TestMethod codeBase="/tmp/test/eDoxa.Seedwork.Tests/bin/Debug/netcoreapp2.2/eDoxa.Seedwork.Tests.dll" adapterTypeName="executor://mstestadapter/v2" className="eDoxa.Seedwork.Tests.Aggregate.EnumerationTest" name="HasEnumeration_NoneEnumeration_ShouldBeFalse" />
    </UnitTest>
    <UnitTest name="Equals_DifferentProperty_ShouldBeFalse" storage="/tmp/test/edoxa.seedwork.tests/bin/debug/netcoreapp2.2/edoxa.seedwork.tests.dll" id="8947d4a9-da6b-c23b-ab74-42d8830da815">
      <Execution id="566c9f80-8bdb-4a48-90e9-cdddc832dd45" />
      <TestMethod codeBase="/tmp/test/eDoxa.Seedwork.Tests/bin/Debug/netcoreapp2.2/eDoxa.Seedwork.Tests.dll" adapterTypeName="executor://mstestadapter/v2" className="eDoxa.Seedwork.Tests.Aggregate.ValueObjectTest" name="Equals_DifferentProperty_ShouldBeFalse" />
    </UnitTest>
    <UnitTest name="ConvertTo_String_ShouldBeValue" storage="/tmp/test/edoxa.seedwork.tests/bin/debug/netcoreapp2.2/edoxa.seedwork.tests.dll" id="7f7117ba-97f8-b7d0-615a-61d323404eb4">
      <Execution id="cd6ca98c-f6bc-4435-b346-b6437511d970" />
      <TestMethod codeBase="/tmp/test/eDoxa.Seedwork.Tests/bin/Debug/netcoreapp2.2/eDoxa.Seedwork.Tests.dll" adapterTypeName="executor://mstestadapter/v2" className="eDoxa.Seedwork.Tests.Aggregate.EntityIdTest" name="ConvertTo_String_ShouldBeValue" />
    </UnitTest>
    <UnitTest name="Enumeration_GetTypes_ShouldContainAssembliesEnumerationTypes" storage="/tmp/test/edoxa.seedwork.tests/bin/debug/netcoreapp2.2/edoxa.seedwork.tests.dll" id="c3af98d0-ae64-3cdc-68c2-c8a55843471d">
      <Execution id="711aef66-5861-4ad8-8198-8ba2f8ca6da7" />
      <TestMethod codeBase="/tmp/test/eDoxa.Seedwork.Tests/bin/Debug/netcoreapp2.2/eDoxa.Seedwork.Tests.dll" adapterTypeName="executor://mstestadapter/v2" className="eDoxa.Seedwork.Tests.Aggregate.EnumerationTest" name="Enumeration_GetTypes_ShouldContainAssembliesEnumerationTypes" />
    </UnitTest>
    <UnitTest name="FromName_InvalidName_ShouldBeNone" storage="/tmp/test/edoxa.seedwork.tests/bin/debug/netcoreapp2.2/edoxa.seedwork.tests.dll" id="e9815203-e2c4-b2bd-6ee2-5d819dcc8db9">
      <Execution id="01bc4f4b-c28d-4a05-92e5-dd373fc73fac" />
      <TestMethod codeBase="/tmp/test/eDoxa.Seedwork.Tests/bin/Debug/netcoreapp2.2/eDoxa.Seedwork.Tests.dll" adapterTypeName="executor://mstestadapter/v2" className="eDoxa.Seedwork.Tests.Aggregate.EnumerationTest" name="FromName_InvalidName_ShouldBeNone" />
    </UnitTest>
    <UnitTest name="CanConvertFrom_ValidType_ShouldBeFalse" storage="/tmp/test/edoxa.seedwork.tests/bin/debug/netcoreapp2.2/edoxa.seedwork.tests.dll" id="c0154066-9433-179b-5f00-4da88094b8a4">
      <Execution id="798b6e05-0ce9-4e76-9e9c-d751b18faad0" />
      <TestMethod codeBase="/tmp/test/eDoxa.Seedwork.Tests/bin/Debug/netcoreapp2.2/eDoxa.Seedwork.Tests.dll" adapterTypeName="executor://mstestadapter/v2" className="eDoxa.Seedwork.Tests.Aggregate.EntityIdTest" name="CanConvertFrom_ValidType_ShouldBeFalse" />
    </UnitTest>
    <UnitTest name="Equals_SameType_ShouldBeFalse" storage="/tmp/test/edoxa.seedwork.tests/bin/debug/netcoreapp2.2/edoxa.seedwork.tests.dll" id="760d16f0-3712-6af0-b503-1f744726d1ad">
      <Execution id="af3f9363-08d4-47a2-9ffd-a34bf384693f" />
      <TestMethod codeBase="/tmp/test/eDoxa.Seedwork.Tests/bin/Debug/netcoreapp2.2/eDoxa.Seedwork.Tests.dll" adapterTypeName="executor://mstestadapter/v2" className="eDoxa.Seedwork.Tests.Aggregate.EntityIdTest" name="Equals_SameType_ShouldBeFalse" />
    </UnitTest>
    <UnitTest name="ConvertFrom_InvalidEnumeration_ShouldBeValue" storage="/tmp/test/edoxa.seedwork.tests/bin/debug/netcoreapp2.2/edoxa.seedwork.tests.dll" id="2269c3fd-bcb3-6ad9-d99f-db0282e872e0">
      <Execution id="6ff2932c-a847-4202-b7ac-d59938965477" />
      <TestMethod codeBase="/tmp/test/eDoxa.Seedwork.Tests/bin/Debug/netcoreapp2.2/eDoxa.Seedwork.Tests.dll" adapterTypeName="executor://mstestadapter/v2" className="eDoxa.Seedwork.Tests.Aggregate.EnumerationTest" name="ConvertFrom_InvalidEnumeration_ShouldBeValue" />
    </UnitTest>
    <UnitTest name="Or_IsNotSatisfiedByEntity_ShouldBeFalse" storage="/tmp/test/edoxa.seedwork.tests/bin/debug/netcoreapp2.2/edoxa.seedwork.tests.dll" id="a6c0ea45-c4dd-f6a9-5f83-080a8cda2c5e">
      <Execution id="3bcb0b3f-6363-4611-ae07-ec32ca401c32" />
      <TestMethod codeBase="/tmp/test/eDoxa.Seedwork.Tests/bin/Debug/netcoreapp2.2/eDoxa.Seedwork.Tests.dll" adapterTypeName="executor://mstestadapter/v2" className="eDoxa.Seedwork.Tests.Specifications.SpecificationTest" name="Or_IsNotSatisfiedByEntity_ShouldBeFalse" />
    </UnitTest>
    <UnitTest name="FromName_ValidName_ShouldBeNone" storage="/tmp/test/edoxa.seedwork.tests/bin/debug/netcoreapp2.2/edoxa.seedwork.tests.dll" id="b18c1e04-4294-0628-a8dc-76228ab1aa17">
      <Execution id="67c65b4d-1db7-442e-af4c-effe373e4aee" />
      <TestMethod codeBase="/tmp/test/eDoxa.Seedwork.Tests/bin/Debug/netcoreapp2.2/eDoxa.Seedwork.Tests.dll" adapterTypeName="executor://mstestadapter/v2" className="eDoxa.Seedwork.Tests.Aggregate.EnumerationTest" name="FromName_ValidName_ShouldBeNone" />
    </UnitTest>
    <UnitTest name="Database_CanConnect_ShouldBeTrue" storage="/tmp/test/edoxa.seedwork.tests/bin/debug/netcoreapp2.2/edoxa.seedwork.tests.dll" id="ec7caa96-437c-a458-973b-cf151dc67e73">
      <Execution id="fb9f3af6-1598-4071-aa23-cfa86b309bf1" />
      <TestMethod codeBase="/tmp/test/eDoxa.Seedwork.Tests/bin/Debug/netcoreapp2.2/eDoxa.Seedwork.Tests.dll" adapterTypeName="executor://mstestadapter/v2" className="eDoxa.Seedwork.Tests.Infrastructure.CustomDbContextTest" name="Database_CanConnect_ShouldBeTrue" />
    </UnitTest>
    <UnitTest name="Value_InvalidGuid_ShouldBeValue" storage="/tmp/test/edoxa.seedwork.tests/bin/debug/netcoreapp2.2/edoxa.seedwork.tests.dll" id="240b2808-ff4e-1810-73a7-ff2d533e3994">
      <Execution id="a3f6ed0d-9477-4d50-9926-3ece6c30a84d" />
      <TestMethod codeBase="/tmp/test/eDoxa.Seedwork.Tests/bin/Debug/netcoreapp2.2/eDoxa.Seedwork.Tests.dll" adapterTypeName="executor://mstestadapter/v2" className="eDoxa.Seedwork.Tests.Aggregate.EntityIdTest" name="Value_InvalidGuid_ShouldBeValue" />
    </UnitTest>
    <UnitTest name="AddDomainEvent_SingleDomainEvent_ShouldNotBeEmpty" storage="/tmp/test/edoxa.seedwork.tests/bin/debug/netcoreapp2.2/edoxa.seedwork.tests.dll" id="73c19122-1128-af4f-dfb4-42a1195f86dc">
      <Execution id="56152c08-1817-4de1-bfd9-e77308417c38" />
      <TestMethod codeBase="/tmp/test/eDoxa.Seedwork.Tests/bin/Debug/netcoreapp2.2/eDoxa.Seedwork.Tests.dll" adapterTypeName="executor://mstestadapter/v2" className="eDoxa.Seedwork.Tests.Aggregate.EntityTest" name="AddDomainEvent_SingleDomainEvent_ShouldNotBeEmpty" />
    </UnitTest>
    <UnitTest name="Not_IsNotSatisfiedByEntity_ShouldBeFalse" storage="/tmp/test/edoxa.seedwork.tests/bin/debug/netcoreapp2.2/edoxa.seedwork.tests.dll" id="d1a276e6-a20b-709b-2305-359fca2b6080">
      <Execution id="498a15c5-8aba-416f-8e36-8425c3227fe2" />
      <TestMethod codeBase="/tmp/test/eDoxa.Seedwork.Tests/bin/Debug/netcoreapp2.2/eDoxa.Seedwork.Tests.dll" adapterTypeName="executor://mstestadapter/v2" className="eDoxa.Seedwork.Tests.Specifications.SpecificationTest" name="Not_IsNotSatisfiedByEntity_ShouldBeFalse" />
    </UnitTest>
    <UnitTest name="CanConvertTo_ValidType_ShouldBeFalse" storage="/tmp/test/edoxa.seedwork.tests/bin/debug/netcoreapp2.2/edoxa.seedwork.tests.dll" id="aecb14fd-1089-6f6b-67c7-99f80f0fa71c">
      <Execution id="130d1e44-2abe-4cd6-9354-981fe39fe712" />
      <TestMethod codeBase="/tmp/test/eDoxa.Seedwork.Tests/bin/Debug/netcoreapp2.2/eDoxa.Seedwork.Tests.dll" adapterTypeName="executor://mstestadapter/v2" className="eDoxa.Seedwork.Tests.Aggregate.EnumerationTest" name="CanConvertTo_ValidType_ShouldBeFalse" />
    </UnitTest>
    <UnitTest name="GetHashCode_DifferentProperty_ShouldNotBeEquals" storage="/tmp/test/edoxa.seedwork.tests/bin/debug/netcoreapp2.2/edoxa.seedwork.tests.dll" id="581386fc-68f1-b68b-a71c-45627500c1b2">
      <Execution id="93363533-fe72-4b08-9546-a2c479ffda61" />
      <TestMethod codeBase="/tmp/test/eDoxa.Seedwork.Tests/bin/Debug/netcoreapp2.2/eDoxa.Seedwork.Tests.dll" adapterTypeName="executor://mstestadapter/v2" className="eDoxa.Seedwork.Tests.Aggregate.ValueObjectTest" name="GetHashCode_DifferentProperty_ShouldNotBeEquals" />
    </UnitTest>
    <UnitTest name="HasFilter_AllEnumeration_ShouldBeTrue" storage="/tmp/test/edoxa.seedwork.tests/bin/debug/netcoreapp2.2/edoxa.seedwork.tests.dll" id="735ba8fb-2f1a-2997-cb45-754dae5ae075">
      <Execution id="f7698d01-ad84-42e9-8343-2a2e2408748c" />
      <TestMethod codeBase="/tmp/test/eDoxa.Seedwork.Tests/bin/Debug/netcoreapp2.2/eDoxa.Seedwork.Tests.dll" adapterTypeName="executor://mstestadapter/v2" className="eDoxa.Seedwork.Tests.Aggregate.EnumerationTest" name="HasFilter_AllEnumeration_ShouldBeTrue" />
    </UnitTest>
    <UnitTest name="HasEnumeration_ValidEnumeration_ShouldBeTrue" storage="/tmp/test/edoxa.seedwork.tests/bin/debug/netcoreapp2.2/edoxa.seedwork.tests.dll" id="2a116965-d3fb-0ec1-4bf9-614a28e3acc7">
      <Execution id="79acc94e-20f0-400e-ba75-da809edf636d" />
      <TestMethod codeBase="/tmp/test/eDoxa.Seedwork.Tests/bin/Debug/netcoreapp2.2/eDoxa.Seedwork.Tests.dll" adapterTypeName="executor://mstestadapter/v2" className="eDoxa.Seedwork.Tests.Aggregate.EnumerationTest" name="HasEnumeration_ValidEnumeration_ShouldBeTrue" />
    </UnitTest>
    <UnitTest name="ConvertFrom_ValidString_ShouldBeValue" storage="/tmp/test/edoxa.seedwork.tests/bin/debug/netcoreapp2.2/edoxa.seedwork.tests.dll" id="3e394cae-b047-5c9f-5f38-944c6a4badeb">
      <Execution id="fee01fa3-7629-4d29-a814-dc66c2aec518" />
      <TestMethod codeBase="/tmp/test/eDoxa.Seedwork.Tests/bin/Debug/netcoreapp2.2/eDoxa.Seedwork.Tests.dll" adapterTypeName="executor://mstestadapter/v2" className="eDoxa.Seedwork.Tests.Aggregate.EntityIdTest" name="ConvertFrom_ValidString_ShouldBeValue" />
    </UnitTest>
    <UnitTest name="And_IsNotSatisfiedByEntity_ShouldBeFalse" storage="/tmp/test/edoxa.seedwork.tests/bin/debug/netcoreapp2.2/edoxa.seedwork.tests.dll" id="d82394e4-cd82-dd4a-9e16-af8ba7b508f3">
      <Execution id="f0a00dd1-4564-412b-86c3-dfe77d808d17" />
      <TestMethod codeBase="/tmp/test/eDoxa.Seedwork.Tests/bin/Debug/netcoreapp2.2/eDoxa.Seedwork.Tests.dll" adapterTypeName="executor://mstestadapter/v2" className="eDoxa.Seedwork.Tests.Specifications.SpecificationTest" name="And_IsNotSatisfiedByEntity_ShouldBeFalse" />
    </UnitTest>
    <UnitTest name="HasFilter_NoneEnumeration_ShouldBeFalse" storage="/tmp/test/edoxa.seedwork.tests/bin/debug/netcoreapp2.2/edoxa.seedwork.tests.dll" id="96c5b1e1-d1d8-ab20-0bb4-08711a7fd9ee">
      <Execution id="02c0d905-1cf3-4351-a4b4-3ce26dfd9588" />
      <TestMethod codeBase="/tmp/test/eDoxa.Seedwork.Tests/bin/Debug/netcoreapp2.2/eDoxa.Seedwork.Tests.dll" adapterTypeName="executor://mstestadapter/v2" className="eDoxa.Seedwork.Tests.Aggregate.EnumerationTest" name="HasFilter_NoneEnumeration_ShouldBeFalse" />
    </UnitTest>
    <UnitTest name="Find_NotMatchingType_ShouldBeNull" storage="/tmp/test/edoxa.seedwork.tests/bin/debug/netcoreapp2.2/edoxa.seedwork.tests.dll" id="c0765c57-0b68-a4d8-03c5-f70d21e79bb5">
      <Execution id="b48fe504-bc92-46a4-8834-a50ed93095ab" />
      <TestMethod codeBase="/tmp/test/eDoxa.Seedwork.Tests/bin/Debug/netcoreapp2.2/eDoxa.Seedwork.Tests.dll" adapterTypeName="executor://mstestadapter/v2" className="eDoxa.Seedwork.Tests.Reflection.DomainSignatureCacheTest" name="Find_NotMatchingType_ShouldBeNull" />
    </UnitTest>
    <UnitTest name="IsSatisfiedBy_Entity_ShouldBeTrue" storage="/tmp/test/edoxa.seedwork.tests/bin/debug/netcoreapp2.2/edoxa.seedwork.tests.dll" id="b980b9e6-6ce9-5a30-81d5-b47a8990e59e">
      <Execution id="7b9573ff-9a1a-44fe-a76c-977ed4ffe5cf" />
      <TestMethod codeBase="/tmp/test/eDoxa.Seedwork.Tests/bin/Debug/netcoreapp2.2/eDoxa.Seedwork.Tests.dll" adapterTypeName="executor://mstestadapter/v2" className="eDoxa.Seedwork.Tests.Specifications.SpecificationTest" name="IsSatisfiedBy_Entity_ShouldBeTrue" />
    </UnitTest>
    <UnitTest name="IsTransient_NotEmptyGuid_ShouldBeFalse" storage="/tmp/test/edoxa.seedwork.tests/bin/debug/netcoreapp2.2/edoxa.seedwork.tests.dll" id="53aa9f3a-49f4-c05b-a2dd-e7814778641f">
      <Execution id="a8904009-b0aa-4b5c-bb1d-6ed6aa412972" />
      <TestMethod codeBase="/tmp/test/eDoxa.Seedwork.Tests/bin/Debug/netcoreapp2.2/eDoxa.Seedwork.Tests.dll" adapterTypeName="executor://mstestadapter/v2" className="eDoxa.Seedwork.Tests.Aggregate.EntityIdTest" name="IsTransient_NotEmptyGuid_ShouldBeFalse" />
    </UnitTest>
    <UnitTest name="Type_NotNullType_ShouldBeType" storage="/tmp/test/edoxa.seedwork.tests/bin/debug/netcoreapp2.2/edoxa.seedwork.tests.dll" id="9387f930-e629-a68e-11a1-e782dacafba2">
      <Execution id="1b44d4b4-4a2c-47eb-828c-aafac4d3976b" />
      <TestMethod codeBase="/tmp/test/eDoxa.Seedwork.Tests/bin/Debug/netcoreapp2.2/eDoxa.Seedwork.Tests.dll" adapterTypeName="executor://mstestadapter/v2" className="eDoxa.Seedwork.Tests.Reflection.DomainSignatureTest" name="Type_NotNullType_ShouldBeType" />
    </UnitTest>
    <UnitTest name="Validate_EntityId_ShouldBeTrue" storage="/tmp/test/edoxa.seedwork.tests/bin/debug/netcoreapp2.2/edoxa.seedwork.tests.dll" id="a5205e03-12ee-5687-fdfb-580df0712fd5">
      <Execution id="e088f3f6-fd42-431f-bbf7-ef4fbed111aa" />
      <TestMethod codeBase="/tmp/test/eDoxa.Seedwork.Tests/bin/Debug/netcoreapp2.2/eDoxa.Seedwork.Tests.dll" adapterTypeName="executor://mstestadapter/v2" className="eDoxa.Seedwork.Tests.Validations.EntityIdValidatorTest" name="Validate_EntityId_ShouldBeTrue" />
    </UnitTest>
    <UnitTest name="FromValue_InvalidValue_ShouldBeNone" storage="/tmp/test/edoxa.seedwork.tests/bin/debug/netcoreapp2.2/edoxa.seedwork.tests.dll" id="02b87f18-2450-2345-394d-1451f8c3c442">
      <Execution id="86b07353-4a8b-4e4c-995a-33de6d0a4844" />
      <TestMethod codeBase="/tmp/test/eDoxa.Seedwork.Tests/bin/Debug/netcoreapp2.2/eDoxa.Seedwork.Tests.dll" adapterTypeName="executor://mstestadapter/v2" className="eDoxa.Seedwork.Tests.Aggregate.EnumerationTest" name="FromValue_InvalidValue_ShouldBeNone" />
    </UnitTest>
    <UnitTest name="ConvertTo_EnumerationName_ShouldBeEnumeration" storage="/tmp/test/edoxa.seedwork.tests/bin/debug/netcoreapp2.2/edoxa.seedwork.tests.dll" id="93636677-a52a-ed9b-412b-d91a17d17f58">
      <Execution id="032af22f-06c8-409a-a6a6-c0acc56be2d3" />
      <TestMethod codeBase="/tmp/test/eDoxa.Seedwork.Tests/bin/Debug/netcoreapp2.2/eDoxa.Seedwork.Tests.dll" adapterTypeName="executor://mstestadapter/v2" className="eDoxa.Seedwork.Tests.Aggregate.EnumerationTest" name="ConvertTo_EnumerationName_ShouldBeEnumeration" />
    </UnitTest>
    <UnitTest name="Id_NullReference_ShouldThrowArgumentNullException" storage="/tmp/test/edoxa.seedwork.tests/bin/debug/netcoreapp2.2/edoxa.seedwork.tests.dll" id="ff000618-59c7-b4ca-fe2b-cfbf6968ec6f">
      <Execution id="5a5edc6a-fc01-4064-aa77-c66f5640bfc3" />
      <TestMethod codeBase="/tmp/test/eDoxa.Seedwork.Tests/bin/Debug/netcoreapp2.2/eDoxa.Seedwork.Tests.dll" adapterTypeName="executor://mstestadapter/v2" className="eDoxa.Seedwork.Tests.Aggregate.EntityTest" name="Id_NullReference_ShouldThrowArgumentNullException" />
    </UnitTest>
    <UnitTest name="Database_CanConnect_ShouldBeTrue" storage="/tmp/test/edoxa.seedwork.tests/bin/debug/netcoreapp2.2/edoxa.seedwork.tests.dll" id="97910f43-ce65-0a51-aff5-dcb38821e86a">
      <Execution id="906882d2-18cd-4816-8ddd-74815df32a91" />
      <TestMethod codeBase="/tmp/test/eDoxa.Seedwork.Tests/bin/Debug/netcoreapp2.2/eDoxa.Seedwork.Tests.dll" adapterTypeName="executor://mstestadapter/v2" className="eDoxa.Seedwork.Tests.Infrastructure.InMemoryDbContextFactoryTest" name="Database_CanConnect_ShouldBeTrue" />
    </UnitTest>
    <UnitTest name="ConvertFrom_InvalidType_ShouldThrowNotSupportedException" storage="/tmp/test/edoxa.seedwork.tests/bin/debug/netcoreapp2.2/edoxa.seedwork.tests.dll" id="f38074b8-e629-600b-d13e-7003f5880ec9">
      <Execution id="b865cf70-1212-4677-82ae-57e690021fc2" />
      <TestMethod codeBase="/tmp/test/eDoxa.Seedwork.Tests/bin/Debug/netcoreapp2.2/eDoxa.Seedwork.Tests.dll" adapterTypeName="executor://mstestadapter/v2" className="eDoxa.Seedwork.Tests.Aggregate.EnumerationTest" name="ConvertFrom_InvalidType_ShouldThrowNotSupportedException" />
    </UnitTest>
    <UnitTest name="ConvertFrom_InvalidString_ShouldBeValue" storage="/tmp/test/edoxa.seedwork.tests/bin/debug/netcoreapp2.2/edoxa.seedwork.tests.dll" id="8dad8de6-302e-3edb-d6de-420d8d686e05">
      <Execution id="c32eb272-013c-4624-b158-438eaf17ff85" />
      <TestMethod codeBase="/tmp/test/eDoxa.Seedwork.Tests/bin/Debug/netcoreapp2.2/eDoxa.Seedwork.Tests.dll" adapterTypeName="executor://mstestadapter/v2" className="eDoxa.Seedwork.Tests.Aggregate.EntityIdTest" name="ConvertFrom_InvalidString_ShouldBeValue" />
    </UnitTest>
    <UnitTest name="GetOrAdd_KeyNotExist_ShouldBeSameSignature" storage="/tmp/test/edoxa.seedwork.tests/bin/debug/netcoreapp2.2/edoxa.seedwork.tests.dll" id="ffd2a497-78ee-962b-d394-d8f4b96daa01">
      <Execution id="2ed275c3-ac18-4a80-bc31-da3a7ac0b8e3" />
      <TestMethod codeBase="/tmp/test/eDoxa.Seedwork.Tests/bin/Debug/netcoreapp2.2/eDoxa.Seedwork.Tests.dll" adapterTypeName="executor://mstestadapter/v2" className="eDoxa.Seedwork.Tests.Reflection.DomainSignatureCacheTest" name="GetOrAdd_KeyNotExist_ShouldBeSameSignature" />
    </UnitTest>
    <UnitTest name="Equals_DifferentTypes_ShouldBeFalse" storage="/tmp/test/edoxa.seedwork.tests/bin/debug/netcoreapp2.2/edoxa.seedwork.tests.dll" id="22138558-a1bf-59db-b634-31189b37de62">
      <Execution id="3c344534-f77f-4d04-909e-e69ae1707dfb" />
      <TestMethod codeBase="/tmp/test/eDoxa.Seedwork.Tests/bin/Debug/netcoreapp2.2/eDoxa.Seedwork.Tests.dll" adapterTypeName="executor://mstestadapter/v2" className="eDoxa.Seedwork.Tests.Aggregate.EntityTest" name="Equals_DifferentTypes_ShouldBeFalse" />
    </UnitTest>
    <UnitTest name="GetHashCode_IsTransient_ShouldAssignBaseHashCodeToCachedHashCode" storage="/tmp/test/edoxa.seedwork.tests/bin/debug/netcoreapp2.2/edoxa.seedwork.tests.dll" id="6cc3f0cd-c81f-a80d-98a0-6f3ff582b337">
      <Execution id="5fb640f7-6382-4e03-8bb5-9bca2bd5ee82" />
      <TestMethod codeBase="/tmp/test/eDoxa.Seedwork.Tests/bin/Debug/netcoreapp2.2/eDoxa.Seedwork.Tests.dll" adapterTypeName="executor://mstestadapter/v2" className="eDoxa.Seedwork.Tests.Aggregate.EntityTest" name="GetHashCode_IsTransient_ShouldAssignBaseHashCodeToCachedHashCode" />
    </UnitTest>
    <UnitTest name="Properties_EmptyArray_ShouldBeEmpty" storage="/tmp/test/edoxa.seedwork.tests/bin/debug/netcoreapp2.2/edoxa.seedwork.tests.dll" id="b1bbf5e5-42fa-8ee1-4de1-7944f5ffb054">
      <Execution id="d842e432-0157-4f93-8e76-a9d5311d9fb9" />
      <TestMethod codeBase="/tmp/test/eDoxa.Seedwork.Tests/bin/Debug/netcoreapp2.2/eDoxa.Seedwork.Tests.dll" adapterTypeName="executor://mstestadapter/v2" className="eDoxa.Seedwork.Tests.Reflection.DomainSignatureTest" name="Properties_EmptyArray_ShouldBeEmpty" />
    </UnitTest>
    <UnitTest name="ConvertFrom_NullReference_ShouldBeValue" storage="/tmp/test/edoxa.seedwork.tests/bin/debug/netcoreapp2.2/edoxa.seedwork.tests.dll" id="a6c2a200-b8b5-8fd3-d1c3-26fb00143e27">
      <Execution id="a9b383cf-5a6d-4081-9d8a-4038e0945e24" />
      <TestMethod codeBase="/tmp/test/eDoxa.Seedwork.Tests/bin/Debug/netcoreapp2.2/eDoxa.Seedwork.Tests.dll" adapterTypeName="executor://mstestadapter/v2" className="eDoxa.Seedwork.Tests.Aggregate.EntityIdTest" name="ConvertFrom_NullReference_ShouldBeValue" />
    </UnitTest>
    <UnitTest name="Equals_SameEntityId_ShouldBeTrue" storage="/tmp/test/edoxa.seedwork.tests/bin/debug/netcoreapp2.2/edoxa.seedwork.tests.dll" id="0764c15b-f234-aed4-c1cf-1d57f9944eef">
      <Execution id="1d1fdf39-989e-4a5a-a976-e8aa58ab239d" />
      <TestMethod codeBase="/tmp/test/eDoxa.Seedwork.Tests/bin/Debug/netcoreapp2.2/eDoxa.Seedwork.Tests.dll" adapterTypeName="executor://mstestadapter/v2" className="eDoxa.Seedwork.Tests.Aggregate.EntityTest" name="Equals_SameEntityId_ShouldBeTrue" />
    </UnitTest>
    <UnitTest name="Equals_SameProperty_ShouldBeTrue" storage="/tmp/test/edoxa.seedwork.tests/bin/debug/netcoreapp2.2/edoxa.seedwork.tests.dll" id="98b722c5-bad3-f8a0-271d-ec839c435522">
      <Execution id="4fbf05d4-fd9e-4d43-b7f7-544e01fa6071" />
      <TestMethod codeBase="/tmp/test/eDoxa.Seedwork.Tests/bin/Debug/netcoreapp2.2/eDoxa.Seedwork.Tests.dll" adapterTypeName="executor://mstestadapter/v2" className="eDoxa.Seedwork.Tests.Aggregate.ValueObjectTest" name="Equals_SameProperty_ShouldBeTrue" />
    </UnitTest>
    <UnitTest name="Enumeration_GetAll_ShouldHaveCountOfFive" storage="/tmp/test/edoxa.seedwork.tests/bin/debug/netcoreapp2.2/edoxa.seedwork.tests.dll" id="b813f473-e1e4-416a-ea39-f5ce9658f149">
      <Execution id="2a892745-f8a2-43ac-9aba-78a9f42cf8a4" />
      <TestMethod codeBase="/tmp/test/eDoxa.Seedwork.Tests/bin/Debug/netcoreapp2.2/eDoxa.Seedwork.Tests.dll" adapterTypeName="executor://mstestadapter/v2" className="eDoxa.Seedwork.Tests.Aggregate.EnumerationTest" name="Enumeration_GetAll_ShouldHaveCountOfFive" />
    </UnitTest>
    <UnitTest name="Or_IsSatisfiedByEntity_ShouldBeTrue" storage="/tmp/test/edoxa.seedwork.tests/bin/debug/netcoreapp2.2/edoxa.seedwork.tests.dll" id="1f6a0183-9891-83af-d420-6c5d5fd0accf">
      <Execution id="3377906a-d424-4797-85ab-5a0c5972feb6" />
      <TestMethod codeBase="/tmp/test/eDoxa.Seedwork.Tests/bin/Debug/netcoreapp2.2/eDoxa.Seedwork.Tests.dll" adapterTypeName="executor://mstestadapter/v2" className="eDoxa.Seedwork.Tests.Specifications.SpecificationTest" name="Or_IsSatisfiedByEntity_ShouldBeTrue" />
    </UnitTest>
    <UnitTest name="Equals_DifferentType_ShouldBeFalse" storage="/tmp/test/edoxa.seedwork.tests/bin/debug/netcoreapp2.2/edoxa.seedwork.tests.dll" id="535d6e02-85ba-5b56-475a-6da5ce5bf687">
      <Execution id="83d8643b-039d-4f60-9f49-66c3a4c84bb5" />
      <TestMethod codeBase="/tmp/test/eDoxa.Seedwork.Tests/bin/Debug/netcoreapp2.2/eDoxa.Seedwork.Tests.dll" adapterTypeName="executor://mstestadapter/v2" className="eDoxa.Seedwork.Tests.Reflection.DomainSignatureTest" name="Equals_DifferentType_ShouldBeFalse" />
    </UnitTest>
    <UnitTest name="ConvertFrom_InvalidType_ShouldThrowNotSupportedException" storage="/tmp/test/edoxa.seedwork.tests/bin/debug/netcoreapp2.2/edoxa.seedwork.tests.dll" id="9aece308-56d1-4b70-d9f5-5992cc5431c6">
      <Execution id="bd217b6d-af65-41a0-9b57-929b3f0b3b27" />
      <TestMethod codeBase="/tmp/test/eDoxa.Seedwork.Tests/bin/Debug/netcoreapp2.2/eDoxa.Seedwork.Tests.dll" adapterTypeName="executor://mstestadapter/v2" className="eDoxa.Seedwork.Tests.Aggregate.EntityIdTest" name="ConvertFrom_InvalidType_ShouldThrowNotSupportedException" />
    </UnitTest>
    <UnitTest name="Equals_DifferentEntityId_ShouldBeFalse" storage="/tmp/test/edoxa.seedwork.tests/bin/debug/netcoreapp2.2/edoxa.seedwork.tests.dll" id="a1775083-27d7-98b2-cfa7-d1a24f4e12e8">
      <Execution id="3af65f20-5ca0-4875-84bd-034e7a395aed" />
      <TestMethod codeBase="/tmp/test/eDoxa.Seedwork.Tests/bin/Debug/netcoreapp2.2/eDoxa.Seedwork.Tests.dll" adapterTypeName="executor://mstestadapter/v2" className="eDoxa.Seedwork.Tests.Aggregate.EntityTest" name="Equals_DifferentEntityId_ShouldBeFalse" />
    </UnitTest>
    <UnitTest name="Validate_NullEnumeration_ShouldBeFalse" storage="/tmp/test/edoxa.seedwork.tests/bin/debug/netcoreapp2.2/edoxa.seedwork.tests.dll" id="56c1dbbf-bc09-a573-3461-3aca290834b3">
      <Execution id="3abd22b1-de22-41eb-8ae9-e44e1856aa40" />
      <TestMethod codeBase="/tmp/test/eDoxa.Seedwork.Tests/bin/Debug/netcoreapp2.2/eDoxa.Seedwork.Tests.dll" adapterTypeName="executor://mstestadapter/v2" className="eDoxa.Seedwork.Tests.Validations.EnumerationValidatorTest" name="Validate_NullEnumeration_ShouldBeFalse" />
    </UnitTest>
    <UnitTest name="Validate_EmptyEntityId_ShouldBeFalse" storage="/tmp/test/edoxa.seedwork.tests/bin/debug/netcoreapp2.2/edoxa.seedwork.tests.dll" id="d46e54ab-b1d1-3ba1-7b54-9d41407d978e">
      <Execution id="929d5072-4c6f-4a9c-b8ec-d2af46038c63" />
      <TestMethod codeBase="/tmp/test/eDoxa.Seedwork.Tests/bin/Debug/netcoreapp2.2/eDoxa.Seedwork.Tests.dll" adapterTypeName="executor://mstestadapter/v2" className="eDoxa.Seedwork.Tests.Validations.EntityIdValidatorTest" name="Validate_EmptyEntityId_ShouldBeFalse" />
    </UnitTest>
    <UnitTest name="GetOrAdd_KeyExist_ShouldBeConcurrentSignature" storage="/tmp/test/edoxa.seedwork.tests/bin/debug/netcoreapp2.2/edoxa.seedwork.tests.dll" id="9967a171-7562-b510-c31e-d5bd97193bb0">
      <Execution id="965edb86-3b32-48e2-9557-f18020d1a5be" />
      <TestMethod codeBase="/tmp/test/eDoxa.Seedwork.Tests/bin/Debug/netcoreapp2.2/eDoxa.Seedwork.Tests.dll" adapterTypeName="executor://mstestadapter/v2" className="eDoxa.Seedwork.Tests.Reflection.DomainSignatureCacheTest" name="GetOrAdd_KeyExist_ShouldBeConcurrentSignature" />
    </UnitTest>
    <UnitTest name="ConvertTo_InvalidType_ShouldThrowNotSupportedException" storage="/tmp/test/edoxa.seedwork.tests/bin/debug/netcoreapp2.2/edoxa.seedwork.tests.dll" id="9870862f-93a1-7b81-fedd-fcf030cc311a">
      <Execution id="8a724ead-445a-40fa-8c37-9e0b37031dec" />
      <TestMethod codeBase="/tmp/test/eDoxa.Seedwork.Tests/bin/Debug/netcoreapp2.2/eDoxa.Seedwork.Tests.dll" adapterTypeName="executor://mstestadapter/v2" className="eDoxa.Seedwork.Tests.Aggregate.EntityIdTest" name="ConvertTo_InvalidType_ShouldThrowNotSupportedException" />
    </UnitTest>
    <UnitTest name="ConvertFrom_ValidEnumeration_ShouldBeEnumeration" storage="/tmp/test/edoxa.seedwork.tests/bin/debug/netcoreapp2.2/edoxa.seedwork.tests.dll" id="b131614f-5063-f447-d607-1a52f0b81c97">
      <Execution id="bce5b0dc-6599-4e7a-80bd-7fa78d41c785" />
      <TestMethod codeBase="/tmp/test/eDoxa.Seedwork.Tests/bin/Debug/netcoreapp2.2/eDoxa.Seedwork.Tests.dll" adapterTypeName="executor://mstestadapter/v2" className="eDoxa.Seedwork.Tests.Aggregate.EnumerationTest" name="ConvertFrom_ValidEnumeration_ShouldBeEnumeration" />
    </UnitTest>
    <UnitTest name="ClearDomainEvents_EmptyList_ShouldBeEmpty" storage="/tmp/test/edoxa.seedwork.tests/bin/debug/netcoreapp2.2/edoxa.seedwork.tests.dll" id="de75014c-170e-930f-bf36-fde3da0904ae">
      <Execution id="c16aad2f-2a7e-40bd-a129-de52b3547c4b" />
      <TestMethod codeBase="/tmp/test/eDoxa.Seedwork.Tests/bin/Debug/netcoreapp2.2/eDoxa.Seedwork.Tests.dll" adapterTypeName="executor://mstestadapter/v2" className="eDoxa.Seedwork.Tests.Aggregate.EntityTest" name="ClearDomainEvents_EmptyList_ShouldBeEmpty" />
    </UnitTest>
    <UnitTest name="ConvertFrom_NullReference_ShouldBeAll" storage="/tmp/test/edoxa.seedwork.tests/bin/debug/netcoreapp2.2/edoxa.seedwork.tests.dll" id="02435ed3-0a00-15b9-772a-ae17008a6651">
      <Execution id="7f711b9d-8105-49a1-a383-21abcbe59a4d" />
      <TestMethod codeBase="/tmp/test/eDoxa.Seedwork.Tests/bin/Debug/netcoreapp2.2/eDoxa.Seedwork.Tests.dll" adapterTypeName="executor://mstestadapter/v2" className="eDoxa.Seedwork.Tests.Aggregate.EnumerationTest" name="ConvertFrom_NullReference_ShouldBeAll" />
    </UnitTest>
    <UnitTest name="Public_Constructor_ShouldBeNone" storage="/tmp/test/edoxa.seedwork.tests/bin/debug/netcoreapp2.2/edoxa.seedwork.tests.dll" id="e11a7247-7259-4ad0-0278-79844c8a4ed9">
      <Execution id="f9d74743-4443-41be-ae1f-f8dbf8d911d6" />
      <TestMethod codeBase="/tmp/test/eDoxa.Seedwork.Tests/bin/Debug/netcoreapp2.2/eDoxa.Seedwork.Tests.dll" adapterTypeName="executor://mstestadapter/v2" className="eDoxa.Seedwork.Tests.Aggregate.EnumerationTest" name="Public_Constructor_ShouldBeNone" />
    </UnitTest>
    <UnitTest name="And_IsSatisfiedByEntity_ShouldBeTrue" storage="/tmp/test/edoxa.seedwork.tests/bin/debug/netcoreapp2.2/edoxa.seedwork.tests.dll" id="c2cab329-d4d1-6d8f-c466-dee18084e73c">
      <Execution id="26ad9c2d-d143-4c1e-bf06-94b13ffd2800" />
      <TestMethod codeBase="/tmp/test/eDoxa.Seedwork.Tests/bin/Debug/netcoreapp2.2/eDoxa.Seedwork.Tests.dll" adapterTypeName="executor://mstestadapter/v2" className="eDoxa.Seedwork.Tests.Specifications.SpecificationTest" name="And_IsSatisfiedByEntity_ShouldBeTrue" />
    </UnitTest>
    <UnitTest name="Clear_NotEmptyCache_ShouldBeZero" storage="/tmp/test/edoxa.seedwork.tests/bin/debug/netcoreapp2.2/edoxa.seedwork.tests.dll" id="c21169fa-9e85-17bd-1cc5-e5596a60303c">
      <Execution id="cf296da5-be48-4d71-abe9-7e222ef73e0d" />
      <TestMethod codeBase="/tmp/test/eDoxa.Seedwork.Tests/bin/Debug/netcoreapp2.2/eDoxa.Seedwork.Tests.dll" adapterTypeName="executor://mstestadapter/v2" className="eDoxa.Seedwork.Tests.Reflection.DomainSignatureCacheTest" name="Clear_NotEmptyCache_ShouldBeZero" />
    </UnitTest>
    <UnitTest name="ConvertTo_InvalidType_ShouldThrowNotSupportedException" storage="/tmp/test/edoxa.seedwork.tests/bin/debug/netcoreapp2.2/edoxa.seedwork.tests.dll" id="de84e8b9-5d80-4956-b81f-eea50f10b15f">
      <Execution id="6a27686f-1006-43f6-8f3c-d153ff2c8a39" />
      <TestMethod codeBase="/tmp/test/eDoxa.Seedwork.Tests/bin/Debug/netcoreapp2.2/eDoxa.Seedwork.Tests.dll" adapterTypeName="executor://mstestadapter/v2" className="eDoxa.Seedwork.Tests.Aggregate.EnumerationTest" name="ConvertTo_InvalidType_ShouldThrowNotSupportedException" />
    </UnitTest>
    <UnitTest name="CanConvertFrom_ValidType_ShouldBeFalse" storage="/tmp/test/edoxa.seedwork.tests/bin/debug/netcoreapp2.2/edoxa.seedwork.tests.dll" id="1b5b436a-d37f-bc8a-f1bc-1dae6e928ea4">
      <Execution id="b0065c12-871c-47ba-9687-c8a5e9424680" />
      <TestMethod codeBase="/tmp/test/eDoxa.Seedwork.Tests/bin/Debug/netcoreapp2.2/eDoxa.Seedwork.Tests.dll" adapterTypeName="executor://mstestadapter/v2" className="eDoxa.Seedwork.Tests.Aggregate.EnumerationTest" name="CanConvertFrom_ValidType_ShouldBeFalse" />
    </UnitTest>
    <UnitTest name="HasFilter_ValidEnumeration_ShouldBeTrue" storage="/tmp/test/edoxa.seedwork.tests/bin/debug/netcoreapp2.2/edoxa.seedwork.tests.dll" id="68f17b2a-6d61-ccba-602d-5621d790ee99">
      <Execution id="4ffdae53-b12a-4c88-81a5-feb67ab0e451" />
      <TestMethod codeBase="/tmp/test/eDoxa.Seedwork.Tests/bin/Debug/netcoreapp2.2/eDoxa.Seedwork.Tests.dll" adapterTypeName="executor://mstestadapter/v2" className="eDoxa.Seedwork.Tests.Aggregate.EnumerationTest" name="HasFilter_ValidEnumeration_ShouldBeTrue" />
    </UnitTest>
    <UnitTest name="HasFilter_InvalidEnumeration_ShouldBeFalse" storage="/tmp/test/edoxa.seedwork.tests/bin/debug/netcoreapp2.2/edoxa.seedwork.tests.dll" id="4e4ac1f8-9915-0455-14e5-cb05b4287f3f">
      <Execution id="28cc893d-07e3-4e02-ada1-7e0456fbcd96" />
      <TestMethod codeBase="/tmp/test/eDoxa.Seedwork.Tests/bin/Debug/netcoreapp2.2/eDoxa.Seedwork.Tests.dll" adapterTypeName="executor://mstestadapter/v2" className="eDoxa.Seedwork.Tests.Aggregate.EnumerationTest" name="HasFilter_InvalidEnumeration_ShouldBeFalse" />
    </UnitTest>
    <UnitTest name="GetHashCode_SameProperty_ShouldBeEquals" storage="/tmp/test/edoxa.seedwork.tests/bin/debug/netcoreapp2.2/edoxa.seedwork.tests.dll" id="39f7a4f1-b259-998b-c688-c04f543ba4e3">
      <Execution id="9770d856-9e11-4ffe-9f45-1917cfd20c42" />
      <TestMethod codeBase="/tmp/test/eDoxa.Seedwork.Tests/bin/Debug/netcoreapp2.2/eDoxa.Seedwork.Tests.dll" adapterTypeName="executor://mstestadapter/v2" className="eDoxa.Seedwork.Tests.Aggregate.ValueObjectTest" name="GetHashCode_SameProperty_ShouldBeEquals" />
    </UnitTest>
    <UnitTest name="Validate_Enumeration_ShouldBeTrue" storage="/tmp/test/edoxa.seedwork.tests/bin/debug/netcoreapp2.2/edoxa.seedwork.tests.dll" id="73117c6e-8b2c-c832-c734-304fc8a89221">
      <Execution id="229b935e-b4c2-41c8-a41c-41c9555a93b2" />
      <TestMethod codeBase="/tmp/test/eDoxa.Seedwork.Tests/bin/Debug/netcoreapp2.2/eDoxa.Seedwork.Tests.dll" adapterTypeName="executor://mstestadapter/v2" className="eDoxa.Seedwork.Tests.Validations.EnumerationValidatorTest" name="Validate_Enumeration_ShouldBeTrue" />
    </UnitTest>
    <UnitTest name="GetHashCode_SameEntityId_ShouldBeEquals" storage="/tmp/test/edoxa.seedwork.tests/bin/debug/netcoreapp2.2/edoxa.seedwork.tests.dll" id="a9e2e408-bae2-618b-124f-b26aa545d8dd">
      <Execution id="828ec3e1-5ab9-4b41-bcb4-ce7013dbc356" />
      <TestMethod codeBase="/tmp/test/eDoxa.Seedwork.Tests/bin/Debug/netcoreapp2.2/eDoxa.Seedwork.Tests.dll" adapterTypeName="executor://mstestadapter/v2" className="eDoxa.Seedwork.Tests.Aggregate.EntityTest" name="GetHashCode_SameEntityId_ShouldBeEquals" />
    </UnitTest>
    <UnitTest name="OperatorNotEquals_SameEntityId_ShouldBeFalse" storage="/tmp/test/edoxa.seedwork.tests/bin/debug/netcoreapp2.2/edoxa.seedwork.tests.dll" id="b3b6b3ac-ee15-8bc3-6bb4-026991dd3bcc">
      <Execution id="f2785ff0-4b0f-476a-88fb-c2d5ba088a2d" />
      <TestMethod codeBase="/tmp/test/eDoxa.Seedwork.Tests/bin/Debug/netcoreapp2.2/eDoxa.Seedwork.Tests.dll" adapterTypeName="executor://mstestadapter/v2" className="eDoxa.Seedwork.Tests.Aggregate.EntityTest" name="OperatorNotEquals_SameEntityId_ShouldBeFalse" />
    </UnitTest>
    <UnitTest name="OperatorNotEquals_DifferentProperty_ShouldBeTrue" storage="/tmp/test/edoxa.seedwork.tests/bin/debug/netcoreapp2.2/edoxa.seedwork.tests.dll" id="938f5f32-ff58-7d0b-325b-0ceb3824c847">
      <Execution id="b461ef81-9fde-4049-ac11-cd1f5f34aadf" />
      <TestMethod codeBase="/tmp/test/eDoxa.Seedwork.Tests/bin/Debug/netcoreapp2.2/eDoxa.Seedwork.Tests.dll" adapterTypeName="executor://mstestadapter/v2" className="eDoxa.Seedwork.Tests.Aggregate.ValueObjectTest" name="OperatorNotEquals_DifferentProperty_ShouldBeTrue" />
    </UnitTest>
    <UnitTest name="Count_NotEmptyCache_ShouldNotBeZero" storage="/tmp/test/edoxa.seedwork.tests/bin/debug/netcoreapp2.2/edoxa.seedwork.tests.dll" id="2e128c55-01da-7f2e-879c-191037f0f55c">
      <Execution id="2e1082b6-1c00-46c4-8f9f-1794d5b3349e" />
      <TestMethod codeBase="/tmp/test/eDoxa.Seedwork.Tests/bin/Debug/netcoreapp2.2/eDoxa.Seedwork.Tests.dll" adapterTypeName="executor://mstestadapter/v2" className="eDoxa.Seedwork.Tests.Reflection.DomainSignatureCacheTest" name="Count_NotEmptyCache_ShouldNotBeZero" />
    </UnitTest>
    <UnitTest name="HasEnumeration_AllEnumeration_ShouldBeFalse" storage="/tmp/test/edoxa.seedwork.tests/bin/debug/netcoreapp2.2/edoxa.seedwork.tests.dll" id="ec555f25-aafc-f6dc-c2b8-0ca578b2e3ef">
      <Execution id="4861304b-5637-4075-953a-f00963c7dc33" />
      <TestMethod codeBase="/tmp/test/eDoxa.Seedwork.Tests/bin/Debug/netcoreapp2.2/eDoxa.Seedwork.Tests.dll" adapterTypeName="executor://mstestadapter/v2" className="eDoxa.Seedwork.Tests.Aggregate.EnumerationTest" name="HasEnumeration_AllEnumeration_ShouldBeFalse" />
    </UnitTest>
    <UnitTest name="CompareTo_Enumeration2WithEnumeration1_ShouldBeOne" storage="/tmp/test/edoxa.seedwork.tests/bin/debug/netcoreapp2.2/edoxa.seedwork.tests.dll" id="61796012-7705-d595-c3b0-35622fb74c2b">
      <Execution id="f15a17d2-cdcc-4fba-a191-eebe7b9fe544" />
      <TestMethod codeBase="/tmp/test/eDoxa.Seedwork.Tests/bin/Debug/netcoreapp2.2/eDoxa.Seedwork.Tests.dll" adapterTypeName="executor://mstestadapter/v2" className="eDoxa.Seedwork.Tests.Aggregate.EnumerationTest" name="CompareTo_Enumeration2WithEnumeration1_ShouldBeOne" />
    </UnitTest>
    <UnitTest name="Validate_AllEnumeration_ShouldBeFalse" storage="/tmp/test/edoxa.seedwork.tests/bin/debug/netcoreapp2.2/edoxa.seedwork.tests.dll" id="23b07eca-7647-57fc-20f2-f8a8f8dbe6bc">
      <Execution id="debdda42-521c-4809-b126-051fa74482c3" />
      <TestMethod codeBase="/tmp/test/eDoxa.Seedwork.Tests/bin/Debug/netcoreapp2.2/eDoxa.Seedwork.Tests.dll" adapterTypeName="executor://mstestadapter/v2" className="eDoxa.Seedwork.Tests.Validations.EnumerationValidatorTest" name="Validate_AllEnumeration_ShouldBeFalse" />
    </UnitTest>
    <UnitTest name="OperatorEquals_SameEntityId_ShouldBeTrue" storage="/tmp/test/edoxa.seedwork.tests/bin/debug/netcoreapp2.2/edoxa.seedwork.tests.dll" id="107d232e-d7cd-1ea1-9c57-906723e9bfde">
      <Execution id="0ad4599f-bfa8-437b-be50-d981a218c325" />
      <TestMethod codeBase="/tmp/test/eDoxa.Seedwork.Tests/bin/Debug/netcoreapp2.2/eDoxa.Seedwork.Tests.dll" adapterTypeName="executor://mstestadapter/v2" className="eDoxa.Seedwork.Tests.Aggregate.EntityTest" name="OperatorEquals_SameEntityId_ShouldBeTrue" />
    </UnitTest>
    <UnitTest name="Equals_SameType_ShouldBeTrue" storage="/tmp/test/edoxa.seedwork.tests/bin/debug/netcoreapp2.2/edoxa.seedwork.tests.dll" id="a47f95ad-0543-f056-5f1f-d162e3f6f55e">
      <Execution id="28a60add-19eb-49b2-9147-b499bfe5bed1" />
      <TestMethod codeBase="/tmp/test/eDoxa.Seedwork.Tests/bin/Debug/netcoreapp2.2/eDoxa.Seedwork.Tests.dll" adapterTypeName="executor://mstestadapter/v2" className="eDoxa.Seedwork.Tests.Reflection.DomainSignatureTest" name="Equals_SameType_ShouldBeTrue" />
    </UnitTest>
    <UnitTest name="ConvertTo_EnumerationValue_ShouldBeEnumeration" storage="/tmp/test/edoxa.seedwork.tests/bin/debug/netcoreapp2.2/edoxa.seedwork.tests.dll" id="ea9a4344-2681-f6ae-abea-b3e1f4864937">
      <Execution id="ae97a029-4016-4361-b2dc-0c810629727c" />
      <TestMethod codeBase="/tmp/test/eDoxa.Seedwork.Tests/bin/Debug/netcoreapp2.2/eDoxa.Seedwork.Tests.dll" adapterTypeName="executor://mstestadapter/v2" className="eDoxa.Seedwork.Tests.Aggregate.EnumerationTest" name="ConvertTo_EnumerationValue_ShouldBeEnumeration" />
    </UnitTest>
    <UnitTest name="FromValue_ValidValue_ShouldBeNone" storage="/tmp/test/edoxa.seedwork.tests/bin/debug/netcoreapp2.2/edoxa.seedwork.tests.dll" id="652d6d21-7802-20ba-542f-669cd49884cb">
      <Execution id="c7426123-08ec-41f5-bbe9-5ca19056464b" />
      <TestMethod codeBase="/tmp/test/eDoxa.Seedwork.Tests/bin/Debug/netcoreapp2.2/eDoxa.Seedwork.Tests.dll" adapterTypeName="executor://mstestadapter/v2" className="eDoxa.Seedwork.Tests.Aggregate.EnumerationTest" name="FromValue_ValidValue_ShouldBeNone" />
    </UnitTest>
    <UnitTest name="IsTransient_NullEntityId_ShouldBeTrue" storage="/tmp/test/edoxa.seedwork.tests/bin/debug/netcoreapp2.2/edoxa.seedwork.tests.dll" id="197dde6f-1fae-bccc-7e2c-025bd4ec9a12">
      <Execution id="3d72262f-6c1f-416c-9f2a-81bf2201a484" />
      <TestMethod codeBase="/tmp/test/eDoxa.Seedwork.Tests/bin/Debug/netcoreapp2.2/eDoxa.Seedwork.Tests.dll" adapterTypeName="executor://mstestadapter/v2" className="eDoxa.Seedwork.Tests.Aggregate.EntityTest" name="IsTransient_NullEntityId_ShouldBeTrue" />
    </UnitTest>
    <UnitTest name="OperatorNotEquals_DifferentEntityId_ShouldBeTrue" storage="/tmp/test/edoxa.seedwork.tests/bin/debug/netcoreapp2.2/edoxa.seedwork.tests.dll" id="3943e3c9-8b27-d6b5-a5d7-50471e1f0647">
      <Execution id="f9b9116a-9a9f-4ab2-9a43-c7d73260e2ac" />
      <TestMethod codeBase="/tmp/test/eDoxa.Seedwork.Tests/bin/Debug/netcoreapp2.2/eDoxa.Seedwork.Tests.dll" adapterTypeName="executor://mstestadapter/v2" className="eDoxa.Seedwork.Tests.Aggregate.EntityTest" name="OperatorNotEquals_DifferentEntityId_ShouldBeTrue" />
    </UnitTest>
    <UnitTest name="IsTransient_NotNullEntityId_ShouldBeFalse" storage="/tmp/test/edoxa.seedwork.tests/bin/debug/netcoreapp2.2/edoxa.seedwork.tests.dll" id="e03e4412-0e5f-6da4-c42d-c8ed6c3f9c9b">
      <Execution id="17d4520d-7283-43ef-9cf3-87704b61373b" />
      <TestMethod codeBase="/tmp/test/eDoxa.Seedwork.Tests/bin/Debug/netcoreapp2.2/eDoxa.Seedwork.Tests.dll" adapterTypeName="executor://mstestadapter/v2" className="eDoxa.Seedwork.Tests.Aggregate.EntityTest" name="IsTransient_NotNullEntityId_ShouldBeFalse" />
    </UnitTest>
    <UnitTest name="Equals_DifferentType_ShouldBeFalse" storage="/tmp/test/edoxa.seedwork.tests/bin/debug/netcoreapp2.2/edoxa.seedwork.tests.dll" id="2b3e9b57-0276-d64a-418a-ae95199c7696">
      <Execution id="b53cadb3-0188-40fa-a8cd-2d1098c79054" />
      <TestMethod codeBase="/tmp/test/eDoxa.Seedwork.Tests/bin/Debug/netcoreapp2.2/eDoxa.Seedwork.Tests.dll" adapterTypeName="executor://mstestadapter/v2" className="eDoxa.Seedwork.Tests.Aggregate.ValueObjectTest" name="Equals_DifferentType_ShouldBeFalse" />
    </UnitTest>
    <UnitTest name="Find_MatchingType_ShouldNotBeNull" storage="/tmp/test/edoxa.seedwork.tests/bin/debug/netcoreapp2.2/edoxa.seedwork.tests.dll" id="a5bb4619-53ae-1f2f-5337-f897e9d55a2c">
      <Execution id="1206e406-00e7-4b81-9ecd-f5277250d957" />
      <TestMethod codeBase="/tmp/test/eDoxa.Seedwork.Tests/bin/Debug/netcoreapp2.2/eDoxa.Seedwork.Tests.dll" adapterTypeName="executor://mstestadapter/v2" className="eDoxa.Seedwork.Tests.Reflection.DomainSignatureCacheTest" name="Find_MatchingType_ShouldNotBeNull" />
    </UnitTest>
    <UnitTest name="CanConvertTo_ValidType_ShouldBeFalse" storage="/tmp/test/edoxa.seedwork.tests/bin/debug/netcoreapp2.2/edoxa.seedwork.tests.dll" id="41967625-97a2-0ac2-49ab-9d090883cf47">
      <Execution id="d5f97bb1-ea16-46d0-af44-370efc683b7e" />
      <TestMethod codeBase="/tmp/test/eDoxa.Seedwork.Tests/bin/Debug/netcoreapp2.2/eDoxa.Seedwork.Tests.dll" adapterTypeName="executor://mstestadapter/v2" className="eDoxa.Seedwork.Tests.Aggregate.EntityIdTest" name="CanConvertTo_ValidType_ShouldBeFalse" />
    </UnitTest>
    <UnitTest name="OperatorEquals_DifferentProperty_ShouldBeFalse" storage="/tmp/test/edoxa.seedwork.tests/bin/debug/netcoreapp2.2/edoxa.seedwork.tests.dll" id="4c9fc753-7548-0b30-fec1-0efccdcd7a2d">
      <Execution id="5658f53d-44bf-4929-8426-37d23820f76b" />
      <TestMethod codeBase="/tmp/test/eDoxa.Seedwork.Tests/bin/Debug/netcoreapp2.2/eDoxa.Seedwork.Tests.dll" adapterTypeName="executor://mstestadapter/v2" className="eDoxa.Seedwork.Tests.Aggregate.ValueObjectTest" name="OperatorEquals_DifferentProperty_ShouldBeFalse" />
    </UnitTest>
    <UnitTest name="GetHashCode_NotNullType_ShouldBeTypeHashCode" storage="/tmp/test/edoxa.seedwork.tests/bin/debug/netcoreapp2.2/edoxa.seedwork.tests.dll" id="e7fe6751-93bd-bf9f-eea8-627362d931f8">
      <Execution id="eb69db5b-b75f-4da0-8ca1-4775b683b4c9" />
      <TestMethod codeBase="/tmp/test/eDoxa.Seedwork.Tests/bin/Debug/netcoreapp2.2/eDoxa.Seedwork.Tests.dll" adapterTypeName="executor://mstestadapter/v2" className="eDoxa.Seedwork.Tests.Reflection.DomainSignatureTest" name="GetHashCode_NotNullType_ShouldBeTypeHashCode" />
    </UnitTest>
    <UnitTest name="Validate_NullEntityId_ShouldBeFalse" storage="/tmp/test/edoxa.seedwork.tests/bin/debug/netcoreapp2.2/edoxa.seedwork.tests.dll" id="67c296c3-4bef-b835-3622-3b6c9d63af9c">
      <Execution id="8302a0ec-a3aa-4205-a7a2-31e3deb2c023" />
      <TestMethod codeBase="/tmp/test/eDoxa.Seedwork.Tests/bin/Debug/netcoreapp2.2/eDoxa.Seedwork.Tests.dll" adapterTypeName="executor://mstestadapter/v2" className="eDoxa.Seedwork.Tests.Validations.EntityIdValidatorTest" name="Validate_NullEntityId_ShouldBeFalse" />
    </UnitTest>
    <UnitTest name="OperatorEquals_DifferentEntityId_ShouldBeFalse" storage="/tmp/test/edoxa.seedwork.tests/bin/debug/netcoreapp2.2/edoxa.seedwork.tests.dll" id="790cbff9-8baf-3873-f4a6-2a0013b3ede2">
      <Execution id="7d6deae8-90d1-4e3c-8753-44d5c7406024" />
      <TestMethod codeBase="/tmp/test/eDoxa.Seedwork.Tests/bin/Debug/netcoreapp2.2/eDoxa.Seedwork.Tests.dll" adapterTypeName="executor://mstestadapter/v2" className="eDoxa.Seedwork.Tests.Aggregate.EntityTest" name="OperatorEquals_DifferentEntityId_ShouldBeFalse" />
    </UnitTest>
    <UnitTest name="Value_NotEmptyGuid_ShouldBeValue" storage="/tmp/test/edoxa.seedwork.tests/bin/debug/netcoreapp2.2/edoxa.seedwork.tests.dll" id="83ac0afc-9bcc-fae1-6d25-2dba4712d8b3">
      <Execution id="f3fe295f-d023-49a7-bd26-663aa1abd8f2" />
      <TestMethod codeBase="/tmp/test/eDoxa.Seedwork.Tests/bin/Debug/netcoreapp2.2/eDoxa.Seedwork.Tests.dll" adapterTypeName="executor://mstestadapter/v2" className="eDoxa.Seedwork.Tests.Aggregate.EntityIdTest" name="Value_NotEmptyGuid_ShouldBeValue" />
    </UnitTest>
    <UnitTest name="Validate_NoneEnumeration_ShouldBeFalse" storage="/tmp/test/edoxa.seedwork.tests/bin/debug/netcoreapp2.2/edoxa.seedwork.tests.dll" id="de5ec14d-834e-7302-5358-87372b14f6a9">
      <Execution id="0260d065-b440-4f6a-9e6a-d94f0b6a3703" />
      <TestMethod codeBase="/tmp/test/eDoxa.Seedwork.Tests/bin/Debug/netcoreapp2.2/eDoxa.Seedwork.Tests.dll" adapterTypeName="executor://mstestadapter/v2" className="eDoxa.Seedwork.Tests.Validations.EnumerationValidatorTest" name="Validate_NoneEnumeration_ShouldBeFalse" />
    </UnitTest>
    <UnitTest name="ConvertFrom_AllOrNoneEnumeration_ShouldBeNone" storage="/tmp/test/edoxa.seedwork.tests/bin/debug/netcoreapp2.2/edoxa.seedwork.tests.dll" id="67ec14e2-c30e-6c72-c1c3-7bbc61f8dd93">
      <Execution id="c65d4888-8c14-4bc6-a905-f53cff143a43" />
      <TestMethod codeBase="/tmp/test/eDoxa.Seedwork.Tests/bin/Debug/netcoreapp2.2/eDoxa.Seedwork.Tests.dll" adapterTypeName="executor://mstestadapter/v2" className="eDoxa.Seedwork.Tests.Aggregate.EnumerationTest" name="ConvertFrom_AllOrNoneEnumeration_ShouldBeNone" />
    </UnitTest>
    <UnitTest name="Properties_NotEmptyArray_ShouldNotBeEmpty" storage="/tmp/test/edoxa.seedwork.tests/bin/debug/netcoreapp2.2/edoxa.seedwork.tests.dll" id="2228c2d4-ae9b-db92-8c73-21d9645ee778">
      <Execution id="666442d5-1d93-4690-96c9-3598864839f5" />
      <TestMethod codeBase="/tmp/test/eDoxa.Seedwork.Tests/bin/Debug/netcoreapp2.2/eDoxa.Seedwork.Tests.dll" adapterTypeName="executor://mstestadapter/v2" className="eDoxa.Seedwork.Tests.Reflection.DomainSignatureTest" name="Properties_NotEmptyArray_ShouldNotBeEmpty" />
    </UnitTest>
    <UnitTest name="GetHashCode_CachedHashCodeHasValue_ShouldBeCachedHashCode" storage="/tmp/test/edoxa.seedwork.tests/bin/debug/netcoreapp2.2/edoxa.seedwork.tests.dll" id="4fd9ffa5-1337-967b-4027-f2a4f7dc0bdc">
      <Execution id="d411c2c3-64a1-45b5-83b0-6f89661b3f55" />
      <TestMethod codeBase="/tmp/test/eDoxa.Seedwork.Tests/bin/Debug/netcoreapp2.2/eDoxa.Seedwork.Tests.dll" adapterTypeName="executor://mstestadapter/v2" className="eDoxa.Seedwork.Tests.Aggregate.EntityTest" name="GetHashCode_CachedHashCodeHasValue_ShouldBeCachedHashCode" />
    </UnitTest>
    <UnitTest name="Equals_NullReference_ShouldBeFalse" storage="/tmp/test/edoxa.seedwork.tests/bin/debug/netcoreapp2.2/edoxa.seedwork.tests.dll" id="3ad6f886-28fe-bf3a-1848-a4136233c467">
      <Execution id="8540b3dd-84ea-4578-99e6-4712a9ebe53e" />
      <TestMethod codeBase="/tmp/test/eDoxa.Seedwork.Tests/bin/Debug/netcoreapp2.2/eDoxa.Seedwork.Tests.dll" adapterTypeName="executor://mstestadapter/v2" className="eDoxa.Seedwork.Tests.Aggregate.EnumerationTest" name="Equals_NullReference_ShouldBeFalse" />
    </UnitTest>
  </TestDefinitions>
  <TestEntries>
    <TestEntry testId="67c296c3-4bef-b835-3622-3b6c9d63af9c" executionId="8302a0ec-a3aa-4205-a7a2-31e3deb2c023" testListId="8c84fa94-04c1-424b-9868-57a2d4851a1d" />
    <TestEntry testId="a9e2e408-bae2-618b-124f-b26aa545d8dd" executionId="828ec3e1-5ab9-4b41-bcb4-ce7013dbc356" testListId="8c84fa94-04c1-424b-9868-57a2d4851a1d" />
    <TestEntry testId="3ad6f886-28fe-bf3a-1848-a4136233c467" executionId="8540b3dd-84ea-4578-99e6-4712a9ebe53e" testListId="8c84fa94-04c1-424b-9868-57a2d4851a1d" />
    <TestEntry testId="73117c6e-8b2c-c832-c734-304fc8a89221" executionId="229b935e-b4c2-41c8-a41c-41c9555a93b2" testListId="8c84fa94-04c1-424b-9868-57a2d4851a1d" />
    <TestEntry testId="b980b9e6-6ce9-5a30-81d5-b47a8990e59e" executionId="7b9573ff-9a1a-44fe-a76c-977ed4ffe5cf" testListId="8c84fa94-04c1-424b-9868-57a2d4851a1d" />
    <TestEntry testId="760d16f0-3712-6af0-b503-1f744726d1ad" executionId="af3f9363-08d4-47a2-9ffd-a34bf384693f" testListId="8c84fa94-04c1-424b-9868-57a2d4851a1d" />
    <TestEntry testId="9967a171-7562-b510-c31e-d5bd97193bb0" executionId="965edb86-3b32-48e2-9557-f18020d1a5be" testListId="8c84fa94-04c1-424b-9868-57a2d4851a1d" />
    <TestEntry testId="2b3e9b57-0276-d64a-418a-ae95199c7696" executionId="b53cadb3-0188-40fa-a8cd-2d1098c79054" testListId="8c84fa94-04c1-424b-9868-57a2d4851a1d" />
    <TestEntry testId="ffd2a497-78ee-962b-d394-d8f4b96daa01" executionId="2ed275c3-ac18-4a80-bc31-da3a7ac0b8e3" testListId="8c84fa94-04c1-424b-9868-57a2d4851a1d" />
    <TestEntry testId="2a116965-d3fb-0ec1-4bf9-614a28e3acc7" executionId="79acc94e-20f0-400e-ba75-da809edf636d" testListId="8c84fa94-04c1-424b-9868-57a2d4851a1d" />
    <TestEntry testId="ff000618-59c7-b4ca-fe2b-cfbf6968ec6f" executionId="5a5edc6a-fc01-4064-aa77-c66f5640bfc3" testListId="8c84fa94-04c1-424b-9868-57a2d4851a1d" />
    <TestEntry testId="a6c2a200-b8b5-8fd3-d1c3-26fb00143e27" executionId="a9b383cf-5a6d-4081-9d8a-4038e0945e24" testListId="8c84fa94-04c1-424b-9868-57a2d4851a1d" />
    <TestEntry testId="1f6a0183-9891-83af-d420-6c5d5fd0accf" executionId="3377906a-d424-4797-85ab-5a0c5972feb6" testListId="8c84fa94-04c1-424b-9868-57a2d4851a1d" />
    <TestEntry testId="68f17b2a-6d61-ccba-602d-5621d790ee99" executionId="4ffdae53-b12a-4c88-81a5-feb67ab0e451" testListId="8c84fa94-04c1-424b-9868-57a2d4851a1d" />
    <TestEntry testId="0764c15b-f234-aed4-c1cf-1d57f9944eef" executionId="1d1fdf39-989e-4a5a-a976-e8aa58ab239d" testListId="8c84fa94-04c1-424b-9868-57a2d4851a1d" />
    <TestEntry testId="7f7117ba-97f8-b7d0-615a-61d323404eb4" executionId="cd6ca98c-f6bc-4435-b346-b6437511d970" testListId="8c84fa94-04c1-424b-9868-57a2d4851a1d" />
    <TestEntry testId="f38074b8-e629-600b-d13e-7003f5880ec9" executionId="b865cf70-1212-4677-82ae-57e690021fc2" testListId="8c84fa94-04c1-424b-9868-57a2d4851a1d" />
    <TestEntry testId="96c5b1e1-d1d8-ab20-0bb4-08711a7fd9ee" executionId="02c0d905-1cf3-4351-a4b4-3ce26dfd9588" testListId="8c84fa94-04c1-424b-9868-57a2d4851a1d" />
    <TestEntry testId="2e128c55-01da-7f2e-879c-191037f0f55c" executionId="2e1082b6-1c00-46c4-8f9f-1794d5b3349e" testListId="8c84fa94-04c1-424b-9868-57a2d4851a1d" />
    <TestEntry testId="53aa9f3a-49f4-c05b-a2dd-e7814778641f" executionId="a8904009-b0aa-4b5c-bb1d-6ed6aa412972" testListId="8c84fa94-04c1-424b-9868-57a2d4851a1d" />
    <TestEntry testId="b3b6b3ac-ee15-8bc3-6bb4-026991dd3bcc" executionId="f2785ff0-4b0f-476a-88fb-c2d5ba088a2d" testListId="8c84fa94-04c1-424b-9868-57a2d4851a1d" />
    <TestEntry testId="790cbff9-8baf-3873-f4a6-2a0013b3ede2" executionId="7d6deae8-90d1-4e3c-8753-44d5c7406024" testListId="8c84fa94-04c1-424b-9868-57a2d4851a1d" />
    <TestEntry testId="de75014c-170e-930f-bf36-fde3da0904ae" executionId="c16aad2f-2a7e-40bd-a129-de52b3547c4b" testListId="8c84fa94-04c1-424b-9868-57a2d4851a1d" />
    <TestEntry testId="d1a276e6-a20b-709b-2305-359fca2b6080" executionId="498a15c5-8aba-416f-8e36-8425c3227fe2" testListId="8c84fa94-04c1-424b-9868-57a2d4851a1d" />
    <TestEntry testId="e11a7247-7259-4ad0-0278-79844c8a4ed9" executionId="f9d74743-4443-41be-ae1f-f8dbf8d911d6" testListId="8c84fa94-04c1-424b-9868-57a2d4851a1d" />
    <TestEntry testId="a1775083-27d7-98b2-cfa7-d1a24f4e12e8" executionId="3af65f20-5ca0-4875-84bd-034e7a395aed" testListId="8c84fa94-04c1-424b-9868-57a2d4851a1d" />
    <TestEntry testId="1b5b436a-d37f-bc8a-f1bc-1dae6e928ea4" executionId="b0065c12-871c-47ba-9687-c8a5e9424680" testListId="8c84fa94-04c1-424b-9868-57a2d4851a1d" />
    <TestEntry testId="535d6e02-85ba-5b56-475a-6da5ce5bf687" executionId="83d8643b-039d-4f60-9f49-66c3a4c84bb5" testListId="8c84fa94-04c1-424b-9868-57a2d4851a1d" />
    <TestEntry testId="652d6d21-7802-20ba-542f-669cd49884cb" executionId="c7426123-08ec-41f5-bbe9-5ca19056464b" testListId="8c84fa94-04c1-424b-9868-57a2d4851a1d" />
    <TestEntry testId="ec555f25-aafc-f6dc-c2b8-0ca578b2e3ef" executionId="4861304b-5637-4075-953a-f00963c7dc33" testListId="8c84fa94-04c1-424b-9868-57a2d4851a1d" />
    <TestEntry testId="9387f930-e629-a68e-11a1-e782dacafba2" executionId="1b44d4b4-4a2c-47eb-828c-aafac4d3976b" testListId="8c84fa94-04c1-424b-9868-57a2d4851a1d" />
    <TestEntry testId="9aece308-56d1-4b70-d9f5-5992cc5431c6" executionId="bd217b6d-af65-41a0-9b57-929b3f0b3b27" testListId="8c84fa94-04c1-424b-9868-57a2d4851a1d" />
    <TestEntry testId="581386fc-68f1-b68b-a71c-45627500c1b2" executionId="93363533-fe72-4b08-9546-a2c479ffda61" testListId="8c84fa94-04c1-424b-9868-57a2d4851a1d" />
    <TestEntry testId="240b2808-ff4e-1810-73a7-ff2d533e3994" executionId="a3f6ed0d-9477-4d50-9926-3ece6c30a84d" testListId="8c84fa94-04c1-424b-9868-57a2d4851a1d" />
    <TestEntry testId="61796012-7705-d595-c3b0-35622fb74c2b" executionId="f15a17d2-cdcc-4fba-a191-eebe7b9fe544" testListId="8c84fa94-04c1-424b-9868-57a2d4851a1d" />
    <TestEntry testId="98b722c5-bad3-f8a0-271d-ec839c435522" executionId="4fbf05d4-fd9e-4d43-b7f7-544e01fa6071" testListId="8c84fa94-04c1-424b-9868-57a2d4851a1d" />
    <TestEntry testId="b813f473-e1e4-416a-ea39-f5ce9658f149" executionId="2a892745-f8a2-43ac-9aba-78a9f42cf8a4" testListId="8c84fa94-04c1-424b-9868-57a2d4851a1d" />
    <TestEntry testId="197dde6f-1fae-bccc-7e2c-025bd4ec9a12" executionId="3d72262f-6c1f-416c-9f2a-81bf2201a484" testListId="8c84fa94-04c1-424b-9868-57a2d4851a1d" />
    <TestEntry testId="e9815203-e2c4-b2bd-6ee2-5d819dcc8db9" executionId="01bc4f4b-c28d-4a05-92e5-dd373fc73fac" testListId="8c84fa94-04c1-424b-9868-57a2d4851a1d" />
    <TestEntry testId="a6c0ea45-c4dd-f6a9-5f83-080a8cda2c5e" executionId="3bcb0b3f-6363-4611-ae07-ec32ca401c32" testListId="8c84fa94-04c1-424b-9868-57a2d4851a1d" />
    <TestEntry testId="a5bb4619-53ae-1f2f-5337-f897e9d55a2c" executionId="1206e406-00e7-4b81-9ecd-f5277250d957" testListId="8c84fa94-04c1-424b-9868-57a2d4851a1d" />
    <TestEntry testId="8947d4a9-da6b-c23b-ab74-42d8830da815" executionId="566c9f80-8bdb-4a48-90e9-cdddc832dd45" testListId="8c84fa94-04c1-424b-9868-57a2d4851a1d" />
    <TestEntry testId="39f7a4f1-b259-998b-c688-c04f543ba4e3" executionId="9770d856-9e11-4ffe-9f45-1917cfd20c42" testListId="8c84fa94-04c1-424b-9868-57a2d4851a1d" />
    <TestEntry testId="e7fe6751-93bd-bf9f-eea8-627362d931f8" executionId="eb69db5b-b75f-4da0-8ca1-4775b683b4c9" testListId="8c84fa94-04c1-424b-9868-57a2d4851a1d" />
    <TestEntry testId="938f5f32-ff58-7d0b-325b-0ceb3824c847" executionId="b461ef81-9fde-4049-ac11-cd1f5f34aadf" testListId="8c84fa94-04c1-424b-9868-57a2d4851a1d" />
    <TestEntry testId="a5205e03-12ee-5687-fdfb-580df0712fd5" executionId="e088f3f6-fd42-431f-bbf7-ef4fbed111aa" testListId="8c84fa94-04c1-424b-9868-57a2d4851a1d" />
    <TestEntry testId="56c1dbbf-bc09-a573-3461-3aca290834b3" executionId="3abd22b1-de22-41eb-8ae9-e44e1856aa40" testListId="8c84fa94-04c1-424b-9868-57a2d4851a1d" />
    <TestEntry testId="02435ed3-0a00-15b9-772a-ae17008a6651" executionId="7f711b9d-8105-49a1-a383-21abcbe59a4d" testListId="8c84fa94-04c1-424b-9868-57a2d4851a1d" />
    <TestEntry testId="735ba8fb-2f1a-2997-cb45-754dae5ae075" executionId="f7698d01-ad84-42e9-8343-2a2e2408748c" testListId="8c84fa94-04c1-424b-9868-57a2d4851a1d" />
    <TestEntry testId="ea9a4344-2681-f6ae-abea-b3e1f4864937" executionId="ae97a029-4016-4361-b2dc-0c810629727c" testListId="8c84fa94-04c1-424b-9868-57a2d4851a1d" />
    <TestEntry testId="b1bbf5e5-42fa-8ee1-4de1-7944f5ffb054" executionId="d842e432-0157-4f93-8e76-a9d5311d9fb9" testListId="8c84fa94-04c1-424b-9868-57a2d4851a1d" />
    <TestEntry testId="c2cab329-d4d1-6d8f-c466-dee18084e73c" executionId="26ad9c2d-d143-4c1e-bf06-94b13ffd2800" testListId="8c84fa94-04c1-424b-9868-57a2d4851a1d" />
    <TestEntry testId="c0154066-9433-179b-5f00-4da88094b8a4" executionId="798b6e05-0ce9-4e76-9e9c-d751b18faad0" testListId="8c84fa94-04c1-424b-9868-57a2d4851a1d" />
    <TestEntry testId="22138558-a1bf-59db-b634-31189b37de62" executionId="3c344534-f77f-4d04-909e-e69ae1707dfb" testListId="8c84fa94-04c1-424b-9868-57a2d4851a1d" />
    <TestEntry testId="c3af98d0-ae64-3cdc-68c2-c8a55843471d" executionId="711aef66-5861-4ad8-8198-8ba2f8ca6da7" testListId="8c84fa94-04c1-424b-9868-57a2d4851a1d" />
    <TestEntry testId="c21169fa-9e85-17bd-1cc5-e5596a60303c" executionId="cf296da5-be48-4d71-abe9-7e222ef73e0d" testListId="8c84fa94-04c1-424b-9868-57a2d4851a1d" />
    <TestEntry testId="41967625-97a2-0ac2-49ab-9d090883cf47" executionId="d5f97bb1-ea16-46d0-af44-370efc683b7e" testListId="8c84fa94-04c1-424b-9868-57a2d4851a1d" />
    <TestEntry testId="b131614f-5063-f447-d607-1a52f0b81c97" executionId="bce5b0dc-6599-4e7a-80bd-7fa78d41c785" testListId="8c84fa94-04c1-424b-9868-57a2d4851a1d" />
    <TestEntry testId="9870862f-93a1-7b81-fedd-fcf030cc311a" executionId="8a724ead-445a-40fa-8c37-9e0b37031dec" testListId="8c84fa94-04c1-424b-9868-57a2d4851a1d" />
    <TestEntry testId="93636677-a52a-ed9b-412b-d91a17d17f58" executionId="032af22f-06c8-409a-a6a6-c0acc56be2d3" testListId="8c84fa94-04c1-424b-9868-57a2d4851a1d" />
    <TestEntry testId="02b87f18-2450-2345-394d-1451f8c3c442" executionId="86b07353-4a8b-4e4c-995a-33de6d0a4844" testListId="8c84fa94-04c1-424b-9868-57a2d4851a1d" />
    <TestEntry testId="3e394cae-b047-5c9f-5f38-944c6a4badeb" executionId="fee01fa3-7629-4d29-a814-dc66c2aec518" testListId="8c84fa94-04c1-424b-9868-57a2d4851a1d" />
    <TestEntry testId="4fd9ffa5-1337-967b-4027-f2a4f7dc0bdc" executionId="d411c2c3-64a1-45b5-83b0-6f89661b3f55" testListId="8c84fa94-04c1-424b-9868-57a2d4851a1d" />
    <TestEntry testId="de5ec14d-834e-7302-5358-87372b14f6a9" executionId="0260d065-b440-4f6a-9e6a-d94f0b6a3703" testListId="8c84fa94-04c1-424b-9868-57a2d4851a1d" />
    <TestEntry testId="2269c3fd-bcb3-6ad9-d99f-db0282e872e0" executionId="6ff2932c-a847-4202-b7ac-d59938965477" testListId="8c84fa94-04c1-424b-9868-57a2d4851a1d" />
    <TestEntry testId="73c19122-1128-af4f-dfb4-42a1195f86dc" executionId="56152c08-1817-4de1-bfd9-e77308417c38" testListId="8c84fa94-04c1-424b-9868-57a2d4851a1d" />
    <TestEntry testId="3943e3c9-8b27-d6b5-a5d7-50471e1f0647" executionId="f9b9116a-9a9f-4ab2-9a43-c7d73260e2ac" testListId="8c84fa94-04c1-424b-9868-57a2d4851a1d" />
    <TestEntry testId="23b07eca-7647-57fc-20f2-f8a8f8dbe6bc" executionId="debdda42-521c-4809-b126-051fa74482c3" testListId="8c84fa94-04c1-424b-9868-57a2d4851a1d" />
    <TestEntry testId="a47f95ad-0543-f056-5f1f-d162e3f6f55e" executionId="28a60add-19eb-49b2-9147-b499bfe5bed1" testListId="8c84fa94-04c1-424b-9868-57a2d4851a1d" />
    <TestEntry testId="4c9fc753-7548-0b30-fec1-0efccdcd7a2d" executionId="5658f53d-44bf-4929-8426-37d23820f76b" testListId="8c84fa94-04c1-424b-9868-57a2d4851a1d" />
    <TestEntry testId="e03e4412-0e5f-6da4-c42d-c8ed6c3f9c9b" executionId="17d4520d-7283-43ef-9cf3-87704b61373b" testListId="8c84fa94-04c1-424b-9868-57a2d4851a1d" />
    <TestEntry testId="aecb14fd-1089-6f6b-67c7-99f80f0fa71c" executionId="130d1e44-2abe-4cd6-9354-981fe39fe712" testListId="8c84fa94-04c1-424b-9868-57a2d4851a1d" />
    <TestEntry testId="ec7caa96-437c-a458-973b-cf151dc67e73" executionId="fb9f3af6-1598-4071-aa23-cfa86b309bf1" testListId="8c84fa94-04c1-424b-9868-57a2d4851a1d" />
    <TestEntry testId="d82394e4-cd82-dd4a-9e16-af8ba7b508f3" executionId="f0a00dd1-4564-412b-86c3-dfe77d808d17" testListId="8c84fa94-04c1-424b-9868-57a2d4851a1d" />
    <TestEntry testId="6cc3f0cd-c81f-a80d-98a0-6f3ff582b337" executionId="5fb640f7-6382-4e03-8bb5-9bca2bd5ee82" testListId="8c84fa94-04c1-424b-9868-57a2d4851a1d" />
    <TestEntry testId="4e4ac1f8-9915-0455-14e5-cb05b4287f3f" executionId="28cc893d-07e3-4e02-ada1-7e0456fbcd96" testListId="8c84fa94-04c1-424b-9868-57a2d4851a1d" />
    <TestEntry testId="97910f43-ce65-0a51-aff5-dcb38821e86a" executionId="906882d2-18cd-4816-8ddd-74815df32a91" testListId="8c84fa94-04c1-424b-9868-57a2d4851a1d" />
    <TestEntry testId="b0c456da-dcc1-6f44-d94e-55234d263c18" executionId="8ac043ee-aa09-45f2-8718-c70694c70216" testListId="8c84fa94-04c1-424b-9868-57a2d4851a1d" />
    <TestEntry testId="8dad8de6-302e-3edb-d6de-420d8d686e05" executionId="c32eb272-013c-4624-b158-438eaf17ff85" testListId="8c84fa94-04c1-424b-9868-57a2d4851a1d" />
    <TestEntry testId="de84e8b9-5d80-4956-b81f-eea50f10b15f" executionId="6a27686f-1006-43f6-8f3c-d153ff2c8a39" testListId="8c84fa94-04c1-424b-9868-57a2d4851a1d" />
    <TestEntry testId="b18c1e04-4294-0628-a8dc-76228ab1aa17" executionId="67c65b4d-1db7-442e-af4c-effe373e4aee" testListId="8c84fa94-04c1-424b-9868-57a2d4851a1d" />
    <TestEntry testId="107d232e-d7cd-1ea1-9c57-906723e9bfde" executionId="0ad4599f-bfa8-437b-be50-d981a218c325" testListId="8c84fa94-04c1-424b-9868-57a2d4851a1d" />
    <TestEntry testId="67ec14e2-c30e-6c72-c1c3-7bbc61f8dd93" executionId="c65d4888-8c14-4bc6-a905-f53cff143a43" testListId="8c84fa94-04c1-424b-9868-57a2d4851a1d" />
    <TestEntry testId="83ac0afc-9bcc-fae1-6d25-2dba4712d8b3" executionId="f3fe295f-d023-49a7-bd26-663aa1abd8f2" testListId="8c84fa94-04c1-424b-9868-57a2d4851a1d" />
    <TestEntry testId="2228c2d4-ae9b-db92-8c73-21d9645ee778" executionId="666442d5-1d93-4690-96c9-3598864839f5" testListId="8c84fa94-04c1-424b-9868-57a2d4851a1d" />
    <TestEntry testId="c0765c57-0b68-a4d8-03c5-f70d21e79bb5" executionId="b48fe504-bc92-46a4-8834-a50ed93095ab" testListId="8c84fa94-04c1-424b-9868-57a2d4851a1d" />
    <TestEntry testId="d46e54ab-b1d1-3ba1-7b54-9d41407d978e" executionId="929d5072-4c6f-4a9c-b8ec-d2af46038c63" testListId="8c84fa94-04c1-424b-9868-57a2d4851a1d" />
  </TestEntries>
  <TestLists>
    <TestList name="Results Not in a List" id="8c84fa94-04c1-424b-9868-57a2d4851a1d" />
    <TestList name="All Loaded Results" id="19431567-8539-422a-85d7-44ee4e166bda" />
  </TestLists>
  <ResultSummary outcome="Completed">
    <Counters total="121" executed="121" passed="121" failed="0" error="0" timeout="0" aborted="0" inconclusive="0" passedButRunAborted="0" notRunnable="0" notExecuted="0" disconnected="0" warning="0" completed="0" inProgress="0" pending="0" />
  </ResultSummary>
</TestRun>