<?xml version="1.0" encoding="utf-8"?>
<TestRun id="80526328-6927-495c-8ca1-62fe5f96738e" name="@885e9975668c 2019-06-07 20:52:26" xmlns="http://microsoft.com/schemas/VisualStudio/TeamTest/2010">
  <Times creation="2019-06-07T20:52:26.4418123+00:00" queuing="2019-06-07T20:52:26.4418136+00:00" start="2019-06-07T20:52:03.6718611+00:00" finish="2019-06-07T20:52:26.4947640+00:00" />
  <TestSettings name="default" id="c3c83f35-5972-46fd-b195-f09234b6597b">
    <Deployment runDeploymentRoot="_885e9975668c_2019-06-07_20_52_26" />
  </TestSettings>
  <Results>
    <UnitTestResult executionId="4c8c0a84-95ed-4cda-a646-7a4279f87411" testId="cd7f256f-780a-25f6-d29b-26565641e8c7" testName="ChallengesScenario" computerName="885e9975668c" duration="00:00:19.8368309" startTime="2019-06-07T20:52:06.1908582+00:00" endTime="2019-06-07T20:52:26.1278367+00:00" testType="13cdc9d9-ddb5-4fa4-a97d-d965ccfc6d4b" outcome="Passed" testListId="8c84fa94-04c1-424b-9868-57a2d4851a1d" relativeResultsDirectory="4c8c0a84-95ed-4cda-a646-7a4279f87411">
      <Output>
        <StdOut>[20:52:15 WRN] No XML encryptor configured. Key {a07af2dc-cc6b-4960-8e8e-9de587aa97a2} may be persisted to storage in unencrypted form.
[20:52:16 INF] RabbitMQ client is trying to connect.
[20:52:16 INF] RabbitMQ persistent connection acquired a connection rabbitmq.test and is subscribed to failure events.
[20:52:19 WRN] No type was specified for the decimal column 'Amount' on entity type 'PrizePool'. This will cause values to be silently truncated if they do not fit in the default precision and scale. Explicitly specify the SQL server column type that can accommodate all the values using 'HasColumnType()'.
[20:52:19 WRN] No type was specified for the decimal column 'Amount' on entity type 'EntryFee'. This will cause values to be silently truncated if they do not fit in the default precision and scale. Explicitly specify the SQL server column type that can accommodate all the values using 'HasColumnType()'.
[20:52:19 WRN] No type was specified for the decimal column 'Amount' on entity type 'Prize'. This will cause values to be silently truncated if they do not fit in the default precision and scale. Explicitly specify the SQL server column type that can accommodate all the values using 'HasColumnType()'.</StdOut>
      </Output>
    </UnitTestResult>
  </Results>
  <TestDefinitions>
    <UnitTest name="ChallengesScenario" storage="/tmp/test/edoxa.arena.challenges.integrationtests/bin/debug/netcoreapp2.2/edoxa.arena.challenges.integrationtests.dll" id="cd7f256f-780a-25f6-d29b-26565641e8c7">
      <Execution id="4c8c0a84-95ed-4cda-a646-7a4279f87411" />
      <TestMethod codeBase="/tmp/test/eDoxa.Arena.Challenges.IntegrationTests/bin/Debug/netcoreapp2.2/eDoxa.Arena.Challenges.IntegrationTests.dll" adapterTypeName="executor://mstestadapter/v2" className="eDoxa.Arena.Challenges.IntegrationTests.Controllers.ChallengesControllerTest" name="ChallengesScenario" />
    </UnitTest>
  </TestDefinitions>
  <TestEntries>
    <TestEntry testId="cd7f256f-780a-25f6-d29b-26565641e8c7" executionId="4c8c0a84-95ed-4cda-a646-7a4279f87411" testListId="8c84fa94-04c1-424b-9868-57a2d4851a1d" />
  </TestEntries>
  <TestLists>
    <TestList name="Results Not in a List" id="8c84fa94-04c1-424b-9868-57a2d4851a1d" />
    <TestList name="All Loaded Results" id="19431567-8539-422a-85d7-44ee4e166bda" />
  </TestLists>
  <ResultSummary outcome="Completed">
    <Counters total="1" executed="1" passed="1" failed="0" error="0" timeout="0" aborted="0" inconclusive="0" passedButRunAborted="0" notRunnable="0" notExecuted="0" disconnected="0" warning="0" completed="0" inProgress="0" pending="0" />
  </ResultSummary>
</TestRun>