<?xml version="1.0" encoding="utf-8"?>
<TestRun id="9cf2357e-d273-4108-baad-ca20bebde2b7" name="@f549077f4200 2019-06-07 20:52:11" xmlns="http://microsoft.com/schemas/VisualStudio/TeamTest/2010">
  <Times creation="2019-06-07T20:52:11.0464577+00:00" queuing="2019-06-07T20:52:11.0464594+00:00" start="2019-06-07T20:51:51.1014855+00:00" finish="2019-06-07T20:52:11.1230476+00:00" />
  <TestSettings name="default" id="3714e2c8-c5fd-4d50-a2ac-8f2c1d2a38d0">
    <Deployment runDeploymentRoot="_f549077f4200_2019-06-07_20_52_11" />
  </TestSettings>
  <Results>
    <UnitTestResult executionId="9ee932ed-74e9-416a-acc8-8f2e40d3ffda" testId="cb4f33f4-251e-fb97-3b85-ccec2180fb81" testName="IdentityScenario" computerName="f549077f4200" duration="00:00:17.4713121" startTime="2019-06-07T20:51:53.1275169+00:00" endTime="2019-06-07T20:52:10.6921957+00:00" testType="13cdc9d9-ddb5-4fa4-a97d-d965ccfc6d4b" outcome="Passed" testListId="8c84fa94-04c1-424b-9868-57a2d4851a1d" relativeResultsDirectory="9ee932ed-74e9-416a-acc8-8f2e40d3ffda">
      <Output>
        <StdOut>[20:51:58 WRN] No XML encryptor configured. Key {7a0e4109-96b2-4f45-ad74-77d228432bf2} may be persisted to storage in unencrypted form.
[20:51:59 INF] Starting IdentityServer4 version 2.4.0.0
[20:52:00 INF] You are using the in-memory version of the persisted grant store. This will store consent decisions, authorization codes, refresh and reference tokens in memory only. If you are using any of those features in production, you want to switch to a different store implementation.
[20:52:00 INF] Using the default authentication scheme Identity.Application for IdentityServer
[20:52:06 WRN] Failed to determine the https port for redirect.</StdOut>
      </Output>
    </UnitTestResult>
  </Results>
  <TestDefinitions>
    <UnitTest name="IdentityScenario" storage="/tmp/test/edoxa.identityserver.integrationtests/bin/debug/netcoreapp2.2/edoxa.identityserver.integrationtests.dll" id="cb4f33f4-251e-fb97-3b85-ccec2180fb81">
      <Execution id="9ee932ed-74e9-416a-acc8-8f2e40d3ffda" />
      <TestMethod codeBase="/tmp/test/eDoxa.IdentityServer.IntegrationTests/bin/Debug/netcoreapp2.2/eDoxa.IdentityServer.IntegrationTests.dll" adapterTypeName="executor://mstestadapter/v2" className="eDoxa.IdentityServer.IntegrationTests.Controllers.AccountController" name="IdentityScenario" />
    </UnitTest>
  </TestDefinitions>
  <TestEntries>
    <TestEntry testId="cb4f33f4-251e-fb97-3b85-ccec2180fb81" executionId="9ee932ed-74e9-416a-acc8-8f2e40d3ffda" testListId="8c84fa94-04c1-424b-9868-57a2d4851a1d" />
  </TestEntries>
  <TestLists>
    <TestList name="Results Not in a List" id="8c84fa94-04c1-424b-9868-57a2d4851a1d" />
    <TestList name="All Loaded Results" id="19431567-8539-422a-85d7-44ee4e166bda" />
  </TestLists>
  <ResultSummary outcome="Completed">
    <Counters total="1" executed="1" passed="1" failed="0" error="0" timeout="0" aborted="0" inconclusive="0" passedButRunAborted="0" notRunnable="0" notExecuted="0" disconnected="0" warning="0" completed="0" inProgress="0" pending="0" />
  </ResultSummary>
</TestRun>