<?xml version="1.0" encoding="utf-8"?>
<TestRun id="21b1c43d-b168-4e45-868f-55d16e54af15" name="@39a2ad9092d7 2019-06-07 20:51:41" xmlns="http://microsoft.com/schemas/VisualStudio/TeamTest/2010">
  <Times creation="2019-06-07T20:51:41.5971228+00:00" queuing="2019-06-07T20:51:41.5971245+00:00" start="2019-06-07T20:51:37.5310857+00:00" finish="2019-06-07T20:51:41.7083574+00:00" />
  <TestSettings name="default" id="14013a48-5920-4ff8-af25-1b04c6cfbe72">
    <Deployment runDeploymentRoot="_39a2ad9092d7_2019-06-07_20_51_41" />
  </TestSettings>
  <Results>
    <UnitTestResult executionId="ea0fe486-33b8-459c-ae8c-588a2fe07d2e" testId="6b405ce2-49eb-bfa9-61a6-b58b75f997f8" testName="Constructor_Tests" computerName="39a2ad9092d7" duration="00:00:00.0193260" startTime="2019-06-07T20:51:40.7672302+00:00" endTime="2019-06-07T20:51:40.8897987+00:00" testType="13cdc9d9-ddb5-4fa4-a97d-d965ccfc6d4b" outcome="Passed" testListId="8c84fa94-04c1-424b-9868-57a2d4851a1d" relativeResultsDirectory="ea0fe486-33b8-459c-ae8c-588a2fe07d2e" />
  </Results>
  <TestDefinitions>
    <UnitTest name="Constructor_Tests" storage="/tmp/test/edoxa.identityserver.tests/bin/debug/netcoreapp2.2/edoxa.identityserver.tests.dll" id="6b405ce2-49eb-bfa9-61a6-b58b75f997f8">
      <Execution id="ea0fe486-33b8-459c-ae8c-588a2fe07d2e" />
      <TestMethod codeBase="/tmp/test/eDoxa.IdentityServer.Tests/bin/Debug/netcoreapp2.2/eDoxa.IdentityServer.Tests.dll" adapterTypeName="executor://mstestadapter/v2" className="eDoxa.IdentityServer.Tests.IntegrationEvents.UserCreatedIntegrationEventTest" name="Constructor_Tests" />
    </UnitTest>
  </TestDefinitions>
  <TestEntries>
    <TestEntry testId="6b405ce2-49eb-bfa9-61a6-b58b75f997f8" executionId="ea0fe486-33b8-459c-ae8c-588a2fe07d2e" testListId="8c84fa94-04c1-424b-9868-57a2d4851a1d" />
  </TestEntries>
  <TestLists>
    <TestList name="Results Not in a List" id="8c84fa94-04c1-424b-9868-57a2d4851a1d" />
    <TestList name="All Loaded Results" id="19431567-8539-422a-85d7-44ee4e166bda" />
  </TestLists>
  <ResultSummary outcome="Completed">
    <Counters total="1" executed="1" passed="1" failed="0" error="0" timeout="0" aborted="0" inconclusive="0" passedButRunAborted="0" notRunnable="0" notExecuted="0" disconnected="0" warning="0" completed="0" inProgress="0" pending="0" />
  </ResultSummary>
</TestRun>