<?xml version="1.0" encoding="utf-8"?>
<TestRun id="168b3f64-f398-4f63-adaf-e218a12e1972" name="@1795e20d0a74 2019-06-07 20:52:08" xmlns="http://microsoft.com/schemas/VisualStudio/TeamTest/2010">
  <Times creation="2019-06-07T20:52:08.5435863+00:00" queuing="2019-06-07T20:52:08.5435880+00:00" start="2019-06-07T20:51:45.8223168+00:00" finish="2019-06-07T20:52:08.6336749+00:00" />
  <TestSettings name="default" id="68275fa6-edd9-4e24-a824-730e9a3a779d">
    <Deployment runDeploymentRoot="_1795e20d0a74_2019-06-07_20_52_08" />
  </TestSettings>
  <Results>
    <UnitTestResult executionId="94bfba8c-3657-4454-9f9f-df92fb5ac657" testId="dde76002-a0c6-9580-4e1e-fff5296ca65b" testName="IdentityScenario" computerName="1795e20d0a74" duration="00:00:20.1493676" startTime="2019-06-07T20:51:47.9701910+00:00" endTime="2019-06-07T20:52:08.2076950+00:00" testType="13cdc9d9-ddb5-4fa4-a97d-d965ccfc6d4b" outcome="Passed" testListId="8c84fa94-04c1-424b-9868-57a2d4851a1d" relativeResultsDirectory="94bfba8c-3657-4454-9f9f-df92fb5ac657">
      <Output>
        <StdOut>[20:51:57 WRN] No XML encryptor configured. Key {227774d8-52ff-4c73-b515-d2973c251f4f} may be persisted to storage in unencrypted form.
[20:51:59 INF] RabbitMQ client is trying to connect.
[20:52:00 INF] RabbitMQ persistent connection acquired a connection rabbitmq.test and is subscribed to failure events.</StdOut>
      </Output>
    </UnitTestResult>
  </Results>
  <TestDefinitions>
    <UnitTest name="IdentityScenario" storage="/tmp/test/edoxa.identity.integrationtests/bin/debug/netcoreapp2.2/edoxa.identity.integrationtests.dll" id="dde76002-a0c6-9580-4e1e-fff5296ca65b">
      <Execution id="94bfba8c-3657-4454-9f9f-df92fb5ac657" />
      <TestMethod codeBase="/tmp/test/eDoxa.Identity.IntegrationTests/bin/Debug/netcoreapp2.2/eDoxa.Identity.IntegrationTests.dll" adapterTypeName="executor://mstestadapter/v2" className="eDoxa.Identity.IntegrationTests.Controllers.UsersControllerTest" name="IdentityScenario" />
    </UnitTest>
  </TestDefinitions>
  <TestEntries>
    <TestEntry testId="dde76002-a0c6-9580-4e1e-fff5296ca65b" executionId="94bfba8c-3657-4454-9f9f-df92fb5ac657" testListId="8c84fa94-04c1-424b-9868-57a2d4851a1d" />
  </TestEntries>
  <TestLists>
    <TestList name="Results Not in a List" id="8c84fa94-04c1-424b-9868-57a2d4851a1d" />
    <TestList name="All Loaded Results" id="19431567-8539-422a-85d7-44ee4e166bda" />
  </TestLists>
  <ResultSummary outcome="Completed">
    <Counters total="1" executed="1" passed="1" failed="0" error="0" timeout="0" aborted="0" inconclusive="0" passedButRunAborted="0" notRunnable="0" notExecuted="0" disconnected="0" warning="0" completed="0" inProgress="0" pending="0" />
  </ResultSummary>
</TestRun>