<?xml version="1.0" encoding="utf-8"?>
<TestRun id="bdc45375-9877-48a0-89e4-f836db4d7efd" name="@8eb9029ed284 2019-06-07 20:52:07" xmlns="http://microsoft.com/schemas/VisualStudio/TeamTest/2010">
  <Times creation="2019-06-07T20:52:07.3365592+00:00" queuing="2019-06-07T20:52:07.3365607+00:00" start="2019-06-07T20:52:03.5533559+00:00" finish="2019-06-07T20:52:18.0816710+00:00" />
  <TestSettings name="default" id="72ab3ab2-b9bf-4d83-9af2-fd62b220b884">
    <Deployment runDeploymentRoot="_8eb9029ed284_2019-06-07_20_52_07" />
  </TestSettings>
  <Results>
    <UnitTestResult executionId="cd67cd97-ad75-4c16-b442-48d509d80021" testId="d3ab87f0-19f8-3a89-bcf1-27816e19a604" testName="M" computerName="8eb9029ed284" duration="00:00:02.4017585" startTime="2019-06-07T20:52:06.0065599+00:00" endTime="2019-06-07T20:52:08.4089341+00:00" testType="13cdc9d9-ddb5-4fa4-a97d-d965ccfc6d4b" outcome="Passed" testListId="8c84fa94-04c1-424b-9868-57a2d4851a1d" relativeResultsDirectory="cd67cd97-ad75-4c16-b442-48d509d80021" />
    <UnitTestResult executionId="bb9c9a09-adc2-4e6c-98aa-85364be9acdd" testId="81ed036b-b60d-4654-6cc0-2d58dce851ca" testName="RegisterChallengeParticipantAsync_ShouldBeOkObjectResult" computerName="8eb9029ed284" duration="00:00:00.0163422" startTime="2019-06-07T20:52:17.6786644+00:00" endTime="2019-06-07T20:52:17.6953266+00:00" testType="13cdc9d9-ddb5-4fa4-a97d-d965ccfc6d4b" outcome="Passed" testListId="8c84fa94-04c1-424b-9868-57a2d4851a1d" relativeResultsDirectory="bb9c9a09-adc2-4e6c-98aa-85364be9acdd" />
    <UnitTestResult executionId="aa416531-a629-47f0-a3e6-7356a56bbf6c" testId="10372ff7-c5e6-6896-32bc-7d910e5577ed" testName="M" computerName="8eb9029ed284" duration="00:00:00.0627053" startTime="2019-06-07T20:52:17.7517018+00:00" endTime="2019-06-07T20:52:17.8148770+00:00" testType="13cdc9d9-ddb5-4fa4-a97d-d965ccfc6d4b" outcome="Passed" testListId="8c84fa94-04c1-424b-9868-57a2d4851a1d" relativeResultsDirectory="aa416531-a629-47f0-a3e6-7356a56bbf6c" />
    <UnitTestResult executionId="f7043121-2be8-484a-92ab-637b0cd93d79" testId="f5084da6-c62a-f0c3-e04e-bfc7f04c235d" testName="Scoring_Default_ShouldContain" computerName="8eb9029ed284" duration="00:00:00.0907861" startTime="2019-06-07T20:52:05.7576434+00:00" endTime="2019-06-07T20:52:05.9794474+00:00" testType="13cdc9d9-ddb5-4fa4-a97d-d965ccfc6d4b" outcome="Passed" testListId="8c84fa94-04c1-424b-9868-57a2d4851a1d" relativeResultsDirectory="f7043121-2be8-484a-92ab-637b0cd93d79" resultType="DataDrivenTest">
      <InnerResults>
        <UnitTestResult executionId="c9233dcc-8f06-4fa4-b835-d3ab34187899" parentExecutionId="f7043121-2be8-484a-92ab-637b0cd93d79" testId="f5084da6-c62a-f0c3-e04e-bfc7f04c235d" testName="Scoring_Default_ShouldContain (Kills,4)" computerName="8eb9029ed284" duration="00:00:00.0728191" startTime="2019-06-07T20:52:05.7576434+00:00" endTime="2019-06-07T20:52:05.9794474+00:00" testType="13cdc9d9-ddb5-4fa4-a97d-d965ccfc6d4b" outcome="Passed" testListId="8c84fa94-04c1-424b-9868-57a2d4851a1d" relativeResultsDirectory="c9233dcc-8f06-4fa4-b835-d3ab34187899" dataRowInfo="1" resultType="DataDrivenDataRow" />
        <UnitTestResult executionId="588a8c5e-b3f4-457c-824d-9ddc68a54bfb" parentExecutionId="f7043121-2be8-484a-92ab-637b0cd93d79" testId="f5084da6-c62a-f0c3-e04e-bfc7f04c235d" testName="Scoring_Default_ShouldContain (Deaths,-3)" computerName="8eb9029ed284" duration="00:00:00.0002328" startTime="2019-06-07T20:52:05.7576434+00:00" endTime="2019-06-07T20:52:05.9794474+00:00" testType="13cdc9d9-ddb5-4fa4-a97d-d965ccfc6d4b" outcome="Passed" testListId="8c84fa94-04c1-424b-9868-57a2d4851a1d" relativeResultsDirectory="588a8c5e-b3f4-457c-824d-9ddc68a54bfb" dataRowInfo="2" resultType="DataDrivenDataRow" />
        <UnitTestResult executionId="18d5947f-8b65-4b4b-bab2-3db2f9da8846" parentExecutionId="f7043121-2be8-484a-92ab-637b0cd93d79" testId="f5084da6-c62a-f0c3-e04e-bfc7f04c235d" testName="Scoring_Default_ShouldContain (Assists,3)" computerName="8eb9029ed284" duration="00:00:00.0000622" startTime="2019-06-07T20:52:05.7576434+00:00" endTime="2019-06-07T20:52:05.9794474+00:00" testType="13cdc9d9-ddb5-4fa4-a97d-d965ccfc6d4b" outcome="Passed" testListId="8c84fa94-04c1-424b-9868-57a2d4851a1d" relativeResultsDirectory="18d5947f-8b65-4b4b-bab2-3db2f9da8846" dataRowInfo="3" resultType="DataDrivenDataRow" />
        <UnitTestResult executionId="37a60dd1-4dfc-456a-b00a-2d9176331dc7" parentExecutionId="f7043121-2be8-484a-92ab-637b0cd93d79" testId="f5084da6-c62a-f0c3-e04e-bfc7f04c235d" testName="Scoring_Default_ShouldContain (TotalDamageDealtToChampions,0.0008)" computerName="8eb9029ed284" duration="00:00:00.0000469" startTime="2019-06-07T20:52:05.7576434+00:00" endTime="2019-06-07T20:52:05.9794474+00:00" testType="13cdc9d9-ddb5-4fa4-a97d-d965ccfc6d4b" outcome="Passed" testListId="8c84fa94-04c1-424b-9868-57a2d4851a1d" relativeResultsDirectory="37a60dd1-4dfc-456a-b00a-2d9176331dc7" dataRowInfo="4" resultType="DataDrivenDataRow" />
        <UnitTestResult executionId="81e76e39-4a64-4c37-b0fa-a01db13dc449" parentExecutionId="f7043121-2be8-484a-92ab-637b0cd93d79" testId="f5084da6-c62a-f0c3-e04e-bfc7f04c235d" testName="Scoring_Default_ShouldContain (TotalHeal,0.0015)" computerName="8eb9029ed284" duration="00:00:00.0000402" startTime="2019-06-07T20:52:05.7576434+00:00" endTime="2019-06-07T20:52:05.9794474+00:00" testType="13cdc9d9-ddb5-4fa4-a97d-d965ccfc6d4b" outcome="Passed" testListId="8c84fa94-04c1-424b-9868-57a2d4851a1d" relativeResultsDirectory="81e76e39-4a64-4c37-b0fa-a01db13dc449" dataRowInfo="5" resultType="DataDrivenDataRow" />
      </InnerResults>
    </UnitTestResult>
    <UnitTestResult executionId="afd16a66-a993-4d63-89d3-d2fa23114669" testId="36a8b502-03d6-0bba-3945-f0185f00448f" testName="Scoring_ShouldBeAssignableToType" computerName="8eb9029ed284" duration="00:00:00.0011616" startTime="2019-06-07T20:52:17.4036382+00:00" endTime="2019-06-07T20:52:17.4051777+00:00" testType="13cdc9d9-ddb5-4fa4-a97d-d965ccfc6d4b" outcome="Passed" testListId="8c84fa94-04c1-424b-9868-57a2d4851a1d" relativeResultsDirectory="afd16a66-a993-4d63-89d3-d2fa23114669" />
    <UnitTestResult executionId="5e6354b1-930d-4fcb-9dc0-e08e3733d95c" testId="b471b0e9-9636-8a67-65ba-b10c299e108b" testName="FindUserChallengeHistoryAsync_ShouldBeNoContentResult" computerName="8eb9029ed284" duration="00:00:00.0033206" startTime="2019-06-07T20:52:17.6596154+00:00" endTime="2019-06-07T20:52:17.6631867+00:00" testType="13cdc9d9-ddb5-4fa4-a97d-d965ccfc6d4b" outcome="Passed" testListId="8c84fa94-04c1-424b-9868-57a2d4851a1d" relativeResultsDirectory="5e6354b1-930d-4fcb-9dc0-e08e3733d95c" />
    <UnitTestResult executionId="14e15646-006a-4da9-ae7e-16d3af80fe1c" testId="18678cb3-3870-56da-3e8d-7e14d1ad6d38" testName="HandleAsync_RegisterParticipantCommand_ShouldBeOfTypeOkObjectResult" computerName="8eb9029ed284" duration="00:00:00.0527579" startTime="2019-06-07T20:52:17.8425740+00:00" endTime="2019-06-07T20:52:17.8956885+00:00" testType="13cdc9d9-ddb5-4fa4-a97d-d965ccfc6d4b" outcome="Passed" testListId="8c84fa94-04c1-424b-9868-57a2d4851a1d" relativeResultsDirectory="14e15646-006a-4da9-ae7e-16d3af80fe1c" />
    <UnitTestResult executionId="6aba8aa1-c54f-4380-9215-d688c9a7908f" testId="d76f8d5d-49e8-e50e-7bca-921827f4f0d3" testName="FindChallengeAsync_ShouldBeOkObjectResult" computerName="8eb9029ed284" duration="00:00:00.0061255" startTime="2019-06-07T20:52:17.7047737+00:00" endTime="2019-06-07T20:52:17.7111028+00:00" testType="13cdc9d9-ddb5-4fa4-a97d-d965ccfc6d4b" outcome="Passed" testListId="8c84fa94-04c1-424b-9868-57a2d4851a1d" relativeResultsDirectory="6aba8aa1-c54f-4380-9215-d688c9a7908f" />
    <UnitTestResult executionId="f4b0a3af-5c72-4fc1-8875-5eae4ebf1adb" testId="8259bf03-74ca-9980-5a1a-505b11f59c99" testName="Constructor_Tests" computerName="8eb9029ed284" duration="00:00:00.0025430" startTime="2019-06-07T20:52:17.4317227+00:00" endTime="2019-06-07T20:52:17.4346951+00:00" testType="13cdc9d9-ddb5-4fa4-a97d-d965ccfc6d4b" outcome="Passed" testListId="8c84fa94-04c1-424b-9868-57a2d4851a1d" relativeResultsDirectory="f4b0a3af-5c72-4fc1-8875-5eae4ebf1adb" />
    <UnitTestResult executionId="7ed986f8-5946-4935-a56b-c8672bde92c8" testId="e7c94c8f-d67c-1523-4aab-05ad7174040a" testName="FindChallengeParticipantsAsync_ShouldBeNoContentResult" computerName="8eb9029ed284" duration="00:00:00.0024844" startTime="2019-06-07T20:52:17.6759159+00:00" endTime="2019-06-07T20:52:17.6786340+00:00" testType="13cdc9d9-ddb5-4fa4-a97d-d965ccfc6d4b" outcome="Passed" testListId="8c84fa94-04c1-424b-9868-57a2d4851a1d" relativeResultsDirectory="7ed986f8-5946-4935-a56b-c8672bde92c8" />
    <UnitTestResult executionId="2511b068-2ea0-4cf2-b3db-1091756dc147" testId="9a6ea8b2-7776-bbaf-9dd8-33dee4197a1b" testName="Match_ShouldNotBeNull" computerName="8eb9029ed284" duration="00:00:00.0013128" startTime="2019-06-07T20:52:17.3999969+00:00" endTime="2019-06-07T20:52:17.4018713+00:00" testType="13cdc9d9-ddb5-4fa4-a97d-d965ccfc6d4b" outcome="Passed" testListId="8c84fa94-04c1-424b-9868-57a2d4851a1d" relativeResultsDirectory="2511b068-2ea0-4cf2-b3db-1091756dc147" />
    <UnitTestResult executionId="a52a38d2-5feb-4f6e-8bad-ac3f14426801" testId="899a4e34-4c24-fe82-fac8-6f9dda55a686" testName="FindChallengeParticipantsAsync_ShouldBeOkObjectResult" computerName="8eb9029ed284" duration="00:00:00.0110463" startTime="2019-06-07T20:52:17.6632275+00:00" endTime="2019-06-07T20:52:17.6746642+00:00" testType="13cdc9d9-ddb5-4fa4-a97d-d965ccfc6d4b" outcome="Passed" testListId="8c84fa94-04c1-424b-9868-57a2d4851a1d" relativeResultsDirectory="a52a38d2-5feb-4f6e-8bad-ac3f14426801" />
    <UnitTestResult executionId="946fd815-37a0-489a-83c7-b8eaa82abd24" testId="af6bd017-43c9-4071-c162-5c2cf4c0148c" testName="FindMatchAsync_ShouldBeOkObjectResult" computerName="8eb9029ed284" duration="00:00:00.0111549" startTime="2019-06-07T20:52:17.7142215+00:00" endTime="2019-06-07T20:52:17.7258265+00:00" testType="13cdc9d9-ddb5-4fa4-a97d-d965ccfc6d4b" outcome="Passed" testListId="8c84fa94-04c1-424b-9868-57a2d4851a1d" relativeResultsDirectory="946fd815-37a0-489a-83c7-b8eaa82abd24" />
    <UnitTestResult executionId="31bfb167-7b0b-48b9-8280-532f467c5efc" testId="19a6cb1c-74cc-7e2f-7769-41ebf10cce54" testName="FindChallengesAsync_ShouldBeOkObjectResult" computerName="8eb9029ed284" duration="00:00:00.0055277" startTime="2019-06-07T20:52:17.6953569+00:00" endTime="2019-06-07T20:52:17.7013657+00:00" testType="13cdc9d9-ddb5-4fa4-a97d-d965ccfc6d4b" outcome="Passed" testListId="8c84fa94-04c1-424b-9868-57a2d4851a1d" relativeResultsDirectory="31bfb167-7b0b-48b9-8280-532f467c5efc" />
    <UnitTestResult executionId="9fc1c02d-272f-4255-bd69-41791ad90156" testId="ef7fbb21-b4e1-abd6-ebb0-e893fc8f2cd8" testName="Constructor_Tests" computerName="8eb9029ed284" duration="00:00:00.0038204" startTime="2019-06-07T20:52:17.4274118+00:00" endTime="2019-06-07T20:52:17.4316853+00:00" testType="13cdc9d9-ddb5-4fa4-a97d-d965ccfc6d4b" outcome="Passed" testListId="8c84fa94-04c1-424b-9868-57a2d4851a1d" relativeResultsDirectory="9fc1c02d-272f-4255-bd69-41791ad90156" />
    <UnitTestResult executionId="34a92da4-dad8-4535-aa6a-c32706bc13ce" testId="072beee3-29da-4130-7100-2b6dd1ed599f" testName="FindChallengeAsync_ShouldBeNotFoundObjectResult" computerName="8eb9029ed284" duration="00:00:00.0028341" startTime="2019-06-07T20:52:17.7111320+00:00" endTime="2019-06-07T20:52:17.7141912+00:00" testType="13cdc9d9-ddb5-4fa4-a97d-d965ccfc6d4b" outcome="Passed" testListId="8c84fa94-04c1-424b-9868-57a2d4851a1d" relativeResultsDirectory="34a92da4-dad8-4535-aa6a-c32706bc13ce" />
    <UnitTestResult executionId="d8e042a2-0b78-4a38-8b9a-612b92fb47c5" testId="06de9e5a-0e97-1603-8b83-409bb07f2a10" testName="FindParticipantAsync_ShouldBeOkObjectResult" computerName="8eb9029ed284" duration="00:00:00.0068986" startTime="2019-06-07T20:52:17.7412941+00:00" endTime="2019-06-07T20:52:17.7486797+00:00" testType="13cdc9d9-ddb5-4fa4-a97d-d965ccfc6d4b" outcome="Passed" testListId="8c84fa94-04c1-424b-9868-57a2d4851a1d" relativeResultsDirectory="d8e042a2-0b78-4a38-8b9a-612b92fb47c5" />
    <UnitTestResult executionId="21d14c8d-93f0-41ac-9aba-84ded3743617" testId="ccb08d87-b478-1b3b-3aaa-eeb3bf93a4f4" testName="FindParticipantMatchesAsync_ShouldBeNoContentResult" computerName="8eb9029ed284" duration="00:00:00.0025115" startTime="2019-06-07T20:52:17.7385096+00:00" endTime="2019-06-07T20:52:17.7412662+00:00" testType="13cdc9d9-ddb5-4fa4-a97d-d965ccfc6d4b" outcome="Passed" testListId="8c84fa94-04c1-424b-9868-57a2d4851a1d" relativeResultsDirectory="21d14c8d-93f0-41ac-9aba-84ded3743617" />
    <UnitTestResult executionId="cfa99c7d-e149-4650-b7cd-c9dbb1caf27d" testId="e8c6949f-6b80-a1e3-afde-d6deefb606ec" testName="FindUserChallengeHistoryAsync_ShouldBeOkObjectResult" computerName="8eb9029ed284" duration="00:00:00.1548417" startTime="2019-06-07T20:52:17.5043106+00:00" endTime="2019-06-07T20:52:17.6595802+00:00" testType="13cdc9d9-ddb5-4fa4-a97d-d965ccfc6d4b" outcome="Passed" testListId="8c84fa94-04c1-424b-9868-57a2d4851a1d" relativeResultsDirectory="cfa99c7d-e149-4650-b7cd-c9dbb1caf27d" />
    <UnitTestResult executionId="a256c4a2-d858-43cb-8cee-630d728546af" testId="66249800-0250-3345-efb2-344d86932656" testName="Constructor_Tests" computerName="8eb9029ed284" duration="00:00:00.0030320" startTime="2019-06-07T20:52:17.4347482+00:00" endTime="2019-06-07T20:52:17.4382918+00:00" testType="13cdc9d9-ddb5-4fa4-a97d-d965ccfc6d4b" outcome="Passed" testListId="8c84fa94-04c1-424b-9868-57a2d4851a1d" relativeResultsDirectory="a256c4a2-d858-43cb-8cee-630d728546af" />
    <UnitTestResult executionId="ca6349e0-011c-49c0-8b94-09e54957c2ad" testId="50771435-75e3-7b44-6052-b08be1fb7d2d" testName="Create_Challenge_ShouldNotBeNull" computerName="8eb9029ed284" duration="00:00:04.0860760" startTime="2019-06-07T20:52:13.1802110+00:00" endTime="2019-06-07T20:52:17.2676657+00:00" testType="13cdc9d9-ddb5-4fa4-a97d-d965ccfc6d4b" outcome="Passed" testListId="8c84fa94-04c1-424b-9868-57a2d4851a1d" relativeResultsDirectory="ca6349e0-011c-49c0-8b94-09e54957c2ad" />
    <UnitTestResult executionId="7fb873d7-321e-449e-a578-f7f803ddfa9c" testId="9cdfb1e8-4b52-49b8-962f-47c4ba0c482c" testName="FindParticipantMatchesAsync_ShouldBeOkObjectResult" computerName="8eb9029ed284" duration="00:00:00.0082970" startTime="2019-06-07T20:52:17.7283144+00:00" endTime="2019-06-07T20:52:17.7369829+00:00" testType="13cdc9d9-ddb5-4fa4-a97d-d965ccfc6d4b" outcome="Passed" testListId="8c84fa94-04c1-424b-9868-57a2d4851a1d" relativeResultsDirectory="7fb873d7-321e-449e-a578-f7f803ddfa9c" />
    <UnitTestResult executionId="db427be3-4726-4809-a7fc-3bb64b1b56c1" testId="d9529050-8d6b-22ad-f5b9-c6cfdf42c007" testName="SnapshotStats_Stats_ShouldHaveCountOfScoring" computerName="8eb9029ed284" duration="00:00:00.0014865" startTime="2019-06-07T20:52:17.4019079+00:00" endTime="2019-06-07T20:52:17.4036031+00:00" testType="13cdc9d9-ddb5-4fa4-a97d-d965ccfc6d4b" outcome="Passed" testListId="8c84fa94-04c1-424b-9868-57a2d4851a1d" relativeResultsDirectory="db427be3-4726-4809-a7fc-3bb64b1b56c1" />
    <UnitTestResult executionId="32d28c33-6c99-4faa-a311-07637acb3d04" testId="c98b8209-2dc3-a104-aff0-bd77cb54afca" testName="Database_CanConnect_ShouldBeTrue" computerName="8eb9029ed284" duration="00:00:04.7698144" startTime="2019-06-07T20:52:08.4089785+00:00" endTime="2019-06-07T20:52:13.1791761+00:00" testType="13cdc9d9-ddb5-4fa4-a97d-d965ccfc6d4b" outcome="Passed" testListId="8c84fa94-04c1-424b-9868-57a2d4851a1d" relativeResultsDirectory="32d28c33-6c99-4faa-a311-07637acb3d04" />
    <UnitTestResult executionId="b24be396-945a-4ec2-a569-fb97c11673d1" testId="4e6ef461-5a76-9ba3-e8b6-0068345f754b" testName="Constructor_Tests" computerName="8eb9029ed284" duration="00:00:00.0098214" startTime="2019-06-07T20:52:17.4065152+00:00" endTime="2019-06-07T20:52:17.4166538+00:00" testType="13cdc9d9-ddb5-4fa4-a97d-d965ccfc6d4b" outcome="Passed" testListId="8c84fa94-04c1-424b-9868-57a2d4851a1d" relativeResultsDirectory="b24be396-945a-4ec2-a569-fb97c11673d1" resultType="DataDrivenTest">
      <InnerResults>
        <UnitTestResult executionId="6c4ff988-e61f-4d43-bf85-19a0675b2f22" parentExecutionId="b24be396-945a-4ec2-a569-fb97c11673d1" testId="4e6ef461-5a76-9ba3-e8b6-0068345f754b" testName="Constructor_Tests (Kills,457000,0.00015,68.55)" computerName="8eb9029ed284" duration="00:00:00.0016491" startTime="2019-06-07T20:52:17.4065152+00:00" endTime="2019-06-07T20:52:17.4166538+00:00" testType="13cdc9d9-ddb5-4fa4-a97d-d965ccfc6d4b" outcome="Passed" testListId="8c84fa94-04c1-424b-9868-57a2d4851a1d" relativeResultsDirectory="6c4ff988-e61f-4d43-bf85-19a0675b2f22" dataRowInfo="1" resultType="DataDrivenDataRow" />
        <UnitTestResult executionId="e2d5b095-6891-45bc-a624-dbcabff67de4" parentExecutionId="b24be396-945a-4ec2-a569-fb97c11673d1" testId="4e6ef461-5a76-9ba3-e8b6-0068345f754b" testName="Constructor_Tests (Assists,0.100000001490116,1,0.1)" computerName="8eb9029ed284" duration="00:00:00.0000398" startTime="2019-06-07T20:52:17.4065152+00:00" endTime="2019-06-07T20:52:17.4166538+00:00" testType="13cdc9d9-ddb5-4fa4-a97d-d965ccfc6d4b" outcome="Passed" testListId="8c84fa94-04c1-424b-9868-57a2d4851a1d" relativeResultsDirectory="e2d5b095-6891-45bc-a624-dbcabff67de4" dataRowInfo="2" resultType="DataDrivenDataRow" />
        <UnitTestResult executionId="93b4baab-1315-4b7c-b7df-e26189e09ad5" parentExecutionId="b24be396-945a-4ec2-a569-fb97c11673d1" testId="4e6ef461-5a76-9ba3-e8b6-0068345f754b" testName="Constructor_Tests (Deaths,457342424,0.77,352153666.48)" computerName="8eb9029ed284" duration="00:00:00.0000133" startTime="2019-06-07T20:52:17.4065152+00:00" endTime="2019-06-07T20:52:17.4166538+00:00" testType="13cdc9d9-ddb5-4fa4-a97d-d965ccfc6d4b" outcome="Passed" testListId="8c84fa94-04c1-424b-9868-57a2d4851a1d" relativeResultsDirectory="93b4baab-1315-4b7c-b7df-e26189e09ad5" dataRowInfo="3" resultType="DataDrivenDataRow" />
        <UnitTestResult executionId="7b49615a-3c0d-482c-acc3-b8c4f3dfd1ba" parentExecutionId="b24be396-945a-4ec2-a569-fb97c11673d1" testId="4e6ef461-5a76-9ba3-e8b6-0068345f754b" testName="Constructor_Tests (TotalDamageDealtToChampions,0.25,100,25)" computerName="8eb9029ed284" duration="00:00:00.0000100" startTime="2019-06-07T20:52:17.4065152+00:00" endTime="2019-06-07T20:52:17.4166538+00:00" testType="13cdc9d9-ddb5-4fa4-a97d-d965ccfc6d4b" outcome="Passed" testListId="8c84fa94-04c1-424b-9868-57a2d4851a1d" relativeResultsDirectory="7b49615a-3c0d-482c-acc3-b8c4f3dfd1ba" dataRowInfo="4" resultType="DataDrivenDataRow" />
        <UnitTestResult executionId="a5b4bc9d-5944-420c-8592-1e9dcd393970" parentExecutionId="b24be396-945a-4ec2-a569-fb97c11673d1" testId="4e6ef461-5a76-9ba3-e8b6-0068345f754b" testName="Constructor_Tests (TotalHeal,85,-3,-255)" computerName="8eb9029ed284" duration="00:00:00.0000110" startTime="2019-06-07T20:52:17.4065152+00:00" endTime="2019-06-07T20:52:17.4166538+00:00" testType="13cdc9d9-ddb5-4fa4-a97d-d965ccfc6d4b" outcome="Passed" testListId="8c84fa94-04c1-424b-9868-57a2d4851a1d" relativeResultsDirectory="a5b4bc9d-5944-420c-8592-1e9dcd393970" dataRowInfo="5" resultType="DataDrivenDataRow" />
      </InnerResults>
    </UnitTestResult>
    <UnitTestResult executionId="e08bbb20-506d-40d2-bcdd-081ba2f7df6b" testId="990ff406-2342-25d6-187c-0340f4859cfc" testName="Matches_ShouldHaveCountOf" computerName="8eb9029ed284" duration="00:00:00.0033533" startTime="2019-06-07T20:52:17.3721315+00:00" endTime="2019-06-07T20:52:17.3758660+00:00" testType="13cdc9d9-ddb5-4fa4-a97d-d965ccfc6d4b" outcome="Passed" testListId="8c84fa94-04c1-424b-9868-57a2d4851a1d" relativeResultsDirectory="e08bbb20-506d-40d2-bcdd-081ba2f7df6b" resultType="DataDrivenTest">
      <InnerResults>
        <UnitTestResult executionId="4c895e68-ff81-4610-aa77-7ba4baa3252e" parentExecutionId="e08bbb20-506d-40d2-bcdd-081ba2f7df6b" testId="990ff406-2342-25d6-187c-0340f4859cfc" testName="Matches_ShouldHaveCountOf (1)" computerName="8eb9029ed284" duration="00:00:00.0022631" startTime="2019-06-07T20:52:17.3721315+00:00" endTime="2019-06-07T20:52:17.3758660+00:00" testType="13cdc9d9-ddb5-4fa4-a97d-d965ccfc6d4b" outcome="Passed" testListId="8c84fa94-04c1-424b-9868-57a2d4851a1d" relativeResultsDirectory="4c895e68-ff81-4610-aa77-7ba4baa3252e" dataRowInfo="1" resultType="DataDrivenDataRow" />
        <UnitTestResult executionId="a3985ef6-c838-4887-9861-f1b7a23e5def" parentExecutionId="e08bbb20-506d-40d2-bcdd-081ba2f7df6b" testId="990ff406-2342-25d6-187c-0340f4859cfc" testName="Matches_ShouldHaveCountOf (3)" computerName="8eb9029ed284" duration="00:00:00.0004264" startTime="2019-06-07T20:52:17.3721315+00:00" endTime="2019-06-07T20:52:17.3758660+00:00" testType="13cdc9d9-ddb5-4fa4-a97d-d965ccfc6d4b" outcome="Passed" testListId="8c84fa94-04c1-424b-9868-57a2d4851a1d" relativeResultsDirectory="a3985ef6-c838-4887-9861-f1b7a23e5def" dataRowInfo="2" resultType="DataDrivenDataRow" />
        <UnitTestResult executionId="da7f1d39-ea05-4af8-be84-10f092d84541" parentExecutionId="e08bbb20-506d-40d2-bcdd-081ba2f7df6b" testId="990ff406-2342-25d6-187c-0340f4859cfc" testName="Matches_ShouldHaveCountOf (5)" computerName="8eb9029ed284" duration="00:00:00.0004936" startTime="2019-06-07T20:52:17.3721315+00:00" endTime="2019-06-07T20:52:17.3758660+00:00" testType="13cdc9d9-ddb5-4fa4-a97d-d965ccfc6d4b" outcome="Passed" testListId="8c84fa94-04c1-424b-9868-57a2d4851a1d" relativeResultsDirectory="da7f1d39-ea05-4af8-be84-10f092d84541" dataRowInfo="3" resultType="DataDrivenDataRow" />
      </InnerResults>
    </UnitTestResult>
    <UnitTestResult executionId="95d032c7-640c-42a0-91e0-1d8f86f74159" testId="371daf54-c0eb-0148-8775-8401c4614f3d" testName="AverageScore_MatchCountGreaterThanOrEqualToBestOf_ShouldNotBeNull" computerName="8eb9029ed284" duration="00:00:00.0016672" startTime="2019-06-07T20:52:17.3759141+00:00" endTime="2019-06-07T20:52:17.3777624+00:00" testType="13cdc9d9-ddb5-4fa4-a97d-d965ccfc6d4b" outcome="Passed" testListId="8c84fa94-04c1-424b-9868-57a2d4851a1d" relativeResultsDirectory="95d032c7-640c-42a0-91e0-1d8f86f74159" resultType="DataDrivenTest">
      <InnerResults>
        <UnitTestResult executionId="227dbe10-abc8-4872-8c33-95fdfe8d3c30" parentExecutionId="95d032c7-640c-42a0-91e0-1d8f86f74159" testId="371daf54-c0eb-0148-8775-8401c4614f3d" testName="AverageScore_MatchCountGreaterThanOrEqualToBestOf_ShouldNotBeNull (1,1)" computerName="8eb9029ed284" duration="00:00:00.0007822" startTime="2019-06-07T20:52:17.3759141+00:00" endTime="2019-06-07T20:52:17.3777624+00:00" testType="13cdc9d9-ddb5-4fa4-a97d-d965ccfc6d4b" outcome="Passed" testListId="8c84fa94-04c1-424b-9868-57a2d4851a1d" relativeResultsDirectory="227dbe10-abc8-4872-8c33-95fdfe8d3c30" dataRowInfo="1" resultType="DataDrivenDataRow" />
        <UnitTestResult executionId="e0aae529-2848-4c7e-9c21-8edbd84e6d3e" parentExecutionId="95d032c7-640c-42a0-91e0-1d8f86f74159" testId="371daf54-c0eb-0148-8775-8401c4614f3d" testName="AverageScore_MatchCountGreaterThanOrEqualToBestOf_ShouldNotBeNull (3,3)" computerName="8eb9029ed284" duration="00:00:00.0003706" startTime="2019-06-07T20:52:17.3759141+00:00" endTime="2019-06-07T20:52:17.3777624+00:00" testType="13cdc9d9-ddb5-4fa4-a97d-d965ccfc6d4b" outcome="Passed" testListId="8c84fa94-04c1-424b-9868-57a2d4851a1d" relativeResultsDirectory="e0aae529-2848-4c7e-9c21-8edbd84e6d3e" dataRowInfo="2" resultType="DataDrivenDataRow" />
        <UnitTestResult executionId="3ebbf720-86a5-49db-b32a-0059b8670b43" parentExecutionId="95d032c7-640c-42a0-91e0-1d8f86f74159" testId="371daf54-c0eb-0148-8775-8401c4614f3d" testName="AverageScore_MatchCountGreaterThanOrEqualToBestOf_ShouldNotBeNull (5,5)" computerName="8eb9029ed284" duration="00:00:00.0003834" startTime="2019-06-07T20:52:17.3759141+00:00" endTime="2019-06-07T20:52:17.3777624+00:00" testType="13cdc9d9-ddb5-4fa4-a97d-d965ccfc6d4b" outcome="Passed" testListId="8c84fa94-04c1-424b-9868-57a2d4851a1d" relativeResultsDirectory="3ebbf720-86a5-49db-b32a-0059b8670b43" dataRowInfo="3" resultType="DataDrivenDataRow" />
      </InnerResults>
    </UnitTestResult>
    <UnitTestResult executionId="170beb42-b1b5-4b6d-bb30-eb07511b5b9d" testId="d0497fcd-3f81-f90e-7e31-9da4a8ea6f5e" testName="FindMatchAsync_ShouldBeNotFoundObjectResult" computerName="8eb9029ed284" duration="00:00:00.0022230" startTime="2019-06-07T20:52:17.7258562+00:00" endTime="2019-06-07T20:52:17.7282852+00:00" testType="13cdc9d9-ddb5-4fa4-a97d-d965ccfc6d4b" outcome="Passed" testListId="8c84fa94-04c1-424b-9868-57a2d4851a1d" relativeResultsDirectory="170beb42-b1b5-4b6d-bb30-eb07511b5b9d" />
    <UnitTestResult executionId="ff815b93-9ec9-4aed-8d75-fdf990156fef" testId="885c4654-2957-4675-df8b-f34c1e9e899d" testName="Constructor_Tests" computerName="8eb9029ed284" duration="00:00:00.0134004" startTime="2019-06-07T20:52:17.3806103+00:00" endTime="2019-06-07T20:52:17.3943952+00:00" testType="13cdc9d9-ddb5-4fa4-a97d-d965ccfc6d4b" outcome="Passed" testListId="8c84fa94-04c1-424b-9868-57a2d4851a1d" relativeResultsDirectory="ff815b93-9ec9-4aed-8d75-fdf990156fef" />
    <UnitTestResult executionId="e87fc44b-4e03-47cd-bd60-6fe14955d043" testId="53e02658-12bc-ce7f-6eec-0be87dfe6896" testName="HandleAsync_CompleteCommand_ShouldBeCompletedTask" computerName="8eb9029ed284" duration="00:00:00.0272424" startTime="2019-06-07T20:52:17.8149134+00:00" endTime="2019-06-07T20:52:17.8425428+00:00" testType="13cdc9d9-ddb5-4fa4-a97d-d965ccfc6d4b" outcome="Passed" testListId="8c84fa94-04c1-424b-9868-57a2d4851a1d" relativeResultsDirectory="e87fc44b-4e03-47cd-bd60-6fe14955d043" />
    <UnitTestResult executionId="83431c66-0e6c-406d-9e8d-8421bed7c0c8" testId="34f538e4-4276-b5eb-74e9-0144ff7fd219" testName="RegisterParticipant_IntoEmptyCollection_ShouldNotBeEmpty" computerName="8eb9029ed284" duration="00:00:00.0030477" startTime="2019-06-07T20:52:17.4383343+00:00" endTime="2019-06-07T20:52:17.4416718+00:00" testType="13cdc9d9-ddb5-4fa4-a97d-d965ccfc6d4b" outcome="Passed" testListId="8c84fa94-04c1-424b-9868-57a2d4851a1d" relativeResultsDirectory="83431c66-0e6c-406d-9e8d-8421bed7c0c8" />
    <UnitTestResult executionId="16716119-e940-4029-b213-fa81ff2382d0" testId="7cc21f63-a0cb-ad32-10b9-d0ef7e08196f" testName="HandleAsync_PayoutProcessedDomainEvent_ShouldBeCompletedTask" computerName="8eb9029ed284" duration="00:00:00.0991575" startTime="2019-06-07T20:52:17.2683391+00:00" endTime="2019-06-07T20:52:17.3691264+00:00" testType="13cdc9d9-ddb5-4fa4-a97d-d965ccfc6d4b" outcome="Passed" testListId="8c84fa94-04c1-424b-9868-57a2d4851a1d" relativeResultsDirectory="16716119-e940-4029-b213-fa81ff2382d0" />
    <UnitTestResult executionId="493e120a-c117-4bd2-b24c-10007c59895c" testId="7192253d-894d-c450-82f2-5fe169b0c623" testName="FindChallengesAsync_ShouldBeNoContentResult" computerName="8eb9029ed284" duration="00:00:00.0029589" startTime="2019-06-07T20:52:17.7014464+00:00" endTime="2019-06-07T20:52:17.7047441+00:00" testType="13cdc9d9-ddb5-4fa4-a97d-d965ccfc6d4b" outcome="Passed" testListId="8c84fa94-04c1-424b-9868-57a2d4851a1d" relativeResultsDirectory="493e120a-c117-4bd2-b24c-10007c59895c" />
    <UnitTestResult executionId="b7f41806-f798-433d-8217-bb15e5187329" testId="d3f24564-881a-361f-6335-7b2f13357623" testName="Constructor_Tests" computerName="8eb9029ed284" duration="00:00:00.0009167" startTime="2019-06-07T20:52:17.4052095+00:00" endTime="2019-06-07T20:52:17.4064856+00:00" testType="13cdc9d9-ddb5-4fa4-a97d-d965ccfc6d4b" outcome="Passed" testListId="8c84fa94-04c1-424b-9868-57a2d4851a1d" relativeResultsDirectory="b7f41806-f798-433d-8217-bb15e5187329" />
    <UnitTestResult executionId="cbf7ffed-d3e9-428f-b14d-5772fd2800b7" testId="97b3999b-2daf-c995-44ee-54245a28073c" testName="SnapshotMatch_Matches_ShouldNotBeEmpty" computerName="8eb9029ed284" duration="00:00:00.0025100" startTime="2019-06-07T20:52:17.3691571+00:00" endTime="2019-06-07T20:52:17.3720825+00:00" testType="13cdc9d9-ddb5-4fa4-a97d-d965ccfc6d4b" outcome="Passed" testListId="8c84fa94-04c1-424b-9868-57a2d4851a1d" relativeResultsDirectory="cbf7ffed-d3e9-428f-b14d-5772fd2800b7" />
    <UnitTestResult executionId="65f752cb-9012-4bc8-8995-8d965e5c0145" testId="0e822d56-a7c9-5f8f-1876-eb80c3c420ec" testName="RegisterParticipant_WhoAlreadyExist_ShouldThrowInvalidOperationException" computerName="8eb9029ed284" duration="00:00:00.0206852" startTime="2019-06-07T20:52:17.4416982+00:00" endTime="2019-06-07T20:52:17.4625440+00:00" testType="13cdc9d9-ddb5-4fa4-a97d-d965ccfc6d4b" outcome="Passed" testListId="8c84fa94-04c1-424b-9868-57a2d4851a1d" relativeResultsDirectory="65f752cb-9012-4bc8-8995-8d965e5c0145" />
    <UnitTestResult executionId="ee74363c-0245-4f34-962e-201e5e87e43f" testId="d3b0beeb-77c4-ded6-1a82-40f47299f89c" testName="RegisterParticipant_WithEntriesFull_ShouldThrowInvalidOperationException" computerName="8eb9029ed284" duration="00:00:00.0415317" startTime="2019-06-07T20:52:17.4625762+00:00" endTime="2019-06-07T20:52:17.5042811+00:00" testType="13cdc9d9-ddb5-4fa4-a97d-d965ccfc6d4b" outcome="Passed" testListId="8c84fa94-04c1-424b-9868-57a2d4851a1d" relativeResultsDirectory="ee74363c-0245-4f34-962e-201e5e87e43f" />
    <UnitTestResult executionId="17e65ae4-e8dd-44b3-8f62-42f25b1feb0c" testId="0e16ab9d-6212-0eee-114e-813034c6b689" testName="HandleAsync_SynchronizeCommand_ShouldBeCompletedTask" computerName="8eb9029ed284" duration="00:00:00.0093128" startTime="2019-06-07T20:52:17.8957302+00:00" endTime="2019-06-07T20:52:17.9055456+00:00" testType="13cdc9d9-ddb5-4fa4-a97d-d965ccfc6d4b" outcome="Passed" testListId="8c84fa94-04c1-424b-9868-57a2d4851a1d" relativeResultsDirectory="17e65ae4-e8dd-44b3-8f62-42f25b1feb0c" />
    <UnitTestResult executionId="b70c9d85-fc26-4bcd-bdb8-aacdf9cd71d1" testId="0bb9379d-a17b-e704-c112-51b9ca8bb843" testName="FindParticipantAsync_ShouldBeNotFoundObjectResult" computerName="8eb9029ed284" duration="00:00:00.0027115" startTime="2019-06-07T20:52:17.7487107+00:00" endTime="2019-06-07T20:52:17.7516576+00:00" testType="13cdc9d9-ddb5-4fa4-a97d-d965ccfc6d4b" outcome="Passed" testListId="8c84fa94-04c1-424b-9868-57a2d4851a1d" relativeResultsDirectory="b70c9d85-fc26-4bcd-bdb8-aacdf9cd71d1" />
    <UnitTestResult executionId="9d22b272-239f-4580-b0ac-19a8fd4bffcb" testId="8ee9db40-3e7e-34d6-9466-6c4974f386cd" testName="Contructor_Tests" computerName="8eb9029ed284" duration="00:00:00.0043550" startTime="2019-06-07T20:52:17.4202665+00:00" endTime="2019-06-07T20:52:17.4250432+00:00" testType="13cdc9d9-ddb5-4fa4-a97d-d965ccfc6d4b" outcome="Passed" testListId="8c84fa94-04c1-424b-9868-57a2d4851a1d" relativeResultsDirectory="9d22b272-239f-4580-b0ac-19a8fd4bffcb" resultType="DataDrivenTest">
      <InnerResults>
        <UnitTestResult executionId="e45b37d7-5b4f-4032-8253-e91591c914ed" parentExecutionId="9d22b272-239f-4580-b0ac-19a8fd4bffcb" testId="8ee9db40-3e7e-34d6-9466-6c4974f386cd" testName="Contructor_Tests (Kills,457000,0.00015)" computerName="8eb9029ed284" duration="00:00:00.0016442" startTime="2019-06-07T20:52:17.4202665+00:00" endTime="2019-06-07T20:52:17.4250432+00:00" testType="13cdc9d9-ddb5-4fa4-a97d-d965ccfc6d4b" outcome="Passed" testListId="8c84fa94-04c1-424b-9868-57a2d4851a1d" relativeResultsDirectory="e45b37d7-5b4f-4032-8253-e91591c914ed" dataRowInfo="1" resultType="DataDrivenDataRow" />
        <UnitTestResult executionId="df6046ce-3210-4f82-bd7e-b35103370bdc" parentExecutionId="9d22b272-239f-4580-b0ac-19a8fd4bffcb" testId="8ee9db40-3e7e-34d6-9466-6c4974f386cd" testName="Contructor_Tests (Assists,0.100000001490116,1)" computerName="8eb9029ed284" duration="00:00:00.0000239" startTime="2019-06-07T20:52:17.4202665+00:00" endTime="2019-06-07T20:52:17.4250432+00:00" testType="13cdc9d9-ddb5-4fa4-a97d-d965ccfc6d4b" outcome="Passed" testListId="8c84fa94-04c1-424b-9868-57a2d4851a1d" relativeResultsDirectory="df6046ce-3210-4f82-bd7e-b35103370bdc" dataRowInfo="2" resultType="DataDrivenDataRow" />
        <UnitTestResult executionId="cb57f06b-e0cd-41fc-9b27-7eea2f1c3e5c" parentExecutionId="9d22b272-239f-4580-b0ac-19a8fd4bffcb" testId="8ee9db40-3e7e-34d6-9466-6c4974f386cd" testName="Contructor_Tests (Deaths,457342424,0.77)" computerName="8eb9029ed284" duration="00:00:00.0000136" startTime="2019-06-07T20:52:17.4202665+00:00" endTime="2019-06-07T20:52:17.4250432+00:00" testType="13cdc9d9-ddb5-4fa4-a97d-d965ccfc6d4b" outcome="Passed" testListId="8c84fa94-04c1-424b-9868-57a2d4851a1d" relativeResultsDirectory="cb57f06b-e0cd-41fc-9b27-7eea2f1c3e5c" dataRowInfo="3" resultType="DataDrivenDataRow" />
        <UnitTestResult executionId="4cf2f3db-ec88-4828-91d5-c0a07baa66d8" parentExecutionId="9d22b272-239f-4580-b0ac-19a8fd4bffcb" testId="8ee9db40-3e7e-34d6-9466-6c4974f386cd" testName="Contructor_Tests (TotalDamageDealtToChampions,0.25,100)" computerName="8eb9029ed284" duration="00:00:00.0000133" startTime="2019-06-07T20:52:17.4202665+00:00" endTime="2019-06-07T20:52:17.4250432+00:00" testType="13cdc9d9-ddb5-4fa4-a97d-d965ccfc6d4b" outcome="Passed" testListId="8c84fa94-04c1-424b-9868-57a2d4851a1d" relativeResultsDirectory="4cf2f3db-ec88-4828-91d5-c0a07baa66d8" dataRowInfo="4" resultType="DataDrivenDataRow" />
        <UnitTestResult executionId="105ae0ff-d137-4835-b0a5-4621256901d6" parentExecutionId="9d22b272-239f-4580-b0ac-19a8fd4bffcb" testId="8ee9db40-3e7e-34d6-9466-6c4974f386cd" testName="Contructor_Tests (TotalHeal,85,-3)" computerName="8eb9029ed284" duration="00:00:00.0000115" startTime="2019-06-07T20:52:17.4202665+00:00" endTime="2019-06-07T20:52:17.4250432+00:00" testType="13cdc9d9-ddb5-4fa4-a97d-d965ccfc6d4b" outcome="Passed" testListId="8c84fa94-04c1-424b-9868-57a2d4851a1d" relativeResultsDirectory="105ae0ff-d137-4835-b0a5-4621256901d6" dataRowInfo="5" resultType="DataDrivenDataRow" />
      </InnerResults>
    </UnitTestResult>
    <UnitTestResult executionId="cc282a2d-47da-4fb1-ab9e-73b179e57a81" testId="260fb0e8-9d4e-8a74-04e0-a179f16e1b64" testName="Stats_ShouldBeAssignableToType" computerName="8eb9029ed284" duration="00:00:00.0037204" startTime="2019-06-07T20:52:17.3958437+00:00" endTime="2019-06-07T20:52:17.3999563+00:00" testType="13cdc9d9-ddb5-4fa4-a97d-d965ccfc6d4b" outcome="Passed" testListId="8c84fa94-04c1-424b-9868-57a2d4851a1d" relativeResultsDirectory="cc282a2d-47da-4fb1-ab9e-73b179e57a81" />
    <UnitTestResult executionId="30e97031-9ce5-4929-ab3c-c008cfb0d0e9" testId="3dd86560-5a78-df7d-975c-5d31b11fc0f0" testName="Constructor_TypeOfGuid_Tests" computerName="8eb9029ed284" duration="00:00:00.0010834" startTime="2019-06-07T20:52:17.3944732+00:00" endTime="2019-06-07T20:52:17.3958079+00:00" testType="13cdc9d9-ddb5-4fa4-a97d-d965ccfc6d4b" outcome="Passed" testListId="8c84fa94-04c1-424b-9868-57a2d4851a1d" relativeResultsDirectory="30e97031-9ce5-4929-ab3c-c008cfb0d0e9" />
  </Results>
  <TestDefinitions>
    <UnitTest name="FindParticipantAsync_ShouldBeOkObjectResult" storage="/tmp/test/edoxa.arena.challenges.tests/bin/debug/netcoreapp2.2/edoxa.arena.challenges.tests.dll" id="06de9e5a-0e97-1603-8b83-409bb07f2a10">
      <Execution id="d8e042a2-0b78-4a38-8b9a-612b92fb47c5" />
      <TestMethod codeBase="/tmp/test/eDoxa.Arena.Challenges.Tests/bin/Debug/netcoreapp2.2/eDoxa.Arena.Challenges.Tests.dll" adapterTypeName="executor://mstestadapter/v2" className="eDoxa.Arena.Challenges.Tests.Controllers.ParticipantsControllerTest" name="FindParticipantAsync_ShouldBeOkObjectResult" />
    </UnitTest>
    <UnitTest name="Constructor_Tests" storage="/tmp/test/edoxa.arena.challenges.tests/bin/debug/netcoreapp2.2/edoxa.arena.challenges.tests.dll" id="885c4654-2957-4675-df8b-f34c1e9e899d">
      <Execution id="ff815b93-9ec9-4aed-8d75-fdf990156fef" />
      <TestMethod codeBase="/tmp/test/eDoxa.Arena.Challenges.Tests/bin/Debug/netcoreapp2.2/eDoxa.Arena.Challenges.Tests.dll" adapterTypeName="executor://mstestadapter/v2" className="eDoxa.Arena.Challenges.Tests.Domain.AggregateModels.MatchAggregate.MatchReferenceTest" name="Constructor_Tests" />
    </UnitTest>
    <UnitTest name="Scoring_ShouldBeAssignableToType" storage="/tmp/test/edoxa.arena.challenges.tests/bin/debug/netcoreapp2.2/edoxa.arena.challenges.tests.dll" id="36a8b502-03d6-0bba-3945-f0185f00448f">
      <Execution id="afd16a66-a993-4d63-89d3-d2fa23114669" />
      <TestMethod codeBase="/tmp/test/eDoxa.Arena.Challenges.Tests/bin/Debug/netcoreapp2.2/eDoxa.Arena.Challenges.Tests.dll" adapterTypeName="executor://mstestadapter/v2" className="eDoxa.Arena.Challenges.Tests.Domain.AggregateModels.MatchAggregate.ScoringTest" name="Scoring_ShouldBeAssignableToType" />
    </UnitTest>
    <UnitTest name="FindChallengeAsync_ShouldBeOkObjectResult" storage="/tmp/test/edoxa.arena.challenges.tests/bin/debug/netcoreapp2.2/edoxa.arena.challenges.tests.dll" id="d76f8d5d-49e8-e50e-7bca-921827f4f0d3">
      <Execution id="6aba8aa1-c54f-4380-9215-d688c9a7908f" />
      <TestMethod codeBase="/tmp/test/eDoxa.Arena.Challenges.Tests/bin/Debug/netcoreapp2.2/eDoxa.Arena.Challenges.Tests.dll" adapterTypeName="executor://mstestadapter/v2" className="eDoxa.Arena.Challenges.Tests.Controllers.ChallengesControllerTest" name="FindChallengeAsync_ShouldBeOkObjectResult" />
    </UnitTest>
    <UnitTest name="M" storage="/tmp/test/edoxa.arena.challenges.tests/bin/debug/netcoreapp2.2/edoxa.arena.challenges.tests.dll" id="10372ff7-c5e6-6896-32bc-7d910e5577ed">
      <Execution id="aa416531-a629-47f0-a3e6-7356a56bbf6c" />
      <TestMethod codeBase="/tmp/test/eDoxa.Arena.Challenges.Tests/bin/Debug/netcoreapp2.2/eDoxa.Arena.Challenges.Tests.dll" adapterTypeName="executor://mstestadapter/v2" className="eDoxa.Arena.Challenges.Tests.Commands.Validations.RegisterParticipantCommandValidatorTest" name="M" />
    </UnitTest>
    <UnitTest name="FindChallengesAsync_ShouldBeOkObjectResult" storage="/tmp/test/edoxa.arena.challenges.tests/bin/debug/netcoreapp2.2/edoxa.arena.challenges.tests.dll" id="19a6cb1c-74cc-7e2f-7769-41ebf10cce54">
      <Execution id="31bfb167-7b0b-48b9-8280-532f467c5efc" />
      <TestMethod codeBase="/tmp/test/eDoxa.Arena.Challenges.Tests/bin/Debug/netcoreapp2.2/eDoxa.Arena.Challenges.Tests.dll" adapterTypeName="executor://mstestadapter/v2" className="eDoxa.Arena.Challenges.Tests.Controllers.ChallengesControllerTest" name="FindChallengesAsync_ShouldBeOkObjectResult" />
    </UnitTest>
    <UnitTest name="M" storage="/tmp/test/edoxa.arena.challenges.tests/bin/debug/netcoreapp2.2/edoxa.arena.challenges.tests.dll" id="d3ab87f0-19f8-3a89-bcf1-27816e19a604">
      <Execution id="cd67cd97-ad75-4c16-b442-48d509d80021" />
      <TestMethod codeBase="/tmp/test/eDoxa.Arena.Challenges.Tests/bin/Debug/netcoreapp2.2/eDoxa.Arena.Challenges.Tests.dll" adapterTypeName="executor://mstestadapter/v2" className="eDoxa.Arena.Challenges.Tests.Queries.ChallengeQueryTest" name="M" />
    </UnitTest>
    <UnitTest name="Constructor_Tests" storage="/tmp/test/edoxa.arena.challenges.tests/bin/debug/netcoreapp2.2/edoxa.arena.challenges.tests.dll" id="4e6ef461-5a76-9ba3-e8b6-0068345f754b">
      <Execution id="b24be396-945a-4ec2-a569-fb97c11673d1" />
      <TestMethod codeBase="/tmp/test/eDoxa.Arena.Challenges.Tests/bin/Debug/netcoreapp2.2/eDoxa.Arena.Challenges.Tests.dll" adapterTypeName="executor://mstestadapter/v2" className="eDoxa.Arena.Challenges.Tests.Domain.AggregateModels.MatchAggregate.StatScoreTest" name="Constructor_Tests" />
    </UnitTest>
    <UnitTest name="Constructor_Tests" storage="/tmp/test/edoxa.arena.challenges.tests/bin/debug/netcoreapp2.2/edoxa.arena.challenges.tests.dll" id="d3f24564-881a-361f-6335-7b2f13357623">
      <Execution id="b7f41806-f798-433d-8217-bb15e5187329" />
      <TestMethod codeBase="/tmp/test/eDoxa.Arena.Challenges.Tests/bin/Debug/netcoreapp2.2/eDoxa.Arena.Challenges.Tests.dll" adapterTypeName="executor://mstestadapter/v2" className="eDoxa.Arena.Challenges.Tests.Domain.AggregateModels.MatchAggregate.StatNameTest" name="Constructor_Tests" />
    </UnitTest>
    <UnitTest name="Match_ShouldNotBeNull" storage="/tmp/test/edoxa.arena.challenges.tests/bin/debug/netcoreapp2.2/edoxa.arena.challenges.tests.dll" id="9a6ea8b2-7776-bbaf-9dd8-33dee4197a1b">
      <Execution id="2511b068-2ea0-4cf2-b3db-1091756dc147" />
      <TestMethod codeBase="/tmp/test/eDoxa.Arena.Challenges.Tests/bin/Debug/netcoreapp2.2/eDoxa.Arena.Challenges.Tests.dll" adapterTypeName="executor://mstestadapter/v2" className="eDoxa.Arena.Challenges.Tests.Domain.AggregateModels.MatchAggregate.MatchTest" name="Match_ShouldNotBeNull" />
    </UnitTest>
    <UnitTest name="FindUserChallengeHistoryAsync_ShouldBeNoContentResult" storage="/tmp/test/edoxa.arena.challenges.tests/bin/debug/netcoreapp2.2/edoxa.arena.challenges.tests.dll" id="b471b0e9-9636-8a67-65ba-b10c299e108b">
      <Execution id="5e6354b1-930d-4fcb-9dc0-e08e3733d95c" />
      <TestMethod codeBase="/tmp/test/eDoxa.Arena.Challenges.Tests/bin/Debug/netcoreapp2.2/eDoxa.Arena.Challenges.Tests.dll" adapterTypeName="executor://mstestadapter/v2" className="eDoxa.Arena.Challenges.Tests.Controllers.ChallengeHistoryControllerTest" name="FindUserChallengeHistoryAsync_ShouldBeNoContentResult" />
    </UnitTest>
    <UnitTest name="SnapshotMatch_Matches_ShouldNotBeEmpty" storage="/tmp/test/edoxa.arena.challenges.tests/bin/debug/netcoreapp2.2/edoxa.arena.challenges.tests.dll" id="97b3999b-2daf-c995-44ee-54245a28073c">
      <Execution id="cbf7ffed-d3e9-428f-b14d-5772fd2800b7" />
      <TestMethod codeBase="/tmp/test/eDoxa.Arena.Challenges.Tests/bin/Debug/netcoreapp2.2/eDoxa.Arena.Challenges.Tests.dll" adapterTypeName="executor://mstestadapter/v2" className="eDoxa.Arena.Challenges.Tests.Domain.AggregateModels.ParticipantAggregate.ParticipantTest" name="SnapshotMatch_Matches_ShouldNotBeEmpty" />
    </UnitTest>
    <UnitTest name="Constructor_Tests" storage="/tmp/test/edoxa.arena.challenges.tests/bin/debug/netcoreapp2.2/edoxa.arena.challenges.tests.dll" id="8259bf03-74ca-9980-5a1a-505b11f59c99">
      <Execution id="f4b0a3af-5c72-4fc1-8875-5eae4ebf1adb" />
      <TestMethod codeBase="/tmp/test/eDoxa.Arena.Challenges.Tests/bin/Debug/netcoreapp2.2/eDoxa.Arena.Challenges.Tests.dll" adapterTypeName="executor://mstestadapter/v2" className="eDoxa.Arena.Challenges.Tests.Domain.AggregateModels.MatchAggregate.StatWeightingTest" name="Constructor_Tests" />
    </UnitTest>
    <UnitTest name="FindParticipantMatchesAsync_ShouldBeNoContentResult" storage="/tmp/test/edoxa.arena.challenges.tests/bin/debug/netcoreapp2.2/edoxa.arena.challenges.tests.dll" id="ccb08d87-b478-1b3b-3aaa-eeb3bf93a4f4">
      <Execution id="21d14c8d-93f0-41ac-9aba-84ded3743617" />
      <TestMethod codeBase="/tmp/test/eDoxa.Arena.Challenges.Tests/bin/Debug/netcoreapp2.2/eDoxa.Arena.Challenges.Tests.dll" adapterTypeName="executor://mstestadapter/v2" className="eDoxa.Arena.Challenges.Tests.Controllers.ParticipantMatchesControllerTest" name="FindParticipantMatchesAsync_ShouldBeNoContentResult" />
    </UnitTest>
    <UnitTest name="FindMatchAsync_ShouldBeOkObjectResult" storage="/tmp/test/edoxa.arena.challenges.tests/bin/debug/netcoreapp2.2/edoxa.arena.challenges.tests.dll" id="af6bd017-43c9-4071-c162-5c2cf4c0148c">
      <Execution id="946fd815-37a0-489a-83c7-b8eaa82abd24" />
      <TestMethod codeBase="/tmp/test/eDoxa.Arena.Challenges.Tests/bin/Debug/netcoreapp2.2/eDoxa.Arena.Challenges.Tests.dll" adapterTypeName="executor://mstestadapter/v2" className="eDoxa.Arena.Challenges.Tests.Controllers.MatchesControllerTest" name="FindMatchAsync_ShouldBeOkObjectResult" />
    </UnitTest>
    <UnitTest name="FindUserChallengeHistoryAsync_ShouldBeOkObjectResult" storage="/tmp/test/edoxa.arena.challenges.tests/bin/debug/netcoreapp2.2/edoxa.arena.challenges.tests.dll" id="e8c6949f-6b80-a1e3-afde-d6deefb606ec">
      <Execution id="cfa99c7d-e149-4650-b7cd-c9dbb1caf27d" />
      <TestMethod codeBase="/tmp/test/eDoxa.Arena.Challenges.Tests/bin/Debug/netcoreapp2.2/eDoxa.Arena.Challenges.Tests.dll" adapterTypeName="executor://mstestadapter/v2" className="eDoxa.Arena.Challenges.Tests.Controllers.ChallengeHistoryControllerTest" name="FindUserChallengeHistoryAsync_ShouldBeOkObjectResult" />
    </UnitTest>
    <UnitTest name="Scoring_Default_ShouldContain" storage="/tmp/test/edoxa.arena.challenges.tests/bin/debug/netcoreapp2.2/edoxa.arena.challenges.tests.dll" id="f5084da6-c62a-f0c3-e04e-bfc7f04c235d">
      <Execution id="f7043121-2be8-484a-92ab-637b0cd93d79" />
      <TestMethod codeBase="/tmp/test/eDoxa.Arena.Challenges.Tests/bin/Debug/netcoreapp2.2/eDoxa.Arena.Challenges.Tests.dll" adapterTypeName="executor://mstestadapter/v2" className="eDoxa.Arena.Challenges.Tests.Services.LeagueOfLegends.Strategies.LeagueOfLegendsScoringStrategyTest" name="Scoring_Default_ShouldContain" />
    </UnitTest>
    <UnitTest name="FindChallengeParticipantsAsync_ShouldBeOkObjectResult" storage="/tmp/test/edoxa.arena.challenges.tests/bin/debug/netcoreapp2.2/edoxa.arena.challenges.tests.dll" id="899a4e34-4c24-fe82-fac8-6f9dda55a686">
      <Execution id="a52a38d2-5feb-4f6e-8bad-ac3f14426801" />
      <TestMethod codeBase="/tmp/test/eDoxa.Arena.Challenges.Tests/bin/Debug/netcoreapp2.2/eDoxa.Arena.Challenges.Tests.dll" adapterTypeName="executor://mstestadapter/v2" className="eDoxa.Arena.Challenges.Tests.Controllers.ChallengeParticipantsControllerTest" name="FindChallengeParticipantsAsync_ShouldBeOkObjectResult" />
    </UnitTest>
    <UnitTest name="HandleAsync_PayoutProcessedDomainEvent_ShouldBeCompletedTask" storage="/tmp/test/edoxa.arena.challenges.tests/bin/debug/netcoreapp2.2/edoxa.arena.challenges.tests.dll" id="7cc21f63-a0cb-ad32-10b9-d0ef7e08196f">
      <Execution id="16716119-e940-4029-b213-fa81ff2382d0" />
      <TestMethod codeBase="/tmp/test/eDoxa.Arena.Challenges.Tests/bin/Debug/netcoreapp2.2/eDoxa.Arena.Challenges.Tests.dll" adapterTypeName="executor://mstestadapter/v2" className="eDoxa.Arena.Challenges.Tests.DomainEventHandlers.ChallengePayoutDomainEventTest" name="HandleAsync_PayoutProcessedDomainEvent_ShouldBeCompletedTask" />
    </UnitTest>
    <UnitTest name="FindChallengeAsync_ShouldBeNotFoundObjectResult" storage="/tmp/test/edoxa.arena.challenges.tests/bin/debug/netcoreapp2.2/edoxa.arena.challenges.tests.dll" id="072beee3-29da-4130-7100-2b6dd1ed599f">
      <Execution id="34a92da4-dad8-4535-aa6a-c32706bc13ce" />
      <TestMethod codeBase="/tmp/test/eDoxa.Arena.Challenges.Tests/bin/Debug/netcoreapp2.2/eDoxa.Arena.Challenges.Tests.dll" adapterTypeName="executor://mstestadapter/v2" className="eDoxa.Arena.Challenges.Tests.Controllers.ChallengesControllerTest" name="FindChallengeAsync_ShouldBeNotFoundObjectResult" />
    </UnitTest>
    <UnitTest name="FindChallengesAsync_ShouldBeNoContentResult" storage="/tmp/test/edoxa.arena.challenges.tests/bin/debug/netcoreapp2.2/edoxa.arena.challenges.tests.dll" id="7192253d-894d-c450-82f2-5fe169b0c623">
      <Execution id="493e120a-c117-4bd2-b24c-10007c59895c" />
      <TestMethod codeBase="/tmp/test/eDoxa.Arena.Challenges.Tests/bin/Debug/netcoreapp2.2/eDoxa.Arena.Challenges.Tests.dll" adapterTypeName="executor://mstestadapter/v2" className="eDoxa.Arena.Challenges.Tests.Controllers.ChallengesControllerTest" name="FindChallengesAsync_ShouldBeNoContentResult" />
    </UnitTest>
    <UnitTest name="Contructor_Tests" storage="/tmp/test/edoxa.arena.challenges.tests/bin/debug/netcoreapp2.2/edoxa.arena.challenges.tests.dll" id="8ee9db40-3e7e-34d6-9466-6c4974f386cd">
      <Execution id="9d22b272-239f-4580-b0ac-19a8fd4bffcb" />
      <TestMethod codeBase="/tmp/test/eDoxa.Arena.Challenges.Tests/bin/Debug/netcoreapp2.2/eDoxa.Arena.Challenges.Tests.dll" adapterTypeName="executor://mstestadapter/v2" className="eDoxa.Arena.Challenges.Tests.Domain.AggregateModels.MatchAggregate.StatTest" name="Contructor_Tests" />
    </UnitTest>
    <UnitTest name="Constructor_Tests" storage="/tmp/test/edoxa.arena.challenges.tests/bin/debug/netcoreapp2.2/edoxa.arena.challenges.tests.dll" id="66249800-0250-3345-efb2-344d86932656">
      <Execution id="a256c4a2-d858-43cb-8cee-630d728546af" />
      <TestMethod codeBase="/tmp/test/eDoxa.Arena.Challenges.Tests/bin/Debug/netcoreapp2.2/eDoxa.Arena.Challenges.Tests.dll" adapterTypeName="executor://mstestadapter/v2" className="eDoxa.Arena.Challenges.Tests.Domain.AggregateModels.ChallengeAggregate.ChallengeNameTest" name="Constructor_Tests" />
    </UnitTest>
    <UnitTest name="HandleAsync_CompleteCommand_ShouldBeCompletedTask" storage="/tmp/test/edoxa.arena.challenges.tests/bin/debug/netcoreapp2.2/edoxa.arena.challenges.tests.dll" id="53e02658-12bc-ce7f-6eec-0be87dfe6896">
      <Execution id="e87fc44b-4e03-47cd-bd60-6fe14955d043" />
      <TestMethod codeBase="/tmp/test/eDoxa.Arena.Challenges.Tests/bin/Debug/netcoreapp2.2/eDoxa.Arena.Challenges.Tests.dll" adapterTypeName="executor://mstestadapter/v2" className="eDoxa.Arena.Challenges.Tests.Commands.Handlers.CloseChallengeCommandHandlerTest" name="HandleAsync_CompleteCommand_ShouldBeCompletedTask" />
    </UnitTest>
    <UnitTest name="RegisterChallengeParticipantAsync_ShouldBeOkObjectResult" storage="/tmp/test/edoxa.arena.challenges.tests/bin/debug/netcoreapp2.2/edoxa.arena.challenges.tests.dll" id="81ed036b-b60d-4654-6cc0-2d58dce851ca">
      <Execution id="bb9c9a09-adc2-4e6c-98aa-85364be9acdd" />
      <TestMethod codeBase="/tmp/test/eDoxa.Arena.Challenges.Tests/bin/Debug/netcoreapp2.2/eDoxa.Arena.Challenges.Tests.dll" adapterTypeName="executor://mstestadapter/v2" className="eDoxa.Arena.Challenges.Tests.Controllers.ChallengeParticipantsControllerTest" name="RegisterChallengeParticipantAsync_ShouldBeOkObjectResult" />
    </UnitTest>
    <UnitTest name="RegisterParticipant_WithEntriesFull_ShouldThrowInvalidOperationException" storage="/tmp/test/edoxa.arena.challenges.tests/bin/debug/netcoreapp2.2/edoxa.arena.challenges.tests.dll" id="d3b0beeb-77c4-ded6-1a82-40f47299f89c">
      <Execution id="ee74363c-0245-4f34-962e-201e5e87e43f" />
      <TestMethod codeBase="/tmp/test/eDoxa.Arena.Challenges.Tests/bin/Debug/netcoreapp2.2/eDoxa.Arena.Challenges.Tests.dll" adapterTypeName="executor://mstestadapter/v2" className="eDoxa.Arena.Challenges.Tests.Domain.AggregateModels.ChallengeAggregate.ChallengeTest" name="RegisterParticipant_WithEntriesFull_ShouldThrowInvalidOperationException" />
    </UnitTest>
    <UnitTest name="Constructor_Tests" storage="/tmp/test/edoxa.arena.challenges.tests/bin/debug/netcoreapp2.2/edoxa.arena.challenges.tests.dll" id="ef7fbb21-b4e1-abd6-ebb0-e893fc8f2cd8">
      <Execution id="9fc1c02d-272f-4255-bd69-41791ad90156" />
      <TestMethod codeBase="/tmp/test/eDoxa.Arena.Challenges.Tests/bin/Debug/netcoreapp2.2/eDoxa.Arena.Challenges.Tests.dll" adapterTypeName="executor://mstestadapter/v2" className="eDoxa.Arena.Challenges.Tests.Domain.AggregateModels.MatchAggregate.StatValueTest" name="Constructor_Tests" />
    </UnitTest>
    <UnitTest name="FindMatchAsync_ShouldBeNotFoundObjectResult" storage="/tmp/test/edoxa.arena.challenges.tests/bin/debug/netcoreapp2.2/edoxa.arena.challenges.tests.dll" id="d0497fcd-3f81-f90e-7e31-9da4a8ea6f5e">
      <Execution id="170beb42-b1b5-4b6d-bb30-eb07511b5b9d" />
      <TestMethod codeBase="/tmp/test/eDoxa.Arena.Challenges.Tests/bin/Debug/netcoreapp2.2/eDoxa.Arena.Challenges.Tests.dll" adapterTypeName="executor://mstestadapter/v2" className="eDoxa.Arena.Challenges.Tests.Controllers.MatchesControllerTest" name="FindMatchAsync_ShouldBeNotFoundObjectResult" />
    </UnitTest>
    <UnitTest name="HandleAsync_RegisterParticipantCommand_ShouldBeOfTypeOkObjectResult" storage="/tmp/test/edoxa.arena.challenges.tests/bin/debug/netcoreapp2.2/edoxa.arena.challenges.tests.dll" id="18678cb3-3870-56da-3e8d-7e14d1ad6d38">
      <Execution id="14e15646-006a-4da9-ae7e-16d3af80fe1c" />
      <TestMethod codeBase="/tmp/test/eDoxa.Arena.Challenges.Tests/bin/Debug/netcoreapp2.2/eDoxa.Arena.Challenges.Tests.dll" adapterTypeName="executor://mstestadapter/v2" className="eDoxa.Arena.Challenges.Tests.Commands.Handlers.RegisterParticipantCommandHandlerTest" name="HandleAsync_RegisterParticipantCommand_ShouldBeOfTypeOkObjectResult" />
    </UnitTest>
    <UnitTest name="RegisterParticipant_IntoEmptyCollection_ShouldNotBeEmpty" storage="/tmp/test/edoxa.arena.challenges.tests/bin/debug/netcoreapp2.2/edoxa.arena.challenges.tests.dll" id="34f538e4-4276-b5eb-74e9-0144ff7fd219">
      <Execution id="83431c66-0e6c-406d-9e8d-8421bed7c0c8" />
      <TestMethod codeBase="/tmp/test/eDoxa.Arena.Challenges.Tests/bin/Debug/netcoreapp2.2/eDoxa.Arena.Challenges.Tests.dll" adapterTypeName="executor://mstestadapter/v2" className="eDoxa.Arena.Challenges.Tests.Domain.AggregateModels.ChallengeAggregate.ChallengeTest" name="RegisterParticipant_IntoEmptyCollection_ShouldNotBeEmpty" />
    </UnitTest>
    <UnitTest name="AverageScore_MatchCountGreaterThanOrEqualToBestOf_ShouldNotBeNull" storage="/tmp/test/edoxa.arena.challenges.tests/bin/debug/netcoreapp2.2/edoxa.arena.challenges.tests.dll" id="371daf54-c0eb-0148-8775-8401c4614f3d">
      <Execution id="95d032c7-640c-42a0-91e0-1d8f86f74159" />
      <TestMethod codeBase="/tmp/test/eDoxa.Arena.Challenges.Tests/bin/Debug/netcoreapp2.2/eDoxa.Arena.Challenges.Tests.dll" adapterTypeName="executor://mstestadapter/v2" className="eDoxa.Arena.Challenges.Tests.Domain.AggregateModels.ParticipantAggregate.ParticipantTest" name="AverageScore_MatchCountGreaterThanOrEqualToBestOf_ShouldNotBeNull" />
    </UnitTest>
    <UnitTest name="Create_Challenge_ShouldNotBeNull" storage="/tmp/test/edoxa.arena.challenges.tests/bin/debug/netcoreapp2.2/edoxa.arena.challenges.tests.dll" id="50771435-75e3-7b44-6052-b08be1fb7d2d">
      <Execution id="ca6349e0-011c-49c0-8b94-09e54957c2ad" />
      <TestMethod codeBase="/tmp/test/eDoxa.Arena.Challenges.Tests/bin/Debug/netcoreapp2.2/eDoxa.Arena.Challenges.Tests.dll" adapterTypeName="executor://mstestadapter/v2" className="eDoxa.Arena.Challenges.Tests.Infrastructure.Repositories.ChallengeRepositoryTest" name="Create_Challenge_ShouldNotBeNull" />
    </UnitTest>
    <UnitTest name="Constructor_TypeOfGuid_Tests" storage="/tmp/test/edoxa.arena.challenges.tests/bin/debug/netcoreapp2.2/edoxa.arena.challenges.tests.dll" id="3dd86560-5a78-df7d-975c-5d31b11fc0f0">
      <Execution id="30e97031-9ce5-4929-ab3c-c008cfb0d0e9" />
      <TestMethod codeBase="/tmp/test/eDoxa.Arena.Challenges.Tests/bin/Debug/netcoreapp2.2/eDoxa.Arena.Challenges.Tests.dll" adapterTypeName="executor://mstestadapter/v2" className="eDoxa.Arena.Challenges.Tests.Domain.AggregateModels.MatchAggregate.MatchReferenceTest" name="Constructor_TypeOfGuid_Tests" />
    </UnitTest>
    <UnitTest name="RegisterParticipant_WhoAlreadyExist_ShouldThrowInvalidOperationException" storage="/tmp/test/edoxa.arena.challenges.tests/bin/debug/netcoreapp2.2/edoxa.arena.challenges.tests.dll" id="0e822d56-a7c9-5f8f-1876-eb80c3c420ec">
      <Execution id="65f752cb-9012-4bc8-8995-8d965e5c0145" />
      <TestMethod codeBase="/tmp/test/eDoxa.Arena.Challenges.Tests/bin/Debug/netcoreapp2.2/eDoxa.Arena.Challenges.Tests.dll" adapterTypeName="executor://mstestadapter/v2" className="eDoxa.Arena.Challenges.Tests.Domain.AggregateModels.ChallengeAggregate.ChallengeTest" name="RegisterParticipant_WhoAlreadyExist_ShouldThrowInvalidOperationException" />
    </UnitTest>
    <UnitTest name="Database_CanConnect_ShouldBeTrue" storage="/tmp/test/edoxa.arena.challenges.tests/bin/debug/netcoreapp2.2/edoxa.arena.challenges.tests.dll" id="c98b8209-2dc3-a104-aff0-bd77cb54afca">
      <Execution id="32d28c33-6c99-4faa-a311-07637acb3d04" />
      <TestMethod codeBase="/tmp/test/eDoxa.Arena.Challenges.Tests/bin/Debug/netcoreapp2.2/eDoxa.Arena.Challenges.Tests.dll" adapterTypeName="executor://mstestadapter/v2" className="eDoxa.Arena.Challenges.Tests.Infrastructure.ChallengesDbContextFactoryTest" name="Database_CanConnect_ShouldBeTrue" />
    </UnitTest>
    <UnitTest name="Matches_ShouldHaveCountOf" storage="/tmp/test/edoxa.arena.challenges.tests/bin/debug/netcoreapp2.2/edoxa.arena.challenges.tests.dll" id="990ff406-2342-25d6-187c-0340f4859cfc">
      <Execution id="e08bbb20-506d-40d2-bcdd-081ba2f7df6b" />
      <TestMethod codeBase="/tmp/test/eDoxa.Arena.Challenges.Tests/bin/Debug/netcoreapp2.2/eDoxa.Arena.Challenges.Tests.dll" adapterTypeName="executor://mstestadapter/v2" className="eDoxa.Arena.Challenges.Tests.Domain.AggregateModels.ParticipantAggregate.ParticipantTest" name="Matches_ShouldHaveCountOf" />
    </UnitTest>
    <UnitTest name="Stats_ShouldBeAssignableToType" storage="/tmp/test/edoxa.arena.challenges.tests/bin/debug/netcoreapp2.2/edoxa.arena.challenges.tests.dll" id="260fb0e8-9d4e-8a74-04e0-a179f16e1b64">
      <Execution id="cc282a2d-47da-4fb1-ab9e-73b179e57a81" />
      <TestMethod codeBase="/tmp/test/eDoxa.Arena.Challenges.Tests/bin/Debug/netcoreapp2.2/eDoxa.Arena.Challenges.Tests.dll" adapterTypeName="executor://mstestadapter/v2" className="eDoxa.Arena.Challenges.Tests.Domain.AggregateModels.MatchAggregate.MatchStatsTest" name="Stats_ShouldBeAssignableToType" />
    </UnitTest>
    <UnitTest name="SnapshotStats_Stats_ShouldHaveCountOfScoring" storage="/tmp/test/edoxa.arena.challenges.tests/bin/debug/netcoreapp2.2/edoxa.arena.challenges.tests.dll" id="d9529050-8d6b-22ad-f5b9-c6cfdf42c007">
      <Execution id="db427be3-4726-4809-a7fc-3bb64b1b56c1" />
      <TestMethod codeBase="/tmp/test/eDoxa.Arena.Challenges.Tests/bin/Debug/netcoreapp2.2/eDoxa.Arena.Challenges.Tests.dll" adapterTypeName="executor://mstestadapter/v2" className="eDoxa.Arena.Challenges.Tests.Domain.AggregateModels.MatchAggregate.MatchTest" name="SnapshotStats_Stats_ShouldHaveCountOfScoring" />
    </UnitTest>
    <UnitTest name="FindChallengeParticipantsAsync_ShouldBeNoContentResult" storage="/tmp/test/edoxa.arena.challenges.tests/bin/debug/netcoreapp2.2/edoxa.arena.challenges.tests.dll" id="e7c94c8f-d67c-1523-4aab-05ad7174040a">
      <Execution id="7ed986f8-5946-4935-a56b-c8672bde92c8" />
      <TestMethod codeBase="/tmp/test/eDoxa.Arena.Challenges.Tests/bin/Debug/netcoreapp2.2/eDoxa.Arena.Challenges.Tests.dll" adapterTypeName="executor://mstestadapter/v2" className="eDoxa.Arena.Challenges.Tests.Controllers.ChallengeParticipantsControllerTest" name="FindChallengeParticipantsAsync_ShouldBeNoContentResult" />
    </UnitTest>
    <UnitTest name="HandleAsync_SynchronizeCommand_ShouldBeCompletedTask" storage="/tmp/test/edoxa.arena.challenges.tests/bin/debug/netcoreapp2.2/edoxa.arena.challenges.tests.dll" id="0e16ab9d-6212-0eee-114e-813034c6b689">
      <Execution id="17e65ae4-e8dd-44b3-8f62-42f25b1feb0c" />
      <TestMethod codeBase="/tmp/test/eDoxa.Arena.Challenges.Tests/bin/Debug/netcoreapp2.2/eDoxa.Arena.Challenges.Tests.dll" adapterTypeName="executor://mstestadapter/v2" className="eDoxa.Arena.Challenges.Tests.Commands.Handlers.SynchronizeCommandHandlerTest" name="HandleAsync_SynchronizeCommand_ShouldBeCompletedTask" />
    </UnitTest>
    <UnitTest name="FindParticipantMatchesAsync_ShouldBeOkObjectResult" storage="/tmp/test/edoxa.arena.challenges.tests/bin/debug/netcoreapp2.2/edoxa.arena.challenges.tests.dll" id="9cdfb1e8-4b52-49b8-962f-47c4ba0c482c">
      <Execution id="7fb873d7-321e-449e-a578-f7f803ddfa9c" />
      <TestMethod codeBase="/tmp/test/eDoxa.Arena.Challenges.Tests/bin/Debug/netcoreapp2.2/eDoxa.Arena.Challenges.Tests.dll" adapterTypeName="executor://mstestadapter/v2" className="eDoxa.Arena.Challenges.Tests.Controllers.ParticipantMatchesControllerTest" name="FindParticipantMatchesAsync_ShouldBeOkObjectResult" />
    </UnitTest>
    <UnitTest name="FindParticipantAsync_ShouldBeNotFoundObjectResult" storage="/tmp/test/edoxa.arena.challenges.tests/bin/debug/netcoreapp2.2/edoxa.arena.challenges.tests.dll" id="0bb9379d-a17b-e704-c112-51b9ca8bb843">
      <Execution id="b70c9d85-fc26-4bcd-bdb8-aacdf9cd71d1" />
      <TestMethod codeBase="/tmp/test/eDoxa.Arena.Challenges.Tests/bin/Debug/netcoreapp2.2/eDoxa.Arena.Challenges.Tests.dll" adapterTypeName="executor://mstestadapter/v2" className="eDoxa.Arena.Challenges.Tests.Controllers.ParticipantsControllerTest" name="FindParticipantAsync_ShouldBeNotFoundObjectResult" />
    </UnitTest>
  </TestDefinitions>
  <TestEntries>
    <TestEntry testId="d3ab87f0-19f8-3a89-bcf1-27816e19a604" executionId="cd67cd97-ad75-4c16-b442-48d509d80021" testListId="8c84fa94-04c1-424b-9868-57a2d4851a1d" />
    <TestEntry testId="81ed036b-b60d-4654-6cc0-2d58dce851ca" executionId="bb9c9a09-adc2-4e6c-98aa-85364be9acdd" testListId="8c84fa94-04c1-424b-9868-57a2d4851a1d" />
    <TestEntry testId="10372ff7-c5e6-6896-32bc-7d910e5577ed" executionId="aa416531-a629-47f0-a3e6-7356a56bbf6c" testListId="8c84fa94-04c1-424b-9868-57a2d4851a1d" />
    <TestEntry testId="f5084da6-c62a-f0c3-e04e-bfc7f04c235d" executionId="f7043121-2be8-484a-92ab-637b0cd93d79" testListId="8c84fa94-04c1-424b-9868-57a2d4851a1d" />
    <TestEntry testId="36a8b502-03d6-0bba-3945-f0185f00448f" executionId="afd16a66-a993-4d63-89d3-d2fa23114669" testListId="8c84fa94-04c1-424b-9868-57a2d4851a1d" />
    <TestEntry testId="b471b0e9-9636-8a67-65ba-b10c299e108b" executionId="5e6354b1-930d-4fcb-9dc0-e08e3733d95c" testListId="8c84fa94-04c1-424b-9868-57a2d4851a1d" />
    <TestEntry testId="18678cb3-3870-56da-3e8d-7e14d1ad6d38" executionId="14e15646-006a-4da9-ae7e-16d3af80fe1c" testListId="8c84fa94-04c1-424b-9868-57a2d4851a1d" />
    <TestEntry testId="d76f8d5d-49e8-e50e-7bca-921827f4f0d3" executionId="6aba8aa1-c54f-4380-9215-d688c9a7908f" testListId="8c84fa94-04c1-424b-9868-57a2d4851a1d" />
    <TestEntry testId="8259bf03-74ca-9980-5a1a-505b11f59c99" executionId="f4b0a3af-5c72-4fc1-8875-5eae4ebf1adb" testListId="8c84fa94-04c1-424b-9868-57a2d4851a1d" />
    <TestEntry testId="e7c94c8f-d67c-1523-4aab-05ad7174040a" executionId="7ed986f8-5946-4935-a56b-c8672bde92c8" testListId="8c84fa94-04c1-424b-9868-57a2d4851a1d" />
    <TestEntry testId="9a6ea8b2-7776-bbaf-9dd8-33dee4197a1b" executionId="2511b068-2ea0-4cf2-b3db-1091756dc147" testListId="8c84fa94-04c1-424b-9868-57a2d4851a1d" />
    <TestEntry testId="899a4e34-4c24-fe82-fac8-6f9dda55a686" executionId="a52a38d2-5feb-4f6e-8bad-ac3f14426801" testListId="8c84fa94-04c1-424b-9868-57a2d4851a1d" />
    <TestEntry testId="af6bd017-43c9-4071-c162-5c2cf4c0148c" executionId="946fd815-37a0-489a-83c7-b8eaa82abd24" testListId="8c84fa94-04c1-424b-9868-57a2d4851a1d" />
    <TestEntry testId="19a6cb1c-74cc-7e2f-7769-41ebf10cce54" executionId="31bfb167-7b0b-48b9-8280-532f467c5efc" testListId="8c84fa94-04c1-424b-9868-57a2d4851a1d" />
    <TestEntry testId="ef7fbb21-b4e1-abd6-ebb0-e893fc8f2cd8" executionId="9fc1c02d-272f-4255-bd69-41791ad90156" testListId="8c84fa94-04c1-424b-9868-57a2d4851a1d" />
    <TestEntry testId="072beee3-29da-4130-7100-2b6dd1ed599f" executionId="34a92da4-dad8-4535-aa6a-c32706bc13ce" testListId="8c84fa94-04c1-424b-9868-57a2d4851a1d" />
    <TestEntry testId="06de9e5a-0e97-1603-8b83-409bb07f2a10" executionId="d8e042a2-0b78-4a38-8b9a-612b92fb47c5" testListId="8c84fa94-04c1-424b-9868-57a2d4851a1d" />
    <TestEntry testId="ccb08d87-b478-1b3b-3aaa-eeb3bf93a4f4" executionId="21d14c8d-93f0-41ac-9aba-84ded3743617" testListId="8c84fa94-04c1-424b-9868-57a2d4851a1d" />
    <TestEntry testId="e8c6949f-6b80-a1e3-afde-d6deefb606ec" executionId="cfa99c7d-e149-4650-b7cd-c9dbb1caf27d" testListId="8c84fa94-04c1-424b-9868-57a2d4851a1d" />
    <TestEntry testId="66249800-0250-3345-efb2-344d86932656" executionId="a256c4a2-d858-43cb-8cee-630d728546af" testListId="8c84fa94-04c1-424b-9868-57a2d4851a1d" />
    <TestEntry testId="50771435-75e3-7b44-6052-b08be1fb7d2d" executionId="ca6349e0-011c-49c0-8b94-09e54957c2ad" testListId="8c84fa94-04c1-424b-9868-57a2d4851a1d" />
    <TestEntry testId="9cdfb1e8-4b52-49b8-962f-47c4ba0c482c" executionId="7fb873d7-321e-449e-a578-f7f803ddfa9c" testListId="8c84fa94-04c1-424b-9868-57a2d4851a1d" />
    <TestEntry testId="d9529050-8d6b-22ad-f5b9-c6cfdf42c007" executionId="db427be3-4726-4809-a7fc-3bb64b1b56c1" testListId="8c84fa94-04c1-424b-9868-57a2d4851a1d" />
    <TestEntry testId="c98b8209-2dc3-a104-aff0-bd77cb54afca" executionId="32d28c33-6c99-4faa-a311-07637acb3d04" testListId="8c84fa94-04c1-424b-9868-57a2d4851a1d" />
    <TestEntry testId="4e6ef461-5a76-9ba3-e8b6-0068345f754b" executionId="b24be396-945a-4ec2-a569-fb97c11673d1" testListId="8c84fa94-04c1-424b-9868-57a2d4851a1d" />
    <TestEntry testId="990ff406-2342-25d6-187c-0340f4859cfc" executionId="e08bbb20-506d-40d2-bcdd-081ba2f7df6b" testListId="8c84fa94-04c1-424b-9868-57a2d4851a1d" />
    <TestEntry testId="371daf54-c0eb-0148-8775-8401c4614f3d" executionId="95d032c7-640c-42a0-91e0-1d8f86f74159" testListId="8c84fa94-04c1-424b-9868-57a2d4851a1d" />
    <TestEntry testId="d0497fcd-3f81-f90e-7e31-9da4a8ea6f5e" executionId="170beb42-b1b5-4b6d-bb30-eb07511b5b9d" testListId="8c84fa94-04c1-424b-9868-57a2d4851a1d" />
    <TestEntry testId="885c4654-2957-4675-df8b-f34c1e9e899d" executionId="ff815b93-9ec9-4aed-8d75-fdf990156fef" testListId="8c84fa94-04c1-424b-9868-57a2d4851a1d" />
    <TestEntry testId="53e02658-12bc-ce7f-6eec-0be87dfe6896" executionId="e87fc44b-4e03-47cd-bd60-6fe14955d043" testListId="8c84fa94-04c1-424b-9868-57a2d4851a1d" />
    <TestEntry testId="34f538e4-4276-b5eb-74e9-0144ff7fd219" executionId="83431c66-0e6c-406d-9e8d-8421bed7c0c8" testListId="8c84fa94-04c1-424b-9868-57a2d4851a1d" />
    <TestEntry testId="7cc21f63-a0cb-ad32-10b9-d0ef7e08196f" executionId="16716119-e940-4029-b213-fa81ff2382d0" testListId="8c84fa94-04c1-424b-9868-57a2d4851a1d" />
    <TestEntry testId="7192253d-894d-c450-82f2-5fe169b0c623" executionId="493e120a-c117-4bd2-b24c-10007c59895c" testListId="8c84fa94-04c1-424b-9868-57a2d4851a1d" />
    <TestEntry testId="d3f24564-881a-361f-6335-7b2f13357623" executionId="b7f41806-f798-433d-8217-bb15e5187329" testListId="8c84fa94-04c1-424b-9868-57a2d4851a1d" />
    <TestEntry testId="97b3999b-2daf-c995-44ee-54245a28073c" executionId="cbf7ffed-d3e9-428f-b14d-5772fd2800b7" testListId="8c84fa94-04c1-424b-9868-57a2d4851a1d" />
    <TestEntry testId="0e822d56-a7c9-5f8f-1876-eb80c3c420ec" executionId="65f752cb-9012-4bc8-8995-8d965e5c0145" testListId="8c84fa94-04c1-424b-9868-57a2d4851a1d" />
    <TestEntry testId="d3b0beeb-77c4-ded6-1a82-40f47299f89c" executionId="ee74363c-0245-4f34-962e-201e5e87e43f" testListId="8c84fa94-04c1-424b-9868-57a2d4851a1d" />
    <TestEntry testId="0e16ab9d-6212-0eee-114e-813034c6b689" executionId="17e65ae4-e8dd-44b3-8f62-42f25b1feb0c" testListId="8c84fa94-04c1-424b-9868-57a2d4851a1d" />
    <TestEntry testId="0bb9379d-a17b-e704-c112-51b9ca8bb843" executionId="b70c9d85-fc26-4bcd-bdb8-aacdf9cd71d1" testListId="8c84fa94-04c1-424b-9868-57a2d4851a1d" />
    <TestEntry testId="8ee9db40-3e7e-34d6-9466-6c4974f386cd" executionId="9d22b272-239f-4580-b0ac-19a8fd4bffcb" testListId="8c84fa94-04c1-424b-9868-57a2d4851a1d" />
    <TestEntry testId="260fb0e8-9d4e-8a74-04e0-a179f16e1b64" executionId="cc282a2d-47da-4fb1-ab9e-73b179e57a81" testListId="8c84fa94-04c1-424b-9868-57a2d4851a1d" />
    <TestEntry testId="3dd86560-5a78-df7d-975c-5d31b11fc0f0" executionId="30e97031-9ce5-4929-ab3c-c008cfb0d0e9" testListId="8c84fa94-04c1-424b-9868-57a2d4851a1d" />
  </TestEntries>
  <TestLists>
    <TestList name="Results Not in a List" id="8c84fa94-04c1-424b-9868-57a2d4851a1d" />
    <TestList name="All Loaded Results" id="19431567-8539-422a-85d7-44ee4e166bda" />
  </TestLists>
  <ResultSummary outcome="Completed">
    <Counters total="63" executed="63" passed="63" failed="0" error="0" timeout="0" aborted="0" inconclusive="0" passedButRunAborted="0" notRunnable="0" notExecuted="0" disconnected="0" warning="0" completed="0" inProgress="0" pending="0" />
  </ResultSummary>
</TestRun>