<?xml version="1.0" encoding="utf-8"?>
<TestRun id="8b5dce2c-4373-4e91-8dda-c394ee22ec20" name="@7c0bf1928772 2019-06-07 20:52:20" xmlns="http://microsoft.com/schemas/VisualStudio/TeamTest/2010">
  <Times creation="2019-06-07T20:52:20.7813968+00:00" queuing="2019-06-07T20:52:20.7813978+00:00" start="2019-06-07T20:51:55.9413979+00:00" finish="2019-06-07T20:52:20.8252491+00:00" />
  <TestSettings name="default" id="10238170-03a5-439b-8012-4664d43b246f">
    <Deployment runDeploymentRoot="_7c0bf1928772_2019-06-07_20_52_20" />
  </TestSettings>
  <Results>
    <UnitTestResult executionId="d8341d14-5a1b-4263-b61d-586bfc7aedac" testId="5c2e08f4-0eb1-8359-1489-56a35cdfd4e3" testName="CashierScenario" computerName="7c0bf1928772" duration="00:00:21.9782619" startTime="2019-06-07T20:51:58.4277915+00:00" endTime="2019-06-07T20:52:20.5114042+00:00" testType="13cdc9d9-ddb5-4fa4-a97d-d965ccfc6d4b" outcome="Passed" testListId="8c84fa94-04c1-424b-9868-57a2d4851a1d" relativeResultsDirectory="d8341d14-5a1b-4263-b61d-586bfc7aedac">
      <Output>
        <StdOut>[20:52:08 WRN] No XML encryptor configured. Key {faa388a6-4ec5-47cc-90d0-f08b66ba5f47} may be persisted to storage in unencrypted form.
[20:52:10 INF] RabbitMQ client is trying to connect.
[20:52:10 INF] RabbitMQ persistent connection acquired a connection rabbitmq.test and is subscribed to failure events.
[20:52:13 WRN] No type was specified for the decimal column 'Amount' on entity type 'Currency'. This will cause values to be silently truncated if they do not fit in the default precision and scale. Explicitly specify the SQL server column type that can accommodate all the values using 'HasColumnType()'.
[20:52:19 WRN] The LINQ expression 'where (Property([x], "UserId") == __userId_0)' could not be translated and will be evaluated locally.
[20:52:19 WRN] The LINQ expression 'where (Property([x], "UserId") == __userId_0)' could not be translated and will be evaluated locally.
[20:52:19 WRN] The LINQ expression 'Take(1)' could not be translated and will be evaluated locally.
[20:52:19 WRN] The LINQ expression 'Distinct()' could not be translated and will be evaluated locally.
[20:52:19 WRN] The LINQ expression 'where (Property([x], "UserId") == __userId_0)' could not be translated and will be evaluated locally.
[20:52:19 WRN] The LINQ expression 'Take(1)' could not be translated and will be evaluated locally.
[20:52:19 WRN] The LINQ expression 'Distinct()' could not be translated and will be evaluated locally.
[20:52:19 WRN] The LINQ expression 'join AnonymousObject _x in {from Account x in value(Microsoft.EntityFrameworkCore.Query.Internal.EntityQueryable`1[eDoxa.Cashier.Domain.AggregateModels.AccountAggregate.Account]) join User x.User in value(Microsoft.EntityFrameworkCore.Query.Internal.EntityQueryable`1[eDoxa.Cashier.Domain.AggregateModels.UserAggregate.User]) on Property([x], "UserId") equals Property([x.User], "Id") where (Property([x], "UserId") == __userId_0) orderby EF.Property(?[x]?, "Id") asc select new AnonymousObject(new [] {Convert(EF.Property(?[x]?, "Id"), Object)}) =&gt; Take(1) =&gt; Distinct()} on Property([x.Transactions], "AccountId") equals Convert([_x].GetValue(0), AccountId)' could not be translated and will be evaluated locally.
[20:52:19 WRN] The LINQ expression 'orderby [_x].GetValue(0) asc' could not be translated and will be evaluated locally.
[20:52:19 WRN] The LINQ expression 'SingleOrDefault()' could not be translated and will be evaluated locally.</StdOut>
      </Output>
    </UnitTestResult>
  </Results>
  <TestDefinitions>
    <UnitTest name="CashierScenario" storage="/tmp/test/edoxa.cashier.integrationtests/bin/debug/netcoreapp2.2/edoxa.cashier.integrationtests.dll" id="5c2e08f4-0eb1-8359-1489-56a35cdfd4e3">
      <Execution id="d8341d14-5a1b-4263-b61d-586bfc7aedac" />
      <TestMethod codeBase="/tmp/test/eDoxa.Cashier.IntegrationTests/bin/Debug/netcoreapp2.2/eDoxa.Cashier.IntegrationTests.dll" adapterTypeName="executor://mstestadapter/v2" className="eDoxa.Cashier.IntegrationTests.Controllers.AccountControllerTest" name="CashierScenario" />
    </UnitTest>
  </TestDefinitions>
  <TestEntries>
    <TestEntry testId="5c2e08f4-0eb1-8359-1489-56a35cdfd4e3" executionId="d8341d14-5a1b-4263-b61d-586bfc7aedac" testListId="8c84fa94-04c1-424b-9868-57a2d4851a1d" />
  </TestEntries>
  <TestLists>
    <TestList name="Results Not in a List" id="8c84fa94-04c1-424b-9868-57a2d4851a1d" />
    <TestList name="All Loaded Results" id="19431567-8539-422a-85d7-44ee4e166bda" />
  </TestLists>
  <ResultSummary outcome="Completed">
    <Counters total="1" executed="1" passed="1" failed="0" error="0" timeout="0" aborted="0" inconclusive="0" passedButRunAborted="0" notRunnable="0" notExecuted="0" disconnected="0" warning="0" completed="0" inProgress="0" pending="0" />
  </ResultSummary>
</TestRun>