<?xml version="1.0" encoding="utf-8"?>
<TestRun id="855bcc78-e5e7-428c-90a5-94bf104043c5" name="@7e8cb68cfcf9 2019-06-07 20:51:48" xmlns="http://microsoft.com/schemas/VisualStudio/TeamTest/2010">
  <Times creation="2019-06-07T20:51:48.6774483+00:00" queuing="2019-06-07T20:51:48.6774503+00:00" start="2019-06-07T20:51:42.3784868+00:00" finish="2019-06-07T20:51:49.2042382+00:00" />
  <TestSettings name="default" id="57899c47-c667-4986-8979-cf702256adbc">
    <Deployment runDeploymentRoot="_7e8cb68cfcf9_2019-06-07_20_51_48" />
  </TestSettings>
  <Results>
    <UnitTestResult executionId="7d74b7a9-f59a-40bc-bae9-efbdca46eb83" testId="09b3e74d-6762-2c53-61a7-5b4276a5b252" testName="Database_CanConnect_ShouldBeTrue" computerName="7e8cb68cfcf9" duration="00:00:03.5586308" startTime="2019-06-07T20:51:44.7857364+00:00" endTime="2019-06-07T20:51:48.4276368+00:00" testType="13cdc9d9-ddb5-4fa4-a97d-d965ccfc6d4b" outcome="Passed" testListId="8c84fa94-04c1-424b-9868-57a2d4851a1d" relativeResultsDirectory="7d74b7a9-f59a-40bc-bae9-efbdca46eb83" />
    <UnitTestResult executionId="6abf49c5-d72c-4898-8979-83e45c56cdb8" testId="1b0b1f06-f8ea-8f5e-3d38-e14fccc8ad07" testName="FindUsersAsync_ShouldBeOkObjectResult" computerName="7e8cb68cfcf9" duration="00:00:00.4085621" startTime="2019-06-07T20:51:48.6096729+00:00" endTime="2019-06-07T20:51:49.0193471+00:00" testType="13cdc9d9-ddb5-4fa4-a97d-d965ccfc6d4b" outcome="Passed" testListId="8c84fa94-04c1-424b-9868-57a2d4851a1d" relativeResultsDirectory="6abf49c5-d72c-4898-8979-83e45c56cdb8" />
    <UnitTestResult executionId="5a2f4152-b746-49c8-bcaf-c1e8fb8e5375" testId="3742fdcb-32d6-cd96-1368-200675a53f57" testName="FindUsersAsync_ShouldBeNoContentObjectResult" computerName="7e8cb68cfcf9" duration="00:00:00.0031743" startTime="2019-06-07T20:51:49.0194295+00:00" endTime="2019-06-07T20:51:49.0228682+00:00" testType="13cdc9d9-ddb5-4fa4-a97d-d965ccfc6d4b" outcome="Passed" testListId="8c84fa94-04c1-424b-9868-57a2d4851a1d" relativeResultsDirectory="5a2f4152-b746-49c8-bcaf-c1e8fb8e5375" />
  </Results>
  <TestDefinitions>
    <UnitTest name="Database_CanConnect_ShouldBeTrue" storage="/tmp/test/edoxa.identity.tests/bin/debug/netcoreapp2.2/edoxa.identity.tests.dll" id="09b3e74d-6762-2c53-61a7-5b4276a5b252">
      <Execution id="7d74b7a9-f59a-40bc-bae9-efbdca46eb83" />
      <TestMethod codeBase="/tmp/test/eDoxa.Identity.Tests/bin/Debug/netcoreapp2.2/eDoxa.Identity.Tests.dll" adapterTypeName="executor://mstestadapter/v2" className="eDoxa.Identity.Tests.Infrastructure.IdentityDbContextFactoryTest" name="Database_CanConnect_ShouldBeTrue" />
    </UnitTest>
    <UnitTest name="FindUsersAsync_ShouldBeNoContentObjectResult" storage="/tmp/test/edoxa.identity.tests/bin/debug/netcoreapp2.2/edoxa.identity.tests.dll" id="3742fdcb-32d6-cd96-1368-200675a53f57">
      <Execution id="5a2f4152-b746-49c8-bcaf-c1e8fb8e5375" />
      <TestMethod codeBase="/tmp/test/eDoxa.Identity.Tests/bin/Debug/netcoreapp2.2/eDoxa.Identity.Tests.dll" adapterTypeName="executor://mstestadapter/v2" className="eDoxa.Identity.Tests.Controllers.UsersControllerTest" name="FindUsersAsync_ShouldBeNoContentObjectResult" />
    </UnitTest>
    <UnitTest name="FindUsersAsync_ShouldBeOkObjectResult" storage="/tmp/test/edoxa.identity.tests/bin/debug/netcoreapp2.2/edoxa.identity.tests.dll" id="1b0b1f06-f8ea-8f5e-3d38-e14fccc8ad07">
      <Execution id="6abf49c5-d72c-4898-8979-83e45c56cdb8" />
      <TestMethod codeBase="/tmp/test/eDoxa.Identity.Tests/bin/Debug/netcoreapp2.2/eDoxa.Identity.Tests.dll" adapterTypeName="executor://mstestadapter/v2" className="eDoxa.Identity.Tests.Controllers.UsersControllerTest" name="FindUsersAsync_ShouldBeOkObjectResult" />
    </UnitTest>
  </TestDefinitions>
  <TestEntries>
    <TestEntry testId="09b3e74d-6762-2c53-61a7-5b4276a5b252" executionId="7d74b7a9-f59a-40bc-bae9-efbdca46eb83" testListId="8c84fa94-04c1-424b-9868-57a2d4851a1d" />
    <TestEntry testId="1b0b1f06-f8ea-8f5e-3d38-e14fccc8ad07" executionId="6abf49c5-d72c-4898-8979-83e45c56cdb8" testListId="8c84fa94-04c1-424b-9868-57a2d4851a1d" />
    <TestEntry testId="3742fdcb-32d6-cd96-1368-200675a53f57" executionId="5a2f4152-b746-49c8-bcaf-c1e8fb8e5375" testListId="8c84fa94-04c1-424b-9868-57a2d4851a1d" />
  </TestEntries>
  <TestLists>
    <TestList name="Results Not in a List" id="8c84fa94-04c1-424b-9868-57a2d4851a1d" />
    <TestList name="All Loaded Results" id="19431567-8539-422a-85d7-44ee4e166bda" />
  </TestLists>
  <ResultSummary outcome="Completed">
    <Counters total="3" executed="3" passed="3" failed="0" error="0" timeout="0" aborted="0" inconclusive="0" passedButRunAborted="0" notRunnable="0" notExecuted="0" disconnected="0" warning="0" completed="0" inProgress="0" pending="0" />
  </ResultSummary>
</TestRun>