<?xml version="1.0" encoding="utf-8"?>
<TestRun id="c01073b5-b736-4ff1-868e-c446bd67af4f" name="@b02e3e5eb149 2019-06-07 20:52:01" xmlns="http://microsoft.com/schemas/VisualStudio/TeamTest/2010">
  <Times creation="2019-06-07T20:52:01.2281111+00:00" queuing="2019-06-07T20:52:01.2281128+00:00" start="2019-06-07T20:51:56.8422993+00:00" finish="2019-06-07T20:52:05.3194069+00:00" />
  <TestSettings name="default" id="15679efe-ae5f-40ab-8b19-56b527dfa1d4">
    <Deployment runDeploymentRoot="_b02e3e5eb149_2019-06-07_20_52_01" />
  </TestSettings>
  <Results>
    <UnitTestResult executionId="ef458451-c6ec-4686-a5a6-9274f5fba015" testId="36756aef-565a-0044-ddaf-4cfba09a0d6c" testName="Constructor_Tests" computerName="b02e3e5eb149" duration="00:00:00.0160433" startTime="2019-06-07T20:52:04.9665705+00:00" endTime="2019-06-07T20:52:04.9833545+00:00" testType="13cdc9d9-ddb5-4fa4-a97d-d965ccfc6d4b" outcome="Passed" testListId="8c84fa94-04c1-424b-9868-57a2d4851a1d" relativeResultsDirectory="ef458451-c6ec-4686-a5a6-9274f5fba015" />
    <UnitTestResult executionId="91a8a5d0-9db7-4325-b18f-b620cbb0e7c5" testId="7e821fcb-0dbd-5b5a-4a91-9b18e37671da" testName="Constructor_Tests" computerName="b02e3e5eb149" duration="00:00:00.0016394" startTime="2019-06-07T20:52:04.4767907+00:00" endTime="2019-06-07T20:52:04.4788682+00:00" testType="13cdc9d9-ddb5-4fa4-a97d-d965ccfc6d4b" outcome="Passed" testListId="8c84fa94-04c1-424b-9868-57a2d4851a1d" relativeResultsDirectory="91a8a5d0-9db7-4325-b18f-b620cbb0e7c5" />
    <UnitTestResult executionId="b02d9f01-42d9-4051-8c13-8f46d94d1c13" testId="600d4395-1d2f-a5ee-3c70-6d8ba87af618" testName="Constructor_Tests" computerName="b02e3e5eb149" duration="00:00:00.0010273" startTime="2019-06-07T20:52:04.4708986+00:00" endTime="2019-06-07T20:52:04.4723380+00:00" testType="13cdc9d9-ddb5-4fa4-a97d-d965ccfc6d4b" outcome="Passed" testListId="8c84fa94-04c1-424b-9868-57a2d4851a1d" relativeResultsDirectory="b02d9f01-42d9-4051-8c13-8f46d94d1c13" />
    <UnitTestResult executionId="15234798-0d85-4e42-bfed-9c785dd8fa32" testId="546a4d7d-6992-cc83-6f5f-e867b06aec5a" testName="Constructor_Tests" computerName="b02e3e5eb149" duration="00:00:00.0128533" startTime="2019-06-07T20:52:04.8520930+00:00" endTime="2019-06-07T20:52:04.8654307+00:00" testType="13cdc9d9-ddb5-4fa4-a97d-d965ccfc6d4b" outcome="Passed" testListId="8c84fa94-04c1-424b-9868-57a2d4851a1d" relativeResultsDirectory="15234798-0d85-4e42-bfed-9c785dd8fa32" />
    <UnitTestResult executionId="1a89bef5-56fa-4463-9b99-e69d3d3b578d" testId="fcef29d5-aabe-aae3-e0b3-ce52e60cba45" testName="GetBalanceAsync_ShouldBeOfTypeNotFoundObjectResult" computerName="b02e3e5eb149" duration="00:00:00.0043934" startTime="2019-06-07T20:52:04.2818736+00:00" endTime="2019-06-07T20:52:04.2865634+00:00" testType="13cdc9d9-ddb5-4fa4-a97d-d965ccfc6d4b" outcome="Passed" testListId="8c84fa94-04c1-424b-9868-57a2d4851a1d" relativeResultsDirectory="1a89bef5-56fa-4463-9b99-e69d3d3b578d" />
    <UnitTestResult executionId="61d146bb-c615-4a18-a7ef-6b2fec5ee1bd" testId="dcdc32ce-ce9d-d943-c584-6d1069f17729" testName="Database_CanConnect_ShouldBeTrue" computerName="b02e3e5eb149" duration="00:00:03.5270093" startTime="2019-06-07T20:52:00.5304345+00:00" endTime="2019-06-07T20:52:04.0577781+00:00" testType="13cdc9d9-ddb5-4fa4-a97d-d965ccfc6d4b" outcome="Passed" testListId="8c84fa94-04c1-424b-9868-57a2d4851a1d" relativeResultsDirectory="61d146bb-c615-4a18-a7ef-6b2fec5ee1bd" />
    <UnitTestResult executionId="3c2cc92c-5979-4c7b-b6fd-854006457249" testId="0443d4de-42c0-cbd1-438a-7a8df67eb890" testName="Constructor_Tests" computerName="b02e3e5eb149" duration="00:00:00.0332841" startTime="2019-06-07T20:52:04.1683551+00:00" endTime="2019-06-07T20:52:04.2019624+00:00" testType="13cdc9d9-ddb5-4fa4-a97d-d965ccfc6d4b" outcome="Passed" testListId="8c84fa94-04c1-424b-9868-57a2d4851a1d" relativeResultsDirectory="3c2cc92c-5979-4c7b-b6fd-854006457249" />
    <UnitTestResult executionId="2434c887-f2dc-4ace-8d27-4e713cd630d4" testId="a5033407-375e-ac5f-f6a8-6454fc65d057" testName="Constructor_Tests" computerName="b02e3e5eb149" duration="00:00:00.0022091" startTime="2019-06-07T20:52:04.4365568+00:00" endTime="2019-06-07T20:52:04.4390932+00:00" testType="13cdc9d9-ddb5-4fa4-a97d-d965ccfc6d4b" outcome="Passed" testListId="8c84fa94-04c1-424b-9868-57a2d4851a1d" relativeResultsDirectory="2434c887-f2dc-4ace-8d27-4e713cd630d4" />
    <UnitTestResult executionId="b544b5b1-76ed-4e0b-8778-cedac82cdbcd" testId="02bb7df9-7734-69b0-0b14-9fccca5b7667" testName="Constructor_Tests" computerName="b02e3e5eb149" duration="00:00:00.0015116" startTime="2019-06-07T20:52:04.4689177+00:00" endTime="2019-06-07T20:52:04.4708605+00:00" testType="13cdc9d9-ddb5-4fa4-a97d-d965ccfc6d4b" outcome="Passed" testListId="8c84fa94-04c1-424b-9868-57a2d4851a1d" relativeResultsDirectory="b544b5b1-76ed-4e0b-8778-cedac82cdbcd" />
    <UnitTestResult executionId="81978eb4-6409-44db-b34a-ef111605f425" testId="6a9adc54-ef7c-306a-4a34-2f7dfdae2448" testName="CreateBankAccountAsync_ShouldBeOfTypeOkObjectResult" computerName="b02e3e5eb149" duration="00:00:00.0224260" startTime="2019-06-07T20:52:04.3447805+00:00" endTime="2019-06-07T20:52:04.3676269+00:00" testType="13cdc9d9-ddb5-4fa4-a97d-d965ccfc6d4b" outcome="Passed" testListId="8c84fa94-04c1-424b-9868-57a2d4851a1d" relativeResultsDirectory="81978eb4-6409-44db-b34a-ef111605f425" />
    <UnitTestResult executionId="7e5de776-0eec-4100-bf2d-6ce2a9baea55" testId="247e067a-81cf-3a46-906e-d077b1a04dc6" testName="GetCardsAsync_ShouldBeEmpty" computerName="b02e3e5eb149" duration="00:00:00.0175750" startTime="2019-06-07T20:52:00.4630263+00:00" endTime="2019-06-07T20:52:00.4808611+00:00" testType="13cdc9d9-ddb5-4fa4-a97d-d965ccfc6d4b" outcome="Passed" testListId="8c84fa94-04c1-424b-9868-57a2d4851a1d" relativeResultsDirectory="7e5de776-0eec-4100-bf2d-6ce2a9baea55" />
    <UnitTestResult executionId="fb8bb321-88e3-4dd1-b5d0-5a61cf128640" testId="ba609f34-5410-3bf3-90e7-023a58bc0020" testName="Constructor_Tests" computerName="b02e3e5eb149" duration="00:00:00.0007942" startTime="2019-06-07T20:52:04.5149403+00:00" endTime="2019-06-07T20:52:04.5160296+00:00" testType="13cdc9d9-ddb5-4fa4-a97d-d965ccfc6d4b" outcome="Passed" testListId="8c84fa94-04c1-424b-9868-57a2d4851a1d" relativeResultsDirectory="fb8bb321-88e3-4dd1-b5d0-5a61cf128640" />
    <UnitTestResult executionId="971be654-bc05-4354-a8a9-ad6d576a17f5" testId="939cfa3f-fbe9-8972-f604-230bc72e55c7" testName="GetCardsAsync_ShouldNotBeEmpty" computerName="b02e3e5eb149" duration="00:00:00.2267428" startTime="2019-06-07T20:52:00.2358205+00:00" endTime="2019-06-07T20:52:00.4629937+00:00" testType="13cdc9d9-ddb5-4fa4-a97d-d965ccfc6d4b" outcome="Passed" testListId="8c84fa94-04c1-424b-9868-57a2d4851a1d" relativeResultsDirectory="971be654-bc05-4354-a8a9-ad6d576a17f5" />
    <UnitTestResult executionId="b8c41460-2a5e-4137-adb4-a28ed4b58cd4" testId="8470239a-f700-4c57-9325-0b83f766868c" testName="Constructor_Tests" computerName="b02e3e5eb149" duration="00:00:00.0014244" startTime="2019-06-07T20:52:04.5084189+00:00" endTime="2019-06-07T20:52:04.5105442+00:00" testType="13cdc9d9-ddb5-4fa4-a97d-d965ccfc6d4b" outcome="Passed" testListId="8c84fa94-04c1-424b-9868-57a2d4851a1d" relativeResultsDirectory="b8c41460-2a5e-4137-adb4-a28ed4b58cd4" />
    <UnitTestResult executionId="90a10e34-bbdf-4048-9891-af136484528a" testId="35fa0efe-a90d-a7c2-174e-36b5730b9744" testName="Constructor_Tests" computerName="b02e3e5eb149" duration="00:00:00.0016399" startTime="2019-06-07T20:52:04.4651099+00:00" endTime="2019-06-07T20:52:04.4671724+00:00" testType="13cdc9d9-ddb5-4fa4-a97d-d965ccfc6d4b" outcome="Passed" testListId="8c84fa94-04c1-424b-9868-57a2d4851a1d" relativeResultsDirectory="90a10e34-bbdf-4048-9891-af136484528a" />
    <UnitTestResult executionId="dcd4357e-1071-4c34-b583-5f7be3d14b95" testId="52fdd7e3-8e8f-6151-6642-5bb49ed92ffa" testName="Constructor_Tests" computerName="b02e3e5eb149" duration="00:00:00.0127936" startTime="2019-06-07T20:52:04.7491409+00:00" endTime="2019-06-07T20:52:04.7623446+00:00" testType="13cdc9d9-ddb5-4fa4-a97d-d965ccfc6d4b" outcome="Passed" testListId="8c84fa94-04c1-424b-9868-57a2d4851a1d" relativeResultsDirectory="dcd4357e-1071-4c34-b583-5f7be3d14b95" />
    <UnitTestResult executionId="88724d39-b302-432c-bc5b-bd2293a3f890" testId="f84211b8-7575-ca37-fa2f-f91d88725c88" testName="DeleteCardAsync_ShouldBeOfTypeOkObjectResult" computerName="b02e3e5eb149" duration="00:00:00.0098384" startTime="2019-06-07T20:52:04.4199013+00:00" endTime="2019-06-07T20:52:04.4300301+00:00" testType="13cdc9d9-ddb5-4fa4-a97d-d965ccfc6d4b" outcome="Passed" testListId="8c84fa94-04c1-424b-9868-57a2d4851a1d" relativeResultsDirectory="88724d39-b302-432c-bc5b-bd2293a3f890" />
    <UnitTestResult executionId="e464aa69-963c-4392-a9ed-724b7001b21c" testId="ae988c20-5211-3eb7-e74a-5995cf041803" testName="HandleAsync_DeleteCardCommand_ShouldBeOfTypeEither" computerName="b02e3e5eb149" duration="00:00:00.0192973" startTime="2019-06-07T20:52:04.9040399+00:00" endTime="2019-06-07T20:52:04.9235576+00:00" testType="13cdc9d9-ddb5-4fa4-a97d-d965ccfc6d4b" outcome="Passed" testListId="8c84fa94-04c1-424b-9868-57a2d4851a1d" relativeResultsDirectory="e464aa69-963c-4392-a9ed-724b7001b21c" />
    <UnitTestResult executionId="b8dc0bd2-c58f-4326-8c9a-a78fb0dc4f9d" testId="074b099d-fa37-4a67-8782-945efdb2b422" testName="HandleAsync_UpdateCardDefaultCommand_ShouldBeOfTypeEither" computerName="b02e3e5eb149" duration="00:00:00.0314772" startTime="2019-06-07T20:52:04.9833967+00:00" endTime="2019-06-07T20:52:05.0152308+00:00" testType="13cdc9d9-ddb5-4fa4-a97d-d965ccfc6d4b" outcome="Passed" testListId="8c84fa94-04c1-424b-9868-57a2d4851a1d" relativeResultsDirectory="b8dc0bd2-c58f-4326-8c9a-a78fb0dc4f9d" />
    <UnitTestResult executionId="267adafe-fb2c-4928-aa14-149cbdc1df93" testId="2c162014-4394-b5d8-0d02-36dff5861912" testName="Constructor_Tests" computerName="b02e3e5eb149" duration="00:00:00.0240490" startTime="2019-06-07T20:52:04.4838945+00:00" endTime="2019-06-07T20:52:04.5083685+00:00" testType="13cdc9d9-ddb5-4fa4-a97d-d965ccfc6d4b" outcome="Passed" testListId="8c84fa94-04c1-424b-9868-57a2d4851a1d" relativeResultsDirectory="267adafe-fb2c-4928-aa14-149cbdc1df93" />
    <UnitTestResult executionId="bbe8fc0a-1fa2-41c6-bcae-afaca7022971" testId="2cb8c95a-c5e9-3e84-bd1b-5565cef6047b" testName="Constructor_Tests" computerName="b02e3e5eb149" duration="00:00:00.0024672" startTime="2019-06-07T20:52:05.0513686+00:00" endTime="2019-06-07T20:52:05.0542899+00:00" testType="13cdc9d9-ddb5-4fa4-a97d-d965ccfc6d4b" outcome="Passed" testListId="8c84fa94-04c1-424b-9868-57a2d4851a1d" relativeResultsDirectory="bbe8fc0a-1fa2-41c6-bcae-afaca7022971" />
    <UnitTestResult executionId="0b7430d0-b093-49a6-babc-29018a40ee2e" testId="c451b21c-a719-cd27-bbf7-e5a3d95d6769" testName="Subtract_Amount_ShouldBeResult" computerName="b02e3e5eb149" duration="00:00:00.0008123" startTime="2019-06-07T20:52:04.1672976+00:00" endTime="2019-06-07T20:52:04.1683025+00:00" testType="13cdc9d9-ddb5-4fa4-a97d-d965ccfc6d4b" outcome="Passed" testListId="8c84fa94-04c1-424b-9868-57a2d4851a1d" relativeResultsDirectory="0b7430d0-b093-49a6-babc-29018a40ee2e" resultType="DataDrivenTest">
      <InnerResults>
        <UnitTestResult executionId="100ba87f-1245-4b0d-80dd-030e93d0881d" parentExecutionId="0b7430d0-b093-49a6-babc-29018a40ee2e" testId="c451b21c-a719-cd27-bbf7-e5a3d95d6769" testName="Subtract_Amount_ShouldBeResult (100000,50000,50000)" computerName="b02e3e5eb149" duration="00:00:00.0006604" startTime="2019-06-07T20:52:04.1672976+00:00" endTime="2019-06-07T20:52:04.1683025+00:00" testType="13cdc9d9-ddb5-4fa4-a97d-d965ccfc6d4b" outcome="Passed" testListId="8c84fa94-04c1-424b-9868-57a2d4851a1d" relativeResultsDirectory="100ba87f-1245-4b0d-80dd-030e93d0881d" dataRowInfo="1" resultType="DataDrivenDataRow" />
        <UnitTestResult executionId="13b3c533-8282-48b8-a7f3-7b83bc048cb4" parentExecutionId="0b7430d0-b093-49a6-babc-29018a40ee2e" testId="c451b21c-a719-cd27-bbf7-e5a3d95d6769" testName="Subtract_Amount_ShouldBeResult (1000000,500000,500000)" computerName="b02e3e5eb149" duration="00:00:00.0000111" startTime="2019-06-07T20:52:04.1672976+00:00" endTime="2019-06-07T20:52:04.1683025+00:00" testType="13cdc9d9-ddb5-4fa4-a97d-d965ccfc6d4b" outcome="Passed" testListId="8c84fa94-04c1-424b-9868-57a2d4851a1d" relativeResultsDirectory="13b3c533-8282-48b8-a7f3-7b83bc048cb4" dataRowInfo="2" resultType="DataDrivenDataRow" />
        <UnitTestResult executionId="1e2bac89-3588-41c8-8398-576753c90eb1" parentExecutionId="0b7430d0-b093-49a6-babc-29018a40ee2e" testId="c451b21c-a719-cd27-bbf7-e5a3d95d6769" testName="Subtract_Amount_ShouldBeResult (1000000,150000,850000)" computerName="b02e3e5eb149" duration="00:00:00.0000043" startTime="2019-06-07T20:52:04.1672976+00:00" endTime="2019-06-07T20:52:04.1683025+00:00" testType="13cdc9d9-ddb5-4fa4-a97d-d965ccfc6d4b" outcome="Passed" testListId="8c84fa94-04c1-424b-9868-57a2d4851a1d" relativeResultsDirectory="1e2bac89-3588-41c8-8398-576753c90eb1" dataRowInfo="3" resultType="DataDrivenDataRow" />
        <UnitTestResult executionId="63319fb6-1b72-44e0-a626-c74d2292bb23" parentExecutionId="0b7430d0-b093-49a6-babc-29018a40ee2e" testId="c451b21c-a719-cd27-bbf7-e5a3d95d6769" testName="Subtract_Amount_ShouldBeResult (1000000,250000,750000)" computerName="b02e3e5eb149" duration="00:00:00.0000040" startTime="2019-06-07T20:52:04.1672976+00:00" endTime="2019-06-07T20:52:04.1683025+00:00" testType="13cdc9d9-ddb5-4fa4-a97d-d965ccfc6d4b" outcome="Passed" testListId="8c84fa94-04c1-424b-9868-57a2d4851a1d" relativeResultsDirectory="63319fb6-1b72-44e0-a626-c74d2292bb23" dataRowInfo="4" resultType="DataDrivenDataRow" />
        <UnitTestResult executionId="b9ca748f-f795-4857-93de-3e0da807c706" parentExecutionId="0b7430d0-b093-49a6-babc-29018a40ee2e" testId="c451b21c-a719-cd27-bbf7-e5a3d95d6769" testName="Subtract_Amount_ShouldBeResult (5000000,1000000,4000000)" computerName="b02e3e5eb149" duration="00:00:00.0000044" startTime="2019-06-07T20:52:04.1672976+00:00" endTime="2019-06-07T20:52:04.1683025+00:00" testType="13cdc9d9-ddb5-4fa4-a97d-d965ccfc6d4b" outcome="Passed" testListId="8c84fa94-04c1-424b-9868-57a2d4851a1d" relativeResultsDirectory="b9ca748f-f795-4857-93de-3e0da807c706" dataRowInfo="5" resultType="DataDrivenDataRow" />
      </InnerResults>
    </UnitTestResult>
    <UnitTestResult executionId="604d583b-28ad-4bfb-8b3d-dfcc4e7a2eab" testId="cd7b51bd-712c-064b-72d1-da4c3cea07bc" testName="Constructor_Tests" computerName="b02e3e5eb149" duration="00:00:00.0017585" startTime="2019-06-07T20:52:00.4809007+00:00" endTime="2019-06-07T20:52:00.4830869+00:00" testType="13cdc9d9-ddb5-4fa4-a97d-d965ccfc6d4b" outcome="Passed" testListId="8c84fa94-04c1-424b-9868-57a2d4851a1d" relativeResultsDirectory="604d583b-28ad-4bfb-8b3d-dfcc4e7a2eab" />
    <UnitTestResult executionId="5f7b2c8c-acac-4404-ba50-12e7b98b8eb1" testId="70f2a7c6-30cf-6edf-ce4d-2af71f08f37a" testName="CreateCardAsync_ShouldBeOfTypeOkObjectResult" computerName="b02e3e5eb149" duration="00:00:00.0099245" startTime="2019-06-07T20:52:04.4006202+00:00" endTime="2019-06-07T20:52:04.4109625+00:00" testType="13cdc9d9-ddb5-4fa4-a97d-d965ccfc6d4b" outcome="Passed" testListId="8c84fa94-04c1-424b-9868-57a2d4851a1d" relativeResultsDirectory="5f7b2c8c-acac-4404-ba50-12e7b98b8eb1" />
    <UnitTestResult executionId="fe851a46-74c7-4945-83ec-ec52a0205571" testId="b3ea0354-410a-046a-a386-47128c6b4fc8" testName="Add_Amount_ShouldBeResult" computerName="b02e3e5eb149" duration="00:00:00.0100293" startTime="2019-06-07T20:52:04.1526002+00:00" endTime="2019-06-07T20:52:04.1630610+00:00" testType="13cdc9d9-ddb5-4fa4-a97d-d965ccfc6d4b" outcome="Passed" testListId="8c84fa94-04c1-424b-9868-57a2d4851a1d" relativeResultsDirectory="fe851a46-74c7-4945-83ec-ec52a0205571" resultType="DataDrivenTest">
      <InnerResults>
        <UnitTestResult executionId="f3747b0f-f4f6-466e-af64-5f78a99e5f67" parentExecutionId="fe851a46-74c7-4945-83ec-ec52a0205571" testId="b3ea0354-410a-046a-a386-47128c6b4fc8" testName="Add_Amount_ShouldBeResult (50000,100000,150000)" computerName="b02e3e5eb149" duration="00:00:00.0097516" startTime="2019-06-07T20:52:04.1526002+00:00" endTime="2019-06-07T20:52:04.1630610+00:00" testType="13cdc9d9-ddb5-4fa4-a97d-d965ccfc6d4b" outcome="Passed" testListId="8c84fa94-04c1-424b-9868-57a2d4851a1d" relativeResultsDirectory="f3747b0f-f4f6-466e-af64-5f78a99e5f67" dataRowInfo="1" resultType="DataDrivenDataRow" />
        <UnitTestResult executionId="171b5dc4-3ad5-4a98-8937-bda9819875b4" parentExecutionId="fe851a46-74c7-4945-83ec-ec52a0205571" testId="b3ea0354-410a-046a-a386-47128c6b4fc8" testName="Add_Amount_ShouldBeResult (100000,50000,150000)" computerName="b02e3e5eb149" duration="00:00:00.0000176" startTime="2019-06-07T20:52:04.1526002+00:00" endTime="2019-06-07T20:52:04.1630610+00:00" testType="13cdc9d9-ddb5-4fa4-a97d-d965ccfc6d4b" outcome="Passed" testListId="8c84fa94-04c1-424b-9868-57a2d4851a1d" relativeResultsDirectory="171b5dc4-3ad5-4a98-8937-bda9819875b4" dataRowInfo="2" resultType="DataDrivenDataRow" />
        <UnitTestResult executionId="dbb21335-abee-481b-a6db-7bad1b99f22d" parentExecutionId="fe851a46-74c7-4945-83ec-ec52a0205571" testId="b3ea0354-410a-046a-a386-47128c6b4fc8" testName="Add_Amount_ShouldBeResult (100000,500000,600000)" computerName="b02e3e5eb149" duration="00:00:00.0000052" startTime="2019-06-07T20:52:04.1526002+00:00" endTime="2019-06-07T20:52:04.1630610+00:00" testType="13cdc9d9-ddb5-4fa4-a97d-d965ccfc6d4b" outcome="Passed" testListId="8c84fa94-04c1-424b-9868-57a2d4851a1d" relativeResultsDirectory="dbb21335-abee-481b-a6db-7bad1b99f22d" dataRowInfo="3" resultType="DataDrivenDataRow" />
        <UnitTestResult executionId="835e5d89-04d0-4b1e-b6d6-11914497c7ab" parentExecutionId="fe851a46-74c7-4945-83ec-ec52a0205571" testId="b3ea0354-410a-046a-a386-47128c6b4fc8" testName="Add_Amount_ShouldBeResult (500000,100000,600000)" computerName="b02e3e5eb149" duration="00:00:00.0000041" startTime="2019-06-07T20:52:04.1526002+00:00" endTime="2019-06-07T20:52:04.1630610+00:00" testType="13cdc9d9-ddb5-4fa4-a97d-d965ccfc6d4b" outcome="Passed" testListId="8c84fa94-04c1-424b-9868-57a2d4851a1d" relativeResultsDirectory="835e5d89-04d0-4b1e-b6d6-11914497c7ab" dataRowInfo="4" resultType="DataDrivenDataRow" />
        <UnitTestResult executionId="8aa34f8a-91ea-44a2-958d-0bb2359c9a2b" parentExecutionId="fe851a46-74c7-4945-83ec-ec52a0205571" testId="b3ea0354-410a-046a-a386-47128c6b4fc8" testName="Add_Amount_ShouldBeResult (500000,1000000,1500000)" computerName="b02e3e5eb149" duration="00:00:00.0000052" startTime="2019-06-07T20:52:04.1526002+00:00" endTime="2019-06-07T20:52:04.1630610+00:00" testType="13cdc9d9-ddb5-4fa4-a97d-d965ccfc6d4b" outcome="Passed" testListId="8c84fa94-04c1-424b-9868-57a2d4851a1d" relativeResultsDirectory="8aa34f8a-91ea-44a2-958d-0bb2359c9a2b" dataRowInfo="5" resultType="DataDrivenDataRow" />
        <UnitTestResult executionId="df2f2114-aa0c-467c-8fdb-32af1d2ded8e" parentExecutionId="fe851a46-74c7-4945-83ec-ec52a0205571" testId="b3ea0354-410a-046a-a386-47128c6b4fc8" testName="Add_Amount_ShouldBeResult (1000000,500000,1500000)" computerName="b02e3e5eb149" duration="00:00:00.0000043" startTime="2019-06-07T20:52:04.1526002+00:00" endTime="2019-06-07T20:52:04.1630610+00:00" testType="13cdc9d9-ddb5-4fa4-a97d-d965ccfc6d4b" outcome="Passed" testListId="8c84fa94-04c1-424b-9868-57a2d4851a1d" relativeResultsDirectory="df2f2114-aa0c-467c-8fdb-32af1d2ded8e" dataRowInfo="6" resultType="DataDrivenDataRow" />
      </InnerResults>
    </UnitTestResult>
    <UnitTestResult executionId="8a8eaa26-dd5e-4501-9773-02f4af98ede8" testId="0f9b3963-575b-3028-9956-78e7a02cc045" testName="Constructor_Tests" computerName="b02e3e5eb149" duration="00:00:00.0007247" startTime="2019-06-07T20:52:04.5160569+00:00" endTime="2019-06-07T20:52:04.5170175+00:00" testType="13cdc9d9-ddb5-4fa4-a97d-d965ccfc6d4b" outcome="Passed" testListId="8c84fa94-04c1-424b-9868-57a2d4851a1d" relativeResultsDirectory="8a8eaa26-dd5e-4501-9773-02f4af98ede8" />
    <UnitTestResult executionId="330597a6-29c9-4866-a61f-1e2c1a139a89" testId="3fe404a8-bb08-870f-1153-078177dac6bf" testName="Constructor_Tests" computerName="b02e3e5eb149" duration="00:00:00.0011814" startTime="2019-06-07T20:52:04.4789074+00:00" endTime="2019-06-07T20:52:04.4804785+00:00" testType="13cdc9d9-ddb5-4fa4-a97d-d965ccfc6d4b" outcome="Passed" testListId="8c84fa94-04c1-424b-9868-57a2d4851a1d" relativeResultsDirectory="330597a6-29c9-4866-a61f-1e2c1a139a89" />
    <UnitTestResult executionId="c17032e1-2994-45ae-87b3-da49176106af" testId="cf8a12a5-677d-5827-3593-eb6796f2a204" testName="HandleAsync_CreateBankAccountCommand_ShouldBeOfTypeEither" computerName="b02e3e5eb149" duration="00:00:00.1614453" startTime="2019-06-07T20:52:04.5873318+00:00" endTime="2019-06-07T20:52:04.7490993+00:00" testType="13cdc9d9-ddb5-4fa4-a97d-d965ccfc6d4b" outcome="Passed" testListId="8c84fa94-04c1-424b-9868-57a2d4851a1d" relativeResultsDirectory="c17032e1-2994-45ae-87b3-da49176106af" />
    <UnitTestResult executionId="c7c1906f-3ad7-4f87-9480-6d832518557b" testId="ceb5e478-5f2d-3b15-7412-fe23abc521eb" testName="Constructor_Tests" computerName="b02e3e5eb149" duration="00:00:00.0035888" startTime="2019-06-07T20:52:04.2883354+00:00" endTime="2019-06-07T20:52:04.2922980+00:00" testType="13cdc9d9-ddb5-4fa4-a97d-d965ccfc6d4b" outcome="Passed" testListId="8c84fa94-04c1-424b-9868-57a2d4851a1d" relativeResultsDirectory="c7c1906f-3ad7-4f87-9480-6d832518557b" />
    <UnitTestResult executionId="4e294ac4-430f-4dd7-9bb9-5805a8e61832" testId="1fe30214-4c1f-d78b-7953-d6adb322d87b" testName="Constructor_Tests" computerName="b02e3e5eb149" duration="00:00:00.0015233" startTime="2019-06-07T20:52:00.4831324+00:00" endTime="2019-06-07T20:52:00.4854295+00:00" testType="13cdc9d9-ddb5-4fa4-a97d-d965ccfc6d4b" outcome="Passed" testListId="8c84fa94-04c1-424b-9868-57a2d4851a1d" relativeResultsDirectory="4e294ac4-430f-4dd7-9bb9-5805a8e61832" />
    <UnitTestResult executionId="b78942e1-7d16-48ee-a626-cf4e75927374" testId="0b125f72-5048-8181-9e0d-53f43c398cef" testName="Constructor_Tests" computerName="b02e3e5eb149" duration="00:00:00.0026544" startTime="2019-06-07T20:52:04.9235996+00:00" endTime="2019-06-07T20:52:04.9268826+00:00" testType="13cdc9d9-ddb5-4fa4-a97d-d965ccfc6d4b" outcome="Passed" testListId="8c84fa94-04c1-424b-9868-57a2d4851a1d" relativeResultsDirectory="b78942e1-7d16-48ee-a626-cf4e75927374" />
    <UnitTestResult executionId="b0fced14-af33-4ae8-b5a1-686990eb55b2" testId="4180c771-ab41-93c9-a662-d08235fdc4f2" testName="Constructor_Tests" computerName="b02e3e5eb149" duration="00:00:00.0038163" startTime="2019-06-07T20:52:04.3734150+00:00" endTime="2019-06-07T20:52:04.3777629+00:00" testType="13cdc9d9-ddb5-4fa4-a97d-d965ccfc6d4b" outcome="Passed" testListId="8c84fa94-04c1-424b-9868-57a2d4851a1d" relativeResultsDirectory="b0fced14-af33-4ae8-b5a1-686990eb55b2" />
    <UnitTestResult executionId="6cc9887e-41ed-463d-bc1c-1d0e293ad6d7" testId="76529f97-994a-98b9-fc0e-326fde52b132" testName="Constructor_Tests" computerName="b02e3e5eb149" duration="00:00:00.5546432" startTime="2019-06-07T20:51:59.6798038+00:00" endTime="2019-06-07T20:52:00.2357753+00:00" testType="13cdc9d9-ddb5-4fa4-a97d-d965ccfc6d4b" outcome="Passed" testListId="8c84fa94-04c1-424b-9868-57a2d4851a1d" relativeResultsDirectory="6cc9887e-41ed-463d-bc1c-1d0e293ad6d7" />
    <UnitTestResult executionId="3b830dd8-f742-4639-bb08-07242b0264f7" testId="554eb683-0062-a551-9427-3a922e7ace96" testName="Constructor_Tests" computerName="b02e3e5eb149" duration="00:00:00.0136245" startTime="2019-06-07T20:52:04.7869720+00:00" endTime="2019-06-07T20:52:04.8010205+00:00" testType="13cdc9d9-ddb5-4fa4-a97d-d965ccfc6d4b" outcome="Passed" testListId="8c84fa94-04c1-424b-9868-57a2d4851a1d" relativeResultsDirectory="3b830dd8-f742-4639-bb08-07242b0264f7" />
    <UnitTestResult executionId="401b9db2-b3de-44b1-8fdd-8a4d4e63f631" testId="d9f3b561-812d-25fc-189b-d4dd356c0f98" testName="Constructor_Tests" computerName="b02e3e5eb149" duration="00:00:00.0681666" startTime="2019-06-07T20:52:04.5187016+00:00" endTime="2019-06-07T20:52:04.5872892+00:00" testType="13cdc9d9-ddb5-4fa4-a97d-d965ccfc6d4b" outcome="Passed" testListId="8c84fa94-04c1-424b-9868-57a2d4851a1d" relativeResultsDirectory="401b9db2-b3de-44b1-8fdd-8a4d4e63f631" />
    <UnitTestResult executionId="551d3760-518f-4a24-92e3-b689889e9e1e" testId="bb5ff2bd-83f3-5a3b-dc9e-10f2358f3fc0" testName="DepositTokenAsync_ShouldBeOfTypeOkObjectResult" computerName="b02e3e5eb149" duration="00:00:00.0195519" startTime="2019-06-07T20:52:04.4391337+00:00" endTime="2019-06-07T20:52:04.4590370+00:00" testType="13cdc9d9-ddb5-4fa4-a97d-d965ccfc6d4b" outcome="Passed" testListId="8c84fa94-04c1-424b-9868-57a2d4851a1d" relativeResultsDirectory="551d3760-518f-4a24-92e3-b689889e9e1e" />
    <UnitTestResult executionId="2646b146-d3cd-4cce-a935-c247a8f71291" testId="8858878a-4069-87e5-9834-e20753981cf3" testName="Constructor_Tests" computerName="b02e3e5eb149" duration="00:00:00.0053261" startTime="2019-06-07T20:52:04.0797967+00:00" endTime="2019-06-07T20:52:04.0854892+00:00" testType="13cdc9d9-ddb5-4fa4-a97d-d965ccfc6d4b" outcome="Passed" testListId="8c84fa94-04c1-424b-9868-57a2d4851a1d" relativeResultsDirectory="2646b146-d3cd-4cce-a935-c247a8f71291" />
    <UnitTestResult executionId="77fef5e1-3f65-4969-b0fb-9baa2cfaf256" testId="0fb3e840-3d39-165f-1b79-4d3143751a44" testName="Constructor_Tests" computerName="b02e3e5eb149" duration="00:00:00.0012288" startTime="2019-06-07T20:52:04.4822836+00:00" endTime="2019-06-07T20:52:04.4838613+00:00" testType="13cdc9d9-ddb5-4fa4-a97d-d965ccfc6d4b" outcome="Passed" testListId="8c84fa94-04c1-424b-9868-57a2d4851a1d" relativeResultsDirectory="77fef5e1-3f65-4969-b0fb-9baa2cfaf256" />
    <UnitTestResult executionId="a0321eca-1b05-4cba-822d-d0f33c63941f" testId="43d4446d-d316-aeb9-1f31-54f162da7961" testName="GetCardsAsync_ShouldBeOfTypeOkObjectResult" computerName="b02e3e5eb149" duration="00:00:00.0179303" startTime="2019-06-07T20:52:04.3778031+00:00" endTime="2019-06-07T20:52:04.3962934+00:00" testType="13cdc9d9-ddb5-4fa4-a97d-d965ccfc6d4b" outcome="Passed" testListId="8c84fa94-04c1-424b-9868-57a2d4851a1d" relativeResultsDirectory="a0321eca-1b05-4cba-822d-d0f33c63941f" />
    <UnitTestResult executionId="d4d3c9bb-7355-46ee-b1da-b15db8fcb8bb" testId="28454a19-90b9-ec18-90f2-8fbb721ecb1b" testName="GetBalanceAsync_ShouldBeOfTypeOkObjectResult" computerName="b02e3e5eb149" duration="00:00:00.0794752" startTime="2019-06-07T20:52:04.2020046+00:00" endTime="2019-06-07T20:52:04.2818406+00:00" testType="13cdc9d9-ddb5-4fa4-a97d-d965ccfc6d4b" outcome="Passed" testListId="8c84fa94-04c1-424b-9868-57a2d4851a1d" relativeResultsDirectory="d4d3c9bb-7355-46ee-b1da-b15db8fcb8bb" />
    <UnitTestResult executionId="58a9294d-187c-4ae7-9cdf-a93159b755ef" testId="26656402-6976-0d82-99d4-e5c7db53f483" testName="DepositTokenAsync_ShouldBeOfTypeNoContentResult" computerName="b02e3e5eb149" duration="00:00:00.0056857" startTime="2019-06-07T20:52:04.4590743+00:00" endTime="2019-06-07T20:52:04.4650729+00:00" testType="13cdc9d9-ddb5-4fa4-a97d-d965ccfc6d4b" outcome="Passed" testListId="8c84fa94-04c1-424b-9868-57a2d4851a1d" relativeResultsDirectory="58a9294d-187c-4ae7-9cdf-a93159b755ef" />
    <UnitTestResult executionId="6424a997-8407-46d1-8c87-27db912236a0" testId="5c1e4e8d-99fb-1769-547b-66f7f24105f8" testName="HandleAsync_DeleteBankAccountCommand_ShouldBeOfTypeEither" computerName="b02e3e5eb149" duration="00:00:00.0260037" startTime="2019-06-07T20:52:04.8654751+00:00" endTime="2019-06-07T20:52:04.8918667+00:00" testType="13cdc9d9-ddb5-4fa4-a97d-d965ccfc6d4b" outcome="Passed" testListId="8c84fa94-04c1-424b-9868-57a2d4851a1d" relativeResultsDirectory="6424a997-8407-46d1-8c87-27db912236a0" />
    <UnitTestResult executionId="78f733f1-3dbe-44b4-ab0b-a380da624285" testId="1938d1ee-e722-b080-0459-ead58e0ee75e" testName="Constructor_Tests" computerName="b02e3e5eb149" duration="00:00:00.0669842" startTime="2019-06-07T20:51:59.6120583+00:00" endTime="2019-06-07T20:51:59.6797085+00:00" testType="13cdc9d9-ddb5-4fa4-a97d-d965ccfc6d4b" outcome="Passed" testListId="8c84fa94-04c1-424b-9868-57a2d4851a1d" relativeResultsDirectory="78f733f1-3dbe-44b4-ab0b-a380da624285" />
    <UnitTestResult executionId="47b2db39-3a06-4172-b6ec-ed282a995401" testId="8cad6ac6-b2ed-3428-def8-eebad591d2d0" testName="Constructor_Tests" computerName="b02e3e5eb149" duration="00:00:00.0012769" startTime="2019-06-07T20:52:04.4672065+00:00" endTime="2019-06-07T20:52:04.4688811+00:00" testType="13cdc9d9-ddb5-4fa4-a97d-d965ccfc6d4b" outcome="Passed" testListId="8c84fa94-04c1-424b-9868-57a2d4851a1d" relativeResultsDirectory="47b2db39-3a06-4172-b6ec-ed282a995401" />
    <UnitTestResult executionId="a4f6c1f3-8fda-4a60-abcb-ba5fab8c76a4" testId="76e01922-b42b-94f2-1f4e-ee3e588eadd0" testName="Constructor_Tests" computerName="b02e3e5eb149" duration="00:00:00.0013732" startTime="2019-06-07T20:52:04.4748562+00:00" endTime="2019-06-07T20:52:04.4767488+00:00" testType="13cdc9d9-ddb5-4fa4-a97d-d965ccfc6d4b" outcome="Passed" testListId="8c84fa94-04c1-424b-9868-57a2d4851a1d" relativeResultsDirectory="a4f6c1f3-8fda-4a60-abcb-ba5fab8c76a4" />
    <UnitTestResult executionId="5f38ae1b-8b90-4aeb-89ad-fafe6b39d11d" testId="769b19dd-3508-734e-bc00-8bcebaf29432" testName="Constructor_Tests" computerName="b02e3e5eb149" duration="00:00:00.0010682" startTime="2019-06-07T20:52:04.5105892+00:00" endTime="2019-06-07T20:52:04.5121645+00:00" testType="13cdc9d9-ddb5-4fa4-a97d-d965ccfc6d4b" outcome="Passed" testListId="8c84fa94-04c1-424b-9868-57a2d4851a1d" relativeResultsDirectory="5f38ae1b-8b90-4aeb-89ad-fafe6b39d11d" />
    <UnitTestResult executionId="e5e5ec96-d066-4616-9d6a-f8b811a08455" testId="e98b64cb-6730-c077-1791-e043de01f6d0" testName="HandleAsync_InitializeServiceCommand_ShouldBeCompletedTask" computerName="b02e3e5eb149" duration="00:00:00.0447401" startTime="2019-06-07T20:52:00.4854590+00:00" endTime="2019-06-07T20:52:00.5304039+00:00" testType="13cdc9d9-ddb5-4fa4-a97d-d965ccfc6d4b" outcome="Passed" testListId="8c84fa94-04c1-424b-9868-57a2d4851a1d" relativeResultsDirectory="e5e5ec96-d066-4616-9d6a-f8b811a08455" />
    <UnitTestResult executionId="d4e21825-b52d-46e9-ac3b-7f40cb7c53dc" testId="7f1a2b02-49cb-018b-6ffc-ab8a958a70b7" testName="HandleAsync_InitializeServiceCommand_ShouldBeCompletedTask" computerName="b02e3e5eb149" duration="00:00:00.0370077" startTime="2019-06-07T20:52:04.8010563+00:00" endTime="2019-06-07T20:52:04.8383280+00:00" testType="13cdc9d9-ddb5-4fa4-a97d-d965ccfc6d4b" outcome="Passed" testListId="8c84fa94-04c1-424b-9868-57a2d4851a1d" relativeResultsDirectory="d4e21825-b52d-46e9-ac3b-7f40cb7c53dc" />
    <UnitTestResult executionId="050e1af0-dd92-4223-8e1f-74158650c369" testId="d0cd1dcc-46cd-a534-d963-2d052ff3f2a0" testName="Constructor_Tests" computerName="b02e3e5eb149" duration="00:00:00.0126207" startTime="2019-06-07T20:52:04.3312235+00:00" endTime="2019-06-07T20:52:04.3447414+00:00" testType="13cdc9d9-ddb5-4fa4-a97d-d965ccfc6d4b" outcome="Passed" testListId="8c84fa94-04c1-424b-9868-57a2d4851a1d" relativeResultsDirectory="050e1af0-dd92-4223-8e1f-74158650c369" />
    <UnitTestResult executionId="c1f72e04-8b6a-41d9-8837-1f7e151f723f" testId="3c32dc2e-e5e3-988b-b9ab-adf58ba24ee4" testName="HandleAsync_WithdrawMoneyCommand_ShouldBeOfTypeEither" computerName="b02e3e5eb149" duration="00:00:00.0190885" startTime="2019-06-07T20:52:05.0543377+00:00" endTime="2019-06-07T20:52:05.0737572+00:00" testType="13cdc9d9-ddb5-4fa4-a97d-d965ccfc6d4b" outcome="Passed" testListId="8c84fa94-04c1-424b-9868-57a2d4851a1d" relativeResultsDirectory="c1f72e04-8b6a-41d9-8837-1f7e151f723f" />
    <UnitTestResult executionId="13952401-e415-4c25-be38-ccf8deebe5fb" testId="71a3d2c2-6c6c-6127-737f-e55de7342d2f" testName="HandleAsync_CreateCardCommand_ShouldBeOfTypeEither" computerName="b02e3e5eb149" duration="00:00:00.0242471" startTime="2019-06-07T20:52:04.7623864+00:00" endTime="2019-06-07T20:52:04.7869300+00:00" testType="13cdc9d9-ddb5-4fa4-a97d-d965ccfc6d4b" outcome="Passed" testListId="8c84fa94-04c1-424b-9868-57a2d4851a1d" relativeResultsDirectory="13952401-e415-4c25-be38-ccf8deebe5fb" />
    <UnitTestResult executionId="ffdcf17f-491a-4b0d-a327-a37088b9ed73" testId="bb04c7ad-8ff3-7a7f-ad80-528bb2f609fb" testName="VerifyAccountAsync_ShouldBeOfTypeOkObjectResult" computerName="b02e3e5eb149" duration="00:00:00.0385311" startTime="2019-06-07T20:52:04.2923390+00:00" endTime="2019-06-07T20:52:04.3311774+00:00" testType="13cdc9d9-ddb5-4fa4-a97d-d965ccfc6d4b" outcome="Passed" testListId="8c84fa94-04c1-424b-9868-57a2d4851a1d" relativeResultsDirectory="ffdcf17f-491a-4b0d-a327-a37088b9ed73" />
    <UnitTestResult executionId="78ce9a53-c38b-424f-b8d8-7276a9ded3a9" testId="d103b5f0-0bec-7d2f-e78f-4b0e612eb195" testName="HandleAsync_DepositMoneyCommand_ShouldBeOfTypeEither" computerName="b02e3e5eb149" duration="00:00:00.0392519" startTime="2019-06-07T20:52:04.9269244+00:00" endTime="2019-06-07T20:52:04.9665308+00:00" testType="13cdc9d9-ddb5-4fa4-a97d-d965ccfc6d4b" outcome="Passed" testListId="8c84fa94-04c1-424b-9868-57a2d4851a1d" relativeResultsDirectory="78ce9a53-c38b-424f-b8d8-7276a9ded3a9" />
    <UnitTestResult executionId="a0c9554d-f1b0-40be-a24a-51dffff39f59" testId="24ca3894-d67e-19be-4a27-06275e82face" testName="Constructor_Tests" computerName="b02e3e5eb149" duration="00:00:00.0010905" startTime="2019-06-07T20:52:04.5121942+00:00" endTime="2019-06-07T20:52:04.5135358+00:00" testType="13cdc9d9-ddb5-4fa4-a97d-d965ccfc6d4b" outcome="Passed" testListId="8c84fa94-04c1-424b-9868-57a2d4851a1d" relativeResultsDirectory="a0c9554d-f1b0-40be-a24a-51dffff39f59" />
    <UnitTestResult executionId="8c9e1830-52d5-425e-8965-a1d91a08603f" testId="a937c09d-f142-2dfa-aae0-3be63e9f49d7" testName="Constructor_Tests" computerName="b02e3e5eb149" duration="00:00:00.0023126" startTime="2019-06-07T20:52:05.0152719+00:00" endTime="2019-06-07T20:52:05.0181012+00:00" testType="13cdc9d9-ddb5-4fa4-a97d-d965ccfc6d4b" outcome="Passed" testListId="8c84fa94-04c1-424b-9868-57a2d4851a1d" relativeResultsDirectory="8c9e1830-52d5-425e-8965-a1d91a08603f" />
    <UnitTestResult executionId="83a81510-bef4-4fc8-8ad5-c125ead84660" testId="07380cb0-bbf3-30c5-8cff-c0a6c7f3a4f8" testName="Constructor_Tests" computerName="b02e3e5eb149" duration="00:00:00.0115743" startTime="2019-06-07T20:52:04.8919009+00:00" endTime="2019-06-07T20:52:04.9039985+00:00" testType="13cdc9d9-ddb5-4fa4-a97d-d965ccfc6d4b" outcome="Passed" testListId="8c84fa94-04c1-424b-9868-57a2d4851a1d" relativeResultsDirectory="83a81510-bef4-4fc8-8ad5-c125ead84660" />
    <UnitTestResult executionId="04577b5c-b7af-458e-b63b-00a8148fb9d1" testId="d6f32177-436b-93e1-583d-5ce81fc34ca0" testName="HandleAsync_VerifyAccountCommand_ShouldBeOfTypeEither" computerName="b02e3e5eb149" duration="00:00:00.0163535" startTime="2019-06-07T20:52:05.0345688+00:00" endTime="2019-06-07T20:52:05.0513265+00:00" testType="13cdc9d9-ddb5-4fa4-a97d-d965ccfc6d4b" outcome="Passed" testListId="8c84fa94-04c1-424b-9868-57a2d4851a1d" relativeResultsDirectory="04577b5c-b7af-458e-b63b-00a8148fb9d1" />
    <UnitTestResult executionId="2d165cf8-5009-4e5f-9ff2-d329ed61b93e" testId="4067ce85-0271-247c-cd66-b6ebfcfb7589" testName="DeleteBankAccountAsync_ShouldBeOfTypeOkObjectResult" computerName="b02e3e5eb149" duration="00:00:00.0054226" startTime="2019-06-07T20:52:04.3676590+00:00" endTime="2019-06-07T20:52:04.3733845+00:00" testType="13cdc9d9-ddb5-4fa4-a97d-d965ccfc6d4b" outcome="Passed" testListId="8c84fa94-04c1-424b-9868-57a2d4851a1d" relativeResultsDirectory="2d165cf8-5009-4e5f-9ff2-d329ed61b93e" />
    <UnitTestResult executionId="a429106d-9bc9-4b8d-b70c-110e88e9da00" testId="81519be4-56e9-42c6-72e0-6f26c8f58081" testName="Subtract_Amount_ShouldBeResult" computerName="b02e3e5eb149" duration="00:00:00.0128582" startTime="2019-06-07T20:52:04.1262072+00:00" endTime="2019-06-07T20:52:04.1394263+00:00" testType="13cdc9d9-ddb5-4fa4-a97d-d965ccfc6d4b" outcome="Passed" testListId="8c84fa94-04c1-424b-9868-57a2d4851a1d" relativeResultsDirectory="a429106d-9bc9-4b8d-b70c-110e88e9da00" resultType="DataDrivenTest">
      <InnerResults>
        <UnitTestResult executionId="fdc89b9c-5ad9-46be-adc2-bce9c3e8e789" parentExecutionId="a429106d-9bc9-4b8d-b70c-110e88e9da00" testId="81519be4-56e9-42c6-72e0-6f26c8f58081" testName="Subtract_Amount_ShouldBeResult (10,10,0)" computerName="b02e3e5eb149" duration="00:00:00.0125979" startTime="2019-06-07T20:52:04.1262072+00:00" endTime="2019-06-07T20:52:04.1394263+00:00" testType="13cdc9d9-ddb5-4fa4-a97d-d965ccfc6d4b" outcome="Passed" testListId="8c84fa94-04c1-424b-9868-57a2d4851a1d" relativeResultsDirectory="fdc89b9c-5ad9-46be-adc2-bce9c3e8e789" dataRowInfo="1" resultType="DataDrivenDataRow" />
        <UnitTestResult executionId="b9d7cb3e-bf27-43d6-8a4a-0df4ce2981c7" parentExecutionId="a429106d-9bc9-4b8d-b70c-110e88e9da00" testId="81519be4-56e9-42c6-72e0-6f26c8f58081" testName="Subtract_Amount_ShouldBeResult (20,10,10)" computerName="b02e3e5eb149" duration="00:00:00.0000219" startTime="2019-06-07T20:52:04.1262072+00:00" endTime="2019-06-07T20:52:04.1394263+00:00" testType="13cdc9d9-ddb5-4fa4-a97d-d965ccfc6d4b" outcome="Passed" testListId="8c84fa94-04c1-424b-9868-57a2d4851a1d" relativeResultsDirectory="b9d7cb3e-bf27-43d6-8a4a-0df4ce2981c7" dataRowInfo="2" resultType="DataDrivenDataRow" />
        <UnitTestResult executionId="3dc5eaca-c1b1-43f2-8a8f-91c22bff55de" parentExecutionId="a429106d-9bc9-4b8d-b70c-110e88e9da00" testId="81519be4-56e9-42c6-72e0-6f26c8f58081" testName="Subtract_Amount_ShouldBeResult (50,20,30)" computerName="b02e3e5eb149" duration="00:00:00.0000083" startTime="2019-06-07T20:52:04.1262072+00:00" endTime="2019-06-07T20:52:04.1394263+00:00" testType="13cdc9d9-ddb5-4fa4-a97d-d965ccfc6d4b" outcome="Passed" testListId="8c84fa94-04c1-424b-9868-57a2d4851a1d" relativeResultsDirectory="3dc5eaca-c1b1-43f2-8a8f-91c22bff55de" dataRowInfo="3" resultType="DataDrivenDataRow" />
        <UnitTestResult executionId="3d5ecc1a-7129-486d-8896-327eac20fa17" parentExecutionId="a429106d-9bc9-4b8d-b70c-110e88e9da00" testId="81519be4-56e9-42c6-72e0-6f26c8f58081" testName="Subtract_Amount_ShouldBeResult (100,10,90)" computerName="b02e3e5eb149" duration="00:00:00.0000088" startTime="2019-06-07T20:52:04.1262072+00:00" endTime="2019-06-07T20:52:04.1394263+00:00" testType="13cdc9d9-ddb5-4fa4-a97d-d965ccfc6d4b" outcome="Passed" testListId="8c84fa94-04c1-424b-9868-57a2d4851a1d" relativeResultsDirectory="3d5ecc1a-7129-486d-8896-327eac20fa17" dataRowInfo="4" resultType="DataDrivenDataRow" />
        <UnitTestResult executionId="d5e6b23b-a27c-42d9-84c8-42b2ad8ff214" parentExecutionId="a429106d-9bc9-4b8d-b70c-110e88e9da00" testId="81519be4-56e9-42c6-72e0-6f26c8f58081" testName="Subtract_Amount_ShouldBeResult (100,50,50)" computerName="b02e3e5eb149" duration="00:00:00.0000061" startTime="2019-06-07T20:52:04.1262072+00:00" endTime="2019-06-07T20:52:04.1394263+00:00" testType="13cdc9d9-ddb5-4fa4-a97d-d965ccfc6d4b" outcome="Passed" testListId="8c84fa94-04c1-424b-9868-57a2d4851a1d" relativeResultsDirectory="d5e6b23b-a27c-42d9-84c8-42b2ad8ff214" dataRowInfo="5" resultType="DataDrivenDataRow" />
      </InnerResults>
    </UnitTestResult>
    <UnitTestResult executionId="7e89a1ef-b1bf-4fa6-9bb2-8f27b83f89ec" testId="6a6ca925-fe88-2a15-7270-fc1d83034943" testName="GetCardsAsync_ShouldBeOfTypeNoContentResult" computerName="b02e3e5eb149" duration="00:00:00.0038921" startTime="2019-06-07T20:52:04.3963372+00:00" endTime="2019-06-07T20:52:04.4005791+00:00" testType="13cdc9d9-ddb5-4fa4-a97d-d965ccfc6d4b" outcome="Passed" testListId="8c84fa94-04c1-424b-9868-57a2d4851a1d" relativeResultsDirectory="7e89a1ef-b1bf-4fa6-9bb2-8f27b83f89ec" />
    <UnitTestResult executionId="6f4eb274-74c3-4532-b81c-a6eb014e4111" testId="06942a1b-4c7e-7797-f4e7-5f8eb039251f" testName="Constructor_Tests" computerName="b02e3e5eb149" duration="00:00:00.0013237" startTime="2019-06-07T20:52:04.5170419+00:00" endTime="2019-06-07T20:52:04.5186561+00:00" testType="13cdc9d9-ddb5-4fa4-a97d-d965ccfc6d4b" outcome="Passed" testListId="8c84fa94-04c1-424b-9868-57a2d4851a1d" relativeResultsDirectory="6f4eb274-74c3-4532-b81c-a6eb014e4111" />
    <UnitTestResult executionId="a24f39eb-9e70-4076-bfc7-669ac4d610cf" testId="f96f296e-3507-3dd2-2ec9-b08be7e0abf7" testName="Add_Amount_ShouldBeResult" computerName="b02e3e5eb149" duration="00:00:00.0363483" startTime="2019-06-07T20:52:04.0855344+00:00" endTime="2019-06-07T20:52:04.1261057+00:00" testType="13cdc9d9-ddb5-4fa4-a97d-d965ccfc6d4b" outcome="Passed" testListId="8c84fa94-04c1-424b-9868-57a2d4851a1d" relativeResultsDirectory="a24f39eb-9e70-4076-bfc7-669ac4d610cf" resultType="DataDrivenTest">
      <InnerResults>
        <UnitTestResult executionId="99195239-531e-4a29-af17-43513676b3c5" parentExecutionId="a24f39eb-9e70-4076-bfc7-669ac4d610cf" testId="f96f296e-3507-3dd2-2ec9-b08be7e0abf7" testName="Add_Amount_ShouldBeResult (10,10,20)" computerName="b02e3e5eb149" duration="00:00:00.0275962" startTime="2019-06-07T20:52:04.0855344+00:00" endTime="2019-06-07T20:52:04.1261057+00:00" testType="13cdc9d9-ddb5-4fa4-a97d-d965ccfc6d4b" outcome="Passed" testListId="8c84fa94-04c1-424b-9868-57a2d4851a1d" relativeResultsDirectory="99195239-531e-4a29-af17-43513676b3c5" dataRowInfo="1" resultType="DataDrivenDataRow" />
        <UnitTestResult executionId="1190c7dc-0238-4dfa-8981-98dd7564f98e" parentExecutionId="a24f39eb-9e70-4076-bfc7-669ac4d610cf" testId="f96f296e-3507-3dd2-2ec9-b08be7e0abf7" testName="Add_Amount_ShouldBeResult (10,20,30)" computerName="b02e3e5eb149" duration="00:00:00.0000644" startTime="2019-06-07T20:52:04.0855344+00:00" endTime="2019-06-07T20:52:04.1261057+00:00" testType="13cdc9d9-ddb5-4fa4-a97d-d965ccfc6d4b" outcome="Passed" testListId="8c84fa94-04c1-424b-9868-57a2d4851a1d" relativeResultsDirectory="1190c7dc-0238-4dfa-8981-98dd7564f98e" dataRowInfo="2" resultType="DataDrivenDataRow" />
        <UnitTestResult executionId="08a078df-0303-478f-9ce7-07f87f5b5533" parentExecutionId="a24f39eb-9e70-4076-bfc7-669ac4d610cf" testId="f96f296e-3507-3dd2-2ec9-b08be7e0abf7" testName="Add_Amount_ShouldBeResult (20,50,70)" computerName="b02e3e5eb149" duration="00:00:00.0000132" startTime="2019-06-07T20:52:04.0855344+00:00" endTime="2019-06-07T20:52:04.1261057+00:00" testType="13cdc9d9-ddb5-4fa4-a97d-d965ccfc6d4b" outcome="Passed" testListId="8c84fa94-04c1-424b-9868-57a2d4851a1d" relativeResultsDirectory="08a078df-0303-478f-9ce7-07f87f5b5533" dataRowInfo="3" resultType="DataDrivenDataRow" />
        <UnitTestResult executionId="00d8b9d2-8380-4637-a309-3227b84abec8" parentExecutionId="a24f39eb-9e70-4076-bfc7-669ac4d610cf" testId="f96f296e-3507-3dd2-2ec9-b08be7e0abf7" testName="Add_Amount_ShouldBeResult (100,10,110)" computerName="b02e3e5eb149" duration="00:00:00.0000081" startTime="2019-06-07T20:52:04.0855344+00:00" endTime="2019-06-07T20:52:04.1261057+00:00" testType="13cdc9d9-ddb5-4fa4-a97d-d965ccfc6d4b" outcome="Passed" testListId="8c84fa94-04c1-424b-9868-57a2d4851a1d" relativeResultsDirectory="00d8b9d2-8380-4637-a309-3227b84abec8" dataRowInfo="4" resultType="DataDrivenDataRow" />
        <UnitTestResult executionId="aa3c9197-5a44-4d08-8d04-343e6ec2040c" parentExecutionId="a24f39eb-9e70-4076-bfc7-669ac4d610cf" testId="f96f296e-3507-3dd2-2ec9-b08be7e0abf7" testName="Add_Amount_ShouldBeResult (100,50,150)" computerName="b02e3e5eb149" duration="00:00:00.0000105" startTime="2019-06-07T20:52:04.0855344+00:00" endTime="2019-06-07T20:52:04.1261057+00:00" testType="13cdc9d9-ddb5-4fa4-a97d-d965ccfc6d4b" outcome="Passed" testListId="8c84fa94-04c1-424b-9868-57a2d4851a1d" relativeResultsDirectory="aa3c9197-5a44-4d08-8d04-343e6ec2040c" dataRowInfo="5" resultType="DataDrivenDataRow" />
      </InnerResults>
    </UnitTestResult>
    <UnitTestResult executionId="bb8606de-45bd-4e84-a8b0-e08bcb30b557" testId="5039c442-2b06-0545-ed70-411832c895bb" testName="UpdateCardDefaultAsync_ShouldBeOfTypeOkObjectResult" computerName="b02e3e5eb149" duration="00:00:00.0060806" startTime="2019-06-07T20:52:04.4300685+00:00" endTime="2019-06-07T20:52:04.4365247+00:00" testType="13cdc9d9-ddb5-4fa4-a97d-d965ccfc6d4b" outcome="Passed" testListId="8c84fa94-04c1-424b-9868-57a2d4851a1d" relativeResultsDirectory="bb8606de-45bd-4e84-a8b0-e08bcb30b557" />
    <UnitTestResult executionId="4d1482ef-4d88-4f74-b1b8-6d6725e02c65" testId="00ee88f6-4c12-6600-a546-78e8afbe0fbf" testName="Constructor_Tests" computerName="b02e3e5eb149" duration="00:00:00.0279333" startTime="2019-06-07T20:51:59.4350406+00:00" endTime="2019-06-07T20:51:59.5766084+00:00" testType="13cdc9d9-ddb5-4fa4-a97d-d965ccfc6d4b" outcome="Passed" testListId="8c84fa94-04c1-424b-9868-57a2d4851a1d" relativeResultsDirectory="4d1482ef-4d88-4f74-b1b8-6d6725e02c65" />
    <UnitTestResult executionId="5bef2c40-c7ae-4f74-b459-9234c53fff9b" testId="fbcaff17-a5d1-3a74-d485-ad37c5d40e78" testName="Constructor_Tests" computerName="b02e3e5eb149" duration="00:00:00.0013681" startTime="2019-06-07T20:52:04.4805139+00:00" endTime="2019-06-07T20:52:04.4822353+00:00" testType="13cdc9d9-ddb5-4fa4-a97d-d965ccfc6d4b" outcome="Passed" testListId="8c84fa94-04c1-424b-9868-57a2d4851a1d" relativeResultsDirectory="5bef2c40-c7ae-4f74-b459-9234c53fff9b" />
  </Results>
  <TestDefinitions>
    <UnitTest name="Subtract_Amount_ShouldBeResult" storage="/tmp/test/edoxa.cashier.tests/bin/debug/netcoreapp2.2/edoxa.cashier.tests.dll" id="81519be4-56e9-42c6-72e0-6f26c8f58081">
      <Execution id="a429106d-9bc9-4b8d-b70c-110e88e9da00" />
      <TestMethod codeBase="/tmp/test/eDoxa.Cashier.Tests/bin/Debug/netcoreapp2.2/eDoxa.Cashier.Tests.dll" adapterTypeName="executor://mstestadapter/v2" className="eDoxa.Cashier.Tests.Domain.AggregateModels.AccountAggregate.MoneyTest" name="Subtract_Amount_ShouldBeResult" />
    </UnitTest>
    <UnitTest name="Constructor_Tests" storage="/tmp/test/edoxa.cashier.tests/bin/debug/netcoreapp2.2/edoxa.cashier.tests.dll" id="0443d4de-42c0-cbd1-438a-7a8df67eb890">
      <Execution id="3c2cc92c-5979-4c7b-b6fd-854006457249" />
      <TestMethod codeBase="/tmp/test/eDoxa.Cashier.Tests/bin/Debug/netcoreapp2.2/eDoxa.Cashier.Tests.dll" adapterTypeName="executor://mstestadapter/v2" className="eDoxa.Cashier.Tests.Controllers.AccountControllerTest" name="Constructor_Tests" />
    </UnitTest>
    <UnitTest name="Constructor_Tests" storage="/tmp/test/edoxa.cashier.tests/bin/debug/netcoreapp2.2/edoxa.cashier.tests.dll" id="fbcaff17-a5d1-3a74-d485-ad37c5d40e78">
      <Execution id="5bef2c40-c7ae-4f74-b459-9234c53fff9b" />
      <TestMethod codeBase="/tmp/test/eDoxa.Cashier.Tests/bin/Debug/netcoreapp2.2/eDoxa.Cashier.Tests.dll" adapterTypeName="executor://mstestadapter/v2" className="eDoxa.Cashier.Tests.Commands.VerifyAccountCommandTest" name="Constructor_Tests" />
    </UnitTest>
    <UnitTest name="HandleAsync_VerifyAccountCommand_ShouldBeOfTypeEither" storage="/tmp/test/edoxa.cashier.tests/bin/debug/netcoreapp2.2/edoxa.cashier.tests.dll" id="d6f32177-436b-93e1-583d-5ce81fc34ca0">
      <Execution id="04577b5c-b7af-458e-b63b-00a8148fb9d1" />
      <TestMethod codeBase="/tmp/test/eDoxa.Cashier.Tests/bin/Debug/netcoreapp2.2/eDoxa.Cashier.Tests.dll" adapterTypeName="executor://mstestadapter/v2" className="eDoxa.Cashier.Tests.Commands.Handlers.VerifyAccountCommandHandlerTest" name="HandleAsync_VerifyAccountCommand_ShouldBeOfTypeEither" />
    </UnitTest>
    <UnitTest name="Constructor_Tests" storage="/tmp/test/edoxa.cashier.tests/bin/debug/netcoreapp2.2/edoxa.cashier.tests.dll" id="36756aef-565a-0044-ddaf-4cfba09a0d6c">
      <Execution id="ef458451-c6ec-4686-a5a6-9274f5fba015" />
      <TestMethod codeBase="/tmp/test/eDoxa.Cashier.Tests/bin/Debug/netcoreapp2.2/eDoxa.Cashier.Tests.dll" adapterTypeName="executor://mstestadapter/v2" className="eDoxa.Cashier.Tests.Commands.Handlers.UpdateCardDefaultCommandHandlerTest" name="Constructor_Tests" />
    </UnitTest>
    <UnitTest name="Constructor_Tests" storage="/tmp/test/edoxa.cashier.tests/bin/debug/netcoreapp2.2/edoxa.cashier.tests.dll" id="ceb5e478-5f2d-3b15-7412-fe23abc521eb">
      <Execution id="c7c1906f-3ad7-4f87-9480-6d832518557b" />
      <TestMethod codeBase="/tmp/test/eDoxa.Cashier.Tests/bin/Debug/netcoreapp2.2/eDoxa.Cashier.Tests.dll" adapterTypeName="executor://mstestadapter/v2" className="eDoxa.Cashier.Tests.Controllers.StripeAccountControllerTest" name="Constructor_Tests" />
    </UnitTest>
    <UnitTest name="HandleAsync_DepositMoneyCommand_ShouldBeOfTypeEither" storage="/tmp/test/edoxa.cashier.tests/bin/debug/netcoreapp2.2/edoxa.cashier.tests.dll" id="d103b5f0-0bec-7d2f-e78f-4b0e612eb195">
      <Execution id="78ce9a53-c38b-424f-b8d8-7276a9ded3a9" />
      <TestMethod codeBase="/tmp/test/eDoxa.Cashier.Tests/bin/Debug/netcoreapp2.2/eDoxa.Cashier.Tests.dll" adapterTypeName="executor://mstestadapter/v2" className="eDoxa.Cashier.Tests.Commands.Handlers.DepositCommandHandlerTest" name="HandleAsync_DepositMoneyCommand_ShouldBeOfTypeEither" />
    </UnitTest>
    <UnitTest name="Constructor_Tests" storage="/tmp/test/edoxa.cashier.tests/bin/debug/netcoreapp2.2/edoxa.cashier.tests.dll" id="ba609f34-5410-3bf3-90e7-023a58bc0020">
      <Execution id="fb8bb321-88e3-4dd1-b5d0-5a61cf128640" />
      <TestMethod codeBase="/tmp/test/eDoxa.Cashier.Tests/bin/Debug/netcoreapp2.2/eDoxa.Cashier.Tests.dll" adapterTypeName="executor://mstestadapter/v2" className="eDoxa.Cashier.Tests.Commands.Validations.UpdateCardDefaultCommandValidatorTest" name="Constructor_Tests" />
    </UnitTest>
    <UnitTest name="CreateCardAsync_ShouldBeOfTypeOkObjectResult" storage="/tmp/test/edoxa.cashier.tests/bin/debug/netcoreapp2.2/edoxa.cashier.tests.dll" id="70f2a7c6-30cf-6edf-ce4d-2af71f08f37a">
      <Execution id="5f7b2c8c-acac-4404-ba50-12e7b98b8eb1" />
      <TestMethod codeBase="/tmp/test/eDoxa.Cashier.Tests/bin/Debug/netcoreapp2.2/eDoxa.Cashier.Tests.dll" adapterTypeName="executor://mstestadapter/v2" className="eDoxa.Cashier.Tests.Controllers.StripeCardsControllerTest" name="CreateCardAsync_ShouldBeOfTypeOkObjectResult" />
    </UnitTest>
    <UnitTest name="Constructor_Tests" storage="/tmp/test/edoxa.cashier.tests/bin/debug/netcoreapp2.2/edoxa.cashier.tests.dll" id="35fa0efe-a90d-a7c2-174e-36b5730b9744">
      <Execution id="90a10e34-bbdf-4048-9891-af136484528a" />
      <TestMethod codeBase="/tmp/test/eDoxa.Cashier.Tests/bin/Debug/netcoreapp2.2/eDoxa.Cashier.Tests.dll" adapterTypeName="executor://mstestadapter/v2" className="eDoxa.Cashier.Tests.Commands.CreateBankAccountCommandTest" name="Constructor_Tests" />
    </UnitTest>
    <UnitTest name="Constructor_Tests" storage="/tmp/test/edoxa.cashier.tests/bin/debug/netcoreapp2.2/edoxa.cashier.tests.dll" id="769b19dd-3508-734e-bc00-8bcebaf29432">
      <Execution id="5f38ae1b-8b90-4aeb-89ad-fafe6b39d11d" />
      <TestMethod codeBase="/tmp/test/eDoxa.Cashier.Tests/bin/Debug/netcoreapp2.2/eDoxa.Cashier.Tests.dll" adapterTypeName="executor://mstestadapter/v2" className="eDoxa.Cashier.Tests.Commands.Validations.DeleteCardCommandValidatorTest" name="Constructor_Tests" />
    </UnitTest>
    <UnitTest name="HandleAsync_DeleteBankAccountCommand_ShouldBeOfTypeEither" storage="/tmp/test/edoxa.cashier.tests/bin/debug/netcoreapp2.2/edoxa.cashier.tests.dll" id="5c1e4e8d-99fb-1769-547b-66f7f24105f8">
      <Execution id="6424a997-8407-46d1-8c87-27db912236a0" />
      <TestMethod codeBase="/tmp/test/eDoxa.Cashier.Tests/bin/Debug/netcoreapp2.2/eDoxa.Cashier.Tests.dll" adapterTypeName="executor://mstestadapter/v2" className="eDoxa.Cashier.Tests.Commands.Handlers.DeleteBankAccountCommandHandlerTest" name="HandleAsync_DeleteBankAccountCommand_ShouldBeOfTypeEither" />
    </UnitTest>
    <UnitTest name="Constructor_Tests" storage="/tmp/test/edoxa.cashier.tests/bin/debug/netcoreapp2.2/edoxa.cashier.tests.dll" id="546a4d7d-6992-cc83-6f5f-e867b06aec5a">
      <Execution id="15234798-0d85-4e42-bfed-9c785dd8fa32" />
      <TestMethod codeBase="/tmp/test/eDoxa.Cashier.Tests/bin/Debug/netcoreapp2.2/eDoxa.Cashier.Tests.dll" adapterTypeName="executor://mstestadapter/v2" className="eDoxa.Cashier.Tests.Commands.Handlers.DeleteBankAccountCommandHandlerTest" name="Constructor_Tests" />
    </UnitTest>
    <UnitTest name="HandleAsync_CreateCardCommand_ShouldBeOfTypeEither" storage="/tmp/test/edoxa.cashier.tests/bin/debug/netcoreapp2.2/edoxa.cashier.tests.dll" id="71a3d2c2-6c6c-6127-737f-e55de7342d2f">
      <Execution id="13952401-e415-4c25-be38-ccf8deebe5fb" />
      <TestMethod codeBase="/tmp/test/eDoxa.Cashier.Tests/bin/Debug/netcoreapp2.2/eDoxa.Cashier.Tests.dll" adapterTypeName="executor://mstestadapter/v2" className="eDoxa.Cashier.Tests.Commands.Handlers.CreateCardCommandHandlerTest" name="HandleAsync_CreateCardCommand_ShouldBeOfTypeEither" />
    </UnitTest>
    <UnitTest name="Constructor_Tests" storage="/tmp/test/edoxa.cashier.tests/bin/debug/netcoreapp2.2/edoxa.cashier.tests.dll" id="7e821fcb-0dbd-5b5a-4a91-9b18e37671da">
      <Execution id="91a8a5d0-9db7-4325-b18f-b620cbb0e7c5" />
      <TestMethod codeBase="/tmp/test/eDoxa.Cashier.Tests/bin/Debug/netcoreapp2.2/eDoxa.Cashier.Tests.dll" adapterTypeName="executor://mstestadapter/v2" className="eDoxa.Cashier.Tests.Commands.DepositCommandTest" name="Constructor_Tests" />
    </UnitTest>
    <UnitTest name="Constructor_Tests" storage="/tmp/test/edoxa.cashier.tests/bin/debug/netcoreapp2.2/edoxa.cashier.tests.dll" id="06942a1b-4c7e-7797-f4e7-5f8eb039251f">
      <Execution id="6f4eb274-74c3-4532-b81c-a6eb014e4111" />
      <TestMethod codeBase="/tmp/test/eDoxa.Cashier.Tests/bin/Debug/netcoreapp2.2/eDoxa.Cashier.Tests.dll" adapterTypeName="executor://mstestadapter/v2" className="eDoxa.Cashier.Tests.Commands.Validations.WithdrawCommandValidatorTest" name="Constructor_Tests" />
    </UnitTest>
    <UnitTest name="VerifyAccountAsync_ShouldBeOfTypeOkObjectResult" storage="/tmp/test/edoxa.cashier.tests/bin/debug/netcoreapp2.2/edoxa.cashier.tests.dll" id="bb04c7ad-8ff3-7a7f-ad80-528bb2f609fb">
      <Execution id="ffdcf17f-491a-4b0d-a327-a37088b9ed73" />
      <TestMethod codeBase="/tmp/test/eDoxa.Cashier.Tests/bin/Debug/netcoreapp2.2/eDoxa.Cashier.Tests.dll" adapterTypeName="executor://mstestadapter/v2" className="eDoxa.Cashier.Tests.Controllers.StripeAccountControllerTest" name="VerifyAccountAsync_ShouldBeOfTypeOkObjectResult" />
    </UnitTest>
    <UnitTest name="CreateBankAccountAsync_ShouldBeOfTypeOkObjectResult" storage="/tmp/test/edoxa.cashier.tests/bin/debug/netcoreapp2.2/edoxa.cashier.tests.dll" id="6a9adc54-ef7c-306a-4a34-2f7dfdae2448">
      <Execution id="81978eb4-6409-44db-b34a-ef111605f425" />
      <TestMethod codeBase="/tmp/test/eDoxa.Cashier.Tests/bin/Debug/netcoreapp2.2/eDoxa.Cashier.Tests.dll" adapterTypeName="executor://mstestadapter/v2" className="eDoxa.Cashier.Tests.Controllers.StripeBankAccountControllerTest" name="CreateBankAccountAsync_ShouldBeOfTypeOkObjectResult" />
    </UnitTest>
    <UnitTest name="Database_CanConnect_ShouldBeTrue" storage="/tmp/test/edoxa.cashier.tests/bin/debug/netcoreapp2.2/edoxa.cashier.tests.dll" id="dcdc32ce-ce9d-d943-c584-6d1069f17729">
      <Execution id="61d146bb-c615-4a18-a7ef-6b2fec5ee1bd" />
      <TestMethod codeBase="/tmp/test/eDoxa.Cashier.Tests/bin/Debug/netcoreapp2.2/eDoxa.Cashier.Tests.dll" adapterTypeName="executor://mstestadapter/v2" className="eDoxa.Cashier.Tests.Infrastructure.CashierDbContextFactoryTest" name="Database_CanConnect_ShouldBeTrue" />
    </UnitTest>
    <UnitTest name="DepositTokenAsync_ShouldBeOfTypeNoContentResult" storage="/tmp/test/edoxa.cashier.tests/bin/debug/netcoreapp2.2/edoxa.cashier.tests.dll" id="26656402-6976-0d82-99d4-e5c7db53f483">
      <Execution id="58a9294d-187c-4ae7-9cdf-a93159b755ef" />
      <TestMethod codeBase="/tmp/test/eDoxa.Cashier.Tests/bin/Debug/netcoreapp2.2/eDoxa.Cashier.Tests.dll" adapterTypeName="executor://mstestadapter/v2" className="eDoxa.Cashier.Tests.Controllers.TransactionsControllerTest" name="DepositTokenAsync_ShouldBeOfTypeNoContentResult" />
    </UnitTest>
    <UnitTest name="UpdateCardDefaultAsync_ShouldBeOfTypeOkObjectResult" storage="/tmp/test/edoxa.cashier.tests/bin/debug/netcoreapp2.2/edoxa.cashier.tests.dll" id="5039c442-2b06-0545-ed70-411832c895bb">
      <Execution id="bb8606de-45bd-4e84-a8b0-e08bcb30b557" />
      <TestMethod codeBase="/tmp/test/eDoxa.Cashier.Tests/bin/Debug/netcoreapp2.2/eDoxa.Cashier.Tests.dll" adapterTypeName="executor://mstestadapter/v2" className="eDoxa.Cashier.Tests.Controllers.StripeCardsControllerTest" name="UpdateCardDefaultAsync_ShouldBeOfTypeOkObjectResult" />
    </UnitTest>
    <UnitTest name="GetCardsAsync_ShouldNotBeEmpty" storage="/tmp/test/edoxa.cashier.tests/bin/debug/netcoreapp2.2/edoxa.cashier.tests.dll" id="939cfa3f-fbe9-8972-f604-230bc72e55c7">
      <Execution id="971be654-bc05-4354-a8a9-ad6d576a17f5" />
      <TestMethod codeBase="/tmp/test/eDoxa.Cashier.Tests/bin/Debug/netcoreapp2.2/eDoxa.Cashier.Tests.dll" adapterTypeName="executor://mstestadapter/v2" className="eDoxa.Cashier.Tests.Queries.StripeCardQueriesTest" name="GetCardsAsync_ShouldNotBeEmpty" />
    </UnitTest>
    <UnitTest name="Constructor_Tests" storage="/tmp/test/edoxa.cashier.tests/bin/debug/netcoreapp2.2/edoxa.cashier.tests.dll" id="1fe30214-4c1f-d78b-7953-d6adb322d87b">
      <Execution id="4e294ac4-430f-4dd7-9bb9-5805a8e61832" />
      <TestMethod codeBase="/tmp/test/eDoxa.Cashier.Tests/bin/Debug/netcoreapp2.2/eDoxa.Cashier.Tests.dll" adapterTypeName="executor://mstestadapter/v2" className="eDoxa.Cashier.Tests.IntegrationEvents.Handlers.UserCreatedIntegrationEventHandlerTest" name="Constructor_Tests" />
    </UnitTest>
    <UnitTest name="GetCardsAsync_ShouldBeEmpty" storage="/tmp/test/edoxa.cashier.tests/bin/debug/netcoreapp2.2/edoxa.cashier.tests.dll" id="247e067a-81cf-3a46-906e-d077b1a04dc6">
      <Execution id="7e5de776-0eec-4100-bf2d-6ce2a9baea55" />
      <TestMethod codeBase="/tmp/test/eDoxa.Cashier.Tests/bin/Debug/netcoreapp2.2/eDoxa.Cashier.Tests.dll" adapterTypeName="executor://mstestadapter/v2" className="eDoxa.Cashier.Tests.Queries.StripeCardQueriesTest" name="GetCardsAsync_ShouldBeEmpty" />
    </UnitTest>
    <UnitTest name="Subtract_Amount_ShouldBeResult" storage="/tmp/test/edoxa.cashier.tests/bin/debug/netcoreapp2.2/edoxa.cashier.tests.dll" id="c451b21c-a719-cd27-bbf7-e5a3d95d6769">
      <Execution id="0b7430d0-b093-49a6-babc-29018a40ee2e" />
      <TestMethod codeBase="/tmp/test/eDoxa.Cashier.Tests/bin/Debug/netcoreapp2.2/eDoxa.Cashier.Tests.dll" adapterTypeName="executor://mstestadapter/v2" className="eDoxa.Cashier.Tests.Domain.AggregateModels.AccountAggregate.TokenTest" name="Subtract_Amount_ShouldBeResult" />
    </UnitTest>
    <UnitTest name="Constructor_Tests" storage="/tmp/test/edoxa.cashier.tests/bin/debug/netcoreapp2.2/edoxa.cashier.tests.dll" id="1938d1ee-e722-b080-0459-ead58e0ee75e">
      <Execution id="78f733f1-3dbe-44b4-ab0b-a380da624285" />
      <TestMethod codeBase="/tmp/test/eDoxa.Cashier.Tests/bin/Debug/netcoreapp2.2/eDoxa.Cashier.Tests.dll" adapterTypeName="executor://mstestadapter/v2" className="eDoxa.Cashier.Tests.Queries.AccountQueriesTest" name="Constructor_Tests" />
    </UnitTest>
    <UnitTest name="Constructor_Tests" storage="/tmp/test/edoxa.cashier.tests/bin/debug/netcoreapp2.2/edoxa.cashier.tests.dll" id="d0cd1dcc-46cd-a534-d963-2d052ff3f2a0">
      <Execution id="050e1af0-dd92-4223-8e1f-74158650c369" />
      <TestMethod codeBase="/tmp/test/eDoxa.Cashier.Tests/bin/Debug/netcoreapp2.2/eDoxa.Cashier.Tests.dll" adapterTypeName="executor://mstestadapter/v2" className="eDoxa.Cashier.Tests.Controllers.StripeBankAccountControllerTest" name="Constructor_Tests" />
    </UnitTest>
    <UnitTest name="GetCardsAsync_ShouldBeOfTypeOkObjectResult" storage="/tmp/test/edoxa.cashier.tests/bin/debug/netcoreapp2.2/edoxa.cashier.tests.dll" id="43d4446d-d316-aeb9-1f31-54f162da7961">
      <Execution id="a0321eca-1b05-4cba-822d-d0f33c63941f" />
      <TestMethod codeBase="/tmp/test/eDoxa.Cashier.Tests/bin/Debug/netcoreapp2.2/eDoxa.Cashier.Tests.dll" adapterTypeName="executor://mstestadapter/v2" className="eDoxa.Cashier.Tests.Controllers.StripeCardsControllerTest" name="GetCardsAsync_ShouldBeOfTypeOkObjectResult" />
    </UnitTest>
    <UnitTest name="Constructor_Tests" storage="/tmp/test/edoxa.cashier.tests/bin/debug/netcoreapp2.2/edoxa.cashier.tests.dll" id="24ca3894-d67e-19be-4a27-06275e82face">
      <Execution id="a0c9554d-f1b0-40be-a24a-51dffff39f59" />
      <TestMethod codeBase="/tmp/test/eDoxa.Cashier.Tests/bin/Debug/netcoreapp2.2/eDoxa.Cashier.Tests.dll" adapterTypeName="executor://mstestadapter/v2" className="eDoxa.Cashier.Tests.Commands.Validations.DepositCommandValidatorTest" name="Constructor_Tests" />
    </UnitTest>
    <UnitTest name="Constructor_Tests" storage="/tmp/test/edoxa.cashier.tests/bin/debug/netcoreapp2.2/edoxa.cashier.tests.dll" id="8470239a-f700-4c57-9325-0b83f766868c">
      <Execution id="b8c41460-2a5e-4137-adb4-a28ed4b58cd4" />
      <TestMethod codeBase="/tmp/test/eDoxa.Cashier.Tests/bin/Debug/netcoreapp2.2/eDoxa.Cashier.Tests.dll" adapterTypeName="executor://mstestadapter/v2" className="eDoxa.Cashier.Tests.Commands.Validations.CreateCardCommandValidatorTest" name="Constructor_Tests" />
    </UnitTest>
    <UnitTest name="GetCardsAsync_ShouldBeOfTypeNoContentResult" storage="/tmp/test/edoxa.cashier.tests/bin/debug/netcoreapp2.2/edoxa.cashier.tests.dll" id="6a6ca925-fe88-2a15-7270-fc1d83034943">
      <Execution id="7e89a1ef-b1bf-4fa6-9bb2-8f27b83f89ec" />
      <TestMethod codeBase="/tmp/test/eDoxa.Cashier.Tests/bin/Debug/netcoreapp2.2/eDoxa.Cashier.Tests.dll" adapterTypeName="executor://mstestadapter/v2" className="eDoxa.Cashier.Tests.Controllers.StripeCardsControllerTest" name="GetCardsAsync_ShouldBeOfTypeNoContentResult" />
    </UnitTest>
    <UnitTest name="Constructor_Tests" storage="/tmp/test/edoxa.cashier.tests/bin/debug/netcoreapp2.2/edoxa.cashier.tests.dll" id="d9f3b561-812d-25fc-189b-d4dd356c0f98">
      <Execution id="401b9db2-b3de-44b1-8fdd-8a4d4e63f631" />
      <TestMethod codeBase="/tmp/test/eDoxa.Cashier.Tests/bin/Debug/netcoreapp2.2/eDoxa.Cashier.Tests.dll" adapterTypeName="executor://mstestadapter/v2" className="eDoxa.Cashier.Tests.Commands.Handlers.CreateBankAccountCommandHandlerTest" name="Constructor_Tests" />
    </UnitTest>
    <UnitTest name="Constructor_Tests" storage="/tmp/test/edoxa.cashier.tests/bin/debug/netcoreapp2.2/edoxa.cashier.tests.dll" id="554eb683-0062-a551-9427-3a922e7ace96">
      <Execution id="3b830dd8-f742-4639-bb08-07242b0264f7" />
      <TestMethod codeBase="/tmp/test/eDoxa.Cashier.Tests/bin/Debug/netcoreapp2.2/eDoxa.Cashier.Tests.dll" adapterTypeName="executor://mstestadapter/v2" className="eDoxa.Cashier.Tests.Commands.Handlers.CreateUserCommandHandlerTest" name="Constructor_Tests" />
    </UnitTest>
    <UnitTest name="Constructor_Tests" storage="/tmp/test/edoxa.cashier.tests/bin/debug/netcoreapp2.2/edoxa.cashier.tests.dll" id="8858878a-4069-87e5-9834-e20753981cf3">
      <Execution id="2646b146-d3cd-4cce-a935-c247a8f71291" />
      <TestMethod codeBase="/tmp/test/eDoxa.Cashier.Tests/bin/Debug/netcoreapp2.2/eDoxa.Cashier.Tests.dll" adapterTypeName="executor://mstestadapter/v2" className="eDoxa.Cashier.Tests.Infrastructure.Repositories.AccountRepositoryTest" name="Constructor_Tests" />
    </UnitTest>
    <UnitTest name="Constructor_Tests" storage="/tmp/test/edoxa.cashier.tests/bin/debug/netcoreapp2.2/edoxa.cashier.tests.dll" id="0f9b3963-575b-3028-9956-78e7a02cc045">
      <Execution id="8a8eaa26-dd5e-4501-9773-02f4af98ede8" />
      <TestMethod codeBase="/tmp/test/eDoxa.Cashier.Tests/bin/Debug/netcoreapp2.2/eDoxa.Cashier.Tests.dll" adapterTypeName="executor://mstestadapter/v2" className="eDoxa.Cashier.Tests.Commands.Validations.VerifyAccountCommandValidatorTest" name="Constructor_Tests" />
    </UnitTest>
    <UnitTest name="Add_Amount_ShouldBeResult" storage="/tmp/test/edoxa.cashier.tests/bin/debug/netcoreapp2.2/edoxa.cashier.tests.dll" id="b3ea0354-410a-046a-a386-47128c6b4fc8">
      <Execution id="fe851a46-74c7-4945-83ec-ec52a0205571" />
      <TestMethod codeBase="/tmp/test/eDoxa.Cashier.Tests/bin/Debug/netcoreapp2.2/eDoxa.Cashier.Tests.dll" adapterTypeName="executor://mstestadapter/v2" className="eDoxa.Cashier.Tests.Domain.AggregateModels.AccountAggregate.TokenTest" name="Add_Amount_ShouldBeResult" />
    </UnitTest>
    <UnitTest name="HandleAsync_InitializeServiceCommand_ShouldBeCompletedTask" storage="/tmp/test/edoxa.cashier.tests/bin/debug/netcoreapp2.2/edoxa.cashier.tests.dll" id="e98b64cb-6730-c077-1791-e043de01f6d0">
      <Execution id="e5e5ec96-d066-4616-9d6a-f8b811a08455" />
      <TestMethod codeBase="/tmp/test/eDoxa.Cashier.Tests/bin/Debug/netcoreapp2.2/eDoxa.Cashier.Tests.dll" adapterTypeName="executor://mstestadapter/v2" className="eDoxa.Cashier.Tests.IntegrationEvents.Handlers.UserCreatedIntegrationEventHandlerTest" name="HandleAsync_InitializeServiceCommand_ShouldBeCompletedTask" />
    </UnitTest>
    <UnitTest name="HandleAsync_InitializeServiceCommand_ShouldBeCompletedTask" storage="/tmp/test/edoxa.cashier.tests/bin/debug/netcoreapp2.2/edoxa.cashier.tests.dll" id="7f1a2b02-49cb-018b-6ffc-ab8a958a70b7">
      <Execution id="d4e21825-b52d-46e9-ac3b-7f40cb7c53dc" />
      <TestMethod codeBase="/tmp/test/eDoxa.Cashier.Tests/bin/Debug/netcoreapp2.2/eDoxa.Cashier.Tests.dll" adapterTypeName="executor://mstestadapter/v2" className="eDoxa.Cashier.Tests.Commands.Handlers.CreateUserCommandHandlerTest" name="HandleAsync_InitializeServiceCommand_ShouldBeCompletedTask" />
    </UnitTest>
    <UnitTest name="Constructor_Tests" storage="/tmp/test/edoxa.cashier.tests/bin/debug/netcoreapp2.2/edoxa.cashier.tests.dll" id="a937c09d-f142-2dfa-aae0-3be63e9f49d7">
      <Execution id="8c9e1830-52d5-425e-8965-a1d91a08603f" />
      <TestMethod codeBase="/tmp/test/eDoxa.Cashier.Tests/bin/Debug/netcoreapp2.2/eDoxa.Cashier.Tests.dll" adapterTypeName="executor://mstestadapter/v2" className="eDoxa.Cashier.Tests.Commands.Handlers.VerifyAccountCommandHandlerTest" name="Constructor_Tests" />
    </UnitTest>
    <UnitTest name="Constructor_Tests" storage="/tmp/test/edoxa.cashier.tests/bin/debug/netcoreapp2.2/edoxa.cashier.tests.dll" id="4180c771-ab41-93c9-a662-d08235fdc4f2">
      <Execution id="b0fced14-af33-4ae8-b5a1-686990eb55b2" />
      <TestMethod codeBase="/tmp/test/eDoxa.Cashier.Tests/bin/Debug/netcoreapp2.2/eDoxa.Cashier.Tests.dll" adapterTypeName="executor://mstestadapter/v2" className="eDoxa.Cashier.Tests.Controllers.StripeCardsControllerTest" name="Constructor_Tests" />
    </UnitTest>
    <UnitTest name="Constructor_Tests" storage="/tmp/test/edoxa.cashier.tests/bin/debug/netcoreapp2.2/edoxa.cashier.tests.dll" id="cd7b51bd-712c-064b-72d1-da4c3cea07bc">
      <Execution id="604d583b-28ad-4bfb-8b3d-dfcc4e7a2eab" />
      <TestMethod codeBase="/tmp/test/eDoxa.Cashier.Tests/bin/Debug/netcoreapp2.2/eDoxa.Cashier.Tests.dll" adapterTypeName="executor://mstestadapter/v2" className="eDoxa.Cashier.Tests.Queries.TransactionQueriesTest" name="Constructor_Tests" />
    </UnitTest>
    <UnitTest name="Constructor_Tests" storage="/tmp/test/edoxa.cashier.tests/bin/debug/netcoreapp2.2/edoxa.cashier.tests.dll" id="52fdd7e3-8e8f-6151-6642-5bb49ed92ffa">
      <Execution id="dcd4357e-1071-4c34-b583-5f7be3d14b95" />
      <TestMethod codeBase="/tmp/test/eDoxa.Cashier.Tests/bin/Debug/netcoreapp2.2/eDoxa.Cashier.Tests.dll" adapterTypeName="executor://mstestadapter/v2" className="eDoxa.Cashier.Tests.Commands.Handlers.CreateCardCommandHandlerTest" name="Constructor_Tests" />
    </UnitTest>
    <UnitTest name="Constructor_Tests" storage="/tmp/test/edoxa.cashier.tests/bin/debug/netcoreapp2.2/edoxa.cashier.tests.dll" id="76529f97-994a-98b9-fc0e-326fde52b132">
      <Execution id="6cc9887e-41ed-463d-bc1c-1d0e293ad6d7" />
      <TestMethod codeBase="/tmp/test/eDoxa.Cashier.Tests/bin/Debug/netcoreapp2.2/eDoxa.Cashier.Tests.dll" adapterTypeName="executor://mstestadapter/v2" className="eDoxa.Cashier.Tests.Queries.StripeCardQueriesTest" name="Constructor_Tests" />
    </UnitTest>
    <UnitTest name="Add_Amount_ShouldBeResult" storage="/tmp/test/edoxa.cashier.tests/bin/debug/netcoreapp2.2/edoxa.cashier.tests.dll" id="f96f296e-3507-3dd2-2ec9-b08be7e0abf7">
      <Execution id="a24f39eb-9e70-4076-bfc7-669ac4d610cf" />
      <TestMethod codeBase="/tmp/test/eDoxa.Cashier.Tests/bin/Debug/netcoreapp2.2/eDoxa.Cashier.Tests.dll" adapterTypeName="executor://mstestadapter/v2" className="eDoxa.Cashier.Tests.Domain.AggregateModels.AccountAggregate.MoneyTest" name="Add_Amount_ShouldBeResult" />
    </UnitTest>
    <UnitTest name="Constructor_Tests" storage="/tmp/test/edoxa.cashier.tests/bin/debug/netcoreapp2.2/edoxa.cashier.tests.dll" id="600d4395-1d2f-a5ee-3c70-6d8ba87af618">
      <Execution id="b02d9f01-42d9-4051-8c13-8f46d94d1c13" />
      <TestMethod codeBase="/tmp/test/eDoxa.Cashier.Tests/bin/Debug/netcoreapp2.2/eDoxa.Cashier.Tests.dll" adapterTypeName="executor://mstestadapter/v2" className="eDoxa.Cashier.Tests.Commands.DeleteBankAccountCommandTest" name="Constructor_Tests" />
    </UnitTest>
    <UnitTest name="Constructor_Tests" storage="/tmp/test/edoxa.cashier.tests/bin/debug/netcoreapp2.2/edoxa.cashier.tests.dll" id="0fb3e840-3d39-165f-1b79-4d3143751a44">
      <Execution id="77fef5e1-3f65-4969-b0fb-9baa2cfaf256" />
      <TestMethod codeBase="/tmp/test/eDoxa.Cashier.Tests/bin/Debug/netcoreapp2.2/eDoxa.Cashier.Tests.dll" adapterTypeName="executor://mstestadapter/v2" className="eDoxa.Cashier.Tests.Commands.WithdrawCommandTest" name="Constructor_Tests" />
    </UnitTest>
    <UnitTest name="HandleAsync_WithdrawMoneyCommand_ShouldBeOfTypeEither" storage="/tmp/test/edoxa.cashier.tests/bin/debug/netcoreapp2.2/edoxa.cashier.tests.dll" id="3c32dc2e-e5e3-988b-b9ab-adf58ba24ee4">
      <Execution id="c1f72e04-8b6a-41d9-8837-1f7e151f723f" />
      <TestMethod codeBase="/tmp/test/eDoxa.Cashier.Tests/bin/Debug/netcoreapp2.2/eDoxa.Cashier.Tests.dll" adapterTypeName="executor://mstestadapter/v2" className="eDoxa.Cashier.Tests.Commands.Handlers.WithdrawCommandHandlerTest" name="HandleAsync_WithdrawMoneyCommand_ShouldBeOfTypeEither" />
    </UnitTest>
    <UnitTest name="DeleteCardAsync_ShouldBeOfTypeOkObjectResult" storage="/tmp/test/edoxa.cashier.tests/bin/debug/netcoreapp2.2/edoxa.cashier.tests.dll" id="f84211b8-7575-ca37-fa2f-f91d88725c88">
      <Execution id="88724d39-b302-432c-bc5b-bd2293a3f890" />
      <TestMethod codeBase="/tmp/test/eDoxa.Cashier.Tests/bin/Debug/netcoreapp2.2/eDoxa.Cashier.Tests.dll" adapterTypeName="executor://mstestadapter/v2" className="eDoxa.Cashier.Tests.Controllers.StripeCardsControllerTest" name="DeleteCardAsync_ShouldBeOfTypeOkObjectResult" />
    </UnitTest>
    <UnitTest name="GetBalanceAsync_ShouldBeOfTypeOkObjectResult" storage="/tmp/test/edoxa.cashier.tests/bin/debug/netcoreapp2.2/edoxa.cashier.tests.dll" id="28454a19-90b9-ec18-90f2-8fbb721ecb1b">
      <Execution id="d4d3c9bb-7355-46ee-b1da-b15db8fcb8bb" />
      <TestMethod codeBase="/tmp/test/eDoxa.Cashier.Tests/bin/Debug/netcoreapp2.2/eDoxa.Cashier.Tests.dll" adapterTypeName="executor://mstestadapter/v2" className="eDoxa.Cashier.Tests.Controllers.AccountControllerTest" name="GetBalanceAsync_ShouldBeOfTypeOkObjectResult" />
    </UnitTest>
    <UnitTest name="HandleAsync_CreateBankAccountCommand_ShouldBeOfTypeEither" storage="/tmp/test/edoxa.cashier.tests/bin/debug/netcoreapp2.2/edoxa.cashier.tests.dll" id="cf8a12a5-677d-5827-3593-eb6796f2a204">
      <Execution id="c17032e1-2994-45ae-87b3-da49176106af" />
      <TestMethod codeBase="/tmp/test/eDoxa.Cashier.Tests/bin/Debug/netcoreapp2.2/eDoxa.Cashier.Tests.dll" adapterTypeName="executor://mstestadapter/v2" className="eDoxa.Cashier.Tests.Commands.Handlers.CreateBankAccountCommandHandlerTest" name="HandleAsync_CreateBankAccountCommand_ShouldBeOfTypeEither" />
    </UnitTest>
    <UnitTest name="Constructor_Tests" storage="/tmp/test/edoxa.cashier.tests/bin/debug/netcoreapp2.2/edoxa.cashier.tests.dll" id="00ee88f6-4c12-6600-a546-78e8afbe0fbf">
      <Execution id="4d1482ef-4d88-4f74-b1b8-6d6725e02c65" />
      <TestMethod codeBase="/tmp/test/eDoxa.Cashier.Tests/bin/Debug/netcoreapp2.2/eDoxa.Cashier.Tests.dll" adapterTypeName="executor://mstestadapter/v2" className="eDoxa.Cashier.Tests.Services.AccountServiceTest" name="Constructor_Tests" />
    </UnitTest>
    <UnitTest name="HandleAsync_DeleteCardCommand_ShouldBeOfTypeEither" storage="/tmp/test/edoxa.cashier.tests/bin/debug/netcoreapp2.2/edoxa.cashier.tests.dll" id="ae988c20-5211-3eb7-e74a-5995cf041803">
      <Execution id="e464aa69-963c-4392-a9ed-724b7001b21c" />
      <TestMethod codeBase="/tmp/test/eDoxa.Cashier.Tests/bin/Debug/netcoreapp2.2/eDoxa.Cashier.Tests.dll" adapterTypeName="executor://mstestadapter/v2" className="eDoxa.Cashier.Tests.Commands.Handlers.DeleteCardCommandHandlerTest" name="HandleAsync_DeleteCardCommand_ShouldBeOfTypeEither" />
    </UnitTest>
    <UnitTest name="Constructor_Tests" storage="/tmp/test/edoxa.cashier.tests/bin/debug/netcoreapp2.2/edoxa.cashier.tests.dll" id="8cad6ac6-b2ed-3428-def8-eebad591d2d0">
      <Execution id="47b2db39-3a06-4172-b6ec-ed282a995401" />
      <TestMethod codeBase="/tmp/test/eDoxa.Cashier.Tests/bin/Debug/netcoreapp2.2/eDoxa.Cashier.Tests.dll" adapterTypeName="executor://mstestadapter/v2" className="eDoxa.Cashier.Tests.Commands.CreateCardCommandTest" name="Constructor_Tests" />
    </UnitTest>
    <UnitTest name="Constructor_Tests" storage="/tmp/test/edoxa.cashier.tests/bin/debug/netcoreapp2.2/edoxa.cashier.tests.dll" id="a5033407-375e-ac5f-f6a8-6454fc65d057">
      <Execution id="2434c887-f2dc-4ace-8d27-4e713cd630d4" />
      <TestMethod codeBase="/tmp/test/eDoxa.Cashier.Tests/bin/Debug/netcoreapp2.2/eDoxa.Cashier.Tests.dll" adapterTypeName="executor://mstestadapter/v2" className="eDoxa.Cashier.Tests.Controllers.TransactionsControllerTest" name="Constructor_Tests" />
    </UnitTest>
    <UnitTest name="Constructor_Tests" storage="/tmp/test/edoxa.cashier.tests/bin/debug/netcoreapp2.2/edoxa.cashier.tests.dll" id="0b125f72-5048-8181-9e0d-53f43c398cef">
      <Execution id="b78942e1-7d16-48ee-a626-cf4e75927374" />
      <TestMethod codeBase="/tmp/test/eDoxa.Cashier.Tests/bin/Debug/netcoreapp2.2/eDoxa.Cashier.Tests.dll" adapterTypeName="executor://mstestadapter/v2" className="eDoxa.Cashier.Tests.Commands.Handlers.DepositCommandHandlerTest" name="Constructor_Tests" />
    </UnitTest>
    <UnitTest name="GetBalanceAsync_ShouldBeOfTypeNotFoundObjectResult" storage="/tmp/test/edoxa.cashier.tests/bin/debug/netcoreapp2.2/edoxa.cashier.tests.dll" id="fcef29d5-aabe-aae3-e0b3-ce52e60cba45">
      <Execution id="1a89bef5-56fa-4463-9b99-e69d3d3b578d" />
      <TestMethod codeBase="/tmp/test/eDoxa.Cashier.Tests/bin/Debug/netcoreapp2.2/eDoxa.Cashier.Tests.dll" adapterTypeName="executor://mstestadapter/v2" className="eDoxa.Cashier.Tests.Controllers.AccountControllerTest" name="GetBalanceAsync_ShouldBeOfTypeNotFoundObjectResult" />
    </UnitTest>
    <UnitTest name="Constructor_Tests" storage="/tmp/test/edoxa.cashier.tests/bin/debug/netcoreapp2.2/edoxa.cashier.tests.dll" id="2c162014-4394-b5d8-0d02-36dff5861912">
      <Execution id="267adafe-fb2c-4928-aa14-149cbdc1df93" />
      <TestMethod codeBase="/tmp/test/eDoxa.Cashier.Tests/bin/Debug/netcoreapp2.2/eDoxa.Cashier.Tests.dll" adapterTypeName="executor://mstestadapter/v2" className="eDoxa.Cashier.Tests.Commands.Validations.CreateBankAccountCommandValidatorTest" name="Constructor_Tests" />
    </UnitTest>
    <UnitTest name="DepositTokenAsync_ShouldBeOfTypeOkObjectResult" storage="/tmp/test/edoxa.cashier.tests/bin/debug/netcoreapp2.2/edoxa.cashier.tests.dll" id="bb5ff2bd-83f3-5a3b-dc9e-10f2358f3fc0">
      <Execution id="551d3760-518f-4a24-92e3-b689889e9e1e" />
      <TestMethod codeBase="/tmp/test/eDoxa.Cashier.Tests/bin/Debug/netcoreapp2.2/eDoxa.Cashier.Tests.dll" adapterTypeName="executor://mstestadapter/v2" className="eDoxa.Cashier.Tests.Controllers.TransactionsControllerTest" name="DepositTokenAsync_ShouldBeOfTypeOkObjectResult" />
    </UnitTest>
    <UnitTest name="Constructor_Tests" storage="/tmp/test/edoxa.cashier.tests/bin/debug/netcoreapp2.2/edoxa.cashier.tests.dll" id="76e01922-b42b-94f2-1f4e-ee3e588eadd0">
      <Execution id="a4f6c1f3-8fda-4a60-abcb-ba5fab8c76a4" />
      <TestMethod codeBase="/tmp/test/eDoxa.Cashier.Tests/bin/Debug/netcoreapp2.2/eDoxa.Cashier.Tests.dll" adapterTypeName="executor://mstestadapter/v2" className="eDoxa.Cashier.Tests.Commands.DeleteCardCommandTest" name="Constructor_Tests" />
    </UnitTest>
    <UnitTest name="HandleAsync_UpdateCardDefaultCommand_ShouldBeOfTypeEither" storage="/tmp/test/edoxa.cashier.tests/bin/debug/netcoreapp2.2/edoxa.cashier.tests.dll" id="074b099d-fa37-4a67-8782-945efdb2b422">
      <Execution id="b8dc0bd2-c58f-4326-8c9a-a78fb0dc4f9d" />
      <TestMethod codeBase="/tmp/test/eDoxa.Cashier.Tests/bin/Debug/netcoreapp2.2/eDoxa.Cashier.Tests.dll" adapterTypeName="executor://mstestadapter/v2" className="eDoxa.Cashier.Tests.Commands.Handlers.UpdateCardDefaultCommandHandlerTest" name="HandleAsync_UpdateCardDefaultCommand_ShouldBeOfTypeEither" />
    </UnitTest>
    <UnitTest name="DeleteBankAccountAsync_ShouldBeOfTypeOkObjectResult" storage="/tmp/test/edoxa.cashier.tests/bin/debug/netcoreapp2.2/edoxa.cashier.tests.dll" id="4067ce85-0271-247c-cd66-b6ebfcfb7589">
      <Execution id="2d165cf8-5009-4e5f-9ff2-d329ed61b93e" />
      <TestMethod codeBase="/tmp/test/eDoxa.Cashier.Tests/bin/Debug/netcoreapp2.2/eDoxa.Cashier.Tests.dll" adapterTypeName="executor://mstestadapter/v2" className="eDoxa.Cashier.Tests.Controllers.StripeBankAccountControllerTest" name="DeleteBankAccountAsync_ShouldBeOfTypeOkObjectResult" />
    </UnitTest>
    <UnitTest name="Constructor_Tests" storage="/tmp/test/edoxa.cashier.tests/bin/debug/netcoreapp2.2/edoxa.cashier.tests.dll" id="3fe404a8-bb08-870f-1153-078177dac6bf">
      <Execution id="330597a6-29c9-4866-a61f-1e2c1a139a89" />
      <TestMethod codeBase="/tmp/test/eDoxa.Cashier.Tests/bin/Debug/netcoreapp2.2/eDoxa.Cashier.Tests.dll" adapterTypeName="executor://mstestadapter/v2" className="eDoxa.Cashier.Tests.Commands.UpdateCardDefaultCommandTest" name="Constructor_Tests" />
    </UnitTest>
    <UnitTest name="Constructor_Tests" storage="/tmp/test/edoxa.cashier.tests/bin/debug/netcoreapp2.2/edoxa.cashier.tests.dll" id="02bb7df9-7734-69b0-0b14-9fccca5b7667">
      <Execution id="b544b5b1-76ed-4e0b-8778-cedac82cdbcd" />
      <TestMethod codeBase="/tmp/test/eDoxa.Cashier.Tests/bin/Debug/netcoreapp2.2/eDoxa.Cashier.Tests.dll" adapterTypeName="executor://mstestadapter/v2" className="eDoxa.Cashier.Tests.Commands.CreateUserCommandTest" name="Constructor_Tests" />
    </UnitTest>
    <UnitTest name="Constructor_Tests" storage="/tmp/test/edoxa.cashier.tests/bin/debug/netcoreapp2.2/edoxa.cashier.tests.dll" id="07380cb0-bbf3-30c5-8cff-c0a6c7f3a4f8">
      <Execution id="83a81510-bef4-4fc8-8ad5-c125ead84660" />
      <TestMethod codeBase="/tmp/test/eDoxa.Cashier.Tests/bin/Debug/netcoreapp2.2/eDoxa.Cashier.Tests.dll" adapterTypeName="executor://mstestadapter/v2" className="eDoxa.Cashier.Tests.Commands.Handlers.DeleteCardCommandHandlerTest" name="Constructor_Tests" />
    </UnitTest>
    <UnitTest name="Constructor_Tests" storage="/tmp/test/edoxa.cashier.tests/bin/debug/netcoreapp2.2/edoxa.cashier.tests.dll" id="2cb8c95a-c5e9-3e84-bd1b-5565cef6047b">
      <Execution id="bbe8fc0a-1fa2-41c6-bcae-afaca7022971" />
      <TestMethod codeBase="/tmp/test/eDoxa.Cashier.Tests/bin/Debug/netcoreapp2.2/eDoxa.Cashier.Tests.dll" adapterTypeName="executor://mstestadapter/v2" className="eDoxa.Cashier.Tests.Commands.Handlers.WithdrawCommandHandlerTest" name="Constructor_Tests" />
    </UnitTest>
  </TestDefinitions>
  <TestEntries>
    <TestEntry testId="36756aef-565a-0044-ddaf-4cfba09a0d6c" executionId="ef458451-c6ec-4686-a5a6-9274f5fba015" testListId="8c84fa94-04c1-424b-9868-57a2d4851a1d" />
    <TestEntry testId="7e821fcb-0dbd-5b5a-4a91-9b18e37671da" executionId="91a8a5d0-9db7-4325-b18f-b620cbb0e7c5" testListId="8c84fa94-04c1-424b-9868-57a2d4851a1d" />
    <TestEntry testId="600d4395-1d2f-a5ee-3c70-6d8ba87af618" executionId="b02d9f01-42d9-4051-8c13-8f46d94d1c13" testListId="8c84fa94-04c1-424b-9868-57a2d4851a1d" />
    <TestEntry testId="546a4d7d-6992-cc83-6f5f-e867b06aec5a" executionId="15234798-0d85-4e42-bfed-9c785dd8fa32" testListId="8c84fa94-04c1-424b-9868-57a2d4851a1d" />
    <TestEntry testId="fcef29d5-aabe-aae3-e0b3-ce52e60cba45" executionId="1a89bef5-56fa-4463-9b99-e69d3d3b578d" testListId="8c84fa94-04c1-424b-9868-57a2d4851a1d" />
    <TestEntry testId="dcdc32ce-ce9d-d943-c584-6d1069f17729" executionId="61d146bb-c615-4a18-a7ef-6b2fec5ee1bd" testListId="8c84fa94-04c1-424b-9868-57a2d4851a1d" />
    <TestEntry testId="0443d4de-42c0-cbd1-438a-7a8df67eb890" executionId="3c2cc92c-5979-4c7b-b6fd-854006457249" testListId="8c84fa94-04c1-424b-9868-57a2d4851a1d" />
    <TestEntry testId="a5033407-375e-ac5f-f6a8-6454fc65d057" executionId="2434c887-f2dc-4ace-8d27-4e713cd630d4" testListId="8c84fa94-04c1-424b-9868-57a2d4851a1d" />
    <TestEntry testId="02bb7df9-7734-69b0-0b14-9fccca5b7667" executionId="b544b5b1-76ed-4e0b-8778-cedac82cdbcd" testListId="8c84fa94-04c1-424b-9868-57a2d4851a1d" />
    <TestEntry testId="6a9adc54-ef7c-306a-4a34-2f7dfdae2448" executionId="81978eb4-6409-44db-b34a-ef111605f425" testListId="8c84fa94-04c1-424b-9868-57a2d4851a1d" />
    <TestEntry testId="247e067a-81cf-3a46-906e-d077b1a04dc6" executionId="7e5de776-0eec-4100-bf2d-6ce2a9baea55" testListId="8c84fa94-04c1-424b-9868-57a2d4851a1d" />
    <TestEntry testId="ba609f34-5410-3bf3-90e7-023a58bc0020" executionId="fb8bb321-88e3-4dd1-b5d0-5a61cf128640" testListId="8c84fa94-04c1-424b-9868-57a2d4851a1d" />
    <TestEntry testId="939cfa3f-fbe9-8972-f604-230bc72e55c7" executionId="971be654-bc05-4354-a8a9-ad6d576a17f5" testListId="8c84fa94-04c1-424b-9868-57a2d4851a1d" />
    <TestEntry testId="8470239a-f700-4c57-9325-0b83f766868c" executionId="b8c41460-2a5e-4137-adb4-a28ed4b58cd4" testListId="8c84fa94-04c1-424b-9868-57a2d4851a1d" />
    <TestEntry testId="35fa0efe-a90d-a7c2-174e-36b5730b9744" executionId="90a10e34-bbdf-4048-9891-af136484528a" testListId="8c84fa94-04c1-424b-9868-57a2d4851a1d" />
    <TestEntry testId="52fdd7e3-8e8f-6151-6642-5bb49ed92ffa" executionId="dcd4357e-1071-4c34-b583-5f7be3d14b95" testListId="8c84fa94-04c1-424b-9868-57a2d4851a1d" />
    <TestEntry testId="f84211b8-7575-ca37-fa2f-f91d88725c88" executionId="88724d39-b302-432c-bc5b-bd2293a3f890" testListId="8c84fa94-04c1-424b-9868-57a2d4851a1d" />
    <TestEntry testId="ae988c20-5211-3eb7-e74a-5995cf041803" executionId="e464aa69-963c-4392-a9ed-724b7001b21c" testListId="8c84fa94-04c1-424b-9868-57a2d4851a1d" />
    <TestEntry testId="074b099d-fa37-4a67-8782-945efdb2b422" executionId="b8dc0bd2-c58f-4326-8c9a-a78fb0dc4f9d" testListId="8c84fa94-04c1-424b-9868-57a2d4851a1d" />
    <TestEntry testId="2c162014-4394-b5d8-0d02-36dff5861912" executionId="267adafe-fb2c-4928-aa14-149cbdc1df93" testListId="8c84fa94-04c1-424b-9868-57a2d4851a1d" />
    <TestEntry testId="2cb8c95a-c5e9-3e84-bd1b-5565cef6047b" executionId="bbe8fc0a-1fa2-41c6-bcae-afaca7022971" testListId="8c84fa94-04c1-424b-9868-57a2d4851a1d" />
    <TestEntry testId="c451b21c-a719-cd27-bbf7-e5a3d95d6769" executionId="0b7430d0-b093-49a6-babc-29018a40ee2e" testListId="8c84fa94-04c1-424b-9868-57a2d4851a1d" />
    <TestEntry testId="cd7b51bd-712c-064b-72d1-da4c3cea07bc" executionId="604d583b-28ad-4bfb-8b3d-dfcc4e7a2eab" testListId="8c84fa94-04c1-424b-9868-57a2d4851a1d" />
    <TestEntry testId="70f2a7c6-30cf-6edf-ce4d-2af71f08f37a" executionId="5f7b2c8c-acac-4404-ba50-12e7b98b8eb1" testListId="8c84fa94-04c1-424b-9868-57a2d4851a1d" />
    <TestEntry testId="b3ea0354-410a-046a-a386-47128c6b4fc8" executionId="fe851a46-74c7-4945-83ec-ec52a0205571" testListId="8c84fa94-04c1-424b-9868-57a2d4851a1d" />
    <TestEntry testId="0f9b3963-575b-3028-9956-78e7a02cc045" executionId="8a8eaa26-dd5e-4501-9773-02f4af98ede8" testListId="8c84fa94-04c1-424b-9868-57a2d4851a1d" />
    <TestEntry testId="3fe404a8-bb08-870f-1153-078177dac6bf" executionId="330597a6-29c9-4866-a61f-1e2c1a139a89" testListId="8c84fa94-04c1-424b-9868-57a2d4851a1d" />
    <TestEntry testId="cf8a12a5-677d-5827-3593-eb6796f2a204" executionId="c17032e1-2994-45ae-87b3-da49176106af" testListId="8c84fa94-04c1-424b-9868-57a2d4851a1d" />
    <TestEntry testId="ceb5e478-5f2d-3b15-7412-fe23abc521eb" executionId="c7c1906f-3ad7-4f87-9480-6d832518557b" testListId="8c84fa94-04c1-424b-9868-57a2d4851a1d" />
    <TestEntry testId="1fe30214-4c1f-d78b-7953-d6adb322d87b" executionId="4e294ac4-430f-4dd7-9bb9-5805a8e61832" testListId="8c84fa94-04c1-424b-9868-57a2d4851a1d" />
    <TestEntry testId="0b125f72-5048-8181-9e0d-53f43c398cef" executionId="b78942e1-7d16-48ee-a626-cf4e75927374" testListId="8c84fa94-04c1-424b-9868-57a2d4851a1d" />
    <TestEntry testId="4180c771-ab41-93c9-a662-d08235fdc4f2" executionId="b0fced14-af33-4ae8-b5a1-686990eb55b2" testListId="8c84fa94-04c1-424b-9868-57a2d4851a1d" />
    <TestEntry testId="76529f97-994a-98b9-fc0e-326fde52b132" executionId="6cc9887e-41ed-463d-bc1c-1d0e293ad6d7" testListId="8c84fa94-04c1-424b-9868-57a2d4851a1d" />
    <TestEntry testId="554eb683-0062-a551-9427-3a922e7ace96" executionId="3b830dd8-f742-4639-bb08-07242b0264f7" testListId="8c84fa94-04c1-424b-9868-57a2d4851a1d" />
    <TestEntry testId="d9f3b561-812d-25fc-189b-d4dd356c0f98" executionId="401b9db2-b3de-44b1-8fdd-8a4d4e63f631" testListId="8c84fa94-04c1-424b-9868-57a2d4851a1d" />
    <TestEntry testId="bb5ff2bd-83f3-5a3b-dc9e-10f2358f3fc0" executionId="551d3760-518f-4a24-92e3-b689889e9e1e" testListId="8c84fa94-04c1-424b-9868-57a2d4851a1d" />
    <TestEntry testId="8858878a-4069-87e5-9834-e20753981cf3" executionId="2646b146-d3cd-4cce-a935-c247a8f71291" testListId="8c84fa94-04c1-424b-9868-57a2d4851a1d" />
    <TestEntry testId="0fb3e840-3d39-165f-1b79-4d3143751a44" executionId="77fef5e1-3f65-4969-b0fb-9baa2cfaf256" testListId="8c84fa94-04c1-424b-9868-57a2d4851a1d" />
    <TestEntry testId="43d4446d-d316-aeb9-1f31-54f162da7961" executionId="a0321eca-1b05-4cba-822d-d0f33c63941f" testListId="8c84fa94-04c1-424b-9868-57a2d4851a1d" />
    <TestEntry testId="28454a19-90b9-ec18-90f2-8fbb721ecb1b" executionId="d4d3c9bb-7355-46ee-b1da-b15db8fcb8bb" testListId="8c84fa94-04c1-424b-9868-57a2d4851a1d" />
    <TestEntry testId="26656402-6976-0d82-99d4-e5c7db53f483" executionId="58a9294d-187c-4ae7-9cdf-a93159b755ef" testListId="8c84fa94-04c1-424b-9868-57a2d4851a1d" />
    <TestEntry testId="5c1e4e8d-99fb-1769-547b-66f7f24105f8" executionId="6424a997-8407-46d1-8c87-27db912236a0" testListId="8c84fa94-04c1-424b-9868-57a2d4851a1d" />
    <TestEntry testId="1938d1ee-e722-b080-0459-ead58e0ee75e" executionId="78f733f1-3dbe-44b4-ab0b-a380da624285" testListId="8c84fa94-04c1-424b-9868-57a2d4851a1d" />
    <TestEntry testId="8cad6ac6-b2ed-3428-def8-eebad591d2d0" executionId="47b2db39-3a06-4172-b6ec-ed282a995401" testListId="8c84fa94-04c1-424b-9868-57a2d4851a1d" />
    <TestEntry testId="76e01922-b42b-94f2-1f4e-ee3e588eadd0" executionId="a4f6c1f3-8fda-4a60-abcb-ba5fab8c76a4" testListId="8c84fa94-04c1-424b-9868-57a2d4851a1d" />
    <TestEntry testId="769b19dd-3508-734e-bc00-8bcebaf29432" executionId="5f38ae1b-8b90-4aeb-89ad-fafe6b39d11d" testListId="8c84fa94-04c1-424b-9868-57a2d4851a1d" />
    <TestEntry testId="e98b64cb-6730-c077-1791-e043de01f6d0" executionId="e5e5ec96-d066-4616-9d6a-f8b811a08455" testListId="8c84fa94-04c1-424b-9868-57a2d4851a1d" />
    <TestEntry testId="7f1a2b02-49cb-018b-6ffc-ab8a958a70b7" executionId="d4e21825-b52d-46e9-ac3b-7f40cb7c53dc" testListId="8c84fa94-04c1-424b-9868-57a2d4851a1d" />
    <TestEntry testId="d0cd1dcc-46cd-a534-d963-2d052ff3f2a0" executionId="050e1af0-dd92-4223-8e1f-74158650c369" testListId="8c84fa94-04c1-424b-9868-57a2d4851a1d" />
    <TestEntry testId="3c32dc2e-e5e3-988b-b9ab-adf58ba24ee4" executionId="c1f72e04-8b6a-41d9-8837-1f7e151f723f" testListId="8c84fa94-04c1-424b-9868-57a2d4851a1d" />
    <TestEntry testId="71a3d2c2-6c6c-6127-737f-e55de7342d2f" executionId="13952401-e415-4c25-be38-ccf8deebe5fb" testListId="8c84fa94-04c1-424b-9868-57a2d4851a1d" />
    <TestEntry testId="bb04c7ad-8ff3-7a7f-ad80-528bb2f609fb" executionId="ffdcf17f-491a-4b0d-a327-a37088b9ed73" testListId="8c84fa94-04c1-424b-9868-57a2d4851a1d" />
    <TestEntry testId="d103b5f0-0bec-7d2f-e78f-4b0e612eb195" executionId="78ce9a53-c38b-424f-b8d8-7276a9ded3a9" testListId="8c84fa94-04c1-424b-9868-57a2d4851a1d" />
    <TestEntry testId="24ca3894-d67e-19be-4a27-06275e82face" executionId="a0c9554d-f1b0-40be-a24a-51dffff39f59" testListId="8c84fa94-04c1-424b-9868-57a2d4851a1d" />
    <TestEntry testId="a937c09d-f142-2dfa-aae0-3be63e9f49d7" executionId="8c9e1830-52d5-425e-8965-a1d91a08603f" testListId="8c84fa94-04c1-424b-9868-57a2d4851a1d" />
    <TestEntry testId="07380cb0-bbf3-30c5-8cff-c0a6c7f3a4f8" executionId="83a81510-bef4-4fc8-8ad5-c125ead84660" testListId="8c84fa94-04c1-424b-9868-57a2d4851a1d" />
    <TestEntry testId="d6f32177-436b-93e1-583d-5ce81fc34ca0" executionId="04577b5c-b7af-458e-b63b-00a8148fb9d1" testListId="8c84fa94-04c1-424b-9868-57a2d4851a1d" />
    <TestEntry testId="4067ce85-0271-247c-cd66-b6ebfcfb7589" executionId="2d165cf8-5009-4e5f-9ff2-d329ed61b93e" testListId="8c84fa94-04c1-424b-9868-57a2d4851a1d" />
    <TestEntry testId="81519be4-56e9-42c6-72e0-6f26c8f58081" executionId="a429106d-9bc9-4b8d-b70c-110e88e9da00" testListId="8c84fa94-04c1-424b-9868-57a2d4851a1d" />
    <TestEntry testId="6a6ca925-fe88-2a15-7270-fc1d83034943" executionId="7e89a1ef-b1bf-4fa6-9bb2-8f27b83f89ec" testListId="8c84fa94-04c1-424b-9868-57a2d4851a1d" />
    <TestEntry testId="06942a1b-4c7e-7797-f4e7-5f8eb039251f" executionId="6f4eb274-74c3-4532-b81c-a6eb014e4111" testListId="8c84fa94-04c1-424b-9868-57a2d4851a1d" />
    <TestEntry testId="f96f296e-3507-3dd2-2ec9-b08be7e0abf7" executionId="a24f39eb-9e70-4076-bfc7-669ac4d610cf" testListId="8c84fa94-04c1-424b-9868-57a2d4851a1d" />
    <TestEntry testId="5039c442-2b06-0545-ed70-411832c895bb" executionId="bb8606de-45bd-4e84-a8b0-e08bcb30b557" testListId="8c84fa94-04c1-424b-9868-57a2d4851a1d" />
    <TestEntry testId="00ee88f6-4c12-6600-a546-78e8afbe0fbf" executionId="4d1482ef-4d88-4f74-b1b8-6d6725e02c65" testListId="8c84fa94-04c1-424b-9868-57a2d4851a1d" />
    <TestEntry testId="fbcaff17-a5d1-3a74-d485-ad37c5d40e78" executionId="5bef2c40-c7ae-4f74-b459-9234c53fff9b" testListId="8c84fa94-04c1-424b-9868-57a2d4851a1d" />
  </TestEntries>
  <TestLists>
    <TestList name="Results Not in a List" id="8c84fa94-04c1-424b-9868-57a2d4851a1d" />
    <TestList name="All Loaded Results" id="19431567-8539-422a-85d7-44ee4e166bda" />
  </TestLists>
  <ResultSummary outcome="Completed">
    <Counters total="86" executed="86" passed="86" failed="0" error="0" timeout="0" aborted="0" inconclusive="0" passedButRunAborted="0" notRunnable="0" notExecuted="0" disconnected="0" warning="0" completed="0" inProgress="0" pending="0" />
  </ResultSummary>
</TestRun>